SF:/home/vorherre/Documents/code/AQL/Engine/Library/Utils/Utils.cs
FN:5,System.Boolean SimEngine.Utils.NetworkUtils::IsSubnetwork(System.String,System.String)
FNDA:6,System.Boolean SimEngine.Utils.NetworkUtils::IsSubnetwork(System.String,System.String)
DA:6,6
DA:7,6
DA:8,6
BRDA:7,8,0,5
BRDA:7,8,1,1
FN:10,System.Boolean SimEngine.Utils.NetworkUtils::IsParentNetwork(System.String,System.String)
FNDA:4,System.Boolean SimEngine.Utils.NetworkUtils::IsParentNetwork(System.String,System.String)
DA:11,4
DA:12,4
DA:13,4
BRDA:12,8,0,3
BRDA:12,8,1,1
LF:6
LH:6
BRF:4
BRH:4
FNF:2
FNH:2
end_of_record
SF:/home/vorherre/Documents/code/AQL/Engine/Library/Nodes/DispatcherNode.cs
FN:9,SimEngine.Core.Simulation SimEngine.Nodes.DispatcherNode::get_Simulation()
FNDA:82,SimEngine.Core.Simulation SimEngine.Nodes.DispatcherNode::get_Simulation()
DA:10,82
FN:20,System.Void SimEngine.Nodes.DispatcherNode::ScheduleInitialArrival()
FNDA:22,System.Void SimEngine.Nodes.DispatcherNode::ScheduleInitialArrival()
DA:21,22
DA:22,22
DA:23,20
DA:24,20
DA:25,22
DA:26,20
DA:27,20
DA:28,22
DA:29,20
DA:30,20
DA:31,10
DA:32,10
DA:33,10
DA:34,54
DA:35,17
DA:36,17
DA:37,17
DA:38,10
DA:39,10
DA:40,10
DA:41,22
DA:42,7
DA:43,10
DA:44,22
DA:45,20
DA:46,20
DA:47,40
DA:48,20
DA:49,0
DA:50,0
DA:51,0
DA:52,0
DA:53,22
DA:54,22
DA:55,20
DA:56,42
DA:57,22
FN:13,System.Void SimEngine.Nodes.DispatcherNode::.ctor(SimEngine.Core.SimulationEngineAPI,System.String,System.Func`1<System.Double>)
FNDA:3,System.Void SimEngine.Nodes.DispatcherNode::.ctor(SimEngine.Core.SimulationEngineAPI,System.String,System.Func`1<System.Double>)
DA:14,3
DA:15,3
DA:16,3
DA:17,3
DA:18,3
LF:43
LH:39
BRF:10
BRH:8
FNF:3
FNH:3
end_of_record
SF:/home/vorherre/Documents/code/AQL/Engine/Library/Nodes/Node.cs
FN:8,System.String SimEngine.Nodes.Node::get_Name()
FNDA:16,System.String SimEngine.Nodes.Node::get_Name()
DA:9,16
FN:9,System.Collections.Generic.List`1<System.ValueTuple`2<SimEngine.Nodes.Node,System.Double>> SimEngine.Nodes.Node::get_NextNodeChoices()
FNDA:78,System.Collections.Generic.List`1<System.ValueTuple`2<SimEngine.Nodes.Node,System.Double>> SimEngine.Nodes.Node::get_NextNodeChoices()
DA:10,78
FN:10,SimEngine.Nodes.Node SimEngine.Nodes.Node::get_NextNode()
FNDA:61,SimEngine.Nodes.Node SimEngine.Nodes.Node::get_NextNode()
DA:11,61
FN:13,System.String SimEngine.Nodes.Node::get_Network()
FNDA:4,System.String SimEngine.Nodes.Node::get_Network()
DA:14,4
FN:15,System.Void SimEngine.Nodes.Node::.ctor(System.String)
FNDA:16,System.Void SimEngine.Nodes.Node::.ctor(System.String)
DA:16,16
DA:17,16
DA:18,16
DA:20,16
DA:21,16
DA:22,16
DA:23,16
DA:24,16
BRDA:21,44,0,6
BRDA:21,44,1,10
LF:12
LH:12
BRF:2
BRH:2
FNF:5
FNH:5
end_of_record
SF:/home/vorherre/Documents/code/AQL/Engine/Library/Nodes/QueueNode.cs
FN:8,SimEngine.Core.Simulation SimEngine.Nodes.QueueNode::get_Simulation()
FNDA:118,SimEngine.Core.Simulation SimEngine.Nodes.QueueNode::get_Simulation()
DA:9,118
FN:14,System.Int32 SimEngine.Nodes.QueueNode::get_ServerCount()
FNDA:8,System.Int32 SimEngine.Nodes.QueueNode::get_ServerCount()
DA:15,8
FN:27,System.Void SimEngine.Nodes.QueueNode::AttachRuntimeStats(SimEngine.Metrics.QueueRuntimeStats)
FNDA:8,System.Void SimEngine.Nodes.QueueNode::AttachRuntimeStats(SimEngine.Metrics.QueueRuntimeStats)
DA:28,8
DA:29,8
DA:30,8
FN:32,System.Void SimEngine.Nodes.QueueNode::ProcessArrival(SimEngine.Core.Entity)
FNDA:24,System.Void SimEngine.Nodes.QueueNode::ProcessArrival(SimEngine.Core.Entity)
DA:33,24
DA:34,24
DA:35,24
DA:37,24
DA:38,0
DA:39,0
DA:40,0
DA:41,0
DA:44,24
DA:45,24
DA:46,24
DA:47,24
DA:49,0
DA:50,0
DA:51,0
DA:53,24
DA:54,24
DA:55,24
DA:56,24
DA:57,24
BRDA:35,26,0,0
BRDA:35,26,1,24
BRDA:37,68,0,0
BRDA:40,96,0,0
BRDA:40,96,1,0
BRDA:37,68,1,24
BRDA:44,125,0,24
BRDA:44,125,1,0
BRDA:53,167,0,0
BRDA:53,167,1,24
BRDA:53,186,0,24
BRDA:53,186,1,24
FN:59,System.Void SimEngine.Nodes.QueueNode::StartService(SimEngine.Core.Entity)
FNDA:24,System.Void SimEngine.Nodes.QueueNode::StartService(SimEngine.Core.Entity)
DA:60,24
DA:61,24
DA:62,24
DA:63,24
DA:64,45
DA:66,24
DA:67,24
DA:68,24
DA:69,24
DA:70,24
BRDA:68,139,0,0
BRDA:68,139,1,24
BRDA:69,158,0,0
BRDA:69,158,1,24
FN:72,System.Void SimEngine.Nodes.QueueNode::ProcessDeparture(SimEngine.Core.Entity)
FNDA:21,System.Void SimEngine.Nodes.QueueNode::ProcessDeparture(SimEngine.Core.Entity)
DA:73,21
DA:74,21
DA:76,21
DA:77,0
DA:78,0
DA:79,0
DA:81,21
DA:82,21
DA:83,0
DA:84,0
DA:85,0
DA:86,0
DA:87,0
DA:88,0
DA:89,0
DA:90,0
DA:91,0
DA:92,0
DA:94,0
DA:95,0
DA:97,21
DA:98,1
DA:99,1
DA:100,1
DA:101,1
DA:102,0
DA:104,1
DA:105,1
DA:107,2
DA:108,1
DA:109,20
DA:110,0
DA:111,0
DA:112,0
DA:114,20
DA:116,20
DA:117,0
DA:119,20
DA:120,20
DA:121,21
BRDA:76,44,0,0
BRDA:76,44,1,21
BRDA:82,87,0,0
BRDA:86,194,1,0
BRDA:89,178,0,0
BRDA:89,178,1,0
BRDA:86,194,0,0
BRDA:82,87,1,21
BRDA:97,239,0,1
BRDA:99,263,0,0
BRDA:99,263,1,1
BRDA:99,290,0,1
BRDA:101,315,0,0
BRDA:101,315,1,1
BRDA:99,290,1,1
BRDA:97,239,1,20
BRDA:109,470,0,0
BRDA:109,470,1,20
BRDA:116,539,0,0
BRDA:116,539,1,20
FN:123,System.Void SimEngine.Nodes.QueueNode::Reset(SimEngine.Core.Simulation)
FNDA:8,System.Void SimEngine.Nodes.QueueNode::Reset(SimEngine.Core.Simulation)
DA:124,8
DA:125,8
DA:126,8
DA:127,8
DA:128,8
BRDA:127,27,0,0
BRDA:127,27,1,8
FN:11,System.Void SimEngine.Nodes.QueueNode::.ctor(SimEngine.Core.SimulationEngineAPI,System.String,System.Int32,System.Int32,System.Func`1<System.Double>,System.Func`1<System.Double>)
FNDA:9,System.Void SimEngine.Nodes.QueueNode::.ctor(SimEngine.Core.SimulationEngineAPI,System.String,System.Int32,System.Int32,System.Func`1<System.Double>,System.Func`1<System.Double>)
DA:12,9
DA:13,9
DA:19,9
DA:20,9
DA:21,9
DA:22,9
DA:23,9
DA:24,9
DA:25,9
BRDA:23,45,0,9
BRDA:23,45,1,0
LF:89
LH:62
BRF:40
BRH:20
FNF:8
FNH:8
end_of_record
SF:/home/vorherre/Documents/code/AQL/Engine/Library/Nodes/RouterNode.cs
FN:9,SimEngine.Core.Simulation SimEngine.Nodes.RouterNode::get_Simulation()
FNDA:3,SimEngine.Core.Simulation SimEngine.Nodes.RouterNode::get_Simulation()
DA:10,3
FN:18,System.Void SimEngine.Nodes.RouterNode::Route(SimEngine.Core.Entity)
FNDA:1,System.Void SimEngine.Nodes.RouterNode::Route(SimEngine.Core.Entity)
DA:19,1
DA:20,1
DA:21,1
DA:24,1
DA:25,1
DA:26,1
DA:27,1
DA:28,1
DA:29,6
DA:30,2
DA:31,2
DA:32,2
DA:33,1
DA:34,1
DA:35,1
DA:37,1
DA:38,1
DA:40,1
DA:41,2
DA:43,1
BRDA:20,39,0,1
BRDA:20,39,1,0
BRDA:25,112,0,1
BRDA:29,227,1,2
BRDA:32,206,0,1
BRDA:32,206,1,1
BRDA:29,227,0,1
BRDA:25,112,1,1
BRDA:40,260,0,1
BRDA:40,260,1,1
FN:45,System.Void SimEngine.Nodes.RouterNode::RouteTo(SimEngine.Nodes.Node,SimEngine.Core.Entity)
FNDA:1,System.Void SimEngine.Nodes.RouterNode::RouteTo(SimEngine.Nodes.Node,SimEngine.Core.Entity)
DA:46,1
DA:47,1
DA:49,1
DA:50,1
DA:51,1
DA:53,1
DA:54,1
DA:55,0
DA:56,0
DA:57,1
BRDA:47,9,1,1
BRDA:50,33,0,1
BRDA:50,33,1,0
BRDA:53,85,0,1
BRDA:53,85,1,0
BRDA:55,114,0,0
BRDA:47,9,0,1
BRDA:55,114,1,1
FN:12,System.Void SimEngine.Nodes.RouterNode::.ctor(SimEngine.Core.SimulationEngineAPI,System.String)
FNDA:1,System.Void SimEngine.Nodes.RouterNode::.ctor(SimEngine.Core.SimulationEngineAPI,System.String)
DA:13,1
DA:14,1
DA:15,1
DA:16,1
LF:35
LH:33
BRF:18
BRH:14
FNF:4
FNH:4
end_of_record
SF:/home/vorherre/Documents/code/AQL/Engine/Library/Networks/NetworkDefinition.cs
FN:7,System.String SimEngine.Networks.NetworkDefinition::get_Name()
FNDA:7,System.String SimEngine.Networks.NetworkDefinition::get_Name()
DA:8,7
FN:9,System.Collections.Generic.List`1<System.ValueTuple`4<System.String,System.Int32,System.Int32,System.Func`1<System.Double>>> SimEngine.Networks.NetworkDefinition::get_Queues()
FNDA:6,System.Collections.Generic.List`1<System.ValueTuple`4<System.String,System.Int32,System.Int32,System.Func`1<System.Double>>> SimEngine.Networks.NetworkDefinition::get_Queues()
DA:10,6
FN:10,System.Collections.Generic.List`1<System.ValueTuple`3<System.String,System.String,System.Double>> SimEngine.Networks.NetworkDefinition::get_Routes()
FNDA:7,System.Collections.Generic.List`1<System.ValueTuple`3<System.String,System.String,System.Double>> SimEngine.Networks.NetworkDefinition::get_Routes()
DA:11,7
FN:11,System.Collections.Generic.List`1<System.String> SimEngine.Networks.NetworkDefinition::get_RouterEntries()
FNDA:6,System.Collections.Generic.List`1<System.String> SimEngine.Networks.NetworkDefinition::get_RouterEntries()
DA:12,6
FN:12,System.Collections.Generic.List`1<System.String> SimEngine.Networks.NetworkDefinition::get_RouterExits()
FNDA:6,System.Collections.Generic.List`1<System.String> SimEngine.Networks.NetworkDefinition::get_RouterExits()
DA:13,6
FN:13,System.Collections.Generic.List`1<SimEngine.Networks.NetworkDefinition> SimEngine.Networks.NetworkDefinition::get_SubNetworks()
FNDA:6,System.Collections.Generic.List`1<SimEngine.Networks.NetworkDefinition> SimEngine.Networks.NetworkDefinition::get_SubNetworks()
DA:14,6
FN:16,System.Void SimEngine.Networks.NetworkDefinition::AddQueue(System.String,System.Int32,System.Int32,System.Func`1<System.Double>)
FNDA:1,System.Void SimEngine.Networks.NetworkDefinition::AddQueue(System.String,System.Int32,System.Int32,System.Func`1<System.Double>)
DA:17,1
FN:19,System.Void SimEngine.Networks.NetworkDefinition::Connect(System.String,System.String,System.Double)
FNDA:2,System.Void SimEngine.Networks.NetworkDefinition::Connect(System.String,System.String,System.Double)
DA:20,2
FN:22,System.Void SimEngine.Networks.NetworkDefinition::AddEntryPoint(System.String)
FNDA:1,System.Void SimEngine.Networks.NetworkDefinition::AddEntryPoint(System.String)
DA:23,1
FN:25,System.Void SimEngine.Networks.NetworkDefinition::AddExitPoint(System.String)
FNDA:1,System.Void SimEngine.Networks.NetworkDefinition::AddExitPoint(System.String)
DA:26,1
FN:28,System.Void SimEngine.Networks.NetworkDefinition::AddSubNetwork(SimEngine.Networks.NetworkDefinition)
FNDA:1,System.Void SimEngine.Networks.NetworkDefinition::AddSubNetwork(SimEngine.Networks.NetworkDefinition)
DA:29,1
LF:11
LH:11
BRF:0
BRH:0
FNF:11
FNH:11
end_of_record
SF:/home/vorherre/Documents/code/AQL/Engine/Library/Networks/NetworkRegistry.cs
FN:8,System.String SimEngine.Networks.NetworkStats::get_Name()
FNDA:0,System.String SimEngine.Networks.NetworkStats::get_Name()
DA:9,0
FN:17,System.Void SimEngine.Networks.NetworkStats::RegisterQueue(SimEngine.Nodes.QueueNode)
FNDA:8,System.Void SimEngine.Networks.NetworkStats::RegisterQueue(SimEngine.Nodes.QueueNode)
DA:18,8
FN:20,System.Void SimEngine.Networks.NetworkStats::RecordEntry(SimEngine.Core.Entity,System.Double)
FNDA:2,System.Void SimEngine.Networks.NetworkStats::RecordEntry(SimEngine.Core.Entity,System.Double)
DA:21,2
DA:22,2
DA:23,2
FN:25,System.Void SimEngine.Networks.NetworkStats::RecordExit(SimEngine.Core.Entity,System.Double)
FNDA:2,System.Void SimEngine.Networks.NetworkStats::RecordExit(SimEngine.Core.Entity,System.Double)
DA:26,2
DA:27,2
DA:28,2
FN:9,System.Void SimEngine.Networks.NetworkStats::.ctor(System.String)
FNDA:9,System.Void SimEngine.Networks.NetworkStats::.ctor(System.String)
DA:10,9
DA:12,9
DA:13,9
DA:14,9
DA:15,9
DA:17,9
LF:14
LH:13
BRF:0
BRH:0
FNF:5
FNH:4
end_of_record
SF:/home/vorherre/Documents/code/AQL/Engine/Library/Metrics/MetricsPrinter.cs
FN:9,System.Void SimEngine.Metrics.MetricsPrinter::Print(SimEngine.Metrics.SimulationStats)
FNDA:0,System.Void SimEngine.Metrics.MetricsPrinter::Print(SimEngine.Metrics.SimulationStats)
DA:10,0
DA:11,0
DA:12,0
DA:13,0
DA:14,0
DA:15,0
DA:17,0
DA:18,0
DA:19,0
DA:20,0
DA:21,0
DA:22,0
DA:24,0
DA:25,0
DA:26,0
DA:27,0
DA:28,0
DA:29,0
DA:30,0
DA:31,0
DA:32,0
DA:33,0
DA:34,0
DA:35,0
DA:36,0
DA:38,0
DA:39,0
DA:40,0
DA:41,0
DA:42,0
DA:43,0
DA:44,0
DA:45,0
DA:46,0
BRDA:18,949,1,0
BRDA:20,280,0,0
BRDA:20,280,1,0
BRDA:18,949,0,0
BRDA:39,1229,1,0
BRDA:39,1229,0,0
LF:34
LH:0
BRF:6
BRH:0
FNF:1
FNH:0
end_of_record
SF:/home/vorherre/Documents/code/AQL/Engine/Library/Metrics/NetworkRuntimeStats.cs
FN:9,System.String SimEngine.Metrics.NetworkRuntimeStats::get_Name()
FNDA:6,System.String SimEngine.Metrics.NetworkRuntimeStats::get_Name()
DA:10,6
FN:10,System.Collections.Generic.List`1<System.Double> SimEngine.Metrics.NetworkRuntimeStats::get_RespondTimes()
FNDA:34,System.Collections.Generic.List`1<System.Double> SimEngine.Metrics.NetworkRuntimeStats::get_RespondTimes()
DA:11,34
FN:13,System.Void SimEngine.Metrics.NetworkRuntimeStats::AddRespondTime(System.Double)
FNDA:8,System.Void SimEngine.Metrics.NetworkRuntimeStats::AddRespondTime(System.Double)
DA:14,8
DA:15,8
DA:16,8
FN:17,System.Double SimEngine.Metrics.NetworkRuntimeStats::get_MeanRespondTime()
FNDA:5,System.Double SimEngine.Metrics.NetworkRuntimeStats::get_MeanRespondTime()
DA:18,5
BRDA:18,12,0,1
BRDA:18,12,1,4
FN:21,System.Double SimEngine.Metrics.NetworkRuntimeStats::get_VarianceRespondTime()
FNDA:3,System.Double SimEngine.Metrics.NetworkRuntimeStats::get_VarianceRespondTime()
DA:22,3
DA:23,4
DA:24,2
DA:25,6
DA:26,3
BRDA:23,23,0,1
BRDA:23,23,1,2
FN:29,System.Double SimEngine.Metrics.NetworkRuntimeStats::TailProbability(System.Double)
FNDA:3,System.Double SimEngine.Metrics.NetworkRuntimeStats::TailProbability(System.Double)
DA:30,3
DA:31,4
DA:32,7
DA:33,3
BRDA:31,30,0,1
BRDA:31,30,1,2
LF:15
LH:15
BRF:6
BRH:6
FNF:6
FNH:6
end_of_record
SF:/home/vorherre/Documents/code/AQL/Engine/Library/Metrics/QueueRuntimeStats.cs
FN:4,System.String SimEngine.Metrics.QueueRuntimeStats::get_Name()
FNDA:17,System.String SimEngine.Metrics.QueueRuntimeStats::get_Name()
DA:5,17
FN:5,System.Int32 SimEngine.Metrics.QueueRuntimeStats::get_TotalArrived()
FNDA:61,System.Int32 SimEngine.Metrics.QueueRuntimeStats::get_TotalArrived()
DA:6,61
FN:6,System.Int32 SimEngine.Metrics.QueueRuntimeStats::get_TotalServed()
FNDA:64,System.Int32 SimEngine.Metrics.QueueRuntimeStats::get_TotalServed()
DA:7,64
FN:7,System.Int32 SimEngine.Metrics.QueueRuntimeStats::get_DroppedEntities()
FNDA:12,System.Int32 SimEngine.Metrics.QueueRuntimeStats::get_DroppedEntities()
DA:8,12
FN:8,System.Double SimEngine.Metrics.QueueRuntimeStats::get_TotalWaitingTime()
FNDA:60,System.Double SimEngine.Metrics.QueueRuntimeStats::get_TotalWaitingTime()
DA:9,60
FN:9,System.Double SimEngine.Metrics.QueueRuntimeStats::get_TotalServiceTime()
FNDA:60,System.Double SimEngine.Metrics.QueueRuntimeStats::get_TotalServiceTime()
DA:10,60
FN:10,System.Double SimEngine.Metrics.QueueRuntimeStats::get_TotalBusyTime()
FNDA:60,System.Double SimEngine.Metrics.QueueRuntimeStats::get_TotalBusyTime()
DA:11,60
FN:11,System.Int32 SimEngine.Metrics.QueueRuntimeStats::get_ServerCount()
FNDA:20,System.Int32 SimEngine.Metrics.QueueRuntimeStats::get_ServerCount()
DA:12,20
FN:12,System.Double SimEngine.Metrics.QueueRuntimeStats::get_SimulationTimePerRun()
FNDA:20,System.Double SimEngine.Metrics.QueueRuntimeStats::get_SimulationTimePerRun()
DA:13,20
FN:13,System.Int32 SimEngine.Metrics.QueueRuntimeStats::get_RunCount()
FNDA:31,System.Int32 SimEngine.Metrics.QueueRuntimeStats::get_RunCount()
DA:14,31
FN:15,System.Void SimEngine.Metrics.QueueRuntimeStats::AddArrival()
FNDA:25,System.Void SimEngine.Metrics.QueueRuntimeStats::AddArrival()
DA:16,25
FN:17,System.Void SimEngine.Metrics.QueueRuntimeStats::AddServed(System.Double,System.Double)
FNDA:25,System.Void SimEngine.Metrics.QueueRuntimeStats::AddServed(System.Double,System.Double)
DA:18,25
DA:19,25
DA:20,25
DA:21,25
DA:22,25
FN:22,System.Void SimEngine.Metrics.QueueRuntimeStats::AddBusyTime(System.Double)
FNDA:25,System.Void SimEngine.Metrics.QueueRuntimeStats::AddBusyTime(System.Double)
DA:23,25
FN:23,System.Void SimEngine.Metrics.QueueRuntimeStats::IncrementRun()
FNDA:9,System.Void SimEngine.Metrics.QueueRuntimeStats::IncrementRun()
DA:24,9
FN:24,System.Void SimEngine.Metrics.QueueRuntimeStats::AddDropped()
FNDA:1,System.Void SimEngine.Metrics.QueueRuntimeStats::AddDropped()
DA:25,1
FN:26,System.Double SimEngine.Metrics.QueueRuntimeStats::get_AvgWaitTime()
FNDA:1,System.Double SimEngine.Metrics.QueueRuntimeStats::get_AvgWaitTime()
DA:27,1
BRDA:27,7,0,0
BRDA:27,7,1,1
FN:27,System.Double SimEngine.Metrics.QueueRuntimeStats::get_AvgServiceTime()
FNDA:1,System.Double SimEngine.Metrics.QueueRuntimeStats::get_AvgServiceTime()
DA:28,1
BRDA:28,7,0,0
BRDA:28,7,1,1
FN:28,System.Double SimEngine.Metrics.QueueRuntimeStats::get_Utilization()
FNDA:1,System.Double SimEngine.Metrics.QueueRuntimeStats::get_Utilization()
DA:29,1
BRDA:29,31,0,0
BRDA:29,31,1,1
FN:29,System.Double SimEngine.Metrics.QueueRuntimeStats::get_Throughput()
FNDA:1,System.Double SimEngine.Metrics.QueueRuntimeStats::get_Throughput()
DA:30,1
BRDA:30,7,0,0
BRDA:30,7,1,1
FN:30,System.Double SimEngine.Metrics.QueueRuntimeStats::get_DropRate()
FNDA:1,System.Double SimEngine.Metrics.QueueRuntimeStats::get_DropRate()
DA:31,1
BRDA:31,7,0,0
BRDA:31,7,1,1
LF:24
LH:24
BRF:10
BRH:5
FNF:20
FNH:20
end_of_record
SF:/home/vorherre/Documents/code/AQL/Engine/Library/Metrics/SimulationStats.cs
FN:6,System.Double SimEngine.Metrics.SimulationStats::get_TotalSimulationTime()
FNDA:44,System.Double SimEngine.Metrics.SimulationStats::get_TotalSimulationTime()
DA:7,44
FN:7,System.Int32 SimEngine.Metrics.SimulationStats::get_TotalEntitiesCreated()
FNDA:73,System.Int32 SimEngine.Metrics.SimulationStats::get_TotalEntitiesCreated()
DA:8,73
FN:8,System.Collections.Generic.List`1<SimEngine.Metrics.NetworkRuntimeStats> SimEngine.Metrics.SimulationStats::get_NetworkStats()
FNDA:22,System.Collections.Generic.List`1<SimEngine.Metrics.NetworkRuntimeStats> SimEngine.Metrics.SimulationStats::get_NetworkStats()
DA:9,22
FN:9,System.Collections.Generic.List`1<SimEngine.Metrics.QueueRuntimeStats> SimEngine.Metrics.SimulationStats::get_QueueStats()
FNDA:28,System.Collections.Generic.List`1<SimEngine.Metrics.QueueRuntimeStats> SimEngine.Metrics.SimulationStats::get_QueueStats()
DA:10,28
FN:11,System.Void SimEngine.Metrics.SimulationStats::AddEntityCreated()
FNDA:25,System.Void SimEngine.Metrics.SimulationStats::AddEntityCreated()
DA:12,25
FN:12,System.Void SimEngine.Metrics.SimulationStats::AddSimulationRunTime(System.Double)
FNDA:9,System.Void SimEngine.Metrics.SimulationStats::AddSimulationRunTime(System.Double)
DA:13,9
FN:14,System.Double SimEngine.Metrics.SimulationStats::get_ArrivalRate()
FNDA:3,System.Double SimEngine.Metrics.SimulationStats::get_ArrivalRate()
DA:15,3
BRDA:15,15,0,0
BRDA:15,15,1,3
FN:15,System.Double SimEngine.Metrics.SimulationStats::get_MeanInterarrivalTime()
FNDA:1,System.Double SimEngine.Metrics.SimulationStats::get_MeanInterarrivalTime()
DA:16,1
BRDA:16,15,0,0
BRDA:16,15,1,1
LF:8
LH:8
BRF:4
BRH:2
FNF:8
FNH:8
end_of_record
SF:/home/vorherre/Documents/code/AQL/Engine/Library/Core/Entity.cs
FN:8,System.Double SimEngine.Core.Entity::get_ArrivalTime()
FNDA:79,System.Double SimEngine.Core.Entity::get_ArrivalTime()
DA:9,79
FN:10,System.Collections.Generic.List`1<System.Double> SimEngine.Core.Entity::get_WaitingTimesInQueues()
FNDA:56,System.Collections.Generic.List`1<System.Double> SimEngine.Core.Entity::get_WaitingTimesInQueues()
DA:11,56
FN:11,System.Collections.Generic.List`1<System.Double> SimEngine.Core.Entity::get_ServiceTimesInQueues()
FNDA:62,System.Collections.Generic.List`1<System.Double> SimEngine.Core.Entity::get_ServiceTimesInQueues()
DA:12,62
FN:12,System.Double SimEngine.Core.Entity::get_DepartureTime()
FNDA:24,System.Double SimEngine.Core.Entity::get_DepartureTime()
DA:13,24
FN:13,System.Double SimEngine.Core.Entity::get_TotalWaitingTime()
FNDA:1,System.Double SimEngine.Core.Entity::get_TotalWaitingTime()
DA:14,1
FN:14,System.Double SimEngine.Core.Entity::get_TotalServiceTime()
FNDA:1,System.Double SimEngine.Core.Entity::get_TotalServiceTime()
DA:15,1
FN:15,System.Double SimEngine.Core.Entity::get_TotalTime()
FNDA:1,System.Double SimEngine.Core.Entity::get_TotalTime()
DA:16,1
FN:16,System.Collections.Generic.Stack`1<System.String> SimEngine.Core.Entity::get_NetworkStack()
FNDA:85,System.Collections.Generic.Stack`1<System.String> SimEngine.Core.Entity::get_NetworkStack()
DA:17,85
FN:17,System.Collections.Generic.Dictionary`2<System.String,System.Double> SimEngine.Core.Entity::get_NetworkEntryTimes()
FNDA:33,System.Collections.Generic.Dictionary`2<System.String,System.Double> SimEngine.Core.Entity::get_NetworkEntryTimes()
DA:18,33
FN:20,System.Void SimEngine.Core.Entity::.ctor(System.Double)
FNDA:30,System.Void SimEngine.Core.Entity::.ctor(System.Double)
DA:21,30
DA:22,30
DA:23,30
DA:24,30
DA:25,30
LF:14
LH:14
BRF:0
BRH:0
FNF:10
FNH:10
end_of_record
SF:/home/vorherre/Documents/code/AQL/Engine/Library/Core/Event.cs
FN:7,System.Double SimEngine.Core.Event::get_Time()
FNDA:212,System.Double SimEngine.Core.Event::get_Time()
DA:8,212
FN:8,System.Action SimEngine.Core.Event::get_Action()
FNDA:69,System.Action SimEngine.Core.Event::get_Action()
DA:9,69
FN:10,System.Void SimEngine.Core.Event::.ctor(System.Double,System.Action)
FNDA:75,System.Void SimEngine.Core.Event::.ctor(System.Double,System.Action)
DA:11,75
DA:12,75
DA:13,75
DA:14,75
DA:15,75
LF:7
LH:7
BRF:0
BRH:0
FNF:3
FNH:3
end_of_record
SF:/home/vorherre/Documents/code/AQL/Engine/Library/Core/Simulation.cs
FN:9,System.Double SimEngine.Core.Simulation::get_Now()
FNDA:144,System.Double SimEngine.Core.Simulation::get_Now()
DA:10,144
FN:12,System.Void SimEngine.Core.Simulation::Schedule(System.Double,System.Action)
FNDA:73,System.Void SimEngine.Core.Simulation::Schedule(System.Double,System.Action)
DA:13,73
DA:14,73
DA:15,73
DA:16,73
FN:18,System.Void SimEngine.Core.Simulation::Run(System.Double)
FNDA:13,System.Void SimEngine.Core.Simulation::Run(System.Double)
DA:19,13
DA:20,80
DA:21,71
DA:22,71
DA:23,75
DA:24,67
DA:25,67
DA:26,67
DA:27,67
DA:28,13
DA:29,13
BRDA:20,84,1,71
BRDA:23,27,1,67
BRDA:23,27,0,13
BRDA:20,84,0,13
FN:7,System.Void SimEngine.Core.Simulation::.ctor()
FNDA:23,System.Void SimEngine.Core.Simulation::.ctor()
DA:8,23
DA:9,23
LF:18
LH:18
BRF:4
BRH:4
FNF:4
FNH:4
end_of_record
SF:/home/vorherre/Documents/code/AQL/Engine/Library/Core/SimulationEngineAPI.cs
FN:13,System.Random SimEngine.Core.SimulationEngineAPI::get_RandomGenerator()
FNDA:28,System.Random SimEngine.Core.SimulationEngineAPI::get_RandomGenerator()
DA:14,28
FN:23,SimEngine.Metrics.SimulationStats SimEngine.Core.SimulationEngineAPI::get_Stats()
FNDA:61,SimEngine.Metrics.SimulationStats SimEngine.Core.SimulationEngineAPI::get_Stats()
DA:24,61
FN:25,SimEngine.Nodes.QueueNode SimEngine.Core.SimulationEngineAPI::GetQueueNode(System.String)
FNDA:5,SimEngine.Nodes.QueueNode SimEngine.Core.SimulationEngineAPI::GetQueueNode(System.String)
DA:26,5
FN:28,System.Void SimEngine.Core.SimulationEngineAPI::SetSimulationParameters(System.Double,System.Int32)
FNDA:6,System.Void SimEngine.Core.SimulationEngineAPI::SetSimulationParameters(System.Double,System.Int32)
DA:29,6
DA:30,6
DA:31,6
DA:32,6
FN:34,System.Void SimEngine.Core.SimulationEngineAPI::SetSeed(System.Int32)
FNDA:2,System.Void SimEngine.Core.SimulationEngineAPI::SetSeed(System.Int32)
DA:35,2
DA:36,2
DA:37,2
FN:39,System.Void SimEngine.Core.SimulationEngineAPI::CreateNetwork(SimEngine.Networks.NetworkDefinition,System.String)
FNDA:1,System.Void SimEngine.Core.SimulationEngineAPI::CreateNetwork(SimEngine.Networks.NetworkDefinition,System.String)
DA:40,1
DA:41,1
DA:43,1
DA:46,3
DA:47,0
DA:48,0
DA:49,0
DA:52,3
DA:53,0
DA:54,0
DA:55,0
DA:56,0
DA:57,0
DA:60,3
DA:61,0
DA:62,0
DA:63,0
DA:64,0
DA:67,3
DA:68,0
DA:69,0
DA:70,0
DA:73,3
DA:74,0
DA:75,0
DA:76,0
DA:77,0
DA:78,0
DA:80,1
BRDA:41,7,0,0
BRDA:41,7,1,1
BRDA:46,133,1,0
BRDA:46,133,0,1
BRDA:52,227,1,0
BRDA:52,227,0,1
BRDA:60,328,1,0
BRDA:60,328,0,1
BRDA:67,423,1,0
BRDA:69,382,0,0
BRDA:69,382,1,0
BRDA:67,423,0,1
BRDA:73,532,1,0
BRDA:73,532,0,1
FN:82,System.String SimEngine.Core.SimulationEngineAPI::Qualify(System.String,System.String)
FNDA:0,System.String SimEngine.Core.SimulationEngineAPI::Qualify(System.String,System.String)
DA:83,0
DA:85,0
DA:88,0
DA:90,0
DA:91,0
BRDA:85,20,0,0
BRDA:85,20,1,0
BRDA:88,38,0,0
BRDA:88,38,1,0
BRDA:88,52,0,0
BRDA:88,52,1,0
BRDA:90,64,0,0
BRDA:90,64,1,0
FN:93,System.Void SimEngine.Core.SimulationEngineAPI::CreateDispatcherNode(System.String,System.Func`1<System.Double>)
FNDA:3,System.Void SimEngine.Core.SimulationEngineAPI::CreateDispatcherNode(System.String,System.Func`1<System.Double>)
DA:94,3
DA:95,3
DA:96,3
DA:97,3
DA:98,3
FN:100,System.Void SimEngine.Core.SimulationEngineAPI::CreateQueueNode(System.String,System.Int32,System.Int32,System.Func`1<System.Double>,System.Func`1<System.Double>)
FNDA:9,System.Void SimEngine.Core.SimulationEngineAPI::CreateQueueNode(System.String,System.Int32,System.Int32,System.Func`1<System.Double>,System.Func`1<System.Double>)
DA:101,9
DA:102,9
DA:103,9
DA:104,9
DA:105,9
DA:106,9
FN:108,System.Void SimEngine.Core.SimulationEngineAPI::ConnectNode(System.String,System.String,System.Double)
FNDA:4,System.Void SimEngine.Core.SimulationEngineAPI::ConnectNode(System.String,System.String,System.Double)
DA:109,4
DA:110,4
DA:111,1
DA:113,3
DA:114,0
DA:116,3
DA:117,1
DA:118,1
DA:119,1
DA:120,2
DA:121,1
DA:122,1
DA:123,1
DA:125,1
DA:126,1
DA:127,1
DA:128,3
BRDA:110,20,0,1
BRDA:110,20,1,3
BRDA:113,63,0,0
BRDA:113,63,1,3
BRDA:116,93,0,2
BRDA:116,93,1,1
BRDA:116,114,0,1
BRDA:116,114,1,2
BRDA:120,159,0,1
BRDA:120,159,1,1
FN:130,System.Void SimEngine.Core.SimulationEngineAPI::RecordNetworkEntry(SimEngine.Core.Entity,System.String,System.Double)
FNDA:46,System.Void SimEngine.Core.SimulationEngineAPI::RecordNetworkEntry(SimEngine.Core.Entity,System.String,System.Double)
DA:131,46
DA:132,46
DA:133,45
DA:135,1
DA:136,0
DA:138,1
DA:143,1
DA:144,1
DA:145,1
DA:146,1
DA:147,1
DA:149,1
DA:150,1
DA:151,46
BRDA:132,18,1,1
BRDA:135,36,1,1
BRDA:143,72,0,1
BRDA:143,72,1,1
BRDA:132,18,0,46
BRDA:135,36,0,46
FN:153,System.Void SimEngine.Core.SimulationEngineAPI::RecordNetworkExit(SimEngine.Core.Entity,System.String,System.Double)
FNDA:1,System.Void SimEngine.Core.SimulationEngineAPI::RecordNetworkExit(SimEngine.Core.Entity,System.String,System.Double)
DA:154,1
DA:155,1
DA:156,0
DA:158,1
DA:159,0
DA:163,1
DA:164,1
DA:165,1
DA:167,1
DA:168,1
DA:169,1
DA:170,1
DA:171,1
DA:172,1
DA:173,1
DA:174,1
DA:176,1
DA:177,1
DA:178,1
DA:179,1
BRDA:155,36,1,1
BRDA:158,56,0,1
BRDA:158,56,1,0
BRDA:158,77,1,1
BRDA:167,173,0,1
BRDA:170,215,0,1
BRDA:170,215,1,1
BRDA:155,36,0,1
BRDA:158,77,0,1
BRDA:167,173,1,1
FN:181,System.Void SimEngine.Core.SimulationEngineAPI::TransitionNetwork(SimEngine.Core.Entity,System.String,System.String,System.Double)
FNDA:2,System.Void SimEngine.Core.SimulationEngineAPI::TransitionNetwork(SimEngine.Core.Entity,System.String,System.String,System.Double)
DA:182,2
DA:183,2
DA:184,2
DA:185,2
DA:186,0
DA:187,0
DA:188,0
DA:189,2
DA:192,0
DA:193,0
DA:194,0
DA:195,0
DA:196,0
DA:198,0
DA:199,2
BRDA:183,18,0,2
BRDA:185,36,0,0
BRDA:183,18,1,0
BRDA:192,68,0,0
BRDA:192,68,1,0
BRDA:192,87,0,0
BRDA:192,87,1,0
BRDA:185,36,1,2
FN:201,System.Void SimEngine.Core.SimulationEngineAPI::RunSimulation()
FNDA:6,System.Void SimEngine.Core.SimulationEngineAPI::RunSimulation()
DA:202,6
DA:203,6
DA:205,34
DA:206,8
DA:207,8
DA:208,8
DA:209,6
DA:211,8
DA:213,8
DA:214,8
DA:215,8
DA:216,8
DA:217,8
DA:218,8
DA:219,8
DA:220,8
DA:221,8
DA:223,28
DA:224,8
DA:225,8
DA:227,28
DA:228,2
DA:230,8
DA:231,8
DA:233,40
DA:234,8
DA:235,8
DA:236,8
DA:237,8
DA:238,6
BRDA:205,195,1,8
BRDA:208,76,0,6
BRDA:208,76,1,8
BRDA:205,195,0,6
BRDA:223,430,1,8
BRDA:227,282,1,2
BRDA:227,282,0,8
BRDA:233,390,1,8
BRDA:233,390,0,8
BRDA:223,430,0,6
FN:239,SimEngine.Metrics.SimulationStats SimEngine.Core.SimulationEngineAPI::GetSimulationStats()
FNDA:1,SimEngine.Metrics.SimulationStats SimEngine.Core.SimulationEngineAPI::GetSimulationStats()
DA:240,1
FN:241,System.Collections.Generic.List`1<SimEngine.Core.Entity> SimEngine.Core.SimulationEngineAPI::GetEntities()
FNDA:2,System.Collections.Generic.List`1<SimEngine.Core.Entity> SimEngine.Core.SimulationEngineAPI::GetEntities()
DA:242,2
FN:244,System.Void SimEngine.Core.SimulationEngineAPI::RegisterEntity(SimEngine.Core.Entity)
FNDA:23,System.Void SimEngine.Core.SimulationEngineAPI::RegisterEntity(SimEngine.Core.Entity)
DA:245,23
DA:246,23
DA:247,23
DA:248,23
FN:250,System.Void SimEngine.Core.SimulationEngineAPI::SafePopAndRestore(SimEngine.Core.Entity,System.Double)
FNDA:1,System.Void SimEngine.Core.SimulationEngineAPI::SafePopAndRestore(SimEngine.Core.Entity,System.Double)
DA:251,1
DA:252,1
DA:253,1
DA:255,0
DA:257,0
DA:258,0
DA:259,0
DA:260,0
DA:261,1
BRDA:252,17,1,0
BRDA:257,46,0,0
BRDA:257,46,1,0
BRDA:257,65,0,0
BRDA:252,17,0,1
BRDA:257,65,1,1
FN:12,System.Void SimEngine.Core.SimulationEngineAPI::.ctor()
FNDA:13,System.Void SimEngine.Core.SimulationEngineAPI::.ctor()
DA:13,13
DA:15,13
DA:16,13
DA:17,13
DA:18,13
DA:19,13
DA:20,13
DA:21,13
DA:22,13
DA:23,13
LF:176
LH:133
BRF:72
BRH:44
FNF:19
FNH:18
end_of_record