SF:/home/vorherre/Documents/code/AQL/Engine/Library/Utils/Utils.cs
FN:5,System.Boolean SimEngine.Utils.NetworkUtils::IsSubnetwork(System.String,System.String)
FNDA:52066,System.Boolean SimEngine.Utils.NetworkUtils::IsSubnetwork(System.String,System.String)
DA:6,52066
DA:7,52066
DA:8,52066
BRDA:7,8,0,18876
BRDA:7,8,1,33190
FN:10,System.Boolean SimEngine.Utils.NetworkUtils::IsParentNetwork(System.String,System.String)
FNDA:0,System.Boolean SimEngine.Utils.NetworkUtils::IsParentNetwork(System.String,System.String)
DA:11,0
DA:12,0
DA:13,0
BRDA:12,8,0,0
BRDA:12,8,1,0
LF:6
LH:3
BRF:4
BRH:2
FNF:2
FNH:1
end_of_record
SF:/home/vorherre/Documents/code/AQL/Engine/Library/Nodes/DispatcherNode.cs
FN:8,SimEngine.Core.Simulation SimEngine.Nodes.DispatcherNode::get_Simulation()
FNDA:23961,SimEngine.Core.Simulation SimEngine.Nodes.DispatcherNode::get_Simulation()
DA:9,23961
FN:19,System.Void SimEngine.Nodes.DispatcherNode::ScheduleInitialArrival()
FNDA:5991,System.Void SimEngine.Nodes.DispatcherNode::ScheduleInitialArrival()
DA:20,5991
DA:21,5991
DA:22,5991
DA:24,5991
DA:25,5990
DA:26,5990
DA:27,5990
DA:28,5990
DA:29,5991
DA:30,5990
DA:31,5991
DA:32,5990
DA:33,0
DA:34,0
DA:35,0
DA:36,5990
DA:37,5990
DA:38,11980
DA:39,5990
DA:40,5991
DA:41,5991
DA:42,5990
DA:43,11981
DA:44,5991
FN:46,System.Double SimEngine.Nodes.DispatcherNode::GetArrivalExponetialDistribution(System.Double,System.Random)
FNDA:21045,System.Double SimEngine.Nodes.DispatcherNode::GetArrivalExponetialDistribution(System.Double,System.Random)
DA:47,21045
DA:48,21045
DA:49,0
DA:50,0
DA:52,21045
DA:53,21045
BRDA:48,18,0,0
BRDA:48,18,1,21045
FN:12,System.Void SimEngine.Nodes.DispatcherNode::.ctor(SimEngine.Core.SimulationEngineAPI,System.String,System.Func`1<System.Double>)
FNDA:1,System.Void SimEngine.Nodes.DispatcherNode::.ctor(SimEngine.Core.SimulationEngineAPI,System.String,System.Func`1<System.Double>)
DA:13,1
DA:14,1
DA:15,1
DA:16,1
DA:17,1
LF:36
LH:31
BRF:6
BRH:4
FNF:4
FNH:4
end_of_record
SF:/home/vorherre/Documents/code/AQL/Engine/Library/Nodes/Node.cs
FN:10,System.String SimEngine.Nodes.Node::get_Name()
FNDA:26,System.String SimEngine.Nodes.Node::get_Name()
DA:11,26
FN:11,System.Collections.Generic.List`1<System.ValueTuple`2<SimEngine.Nodes.Node,System.Double>> SimEngine.Nodes.Node::get_NextNodeChoices()
FNDA:47258,System.Collections.Generic.List`1<System.ValueTuple`2<SimEngine.Nodes.Node,System.Double>> SimEngine.Nodes.Node::get_NextNodeChoices()
DA:12,47258
FN:12,SimEngine.Nodes.Node SimEngine.Nodes.Node::get_NextNode()
FNDA:47143,SimEngine.Nodes.Node SimEngine.Nodes.Node::get_NextNode()
DA:13,47143
FN:15,System.String SimEngine.Nodes.Node::get_Network()
FNDA:32803,System.String SimEngine.Nodes.Node::get_Network()
DA:16,32803
FN:31,SimEngine.Nodes.Node SimEngine.Nodes.Node::ChooseProbabilisticNode(System.Collections.Generic.List`1<System.ValueTuple`2<SimEngine.Nodes.Node,System.Double>>,SimEngine.Core.SimulationEngineAPI,SimEngine.Nodes.Node)
FNDA:47117,SimEngine.Nodes.Node SimEngine.Nodes.Node::ChooseProbabilisticNode(System.Collections.Generic.List`1<System.ValueTuple`2<SimEngine.Nodes.Node,System.Double>>,SimEngine.Core.SimulationEngineAPI,SimEngine.Nodes.Node)
DA:32,47117
DA:33,47117
DA:34,1254
DA:36,45863
DA:37,298751
DA:38,80581
DA:39,80581
DA:40,80581
DA:42,45863
DA:43,45863
DA:45,216338
DA:46,62306
DA:47,62306
DA:48,62306
DA:49,45863
DA:50,16443
DA:52,0
DA:53,47117
BRDA:33,2,0,45863
BRDA:33,2,1,1254
BRDA:33,18,0,1254
BRDA:33,18,1,45863
BRDA:37,77,1,80581
BRDA:37,77,0,45863
BRDA:45,186,1,62306
BRDA:48,170,0,45863
BRDA:48,170,1,16443
BRDA:45,186,0,0
FN:17,System.Void SimEngine.Nodes.Node::.ctor(System.String)
FNDA:26,System.Void SimEngine.Nodes.Node::.ctor(System.String)
DA:18,26
DA:19,26
DA:20,26
DA:22,26
DA:23,26
DA:24,26
DA:25,26
DA:26,26
BRDA:23,44,0,0
BRDA:23,44,1,26
LF:30
LH:29
BRF:12
BRH:10
FNF:6
FNH:6
end_of_record
SF:/home/vorherre/Documents/code/AQL/Engine/Library/Nodes/QueueNode.cs
FN:9,SimEngine.Core.Simulation SimEngine.Nodes.QueueNode::get_Simulation()
FNDA:64858,SimEngine.Core.Simulation SimEngine.Nodes.QueueNode::get_Simulation()
DA:10,64858
FN:15,System.Int32 SimEngine.Nodes.QueueNode::get_ServerCount()
FNDA:13,System.Int32 SimEngine.Nodes.QueueNode::get_ServerCount()
DA:16,13
FN:28,System.Void SimEngine.Nodes.QueueNode::AttachRuntimeStats(SimEngine.Metrics.QueueRuntimeStats)
FNDA:13,System.Void SimEngine.Nodes.QueueNode::AttachRuntimeStats(SimEngine.Metrics.QueueRuntimeStats)
DA:29,13
DA:30,13
DA:31,13
FN:33,System.Void SimEngine.Nodes.QueueNode::ProcessArrival(SimEngine.Core.Entity)
FNDA:19743,System.Void SimEngine.Nodes.QueueNode::ProcessArrival(SimEngine.Core.Entity)
DA:34,19743
DA:35,19743
DA:36,19743
DA:38,19743
DA:39,0
DA:40,0
DA:41,0
DA:42,0
DA:45,19743
DA:46,7985
DA:47,7985
DA:48,7985
DA:50,11758
DA:51,11758
DA:52,11758
DA:54,19743
DA:55,0
DA:56,0
DA:57,0
DA:58,19743
BRDA:36,26,0,0
BRDA:36,26,1,19743
BRDA:38,68,0,0
BRDA:41,96,0,0
BRDA:41,96,1,0
BRDA:38,68,1,19743
BRDA:45,125,0,7985
BRDA:45,125,1,11758
BRDA:54,167,0,19743
BRDA:54,167,1,0
BRDA:54,186,0,0
BRDA:54,186,1,19743
FN:60,System.Void SimEngine.Nodes.QueueNode::StartService(SimEngine.Core.Entity)
FNDA:15054,System.Void SimEngine.Nodes.QueueNode::StartService(SimEngine.Core.Entity)
DA:61,15054
DA:62,15054
DA:63,15054
DA:64,15054
DA:65,15054
DA:66,30061
DA:68,15054
DA:69,15054
DA:70,15054
DA:71,15054
DA:72,15054
BRDA:70,167,0,0
BRDA:70,167,1,15054
BRDA:71,186,0,0
BRDA:71,186,1,15054
FN:74,System.Void SimEngine.Nodes.QueueNode::ProcessDeparture(SimEngine.Core.Entity)
FNDA:15007,System.Void SimEngine.Nodes.QueueNode::ProcessDeparture(SimEngine.Core.Entity)
DA:75,15007
DA:76,15007
DA:78,15007
DA:79,7069
DA:80,7069
DA:81,7069
DA:83,15007
DA:85,15007
DA:86,7937
DA:87,7937
DA:88,0
DA:89,0
DA:90,0
DA:92,0
DA:93,0
DA:95,15874
DA:96,7937
DA:97,7070
DA:98,7070
DA:99,14140
DA:100,7070
DA:102,0
DA:104,0
DA:105,0
DA:107,0
DA:108,0
DA:109,15007
BRDA:78,44,0,7069
BRDA:78,44,1,15007
BRDA:85,114,0,7937
BRDA:87,138,0,7937
BRDA:87,138,1,0
BRDA:87,165,0,0
BRDA:89,190,0,0
BRDA:89,190,1,0
BRDA:87,165,1,7937
BRDA:85,114,1,7070
BRDA:97,345,0,7070
BRDA:97,345,1,0
BRDA:104,414,0,0
BRDA:104,414,1,0
FN:111,System.Void SimEngine.Nodes.QueueNode::Reset(SimEngine.Core.Simulation)
FNDA:13,System.Void SimEngine.Nodes.QueueNode::Reset(SimEngine.Core.Simulation)
DA:112,13
DA:113,13
DA:114,13
DA:115,13
DA:116,13
BRDA:115,27,0,0
BRDA:115,27,1,13
FN:12,System.Void SimEngine.Nodes.QueueNode::.ctor(SimEngine.Core.SimulationEngineAPI,System.String,System.Int32,System.Int32,System.Func`1<System.Double>,System.Func`1<System.Double>)
FNDA:13,System.Void SimEngine.Nodes.QueueNode::.ctor(SimEngine.Core.SimulationEngineAPI,System.String,System.Int32,System.Int32,System.Func`1<System.Double>,System.Func`1<System.Double>)
DA:13,13
DA:14,13
DA:20,13
DA:21,13
DA:22,13
DA:23,13
DA:24,13
DA:25,13
DA:26,13
BRDA:24,45,0,13
BRDA:24,45,1,0
LF:77
LH:60
BRF:34
BRH:17
FNF:8
FNH:8
end_of_record
SF:/home/vorherre/Documents/code/AQL/Engine/Library/Nodes/RouterNode.cs
FN:6,SimEngine.Core.Simulation SimEngine.Nodes.RouterNode::get_Simulation()
FNDA:75852,SimEngine.Core.Simulation SimEngine.Nodes.RouterNode::get_Simulation()
DA:7,75852
FN:15,System.Void SimEngine.Nodes.RouterNode::Route(SimEngine.Core.Entity)
FNDA:26120,System.Void SimEngine.Nodes.RouterNode::Route(SimEngine.Core.Entity)
DA:16,26120
DA:17,26120
DA:18,26120
DA:21,26120
DA:23,26120
DA:24,49732
DA:26,26120
BRDA:17,39,0,5990
BRDA:17,39,1,20130
BRDA:23,127,0,24866
BRDA:23,127,1,26120
FN:28,System.Void SimEngine.Nodes.RouterNode::RouteTo(SimEngine.Nodes.Node,SimEngine.Core.Entity)
FNDA:24866,System.Void SimEngine.Nodes.RouterNode::RouteTo(SimEngine.Nodes.Node,SimEngine.Core.Entity)
DA:29,24866
DA:30,24866
DA:32,24866
DA:33,24866
DA:34,24866
DA:36,24866
DA:37,11806
DA:38,13060
DA:39,13060
DA:40,24866
BRDA:30,9,1,24866
BRDA:33,33,0,0
BRDA:33,33,1,24866
BRDA:36,85,0,11806
BRDA:36,85,1,13060
BRDA:38,114,0,13060
BRDA:30,9,0,24866
BRDA:38,114,1,24866
FN:9,System.Void SimEngine.Nodes.RouterNode::.ctor(SimEngine.Core.SimulationEngineAPI,System.String)
FNDA:12,System.Void SimEngine.Nodes.RouterNode::.ctor(SimEngine.Core.SimulationEngineAPI,System.String)
DA:10,12
DA:11,12
DA:12,12
DA:13,12
LF:22
LH:22
BRF:12
BRH:11
FNF:4
FNH:4
end_of_record
SF:/home/vorherre/Documents/code/AQL/Engine/Library/Networks/NetworkDefinition.cs
FN:8,System.String SimEngine.Networks.NetworkDefinition::get_Name()
FNDA:404,System.String SimEngine.Networks.NetworkDefinition::get_Name()
DA:9,404
FN:9,SimEngine.Networks.NetworkDefinition SimEngine.Networks.NetworkDefinition::get_Parent()
FNDA:581,SimEngine.Networks.NetworkDefinition SimEngine.Networks.NetworkDefinition::get_Parent()
DA:10,581
FN:11,System.Collections.Generic.List`1<System.ValueTuple`4<System.String,System.Int32,System.Int32,System.Func`1<System.Double>>> SimEngine.Networks.NetworkDefinition::get_Queues()
FNDA:19,System.Collections.Generic.List`1<System.ValueTuple`4<System.String,System.Int32,System.Int32,System.Func`1<System.Double>>> SimEngine.Networks.NetworkDefinition::get_Queues()
DA:12,19
FN:12,System.Collections.Generic.List`1<System.ValueTuple`3<System.String,System.String,System.Double>> SimEngine.Networks.NetworkDefinition::get_Routes()
FNDA:51,System.Collections.Generic.List`1<System.ValueTuple`3<System.String,System.String,System.Double>> SimEngine.Networks.NetworkDefinition::get_Routes()
DA:13,51
FN:13,System.Collections.Generic.List`1<System.String> SimEngine.Networks.NetworkDefinition::get_RouterEntries()
FNDA:12,System.Collections.Generic.List`1<System.String> SimEngine.Networks.NetworkDefinition::get_RouterEntries()
DA:14,12
FN:14,System.Collections.Generic.List`1<System.String> SimEngine.Networks.NetworkDefinition::get_RouterExits()
FNDA:12,System.Collections.Generic.List`1<System.String> SimEngine.Networks.NetworkDefinition::get_RouterExits()
DA:15,12
FN:15,System.Collections.Generic.List`1<SimEngine.Networks.NetworkDefinition> SimEngine.Networks.NetworkDefinition::get_SubNetworks()
FNDA:8,System.Collections.Generic.List`1<SimEngine.Networks.NetworkDefinition> SimEngine.Networks.NetworkDefinition::get_SubNetworks()
DA:16,8
FN:16,System.Collections.Generic.List`1<System.ValueTuple`2<System.String,System.Func`1<System.Double>>> SimEngine.Networks.NetworkDefinition::get_Dispatchers()
FNDA:4,System.Collections.Generic.List`1<System.ValueTuple`2<System.String,System.Func`1<System.Double>>> SimEngine.Networks.NetworkDefinition::get_Dispatchers()
DA:17,4
FN:19,System.Void SimEngine.Networks.NetworkDefinition::AddQueue(System.String,System.Int32,System.Int32,System.Func`1<System.Double>)
FNDA:13,System.Void SimEngine.Networks.NetworkDefinition::AddQueue(System.String,System.Int32,System.Int32,System.Func`1<System.Double>)
DA:20,13
FN:22,System.Void SimEngine.Networks.NetworkDefinition::AddDispatcher(System.String,System.Func`1<System.Double>)
FNDA:1,System.Void SimEngine.Networks.NetworkDefinition::AddDispatcher(System.String,System.Func`1<System.Double>)
DA:23,1
FN:25,System.Void SimEngine.Networks.NetworkDefinition::Connect(System.String,System.String,System.Double)
FNDA:45,System.Void SimEngine.Networks.NetworkDefinition::Connect(System.String,System.String,System.Double)
DA:26,45
FN:28,System.Void SimEngine.Networks.NetworkDefinition::AddEntryPoint(System.String)
FNDA:6,System.Void SimEngine.Networks.NetworkDefinition::AddEntryPoint(System.String)
DA:29,6
FN:31,System.Void SimEngine.Networks.NetworkDefinition::AddExitPoint(System.String)
FNDA:6,System.Void SimEngine.Networks.NetworkDefinition::AddExitPoint(System.String)
DA:32,6
FN:34,System.Void SimEngine.Networks.NetworkDefinition::AddSubNetwork(SimEngine.Networks.NetworkDefinition)
FNDA:2,System.Void SimEngine.Networks.NetworkDefinition::AddSubNetwork(SimEngine.Networks.NetworkDefinition)
DA:35,2
FN:37,System.String SimEngine.Networks.NetworkDefinition::get_FullName()
FNDA:396,System.String SimEngine.Networks.NetworkDefinition::get_FullName()
DA:38,396
DA:39,396
DA:40,396
BRDA:38,6,0,182
BRDA:38,6,1,214
FN:6,System.Void SimEngine.Networks.NetworkDefinition::.ctor(SimEngine.Networks.NetworkDefinition)
FNDA:3,System.Void SimEngine.Networks.NetworkDefinition::.ctor(SimEngine.Networks.NetworkDefinition)
DA:7,3
LF:18
LH:18
BRF:2
BRH:2
FNF:16
FNH:16
end_of_record
SF:/home/vorherre/Documents/code/AQL/Engine/Library/Networks/NetworkRegistry.cs
FN:7,System.String SimEngine.Networks.NetworkStats::get_Name()
FNDA:0,System.String SimEngine.Networks.NetworkStats::get_Name()
DA:8,0
FN:16,System.Void SimEngine.Networks.NetworkStats::RegisterQueue(SimEngine.Nodes.QueueNode)
FNDA:13,System.Void SimEngine.Networks.NetworkStats::RegisterQueue(SimEngine.Nodes.QueueNode)
DA:17,13
FN:19,System.Void SimEngine.Networks.NetworkStats::RecordEntry(SimEngine.Core.Entity,System.Double)
FNDA:17796,System.Void SimEngine.Networks.NetworkStats::RecordEntry(SimEngine.Core.Entity,System.Double)
DA:20,17796
DA:21,17796
DA:22,17796
FN:24,System.Void SimEngine.Networks.NetworkStats::RecordExit(SimEngine.Core.Entity,System.Double)
FNDA:7070,System.Void SimEngine.Networks.NetworkStats::RecordExit(SimEngine.Core.Entity,System.Double)
DA:25,7070
DA:26,7070
DA:27,7070
FN:8,System.Void SimEngine.Networks.NetworkStats::.ctor(System.String)
FNDA:7073,System.Void SimEngine.Networks.NetworkStats::.ctor(System.String)
DA:9,7073
DA:11,7073
DA:12,7073
DA:13,7073
DA:14,7073
DA:16,7073
LF:14
LH:13
BRF:0
BRH:0
FNF:5
FNH:4
end_of_record
SF:/home/vorherre/Documents/code/AQL/Engine/Library/Metrics/MetricsPrinter.cs
FN:7,System.Void SimEngine.Metrics.MetricsPrinter::Print(SimEngine.Metrics.SimulationStats)
FNDA:1,System.Void SimEngine.Metrics.MetricsPrinter::Print(SimEngine.Metrics.SimulationStats)
DA:8,1
DA:9,1
DA:10,1
DA:11,1
DA:12,1
DA:13,1
DA:15,1
DA:16,29
DA:17,13
DA:18,13
DA:19,13
DA:20,13
DA:22,13
DA:23,13
DA:24,13
DA:25,13
DA:26,13
DA:27,13
DA:28,13
DA:29,13
DA:30,13
DA:31,13
DA:32,13
DA:33,13
DA:34,13
DA:36,1
DA:37,7
DA:38,2
DA:39,2
DA:40,2
DA:41,2
DA:42,2
DA:43,2
DA:44,1
BRDA:16,949,1,13
BRDA:18,280,0,0
BRDA:18,280,1,13
BRDA:16,949,0,1
BRDA:37,1229,1,2
BRDA:37,1229,0,1
LF:34
LH:34
BRF:6
BRH:5
FNF:1
FNH:1
end_of_record
SF:/home/vorherre/Documents/code/AQL/Engine/Library/Metrics/NetworkRuntimeStats.cs
FN:9,System.String SimEngine.Metrics.NetworkRuntimeStats::get_Name()
FNDA:8328,System.String SimEngine.Metrics.NetworkRuntimeStats::get_Name()
DA:10,8328
FN:10,System.Collections.Generic.List`1<System.Double> SimEngine.Metrics.NetworkRuntimeStats::get_RespondTimes()
FNDA:7090,System.Collections.Generic.List`1<System.Double> SimEngine.Metrics.NetworkRuntimeStats::get_RespondTimes()
DA:11,7090
FN:13,System.Void SimEngine.Metrics.NetworkRuntimeStats::AddRespondTime(System.Double)
FNDA:7070,System.Void SimEngine.Metrics.NetworkRuntimeStats::AddRespondTime(System.Double)
DA:14,7070
DA:15,7070
DA:16,7070
FN:17,System.Double SimEngine.Metrics.NetworkRuntimeStats::get_MeanRespondTime()
FNDA:4,System.Double SimEngine.Metrics.NetworkRuntimeStats::get_MeanRespondTime()
DA:18,4
BRDA:18,12,0,0
BRDA:18,12,1,4
FN:21,System.Double SimEngine.Metrics.NetworkRuntimeStats::get_VarianceRespondTime()
FNDA:2,System.Double SimEngine.Metrics.NetworkRuntimeStats::get_VarianceRespondTime()
DA:22,2
DA:23,2
DA:24,2
DA:25,7072
DA:26,2
BRDA:23,23,0,0
BRDA:23,23,1,2
FN:29,System.Double SimEngine.Metrics.NetworkRuntimeStats::TailProbability(System.Double)
FNDA:2,System.Double SimEngine.Metrics.NetworkRuntimeStats::TailProbability(System.Double)
DA:30,2
DA:31,2
DA:32,7072
DA:33,2
BRDA:31,30,0,0
BRDA:31,30,1,2
LF:15
LH:15
BRF:6
BRH:3
FNF:6
FNH:6
end_of_record
SF:/home/vorherre/Documents/code/AQL/Engine/Library/Metrics/QueueRuntimeStats.cs
FN:4,System.String SimEngine.Metrics.QueueRuntimeStats::get_Name()
FNDA:39,System.String SimEngine.Metrics.QueueRuntimeStats::get_Name()
DA:5,39
FN:5,System.Int32 SimEngine.Metrics.QueueRuntimeStats::get_TotalArrived()
FNDA:39538,System.Int32 SimEngine.Metrics.QueueRuntimeStats::get_TotalArrived()
DA:6,39538
FN:6,System.Int32 SimEngine.Metrics.QueueRuntimeStats::get_TotalServed()
FNDA:30251,System.Int32 SimEngine.Metrics.QueueRuntimeStats::get_TotalServed()
DA:7,30251
FN:7,System.Int32 SimEngine.Metrics.QueueRuntimeStats::get_DroppedEntities()
FNDA:39,System.Int32 SimEngine.Metrics.QueueRuntimeStats::get_DroppedEntities()
DA:8,39
FN:8,System.Double SimEngine.Metrics.QueueRuntimeStats::get_TotalWaitingTime()
FNDA:30147,System.Double SimEngine.Metrics.QueueRuntimeStats::get_TotalWaitingTime()
DA:9,30147
FN:9,System.Double SimEngine.Metrics.QueueRuntimeStats::get_TotalServiceTime()
FNDA:30173,System.Double SimEngine.Metrics.QueueRuntimeStats::get_TotalServiceTime()
DA:10,30173
FN:10,System.Double SimEngine.Metrics.QueueRuntimeStats::get_TotalBusyTime()
FNDA:30134,System.Double SimEngine.Metrics.QueueRuntimeStats::get_TotalBusyTime()
DA:11,30134
FN:11,System.Int32 SimEngine.Metrics.QueueRuntimeStats::get_ServerCount()
FNDA:52,System.Int32 SimEngine.Metrics.QueueRuntimeStats::get_ServerCount()
DA:12,52
FN:12,System.Double SimEngine.Metrics.QueueRuntimeStats::get_SimulationTimePerRun()
FNDA:52,System.Double SimEngine.Metrics.QueueRuntimeStats::get_SimulationTimePerRun()
DA:13,52
FN:13,System.Int32 SimEngine.Metrics.QueueRuntimeStats::get_RunCount()
FNDA:91,System.Int32 SimEngine.Metrics.QueueRuntimeStats::get_RunCount()
DA:14,91
FN:15,System.Void SimEngine.Metrics.QueueRuntimeStats::AddArrival()
FNDA:19743,System.Void SimEngine.Metrics.QueueRuntimeStats::AddArrival()
DA:16,19743
FN:17,System.Void SimEngine.Metrics.QueueRuntimeStats::AddServed(System.Double,System.Double)
FNDA:15054,System.Void SimEngine.Metrics.QueueRuntimeStats::AddServed(System.Double,System.Double)
DA:18,15054
DA:19,15054
DA:20,15054
DA:21,15054
DA:22,15054
FN:22,System.Void SimEngine.Metrics.QueueRuntimeStats::AddBusyTime(System.Double)
FNDA:15054,System.Void SimEngine.Metrics.QueueRuntimeStats::AddBusyTime(System.Double)
DA:23,15054
FN:23,System.Void SimEngine.Metrics.QueueRuntimeStats::IncrementRun()
FNDA:13,System.Void SimEngine.Metrics.QueueRuntimeStats::IncrementRun()
DA:24,13
FN:24,System.Void SimEngine.Metrics.QueueRuntimeStats::AddDropped()
FNDA:0,System.Void SimEngine.Metrics.QueueRuntimeStats::AddDropped()
DA:25,0
FN:26,System.Double SimEngine.Metrics.QueueRuntimeStats::get_AvgWaitTime()
FNDA:13,System.Double SimEngine.Metrics.QueueRuntimeStats::get_AvgWaitTime()
DA:27,13
BRDA:27,7,0,0
BRDA:27,7,1,13
FN:27,System.Double SimEngine.Metrics.QueueRuntimeStats::get_AvgServiceTime()
FNDA:39,System.Double SimEngine.Metrics.QueueRuntimeStats::get_AvgServiceTime()
DA:28,39
BRDA:28,7,0,0
BRDA:28,7,1,39
FN:28,System.Double SimEngine.Metrics.QueueRuntimeStats::get_Utilization()
FNDA:13,System.Double SimEngine.Metrics.QueueRuntimeStats::get_Utilization()
DA:29,13
BRDA:29,31,0,0
BRDA:29,31,1,13
FN:29,System.Double SimEngine.Metrics.QueueRuntimeStats::get_Throughput()
FNDA:13,System.Double SimEngine.Metrics.QueueRuntimeStats::get_Throughput()
DA:30,13
BRDA:30,7,0,0
BRDA:30,7,1,13
FN:30,System.Double SimEngine.Metrics.QueueRuntimeStats::get_DropRate()
FNDA:13,System.Double SimEngine.Metrics.QueueRuntimeStats::get_DropRate()
DA:31,13
BRDA:31,7,0,0
BRDA:31,7,1,13
LF:24
LH:23
BRF:10
BRH:5
FNF:20
FNH:19
end_of_record
SF:/home/vorherre/Documents/code/AQL/Engine/Library/Metrics/SimulationStats.cs
FN:7,System.Double SimEngine.Metrics.SimulationStats::get_TotalSimulationTime()
FNDA:37,System.Double SimEngine.Metrics.SimulationStats::get_TotalSimulationTime()
DA:8,37
FN:8,System.Int32 SimEngine.Metrics.SimulationStats::get_TotalEntitiesCreated()
FNDA:11986,System.Int32 SimEngine.Metrics.SimulationStats::get_TotalEntitiesCreated()
DA:9,11986
FN:9,System.Collections.Generic.List`1<SimEngine.Metrics.NetworkRuntimeStats> SimEngine.Metrics.SimulationStats::get_NetworkStats()
FNDA:7075,System.Collections.Generic.List`1<SimEngine.Metrics.NetworkRuntimeStats> SimEngine.Metrics.SimulationStats::get_NetworkStats()
DA:10,7075
FN:10,System.Collections.Generic.List`1<SimEngine.Metrics.QueueRuntimeStats> SimEngine.Metrics.SimulationStats::get_QueueStats()
FNDA:16,System.Collections.Generic.List`1<SimEngine.Metrics.QueueRuntimeStats> SimEngine.Metrics.SimulationStats::get_QueueStats()
DA:11,16
FN:13,System.Void SimEngine.Metrics.SimulationStats::AddEntityCreated()
FNDA:5990,System.Void SimEngine.Metrics.SimulationStats::AddEntityCreated()
DA:14,5990
FN:16,System.Void SimEngine.Metrics.SimulationStats::AddSimulationRunTime(System.Double)
FNDA:1,System.Void SimEngine.Metrics.SimulationStats::AddSimulationRunTime(System.Double)
DA:17,1
DA:18,1
DA:19,1
DA:20,1
FN:21,System.Collections.Generic.IReadOnlyList`1<System.Double> SimEngine.Metrics.SimulationStats::get_SimulationRunTimes()
FNDA:0,System.Collections.Generic.IReadOnlyList`1<System.Double> SimEngine.Metrics.SimulationStats::get_SimulationRunTimes()
DA:22,0
FN:22,System.Int32 SimEngine.Metrics.SimulationStats::get_RunCount()
FNDA:0,System.Int32 SimEngine.Metrics.SimulationStats::get_RunCount()
DA:23,0
FN:24,System.Double SimEngine.Metrics.SimulationStats::get_ArrivalRate()
FNDA:3,System.Double SimEngine.Metrics.SimulationStats::get_ArrivalRate()
DA:25,3
BRDA:25,15,0,0
BRDA:25,15,1,3
FN:25,System.Double SimEngine.Metrics.SimulationStats::get_MeanInterarrivalTime()
FNDA:1,System.Double SimEngine.Metrics.SimulationStats::get_MeanInterarrivalTime()
DA:26,1
BRDA:26,15,0,0
BRDA:26,15,1,1
FN:11,System.Void SimEngine.Metrics.SimulationStats::.ctor()
FNDA:2,System.Void SimEngine.Metrics.SimulationStats::.ctor()
DA:12,2
LF:14
LH:12
BRF:4
BRH:2
FNF:11
FNH:9
end_of_record
SF:/home/vorherre/Documents/code/AQL/Engine/Library/Core/Entity.cs
FN:7,System.Double SimEngine.Core.Entity::get_ArrivalTime()
FNDA:40787,System.Double SimEngine.Core.Entity::get_ArrivalTime()
DA:8,40787
FN:9,System.Collections.Generic.List`1<System.Double> SimEngine.Core.Entity::get_WaitingTimesInQueues()
FNDA:21044,System.Collections.Generic.List`1<System.Double> SimEngine.Core.Entity::get_WaitingTimesInQueues()
DA:10,21044
FN:10,System.Collections.Generic.List`1<System.Double> SimEngine.Core.Entity::get_ServiceTimesInQueues()
FNDA:21044,System.Collections.Generic.List`1<System.Double> SimEngine.Core.Entity::get_ServiceTimesInQueues()
DA:11,21044
FN:11,System.Double SimEngine.Core.Entity::get_DepartureTime()
FNDA:0,System.Double SimEngine.Core.Entity::get_DepartureTime()
DA:12,0
FN:12,System.Double SimEngine.Core.Entity::get_TotalWaitingTime()
FNDA:0,System.Double SimEngine.Core.Entity::get_TotalWaitingTime()
DA:13,0
FN:13,System.Double SimEngine.Core.Entity::get_TotalServiceTime()
FNDA:0,System.Double SimEngine.Core.Entity::get_TotalServiceTime()
DA:14,0
FN:14,System.Double SimEngine.Core.Entity::get_TotalTime()
FNDA:0,System.Double SimEngine.Core.Entity::get_TotalTime()
DA:15,0
FN:15,System.Collections.Generic.Stack`1<System.String> SimEngine.Core.Entity::get_NetworkStack()
FNDA:225634,System.Collections.Generic.Stack`1<System.String> SimEngine.Core.Entity::get_NetworkStack()
DA:16,225634
FN:16,System.Collections.Generic.Dictionary`2<System.String,System.Double> SimEngine.Core.Entity::get_NetworkEntryTimes()
FNDA:37926,System.Collections.Generic.Dictionary`2<System.String,System.Double> SimEngine.Core.Entity::get_NetworkEntryTimes()
DA:17,37926
FN:19,System.Void SimEngine.Core.Entity::.ctor(System.Double)
FNDA:5990,System.Void SimEngine.Core.Entity::.ctor(System.Double)
DA:20,5990
DA:21,5990
DA:22,5990
DA:23,5990
DA:24,5990
LF:14
LH:10
BRF:0
BRH:0
FNF:10
FNH:6
end_of_record
SF:/home/vorherre/Documents/code/AQL/Engine/Library/Core/Event.cs
FN:6,System.Double SimEngine.Core.Event::get_Time()
FNDA:200629,System.Double SimEngine.Core.Event::get_Time()
DA:7,200629
FN:7,System.Action SimEngine.Core.Event::get_Action()
FNDA:66860,System.Action SimEngine.Core.Event::get_Action()
DA:8,66860
FN:9,System.Void SimEngine.Core.Event::.ctor(System.Double,System.Action)
FNDA:66908,System.Void SimEngine.Core.Event::.ctor(System.Double,System.Action)
DA:10,66908
DA:11,66908
DA:12,66908
DA:13,66908
DA:14,66908
LF:7
LH:7
BRF:0
BRH:0
FNF:3
FNH:3
end_of_record
SF:/home/vorherre/Documents/code/AQL/Engine/Library/Core/Simulation.cs
FN:11,System.Double SimEngine.Core.Simulation::get_Now()
FNDA:97764,System.Double SimEngine.Core.Simulation::get_Now()
DA:12,97764
FN:14,System.Void SimEngine.Core.Simulation::Schedule(System.Double,System.Action)
FNDA:66908,System.Void SimEngine.Core.Simulation::Schedule(System.Double,System.Action)
DA:15,66908
DA:16,66908
DA:17,66908
DA:18,66908
FN:20,System.Void SimEngine.Core.Simulation::Run(System.Double)
FNDA:1,System.Void SimEngine.Core.Simulation::Run(System.Double)
DA:21,1
DA:22,1
DA:23,66861
DA:24,66861
DA:25,66861
DA:26,66862
DA:27,66860
DA:28,66860
DA:29,66860
DA:31,66860
DA:32,66860
DA:33,0
DA:34,0
DA:35,0
DA:36,0
DA:37,66860
DA:38,1
DA:39,1
BRDA:23,257,1,66861
BRDA:26,36,1,66860
BRDA:32,111,0,0
BRDA:35,202,0,0
BRDA:35,202,1,0
BRDA:32,111,1,66860
BRDA:26,36,0,1
BRDA:23,257,0,1
FN:8,System.Void SimEngine.Core.Simulation::.ctor()
FNDA:2,System.Void SimEngine.Core.Simulation::.ctor()
DA:9,2
DA:10,2
DA:11,2
LF:26
LH:22
BRF:8
BRH:5
FNF:4
FNH:4
end_of_record
SF:/home/vorherre/Documents/code/AQL/Engine/Library/Core/SimulationEngineAPI.cs
FN:14,System.Random SimEngine.Core.SimulationEngineAPI::get_RandomGenerator()
FNDA:66910,System.Random SimEngine.Core.SimulationEngineAPI::get_RandomGenerator()
DA:15,66910
FN:24,SimEngine.Metrics.SimulationStats SimEngine.Core.SimulationEngineAPI::get_Stats()
FNDA:13079,SimEngine.Metrics.SimulationStats SimEngine.Core.SimulationEngineAPI::get_Stats()
DA:25,13079
FN:26,SimEngine.Nodes.QueueNode SimEngine.Core.SimulationEngineAPI::GetQueueNode(System.String)
FNDA:0,SimEngine.Nodes.QueueNode SimEngine.Core.SimulationEngineAPI::GetQueueNode(System.String)
DA:27,0
FN:28,System.Void SimEngine.Core.SimulationEngineAPI::PrintMetric(SimEngine.Metrics.SimulationStats)
FNDA:1,System.Void SimEngine.Core.SimulationEngineAPI::PrintMetric(SimEngine.Metrics.SimulationStats)
DA:29,1
FN:31,System.Void SimEngine.Core.SimulationEngineAPI::SetSimulationParameters(System.Double,System.Int32)
FNDA:1,System.Void SimEngine.Core.SimulationEngineAPI::SetSimulationParameters(System.Double,System.Int32)
DA:32,1
DA:33,1
DA:34,1
DA:35,1
FN:37,System.Void SimEngine.Core.SimulationEngineAPI::SetSeed(System.Int32)
FNDA:1,System.Void SimEngine.Core.SimulationEngineAPI::SetSeed(System.Int32)
DA:38,1
DA:39,1
DA:40,1
FN:42,System.Void SimEngine.Core.SimulationEngineAPI::CreateNetwork(SimEngine.Networks.NetworkDefinition,System.String)
FNDA:3,System.Void SimEngine.Core.SimulationEngineAPI::CreateNetwork(SimEngine.Networks.NetworkDefinition,System.String)
DA:43,3
DA:44,3
DA:47,35
DA:48,13
DA:49,13
DA:50,13
DA:53,21
DA:54,6
DA:55,6
DA:56,6
DA:57,6
DA:58,6
DA:61,21
DA:62,6
DA:63,6
DA:64,6
DA:65,6
DA:68,13
DA:69,2
DA:70,2
DA:71,2
DA:74,99
DA:75,45
DA:76,45
DA:77,45
DA:78,45
DA:79,45
DA:81,3
BRDA:47,107,1,13
BRDA:47,107,0,3
BRDA:53,206,1,6
BRDA:53,206,0,3
BRDA:61,317,1,6
BRDA:61,317,0,3
BRDA:68,412,1,2
BRDA:70,371,0,0
BRDA:70,371,1,2
BRDA:68,412,0,3
BRDA:74,531,1,45
BRDA:74,531,0,3
FN:83,System.String SimEngine.Core.SimulationEngineAPI::Qualify(System.String,System.String)
FNDA:90,System.String SimEngine.Core.SimulationEngineAPI::Qualify(System.String,System.String)
DA:84,90
DA:86,180
DA:89,0
DA:91,0
DA:92,90
BRDA:86,20,0,90
BRDA:86,20,1,0
BRDA:89,38,0,0
BRDA:89,38,1,0
BRDA:89,52,0,0
BRDA:89,52,1,0
BRDA:91,64,0,0
BRDA:91,64,1,0
FN:94,System.Void SimEngine.Core.SimulationEngineAPI::CreateDispatcherNode(System.String,System.Func`1<System.Double>)
FNDA:1,System.Void SimEngine.Core.SimulationEngineAPI::CreateDispatcherNode(System.String,System.Func`1<System.Double>)
DA:95,1
DA:96,1
DA:97,1
DA:98,1
DA:99,1
FN:101,System.Void SimEngine.Core.SimulationEngineAPI::CreateQueueNode(System.String,System.Int32,System.Int32,System.Func`1<System.Double>,System.Func`1<System.Double>)
FNDA:13,System.Void SimEngine.Core.SimulationEngineAPI::CreateQueueNode(System.String,System.Int32,System.Int32,System.Func`1<System.Double>,System.Func`1<System.Double>)
DA:102,13
DA:103,13
DA:104,13
DA:105,13
DA:106,13
DA:107,13
FN:109,System.Void SimEngine.Core.SimulationEngineAPI::ConnectNode(System.String,System.String,System.Double)
FNDA:45,System.Void SimEngine.Core.SimulationEngineAPI::ConnectNode(System.String,System.String,System.Double)
DA:110,45
DA:111,45
DA:112,0
DA:114,45
DA:115,0
DA:117,45
DA:118,25
DA:120,45
DA:121,45
BRDA:111,20,0,0
BRDA:111,20,1,45
BRDA:114,63,0,0
BRDA:114,63,1,45
BRDA:117,100,0,25
BRDA:117,100,1,45
FN:150,System.Void SimEngine.Core.SimulationEngineAPI::RecordNetworkEntry(SimEngine.Core.Entity,System.String,System.Double)
FNDA:56976,System.Void SimEngine.Core.SimulationEngineAPI::RecordNetworkEntry(SimEngine.Core.Entity,System.String,System.Double)
DA:151,56976
DA:152,56976
DA:153,5990
DA:155,50986
DA:156,33190
DA:158,17796
DA:163,17796
DA:164,2
DA:165,2
DA:166,2
DA:167,2
DA:169,17796
DA:170,17796
DA:171,56976
BRDA:152,18,1,50986
BRDA:155,36,1,17796
BRDA:163,72,0,2
BRDA:163,72,1,17796
BRDA:152,18,0,56976
BRDA:155,36,0,56976
FN:173,System.Void SimEngine.Core.SimulationEngineAPI::RecordNetworkExit(SimEngine.Core.Entity,System.String,System.Double)
FNDA:7070,System.Void SimEngine.Core.SimulationEngineAPI::RecordNetworkExit(SimEngine.Core.Entity,System.String,System.Double)
DA:174,7070
DA:175,7070
DA:176,0
DA:178,7070
DA:179,0
DA:183,7070
DA:184,7070
DA:185,7070
DA:187,7070
DA:188,7070
DA:189,15392
DA:190,7070
DA:191,2
DA:192,2
DA:193,2
DA:194,2
DA:196,7070
DA:197,7070
DA:198,7070
DA:199,7070
BRDA:175,36,1,7070
BRDA:178,56,0,7070
BRDA:178,56,1,0
BRDA:178,77,1,7070
BRDA:187,173,0,7070
BRDA:190,215,0,2
BRDA:190,215,1,7070
BRDA:175,36,0,7070
BRDA:178,77,0,7070
BRDA:187,173,1,7070
FN:201,System.Void SimEngine.Core.SimulationEngineAPI::TransitionNetwork(SimEngine.Core.Entity,System.String,System.String,System.Double)
FNDA:50986,System.Void SimEngine.Core.SimulationEngineAPI::TransitionNetwork(SimEngine.Core.Entity,System.String,System.String,System.Double)
DA:202,50986
DA:203,50986
DA:204,0
DA:205,0
DA:206,0
DA:207,0
DA:208,0
DA:209,0
DA:212,58056
DA:213,58056
DA:214,7070
DA:215,7070
DA:216,7070
DA:218,50986
DA:219,50986
BRDA:203,18,0,0
BRDA:205,36,0,0
BRDA:203,18,1,58056
BRDA:212,68,0,52066
BRDA:212,68,1,5990
BRDA:212,87,0,7070
BRDA:212,87,1,50986
BRDA:205,36,1,50986
FN:221,System.Void SimEngine.Core.SimulationEngineAPI::RunSimulation()
FNDA:1,System.Void SimEngine.Core.SimulationEngineAPI::RunSimulation()
DA:222,1
DA:223,1
DA:225,29
DA:226,13
DA:227,13
DA:228,13
DA:229,1
DA:231,13
DA:233,13
DA:234,13
DA:235,13
DA:236,13
DA:237,13
DA:238,13
DA:239,13
DA:240,13
DA:241,13
DA:243,4
DA:244,1
DA:245,1
DA:246,1
DA:247,1
DA:248,1
DA:249,1
DA:251,5
DA:252,1
DA:254,1
DA:255,1
DA:257,29
DA:258,13
DA:259,13
DA:260,13
DA:261,1
DA:262,1
BRDA:225,195,1,13
BRDA:228,76,0,1
BRDA:228,76,1,13
BRDA:225,195,0,1
BRDA:243,447,1,1
BRDA:251,299,1,1
BRDA:251,299,0,1
BRDA:257,407,1,13
BRDA:257,407,0,1
BRDA:243,447,0,1
FN:263,SimEngine.Metrics.SimulationStats SimEngine.Core.SimulationEngineAPI::GetSimulationStats()
FNDA:1,SimEngine.Metrics.SimulationStats SimEngine.Core.SimulationEngineAPI::GetSimulationStats()
DA:264,1
FN:265,System.Collections.Generic.List`1<SimEngine.Core.Entity> SimEngine.Core.SimulationEngineAPI::GetEntities()
FNDA:0,System.Collections.Generic.List`1<SimEngine.Core.Entity> SimEngine.Core.SimulationEngineAPI::GetEntities()
DA:266,0
FN:268,System.Void SimEngine.Core.SimulationEngineAPI::RegisterEntity(SimEngine.Core.Entity)
FNDA:5990,System.Void SimEngine.Core.SimulationEngineAPI::RegisterEntity(SimEngine.Core.Entity)
DA:269,5990
DA:270,5990
DA:271,5990
DA:272,5990
FN:274,System.Void SimEngine.Core.SimulationEngineAPI::SafePopAndRestore(SimEngine.Core.Entity,System.Double)
FNDA:0,System.Void SimEngine.Core.SimulationEngineAPI::SafePopAndRestore(SimEngine.Core.Entity,System.Double)
DA:275,0
DA:276,0
DA:277,0
DA:279,0
DA:281,0
DA:282,0
DA:283,0
DA:284,0
DA:285,0
BRDA:276,17,1,0
BRDA:281,46,0,0
BRDA:281,46,1,0
BRDA:281,65,0,0
BRDA:276,17,0,0
BRDA:281,65,1,0
FN:13,System.Void SimEngine.Core.SimulationEngineAPI::.ctor()
FNDA:1,System.Void SimEngine.Core.SimulationEngineAPI::.ctor()
DA:14,1
DA:16,1
DA:17,1
DA:18,1
DA:19,1
DA:20,1
DA:21,1
DA:22,1
DA:23,1
DA:24,1
LF:172
LH:149
BRF:66
BRH:47
FNF:20
FNH:17
end_of_record
SF:/home/vorherre/Documents/code/AQL/Interpreter/AQLBaseVisitor.cs
FN:45,Result AQLBaseVisitor`1::VisitProgramEOF(AQLParser/ProgramEOFContext)
FNDA:0,Result AQLBaseVisitor`1::VisitProgramEOF(AQLParser/ProgramEOFContext)
DA:46,0
FN:55,Result AQLBaseVisitor`1::VisitProgram(AQLParser/ProgramContext)
FNDA:0,Result AQLBaseVisitor`1::VisitProgram(AQLParser/ProgramContext)
DA:56,0
FN:65,Result AQLBaseVisitor`1::VisitImportStatement(AQLParser/ImportStatementContext)
FNDA:0,Result AQLBaseVisitor`1::VisitImportStatement(AQLParser/ImportStatementContext)
DA:66,0
FN:75,Result AQLBaseVisitor`1::VisitDefinition(AQLParser/DefinitionContext)
FNDA:0,Result AQLBaseVisitor`1::VisitDefinition(AQLParser/DefinitionContext)
DA:76,0
FN:85,Result AQLBaseVisitor`1::VisitFunctionDefinition(AQLParser/FunctionDefinitionContext)
FNDA:0,Result AQLBaseVisitor`1::VisitFunctionDefinition(AQLParser/FunctionDefinitionContext)
DA:86,0
FN:95,Result AQLBaseVisitor`1::VisitConstDefinition(AQLParser/ConstDefinitionContext)
FNDA:0,Result AQLBaseVisitor`1::VisitConstDefinition(AQLParser/ConstDefinitionContext)
DA:96,0
FN:105,Result AQLBaseVisitor`1::VisitFormalParameterList(AQLParser/FormalParameterListContext)
FNDA:0,Result AQLBaseVisitor`1::VisitFormalParameterList(AQLParser/FormalParameterListContext)
DA:106,0
FN:115,Result AQLBaseVisitor`1::VisitNetworks(AQLParser/NetworksContext)
FNDA:0,Result AQLBaseVisitor`1::VisitNetworks(AQLParser/NetworksContext)
DA:116,0
FN:125,Result AQLBaseVisitor`1::VisitQueueDefinition(AQLParser/QueueDefinitionContext)
FNDA:0,Result AQLBaseVisitor`1::VisitQueueDefinition(AQLParser/QueueDefinitionContext)
DA:126,0
FN:135,Result AQLBaseVisitor`1::VisitNetworkDefinition(AQLParser/NetworkDefinitionContext)
FNDA:0,Result AQLBaseVisitor`1::VisitNetworkDefinition(AQLParser/NetworkDefinitionContext)
DA:136,0
FN:145,Result AQLBaseVisitor`1::VisitNetworkExpression(AQLParser/NetworkExpressionContext)
FNDA:0,Result AQLBaseVisitor`1::VisitNetworkExpression(AQLParser/NetworkExpressionContext)
DA:146,0
FN:155,Result AQLBaseVisitor`1::VisitInputOutputNetworkExpression(AQLParser/InputOutputNetworkExpressionContext)
FNDA:0,Result AQLBaseVisitor`1::VisitInputOutputNetworkExpression(AQLParser/InputOutputNetworkExpressionContext)
DA:156,0
FN:165,Result AQLBaseVisitor`1::VisitInstanceNetworkExpression(AQLParser/InstanceNetworkExpressionContext)
FNDA:0,Result AQLBaseVisitor`1::VisitInstanceNetworkExpression(AQLParser/InstanceNetworkExpressionContext)
DA:166,0
FN:175,Result AQLBaseVisitor`1::VisitRoutesList(AQLParser/RoutesListContext)
FNDA:0,Result AQLBaseVisitor`1::VisitRoutesList(AQLParser/RoutesListContext)
DA:176,0
FN:185,Result AQLBaseVisitor`1::VisitRoutes(AQLParser/RoutesContext)
FNDA:0,Result AQLBaseVisitor`1::VisitRoutes(AQLParser/RoutesContext)
DA:186,0
FN:195,Result AQLBaseVisitor`1::VisitRoutesId(AQLParser/RoutesIdContext)
FNDA:0,Result AQLBaseVisitor`1::VisitRoutesId(AQLParser/RoutesIdContext)
DA:196,0
FN:205,Result AQLBaseVisitor`1::VisitRoutesValue(AQLParser/RoutesValueContext)
FNDA:0,Result AQLBaseVisitor`1::VisitRoutesValue(AQLParser/RoutesValueContext)
DA:206,0
FN:215,Result AQLBaseVisitor`1::VisitProbabilityIdList(AQLParser/ProbabilityIdListContext)
FNDA:0,Result AQLBaseVisitor`1::VisitProbabilityIdList(AQLParser/ProbabilityIdListContext)
DA:216,0
FN:225,Result AQLBaseVisitor`1::VisitMetrics(AQLParser/MetricsContext)
FNDA:0,Result AQLBaseVisitor`1::VisitMetrics(AQLParser/MetricsContext)
DA:226,0
FN:235,Result AQLBaseVisitor`1::VisitMetric(AQLParser/MetricContext)
FNDA:0,Result AQLBaseVisitor`1::VisitMetric(AQLParser/MetricContext)
DA:236,0
FN:245,Result AQLBaseVisitor`1::VisitNamedMetric(AQLParser/NamedMetricContext)
FNDA:0,Result AQLBaseVisitor`1::VisitNamedMetric(AQLParser/NamedMetricContext)
DA:246,0
FN:255,Result AQLBaseVisitor`1::VisitSimulateDefinition(AQLParser/SimulateDefinitionContext)
FNDA:0,Result AQLBaseVisitor`1::VisitSimulateDefinition(AQLParser/SimulateDefinitionContext)
DA:256,0
FN:265,Result AQLBaseVisitor`1::VisitStatement(AQLParser/StatementContext)
FNDA:0,Result AQLBaseVisitor`1::VisitStatement(AQLParser/StatementContext)
DA:266,0
FN:275,Result AQLBaseVisitor`1::VisitWhileStatement(AQLParser/WhileStatementContext)
FNDA:0,Result AQLBaseVisitor`1::VisitWhileStatement(AQLParser/WhileStatementContext)
DA:276,0
FN:285,Result AQLBaseVisitor`1::VisitVariableDeclarationStatement(AQLParser/VariableDeclarationStatementContext)
FNDA:0,Result AQLBaseVisitor`1::VisitVariableDeclarationStatement(AQLParser/VariableDeclarationStatementContext)
DA:286,0
FN:295,Result AQLBaseVisitor`1::VisitAssignStatement(AQLParser/AssignStatementContext)
FNDA:0,Result AQLBaseVisitor`1::VisitAssignStatement(AQLParser/AssignStatementContext)
DA:296,0
FN:305,Result AQLBaseVisitor`1::VisitIfStatement(AQLParser/IfStatementContext)
FNDA:0,Result AQLBaseVisitor`1::VisitIfStatement(AQLParser/IfStatementContext)
DA:306,0
FN:315,Result AQLBaseVisitor`1::VisitElseIfStatement(AQLParser/ElseIfStatementContext)
FNDA:0,Result AQLBaseVisitor`1::VisitElseIfStatement(AQLParser/ElseIfStatementContext)
DA:316,0
FN:325,Result AQLBaseVisitor`1::VisitElseStatement(AQLParser/ElseStatementContext)
FNDA:0,Result AQLBaseVisitor`1::VisitElseStatement(AQLParser/ElseStatementContext)
DA:326,0
FN:335,Result AQLBaseVisitor`1::VisitBlock(AQLParser/BlockContext)
FNDA:0,Result AQLBaseVisitor`1::VisitBlock(AQLParser/BlockContext)
DA:336,0
FN:345,Result AQLBaseVisitor`1::VisitReturnStatement(AQLParser/ReturnStatementContext)
FNDA:0,Result AQLBaseVisitor`1::VisitReturnStatement(AQLParser/ReturnStatementContext)
DA:346,0
FN:355,Result AQLBaseVisitor`1::VisitExpressionList(AQLParser/ExpressionListContext)
FNDA:0,Result AQLBaseVisitor`1::VisitExpressionList(AQLParser/ExpressionListContext)
DA:356,0
FN:365,Result AQLBaseVisitor`1::VisitExpression(AQLParser/ExpressionContext)
FNDA:0,Result AQLBaseVisitor`1::VisitExpression(AQLParser/ExpressionContext)
DA:366,0
FN:375,Result AQLBaseVisitor`1::VisitBinaryOperator(AQLParser/BinaryOperatorContext)
FNDA:0,Result AQLBaseVisitor`1::VisitBinaryOperator(AQLParser/BinaryOperatorContext)
DA:376,0
FN:385,Result AQLBaseVisitor`1::VisitAndOperator(AQLParser/AndOperatorContext)
FNDA:0,Result AQLBaseVisitor`1::VisitAndOperator(AQLParser/AndOperatorContext)
DA:386,0
FN:395,Result AQLBaseVisitor`1::VisitOrOperator(AQLParser/OrOperatorContext)
FNDA:0,Result AQLBaseVisitor`1::VisitOrOperator(AQLParser/OrOperatorContext)
DA:396,0
FN:405,Result AQLBaseVisitor`1::VisitAddOperator(AQLParser/AddOperatorContext)
FNDA:0,Result AQLBaseVisitor`1::VisitAddOperator(AQLParser/AddOperatorContext)
DA:406,0
FN:415,Result AQLBaseVisitor`1::VisitSubtractOperator(AQLParser/SubtractOperatorContext)
FNDA:0,Result AQLBaseVisitor`1::VisitSubtractOperator(AQLParser/SubtractOperatorContext)
DA:416,0
FN:425,Result AQLBaseVisitor`1::VisitMultiplicationOperator(AQLParser/MultiplicationOperatorContext)
FNDA:0,Result AQLBaseVisitor`1::VisitMultiplicationOperator(AQLParser/MultiplicationOperatorContext)
DA:426,0
FN:435,Result AQLBaseVisitor`1::VisitDivisionOperator(AQLParser/DivisionOperatorContext)
FNDA:0,Result AQLBaseVisitor`1::VisitDivisionOperator(AQLParser/DivisionOperatorContext)
DA:436,0
FN:445,Result AQLBaseVisitor`1::VisitEqualOperator(AQLParser/EqualOperatorContext)
FNDA:0,Result AQLBaseVisitor`1::VisitEqualOperator(AQLParser/EqualOperatorContext)
DA:446,0
FN:455,Result AQLBaseVisitor`1::VisitInEqualOperator(AQLParser/InEqualOperatorContext)
FNDA:0,Result AQLBaseVisitor`1::VisitInEqualOperator(AQLParser/InEqualOperatorContext)
DA:456,0
FN:465,Result AQLBaseVisitor`1::VisitGreaterThanOperator(AQLParser/GreaterThanOperatorContext)
FNDA:0,Result AQLBaseVisitor`1::VisitGreaterThanOperator(AQLParser/GreaterThanOperatorContext)
DA:466,0
FN:475,Result AQLBaseVisitor`1::VisitGreaterThanOrEqualOperator(AQLParser/GreaterThanOrEqualOperatorContext)
FNDA:0,Result AQLBaseVisitor`1::VisitGreaterThanOrEqualOperator(AQLParser/GreaterThanOrEqualOperatorContext)
DA:476,0
FN:485,Result AQLBaseVisitor`1::VisitLessThanOperator(AQLParser/LessThanOperatorContext)
FNDA:0,Result AQLBaseVisitor`1::VisitLessThanOperator(AQLParser/LessThanOperatorContext)
DA:486,0
FN:495,Result AQLBaseVisitor`1::VisitLessThanOrEqualOperator(AQLParser/LessThanOrEqualOperatorContext)
FNDA:0,Result AQLBaseVisitor`1::VisitLessThanOrEqualOperator(AQLParser/LessThanOrEqualOperatorContext)
DA:496,0
FN:505,Result AQLBaseVisitor`1::VisitUnaryExpression(AQLParser/UnaryExpressionContext)
FNDA:0,Result AQLBaseVisitor`1::VisitUnaryExpression(AQLParser/UnaryExpressionContext)
DA:506,0
FN:515,Result AQLBaseVisitor`1::VisitNegationExpression(AQLParser/NegationExpressionContext)
FNDA:0,Result AQLBaseVisitor`1::VisitNegationExpression(AQLParser/NegationExpressionContext)
DA:516,0
FN:525,Result AQLBaseVisitor`1::VisitNegativeExpression(AQLParser/NegativeExpressionContext)
FNDA:0,Result AQLBaseVisitor`1::VisitNegativeExpression(AQLParser/NegativeExpressionContext)
DA:526,0
FN:535,Result AQLBaseVisitor`1::VisitParenthesesExpression(AQLParser/ParenthesesExpressionContext)
FNDA:0,Result AQLBaseVisitor`1::VisitParenthesesExpression(AQLParser/ParenthesesExpressionContext)
DA:536,0
FN:545,Result AQLBaseVisitor`1::VisitValue(AQLParser/ValueContext)
FNDA:0,Result AQLBaseVisitor`1::VisitValue(AQLParser/ValueContext)
DA:546,0
FN:555,Result AQLBaseVisitor`1::VisitFunctionCall(AQLParser/FunctionCallContext)
FNDA:0,Result AQLBaseVisitor`1::VisitFunctionCall(AQLParser/FunctionCallContext)
DA:556,0
FN:565,Result AQLBaseVisitor`1::VisitArrayInitialization(AQLParser/ArrayInitializationContext)
FNDA:0,Result AQLBaseVisitor`1::VisitArrayInitialization(AQLParser/ArrayInitializationContext)
DA:566,0
FN:575,Result AQLBaseVisitor`1::VisitArrayIndexing(AQLParser/ArrayIndexingContext)
FNDA:0,Result AQLBaseVisitor`1::VisitArrayIndexing(AQLParser/ArrayIndexingContext)
DA:576,0
FN:585,Result AQLBaseVisitor`1::VisitType(AQLParser/TypeContext)
FNDA:0,Result AQLBaseVisitor`1::VisitType(AQLParser/TypeContext)
DA:586,0
FN:595,Result AQLBaseVisitor`1::VisitTypeKeyword(AQLParser/TypeKeywordContext)
FNDA:0,Result AQLBaseVisitor`1::VisitTypeKeyword(AQLParser/TypeKeywordContext)
DA:596,0
FN:605,Result AQLBaseVisitor`1::VisitBoolKeyword(AQLParser/BoolKeywordContext)
FNDA:0,Result AQLBaseVisitor`1::VisitBoolKeyword(AQLParser/BoolKeywordContext)
DA:606,0
FN:615,Result AQLBaseVisitor`1::VisitIntKeyword(AQLParser/IntKeywordContext)
FNDA:0,Result AQLBaseVisitor`1::VisitIntKeyword(AQLParser/IntKeywordContext)
DA:616,0
FN:625,Result AQLBaseVisitor`1::VisitDoubleKeyword(AQLParser/DoubleKeywordContext)
FNDA:0,Result AQLBaseVisitor`1::VisitDoubleKeyword(AQLParser/DoubleKeywordContext)
DA:626,0
FN:635,Result AQLBaseVisitor`1::VisitStringKeyword(AQLParser/StringKeywordContext)
FNDA:0,Result AQLBaseVisitor`1::VisitStringKeyword(AQLParser/StringKeywordContext)
DA:636,0
FN:645,Result AQLBaseVisitor`1::VisitArrayType(AQLParser/ArrayTypeContext)
FNDA:0,Result AQLBaseVisitor`1::VisitArrayType(AQLParser/ArrayTypeContext)
DA:646,0
FN:655,Result AQLBaseVisitor`1::VisitAnyIdentifier(AQLParser/AnyIdentifierContext)
FNDA:0,Result AQLBaseVisitor`1::VisitAnyIdentifier(AQLParser/AnyIdentifierContext)
DA:656,0
FN:665,Result AQLBaseVisitor`1::VisitQualifiedId(AQLParser/QualifiedIdContext)
FNDA:0,Result AQLBaseVisitor`1::VisitQualifiedId(AQLParser/QualifiedIdContext)
DA:666,0
FN:675,Result AQLBaseVisitor`1::VisitIdList(AQLParser/IdListContext)
FNDA:0,Result AQLBaseVisitor`1::VisitIdList(AQLParser/IdListContext)
DA:676,0
FN:685,Result AQLBaseVisitor`1::VisitIdentifier(AQLParser/IdentifierContext)
FNDA:0,Result AQLBaseVisitor`1::VisitIdentifier(AQLParser/IdentifierContext)
DA:686,0
FN:695,Result AQLBaseVisitor`1::VisitBool(AQLParser/BoolContext)
FNDA:0,Result AQLBaseVisitor`1::VisitBool(AQLParser/BoolContext)
DA:696,0
FN:705,Result AQLBaseVisitor`1::VisitInt(AQLParser/IntContext)
FNDA:0,Result AQLBaseVisitor`1::VisitInt(AQLParser/IntContext)
DA:706,0
FN:715,Result AQLBaseVisitor`1::VisitDouble(AQLParser/DoubleContext)
FNDA:0,Result AQLBaseVisitor`1::VisitDouble(AQLParser/DoubleContext)
DA:716,0
FN:725,Result AQLBaseVisitor`1::VisitString(AQLParser/StringContext)
FNDA:0,Result AQLBaseVisitor`1::VisitString(AQLParser/StringContext)
DA:726,0
LF:69
LH:0
BRF:0
BRH:0
FNF:69
FNH:0
end_of_record
SF:/home/vorherre/Documents/code/AQL/Interpreter/AQLLexer.cs
FN:98,Antlr4.Runtime.IVocabulary AQLLexer::get_Vocabulary()
FNDA:0,Antlr4.Runtime.IVocabulary AQLLexer::get_Vocabulary()
DA:99,0
DA:100,0
DA:101,0
FN:103,System.String AQLLexer::get_GrammarFileName()
FNDA:0,System.String AQLLexer::get_GrammarFileName()
DA:104,0
FN:105,System.String[] AQLLexer::get_RuleNames()
FNDA:0,System.String[] AQLLexer::get_RuleNames()
DA:106,0
FN:107,System.String[] AQLLexer::get_ChannelNames()
FNDA:0,System.String[] AQLLexer::get_ChannelNames()
DA:108,0
FN:109,System.String[] AQLLexer::get_ModeNames()
FNDA:0,System.String[] AQLLexer::get_ModeNames()
DA:110,0
FN:111,System.Int32[] AQLLexer::get_SerializedAtn()
FNDA:0,System.Int32[] AQLLexer::get_SerializedAtn()
DA:112,0
FN:66,System.Void AQLLexer::.ctor(Antlr4.Runtime.ICharStream)
FNDA:162,System.Void AQLLexer::.ctor(Antlr4.Runtime.ICharStream)
DA:67,162
FN:69,System.Void AQLLexer::.ctor(Antlr4.Runtime.ICharStream,System.IO.TextWriter,System.IO.TextWriter)
FNDA:54,System.Void AQLLexer::.ctor(Antlr4.Runtime.ICharStream,System.IO.TextWriter,System.IO.TextWriter)
DA:70,54
DA:71,54
DA:72,54
DA:73,54
FN:33,System.Void AQLLexer::.cctor()
FNDA:1,System.Void AQLLexer::.cctor()
DA:34,1
DA:45,1
DA:46,1
DA:47,1
DA:49,1
DA:50,1
DA:51,1
DA:53,1
DA:54,1
DA:55,1
DA:56,1
DA:57,1
DA:58,1
DA:59,1
DA:60,1
DA:61,1
DA:62,1
DA:63,1
DA:75,1
DA:76,1
DA:77,1
DA:78,1
DA:79,1
DA:80,1
DA:81,1
DA:82,1
DA:83,1
DA:84,1
DA:85,1
DA:86,1
DA:87,1
DA:88,1
DA:89,1
DA:90,1
DA:91,1
DA:92,1
DA:93,1
DA:114,1
DA:115,1
DA:116,35
DA:117,11
DA:118,11
DA:119,1
DA:120,1
DA:121,1
DA:122,1
DA:123,1
DA:124,1
DA:125,1
DA:126,1
DA:127,1
DA:128,1
DA:129,1
DA:130,1
DA:131,1
DA:132,1
DA:133,1
DA:134,1
DA:135,1
DA:136,1
DA:137,1
DA:138,1
DA:139,1
DA:140,1
DA:141,1
DA:142,1
DA:143,1
DA:144,1
DA:145,1
DA:146,1
DA:147,1
DA:148,1
DA:149,1
DA:150,1
DA:151,1
DA:152,1
DA:153,1
DA:154,1
DA:155,1
DA:156,1
DA:157,1
DA:158,1
DA:159,1
DA:160,1
DA:161,1
DA:162,1
DA:163,1
DA:164,1
DA:165,1
DA:166,1
DA:167,1
DA:168,1
DA:169,1
DA:170,1
DA:171,1
DA:172,1
DA:173,1
DA:174,1
DA:175,1
DA:176,1
DA:177,1
DA:178,1
DA:179,1
DA:180,1
DA:181,1
DA:182,1
DA:183,1
DA:184,1
DA:185,1
DA:186,1
DA:187,1
DA:188,1
DA:189,1
DA:190,1
DA:191,1
DA:192,1
DA:193,1
DA:194,1
DA:195,1
DA:196,1
DA:197,1
DA:198,1
DA:199,1
DA:200,1
DA:201,1
DA:202,1
DA:203,1
DA:204,1
DA:205,1
DA:206,1
DA:207,1
DA:208,1
DA:209,1
DA:210,1
DA:211,1
DA:212,1
DA:213,1
DA:214,1
DA:215,1
DA:216,1
DA:217,1
DA:218,1
DA:219,1
DA:220,1
DA:221,1
DA:222,1
DA:223,1
DA:224,1
DA:225,1
DA:226,1
DA:227,1
DA:228,1
DA:229,1
DA:230,1
DA:231,1
DA:232,1
DA:233,1
DA:234,1
DA:235,1
DA:236,1
DA:237,1
DA:238,1
DA:239,1
DA:240,1
DA:241,1
DA:242,1
DA:243,1
DA:244,1
DA:245,1
DA:246,1
DA:247,1
DA:248,1
DA:249,1
DA:250,1
DA:251,1
DA:252,1
DA:253,1
DA:254,1
DA:255,1
DA:256,1
DA:257,1
DA:258,1
DA:259,1
DA:260,1
DA:261,1
DA:262,1
DA:263,1
DA:264,1
DA:265,1
DA:266,1
DA:267,1
DA:268,1
DA:269,1
DA:270,1
DA:271,1
DA:273,1
DA:274,1
BRDA:116,1363,1,11
BRDA:116,1363,0,1
LF:210
LH:202
BRF:2
BRH:2
FNF:9
FNH:3
end_of_record
SF:/home/vorherre/Documents/code/AQL/Interpreter/AQLParser.cs
FN:111,Antlr4.Runtime.IVocabulary AQLParser::get_Vocabulary()
FNDA:4,Antlr4.Runtime.IVocabulary AQLParser::get_Vocabulary()
DA:112,4
DA:113,4
DA:114,4
FN:116,System.String AQLParser::get_GrammarFileName()
FNDA:0,System.String AQLParser::get_GrammarFileName()
DA:117,0
FN:118,System.String[] AQLParser::get_RuleNames()
FNDA:0,System.String[] AQLParser::get_RuleNames()
DA:119,0
FN:120,System.Int32[] AQLParser::get_SerializedAtn()
FNDA:0,System.Int32[] AQLParser::get_SerializedAtn()
DA:121,0
FN:156,AQLParser/ProgramEOFContext AQLParser::programEOF()
FNDA:2,AQLParser/ProgramEOFContext AQLParser::programEOF()
DA:157,2
DA:158,2
DA:159,2
DA:160,2
DA:161,2
DA:162,2
DA:163,2
DA:164,2
DA:165,2
DA:166,2
DA:167,2
DA:168,2
DA:169,0
DA:170,0
DA:171,0
DA:172,0
DA:173,0
DA:174,2
DA:175,2
DA:176,2
DA:177,2
DA:178,2
FN:200,AQLParser/ProgramContext AQLParser::program()
FNDA:10,AQLParser/ProgramContext AQLParser::program()
DA:201,10
DA:202,10
DA:203,10
DA:205,10
DA:206,10
DA:207,10
DA:208,10
DA:210,7
DA:211,7
DA:212,7
DA:213,7
DA:214,7
DA:215,9
DA:216,2
DA:217,2
DA:218,2
DA:219,2
DA:220,2
DA:222,7
DA:223,7
DA:225,3
DA:226,3
DA:227,3
DA:228,3
DA:229,3
DA:230,6
DA:231,3
DA:232,3
DA:233,3
DA:234,3
DA:235,3
DA:237,3
DA:238,3
DA:240,10
DA:241,0
DA:242,0
DA:243,0
DA:244,0
DA:245,0
DA:246,10
DA:247,10
DA:248,10
DA:249,10
DA:250,10
BRDA:208,84,0,3
BRDA:208,84,1,7
BRDA:215,153,0,2
BRDA:215,153,1,7
BRDA:208,90,1,3
BRDA:230,233,0,3
BRDA:230,233,1,0
BRDA:230,260,0,3
BRDA:230,260,1,3
BRDA:208,90,0,10
FN:272,AQLParser/ImportStatementContext AQLParser::importStatement()
FNDA:2,AQLParser/ImportStatementContext AQLParser::importStatement()
DA:273,2
DA:274,2
DA:275,2
DA:276,2
DA:277,2
DA:278,2
DA:279,2
DA:280,2
DA:281,2
DA:282,2
DA:283,2
DA:284,2
DA:285,2
DA:286,2
DA:287,0
DA:288,0
DA:289,0
DA:290,0
DA:291,0
DA:292,2
DA:293,2
DA:294,2
DA:295,2
DA:296,2
FN:324,AQLParser/DefinitionContext AQLParser::definition()
FNDA:47,AQLParser/DefinitionContext AQLParser::definition()
DA:325,47
DA:326,47
DA:327,47
DA:328,47
DA:329,47
DA:330,47
DA:331,47
DA:333,5
DA:334,5
DA:335,5
DA:336,5
DA:337,5
DA:338,5
DA:340,1
DA:341,1
DA:342,1
DA:343,1
DA:344,1
DA:345,1
DA:348,38
DA:349,38
DA:350,38
DA:351,38
DA:352,38
DA:353,38
DA:355,3
DA:356,3
DA:357,3
DA:358,3
DA:359,3
DA:360,3
DA:362,0
DA:364,47
DA:365,0
DA:366,0
DA:367,0
DA:368,0
DA:369,0
DA:370,47
DA:371,47
DA:372,47
DA:373,47
DA:374,47
BRDA:331,72,0,6
BRDA:331,76,0,1
BRDA:331,72,1,41
BRDA:331,91,0,14
BRDA:331,98,0,3
BRDA:331,76,1,5
BRDA:331,82,1,1
BRDA:331,91,1,38
BRDA:331,98,1,38
BRDA:331,105,1,3
BRDA:331,82,0,0
BRDA:331,105,0,0
FN:407,AQLParser/FunctionDefinitionContext AQLParser::functionDefinition()
FNDA:37,AQLParser/FunctionDefinitionContext AQLParser::functionDefinition()
DA:408,37
DA:409,37
DA:410,37
DA:412,37
DA:413,37
DA:414,37
DA:415,37
DA:416,37
DA:417,37
DA:418,37
DA:419,37
DA:420,37
DA:421,37
DA:422,37
DA:423,37
DA:424,37
DA:425,37
DA:426,40
DA:427,3
DA:428,3
DA:429,3
DA:430,3
DA:431,3
DA:433,37
DA:434,37
DA:435,37
DA:436,37
DA:437,37
DA:438,37
DA:439,37
DA:440,41
DA:441,4
DA:442,4
DA:443,4
DA:444,4
DA:445,4
DA:447,37
DA:448,37
DA:449,0
DA:450,0
DA:451,0
DA:452,0
DA:453,0
DA:454,37
DA:455,37
DA:456,37
DA:457,37
DA:458,37
BRDA:426,165,0,37
BRDA:426,165,1,0
BRDA:426,193,0,3
BRDA:426,193,1,37
BRDA:440,299,0,4
BRDA:440,299,1,33
BRDA:440,324,0,4
BRDA:440,324,1,37
FN:484,AQLParser/ConstDefinitionContext AQLParser::constDefinition()
FNDA:1,AQLParser/ConstDefinitionContext AQLParser::constDefinition()
DA:485,1
DA:486,1
DA:487,1
DA:489,1
DA:490,1
DA:491,1
DA:492,1
DA:493,1
DA:494,1
DA:495,1
DA:496,1
DA:497,1
DA:498,1
DA:499,1
DA:500,1
DA:501,1
DA:502,0
DA:503,0
DA:504,0
DA:505,0
DA:506,0
DA:508,1
DA:509,1
DA:510,0
DA:511,0
DA:512,0
DA:513,0
DA:514,0
DA:515,1
DA:516,1
DA:517,1
DA:518,1
DA:519,1
BRDA:501,141,0,0
BRDA:501,141,1,1
BRDA:501,166,0,0
BRDA:501,166,1,1
FN:547,AQLParser/FormalParameterListContext AQLParser::formalParameterList()
FNDA:3,AQLParser/FormalParameterListContext AQLParser::formalParameterList()
DA:548,3
DA:549,3
DA:550,3
DA:552,3
DA:553,3
DA:554,3
DA:555,3
DA:556,3
DA:557,3
DA:558,3
DA:559,3
DA:560,3
DA:561,3
DA:562,5
DA:563,1
DA:564,1
DA:565,1
DA:566,1
DA:567,1
DA:568,1
DA:569,1
DA:570,1
DA:571,1
DA:572,1
DA:573,1
DA:574,1
DA:575,1
DA:576,1
DA:577,3
DA:578,3
DA:579,0
DA:580,0
DA:581,0
DA:582,0
DA:583,0
DA:584,3
DA:585,3
DA:586,3
DA:587,3
DA:588,3
BRDA:562,227,1,1
BRDA:562,227,0,3
FN:614,AQLParser/NetworksContext AQLParser::networks()
FNDA:38,AQLParser/NetworksContext AQLParser::networks()
DA:615,38
DA:616,38
DA:617,38
DA:619,38
DA:620,38
DA:621,38
DA:622,38
DA:623,38
DA:624,38
DA:626,27
DA:627,27
DA:628,27
DA:629,27
DA:630,27
DA:632,11
DA:633,11
DA:634,11
DA:635,11
DA:636,11
DA:638,0
DA:640,38
DA:641,38
DA:642,38
DA:643,72
DA:644,34
DA:645,34
DA:646,34
DA:647,34
DA:648,34
DA:650,38
DA:651,38
DA:652,0
DA:653,0
DA:654,0
DA:655,0
DA:656,0
DA:657,38
DA:658,38
DA:659,38
DA:660,38
DA:661,38
BRDA:624,83,0,11
BRDA:624,83,1,27
BRDA:624,90,1,11
BRDA:624,90,0,0
BRDA:643,189,0,34
BRDA:643,189,1,4
BRDA:643,216,0,34
BRDA:643,216,1,38
FN:692,AQLParser/QueueDefinitionContext AQLParser::queueDefinition()
FNDA:27,AQLParser/QueueDefinitionContext AQLParser::queueDefinition()
DA:693,27
DA:694,27
DA:695,27
DA:697,27
DA:698,27
DA:699,27
DA:700,27
DA:701,27
DA:702,27
DA:703,27
DA:704,27
DA:705,27
DA:706,27
DA:707,27
DA:708,27
DA:709,54
DA:710,27
DA:711,27
DA:712,27
DA:713,27
DA:714,27
DA:715,27
DA:716,27
DA:717,27
DA:718,27
DA:720,27
DA:721,27
DA:722,27
DA:723,27
DA:724,27
DA:725,27
DA:726,27
DA:727,27
DA:728,27
DA:729,27
DA:730,27
DA:731,27
DA:732,27
DA:733,54
DA:734,27
DA:735,27
DA:736,27
DA:737,27
DA:738,27
DA:739,27
DA:740,53
DA:741,26
DA:742,26
DA:743,26
DA:744,26
DA:745,26
DA:746,26
DA:747,26
DA:748,0
DA:749,0
DA:750,0
DA:751,0
DA:752,0
DA:754,26
DA:755,26
DA:757,27
DA:758,27
DA:760,27
DA:761,27
DA:762,27
DA:763,27
DA:764,0
DA:765,0
DA:766,0
DA:767,0
DA:768,0
DA:769,27
DA:770,27
DA:771,27
DA:772,27
DA:773,27
BRDA:709,145,0,27
BRDA:709,145,1,27
BRDA:733,376,0,27
BRDA:740,451,0,26
BRDA:747,521,0,0
BRDA:747,521,1,26
BRDA:740,451,1,27
BRDA:733,376,1,27
FN:798,AQLParser/NetworkDefinitionContext AQLParser::networkDefinition()
FNDA:18,AQLParser/NetworkDefinitionContext AQLParser::networkDefinition()
DA:799,18
DA:800,18
DA:801,18
DA:803,18
DA:805,18
DA:806,18
DA:807,18
DA:808,18
DA:809,18
DA:810,18
DA:811,18
DA:812,18
DA:813,18
DA:814,18
DA:815,18
DA:816,36
DA:817,18
DA:818,18
DA:819,18
DA:820,18
DA:821,18
DA:823,18
DA:824,18
DA:825,18
DA:826,163
DA:827,146
DA:828,73
DA:829,73
DA:830,73
DA:831,73
DA:832,73
DA:833,73
DA:834,73
DA:835,73
DA:836,73
DA:837,73
DA:838,73
DA:839,73
DA:840,73
DA:841,17
DA:842,17
DA:843,17
DA:844,33
DA:845,16
DA:846,16
DA:847,16
DA:848,16
DA:849,16
DA:851,17
DA:852,17
DA:853,17
DA:854,17
DA:855,2
DA:856,1
DA:857,1
DA:858,1
DA:859,1
DA:860,18
DA:861,18
DA:862,18
DA:863,18
DA:864,18
BRDA:816,144,0,18
BRDA:816,144,1,0
BRDA:816,172,0,18
BRDA:816,172,1,18
BRDA:826,374,1,73
BRDA:827,259,0,73
BRDA:827,259,1,73
BRDA:826,361,0,73
BRDA:826,361,1,17
BRDA:826,374,0,17
BRDA:844,423,0,16
BRDA:844,423,1,17
FN:892,AQLParser/NetworkExpressionContext AQLParser::networkExpression()
FNDA:91,AQLParser/NetworkExpressionContext AQLParser::networkExpression()
DA:893,91
DA:894,91
DA:895,91
DA:896,91
DA:897,91
DA:898,91
DA:899,91
DA:901,11
DA:902,11
DA:903,11
DA:904,11
DA:905,11
DA:906,11
DA:908,15
DA:909,15
DA:910,15
DA:911,15
DA:912,15
DA:913,15
DA:915,62
DA:916,62
DA:917,62
DA:918,62
DA:919,62
DA:920,62
DA:922,2
DA:923,2
DA:924,2
DA:925,2
DA:926,2
DA:927,2
DA:929,90
DA:930,2
DA:931,1
DA:932,1
DA:933,1
DA:934,1
DA:935,91
DA:936,91
DA:937,91
DA:938,91
DA:939,91
BRDA:899,88,1,11
BRDA:899,88,2,15
BRDA:899,88,3,62
BRDA:899,88,4,2
BRDA:899,88,0,90
FN:963,AQLParser/InputOutputNetworkExpressionContext AQLParser::inputOutputNetworkExpression()
FNDA:11,AQLParser/InputOutputNetworkExpressionContext AQLParser::inputOutputNetworkExpression()
DA:964,11
DA:965,11
DA:966,11
DA:967,11
DA:968,11
DA:969,11
DA:970,11
DA:971,11
DA:972,11
DA:973,11
DA:974,11
DA:975,11
DA:976,11
DA:977,11
DA:978,0
DA:979,0
DA:980,0
DA:981,0
DA:982,0
DA:983,11
DA:984,11
DA:985,11
DA:986,11
DA:987,11
FN:1011,AQLParser/InstanceNetworkExpressionContext AQLParser::instanceNetworkExpression()
FNDA:15,AQLParser/InstanceNetworkExpressionContext AQLParser::instanceNetworkExpression()
DA:1012,15
DA:1013,15
DA:1014,15
DA:1015,15
DA:1016,15
DA:1017,15
DA:1018,15
DA:1019,15
DA:1020,15
DA:1021,15
DA:1022,15
DA:1023,15
DA:1024,15
DA:1025,15
DA:1026,0
DA:1027,0
DA:1028,0
DA:1029,0
DA:1030,0
DA:1031,15
DA:1032,15
DA:1033,15
DA:1034,15
DA:1035,15
FN:1057,AQLParser/RoutesListContext AQLParser::routesList()
FNDA:0,AQLParser/RoutesListContext AQLParser::routesList()
DA:1058,0
DA:1059,0
DA:1060,0
DA:1062,0
DA:1063,0
DA:1064,0
DA:1065,0
DA:1066,0
DA:1067,0
DA:1068,0
DA:1069,0
DA:1070,0
DA:1071,0
DA:1072,0
DA:1073,0
DA:1074,0
DA:1075,0
DA:1076,0
DA:1077,0
DA:1078,0
DA:1079,0
DA:1080,0
DA:1081,0
DA:1082,0
DA:1083,0
DA:1084,0
DA:1085,0
DA:1086,0
DA:1087,0
DA:1088,0
DA:1089,0
DA:1090,0
DA:1091,0
DA:1092,0
DA:1093,0
DA:1094,0
BRDA:1070,190,1,0
BRDA:1070,190,0,0
FN:1116,AQLParser/RoutesContext AQLParser::routes()
FNDA:62,AQLParser/RoutesContext AQLParser::routes()
DA:1117,62
DA:1118,62
DA:1119,62
DA:1120,62
DA:1121,62
DA:1122,62
DA:1123,62
DA:1125,59
DA:1126,59
DA:1127,59
DA:1128,59
DA:1129,59
DA:1130,59
DA:1132,3
DA:1133,3
DA:1134,3
DA:1135,3
DA:1136,3
DA:1137,3
DA:1139,62
DA:1140,0
DA:1141,0
DA:1142,0
DA:1143,0
DA:1144,0
DA:1145,62
DA:1146,62
DA:1147,62
DA:1148,62
DA:1149,62
BRDA:1123,87,0,3
BRDA:1123,87,1,59
BRDA:1123,93,1,3
BRDA:1123,93,0,62
FN:1177,AQLParser/RoutesIdContext AQLParser::routesId()
FNDA:79,AQLParser/RoutesIdContext AQLParser::routesId()
DA:1178,79
DA:1179,79
DA:1180,79
DA:1181,79
DA:1182,79
DA:1183,79
DA:1184,79
DA:1185,79
DA:1186,79
DA:1187,79
DA:1188,79
DA:1189,79
DA:1190,79
DA:1192,17
DA:1193,17
DA:1194,17
DA:1195,17
DA:1196,17
DA:1198,36
DA:1199,36
DA:1200,36
DA:1201,36
DA:1202,36
DA:1204,26
DA:1205,26
DA:1206,26
DA:1207,26
DA:1208,26
DA:1210,79
DA:1211,79
DA:1212,0
DA:1213,0
DA:1214,0
DA:1215,0
DA:1216,0
DA:1217,79
DA:1218,79
DA:1219,79
DA:1220,79
DA:1221,79
BRDA:1190,138,1,17
BRDA:1190,138,2,36
BRDA:1190,138,3,26
BRDA:1190,138,0,79
FN:1249,AQLParser/RoutesValueContext AQLParser::routesValue()
FNDA:3,AQLParser/RoutesValueContext AQLParser::routesValue()
DA:1250,3
DA:1251,3
DA:1252,3
DA:1253,3
DA:1254,3
DA:1255,3
DA:1256,3
DA:1257,3
DA:1258,3
DA:1259,3
DA:1260,3
DA:1261,3
DA:1262,3
DA:1264,3
DA:1265,3
DA:1266,3
DA:1267,3
DA:1268,3
DA:1270,0
DA:1271,0
DA:1272,0
DA:1273,0
DA:1274,0
DA:1276,0
DA:1277,0
DA:1278,0
DA:1279,0
DA:1280,0
DA:1282,3
DA:1283,3
DA:1284,0
DA:1285,0
DA:1286,0
DA:1287,0
DA:1288,0
DA:1289,3
DA:1290,3
DA:1291,3
DA:1292,3
DA:1293,3
BRDA:1262,138,1,3
BRDA:1262,138,2,0
BRDA:1262,138,3,0
BRDA:1262,138,0,3
FN:1321,AQLParser/ProbabilityIdListContext AQLParser::probabilityIdList()
FNDA:26,AQLParser/ProbabilityIdListContext AQLParser::probabilityIdList()
DA:1322,26
DA:1323,26
DA:1324,26
DA:1326,26
DA:1327,26
DA:1328,26
DA:1329,26
DA:1330,26
DA:1331,26
DA:1332,26
DA:1333,26
DA:1334,26
DA:1335,26
DA:1336,26
DA:1337,26
DA:1338,150
DA:1339,62
DA:1340,62
DA:1341,62
DA:1342,62
DA:1343,62
DA:1344,62
DA:1345,62
DA:1346,62
DA:1347,62
DA:1348,62
DA:1349,62
DA:1350,62
DA:1351,62
DA:1352,62
DA:1353,26
DA:1354,26
DA:1355,26
DA:1356,26
DA:1357,0
DA:1358,0
DA:1359,0
DA:1360,0
DA:1361,0
DA:1362,26
DA:1363,26
DA:1364,26
DA:1365,26
DA:1366,26
BRDA:1338,251,1,62
BRDA:1338,251,0,26
FN:1388,AQLParser/MetricsContext AQLParser::metrics()
FNDA:28,AQLParser/MetricsContext AQLParser::metrics()
DA:1389,28
DA:1390,28
DA:1391,28
DA:1393,28
DA:1394,28
DA:1395,28
DA:1396,28
DA:1397,28
DA:1398,28
DA:1399,28
DA:1400,28
DA:1401,54
DA:1402,26
DA:1403,26
DA:1404,26
DA:1405,26
DA:1406,26
DA:1407,26
DA:1408,126
DA:1409,50
DA:1410,50
DA:1411,50
DA:1412,50
DA:1413,50
DA:1414,50
DA:1415,50
DA:1416,50
DA:1417,50
DA:1418,50
DA:1419,50
DA:1420,50
DA:1421,26
DA:1422,26
DA:1424,28
DA:1425,28
DA:1426,28
DA:1427,28
DA:1428,0
DA:1429,0
DA:1430,0
DA:1431,0
DA:1432,0
DA:1433,28
DA:1434,28
DA:1435,28
DA:1436,28
DA:1437,28
BRDA:1401,105,0,28
BRDA:1401,105,1,0
BRDA:1401,130,0,26
BRDA:1408,285,1,50
BRDA:1408,285,0,26
BRDA:1401,130,1,28
FN:1456,AQLParser/MetricContext AQLParser::metric()
FNDA:76,AQLParser/MetricContext AQLParser::metric()
DA:1457,76
DA:1458,76
DA:1459,76
DA:1460,76
DA:1461,76
DA:1462,76
DA:1463,76
DA:1464,76
DA:1465,76
DA:1466,76
DA:1467,0
DA:1468,0
DA:1469,0
DA:1470,0
DA:1471,0
DA:1472,76
DA:1473,76
DA:1474,76
DA:1475,76
DA:1476,76
FN:1492,AQLParser/NamedMetricContext AQLParser::namedMetric()
FNDA:76,AQLParser/NamedMetricContext AQLParser::namedMetric()
DA:1493,76
DA:1494,76
DA:1495,76
DA:1497,76
DA:1498,76
DA:1499,76
DA:1500,76
DA:1501,76
DA:1502,77
DA:1503,1
DA:1504,0
DA:1505,75
DA:1506,75
DA:1507,75
DA:1508,75
DA:1509,75
DA:1510,75
DA:1511,2
DA:1512,1
DA:1513,1
DA:1514,1
DA:1515,1
DA:1516,76
DA:1517,76
DA:1518,76
DA:1519,76
DA:1520,76
BRDA:1502,71,0,76
BRDA:1502,71,1,0
BRDA:1502,96,0,1
BRDA:1502,96,1,75
FN:1548,AQLParser/SimulateDefinitionContext AQLParser::simulateDefinition()
FNDA:3,AQLParser/SimulateDefinitionContext AQLParser::simulateDefinition()
DA:1549,3
DA:1550,3
DA:1551,3
DA:1553,3
DA:1554,3
DA:1555,3
DA:1556,3
DA:1557,3
DA:1558,3
DA:1559,3
DA:1560,3
DA:1561,3
DA:1562,3
DA:1563,3
DA:1564,3
DA:1565,3
DA:1566,3
DA:1567,3
DA:1568,3
DA:1569,3
DA:1570,3
DA:1571,3
DA:1572,3
DA:1573,3
DA:1574,3
DA:1575,3
DA:1576,3
DA:1577,3
DA:1578,3
DA:1579,6
DA:1580,3
DA:1581,3
DA:1582,3
DA:1583,3
DA:1584,3
DA:1586,3
DA:1587,3
DA:1588,3
DA:1589,3
DA:1590,0
DA:1591,0
DA:1592,0
DA:1593,0
DA:1594,0
DA:1595,3
DA:1596,3
DA:1597,3
DA:1598,3
DA:1599,3
BRDA:1579,307,0,3
BRDA:1579,307,1,3
FN:1630,AQLParser/StatementContext AQLParser::statement()
FNDA:49,AQLParser/StatementContext AQLParser::statement()
DA:1631,49
DA:1632,49
DA:1633,49
DA:1634,49
DA:1635,49
DA:1636,49
DA:1637,49
DA:1639,3
DA:1640,3
DA:1641,3
DA:1642,3
DA:1643,3
DA:1644,3
DA:1650,26
DA:1651,26
DA:1652,26
DA:1653,26
DA:1654,26
DA:1655,26
DA:1657,9
DA:1658,9
DA:1659,9
DA:1660,9
DA:1661,9
DA:1662,9
DA:1664,3
DA:1665,3
DA:1666,3
DA:1667,3
DA:1668,3
DA:1669,3
DA:1671,8
DA:1672,8
DA:1673,8
DA:1674,8
DA:1675,8
DA:1676,8
DA:1678,0
DA:1680,49
DA:1681,0
DA:1682,0
DA:1683,0
DA:1684,0
DA:1685,0
DA:1686,49
DA:1687,49
DA:1688,49
DA:1689,49
DA:1690,49
BRDA:1637,75,0,7
BRDA:1637,80,0,6
BRDA:1637,87,0,3
BRDA:1637,75,1,42
BRDA:1637,107,0,34
BRDA:1637,119,0,9
BRDA:1637,87,1,3
BRDA:1637,80,1,26
BRDA:1637,119,1,26
BRDA:1637,126,1,9
BRDA:1637,94,1,3
BRDA:1637,107,1,8
BRDA:1637,94,0,0
BRDA:1637,126,0,0
FN:1718,AQLParser/WhileStatementContext AQLParser::whileStatement()
FNDA:3,AQLParser/WhileStatementContext AQLParser::whileStatement()
DA:1719,3
DA:1720,3
DA:1721,3
DA:1723,3
DA:1724,3
DA:1725,3
DA:1726,3
DA:1727,3
DA:1728,3
DA:1729,3
DA:1730,3
DA:1731,3
DA:1732,3
DA:1733,3
DA:1734,3
DA:1735,3
DA:1736,3
DA:1737,3
DA:1738,0
DA:1739,0
DA:1740,0
DA:1741,0
DA:1742,0
DA:1744,3
DA:1745,3
DA:1746,0
DA:1747,0
DA:1748,0
DA:1749,0
DA:1750,0
DA:1751,3
DA:1752,3
DA:1753,3
DA:1754,3
DA:1755,3
BRDA:1737,175,0,3
BRDA:1737,175,1,0
BRDA:1737,203,0,0
BRDA:1737,203,1,3
FN:1777,AQLParser/VariableDeclarationStatementContext AQLParser::variableDeclarationStatement()
FNDA:26,AQLParser/VariableDeclarationStatementContext AQLParser::variableDeclarationStatement()
DA:1778,26
DA:1779,26
DA:1780,26
DA:1781,26
DA:1782,26
DA:1783,26
DA:1784,26
DA:1785,26
DA:1786,26
DA:1787,26
DA:1788,26
DA:1789,26
DA:1790,0
DA:1791,0
DA:1792,0
DA:1793,0
DA:1794,0
DA:1795,26
DA:1796,26
DA:1797,26
DA:1798,26
DA:1799,26
FN:1825,AQLParser/AssignStatementContext AQLParser::assignStatement()
FNDA:36,AQLParser/AssignStatementContext AQLParser::assignStatement()
DA:1826,36
DA:1827,36
DA:1828,36
DA:1830,36
DA:1831,36
DA:1832,36
DA:1833,36
DA:1834,36
DA:1835,36
DA:1836,36
DA:1837,36
DA:1838,36
DA:1839,36
DA:1840,36
DA:1841,36
DA:1842,36
DA:1843,36
DA:1844,51
DA:1845,15
DA:1846,15
DA:1847,15
DA:1848,15
DA:1849,15
DA:1851,36
DA:1852,36
DA:1853,0
DA:1854,0
DA:1855,0
DA:1856,0
DA:1857,0
DA:1858,36
DA:1859,36
DA:1860,36
DA:1861,36
DA:1862,36
BRDA:1844,165,0,35
BRDA:1844,165,1,1
BRDA:1844,193,0,15
BRDA:1844,193,1,36
FN:1901,AQLParser/IfStatementContext AQLParser::ifStatement()
FNDA:3,AQLParser/IfStatementContext AQLParser::ifStatement()
DA:1902,3
DA:1903,3
DA:1904,3
DA:1906,3
DA:1907,3
DA:1908,3
DA:1909,3
DA:1910,3
DA:1911,3
DA:1912,3
DA:1913,3
DA:1914,3
DA:1915,3
DA:1916,3
DA:1917,3
DA:1918,3
DA:1919,0
DA:1920,0
DA:1921,0
DA:1922,0
DA:1923,0
DA:1924,0
DA:1925,0
DA:1926,0
DA:1927,0
DA:1928,0
DA:1929,0
DA:1930,3
DA:1931,3
DA:1932,3
DA:1933,6
DA:1934,3
DA:1935,3
DA:1936,3
DA:1937,3
DA:1938,3
DA:1940,3
DA:1941,3
DA:1942,3
DA:1943,3
DA:1944,0
DA:1945,0
DA:1946,0
DA:1947,0
DA:1948,0
DA:1950,3
DA:1951,3
DA:1952,0
DA:1953,0
DA:1954,0
DA:1955,0
DA:1956,0
DA:1957,3
DA:1958,3
DA:1959,3
DA:1960,3
DA:1961,3
BRDA:1918,245,1,0
BRDA:1918,245,0,3
BRDA:1933,292,0,3
BRDA:1933,292,1,3
BRDA:1943,359,0,3
BRDA:1943,359,1,0
BRDA:1943,389,0,0
BRDA:1943,389,1,3
FN:1985,AQLParser/ElseIfStatementContext AQLParser::elseIfStatement()
FNDA:0,AQLParser/ElseIfStatementContext AQLParser::elseIfStatement()
DA:1986,0
DA:1987,0
DA:1988,0
DA:1989,0
DA:1990,0
DA:1991,0
DA:1992,0
DA:1993,0
DA:1994,0
DA:1995,0
DA:1996,0
DA:1997,0
DA:1998,0
DA:1999,0
DA:2000,0
DA:2001,0
DA:2002,0
DA:2003,0
DA:2004,0
DA:2005,0
DA:2006,0
DA:2007,0
DA:2008,0
DA:2009,0
FN:2029,AQLParser/ElseStatementContext AQLParser::elseStatement()
FNDA:3,AQLParser/ElseStatementContext AQLParser::elseStatement()
DA:2030,3
DA:2031,3
DA:2032,3
DA:2033,3
DA:2034,3
DA:2035,3
DA:2036,3
DA:2037,3
DA:2038,3
DA:2039,3
DA:2040,3
DA:2041,3
DA:2042,0
DA:2043,0
DA:2044,0
DA:2045,0
DA:2046,0
DA:2047,3
DA:2048,3
DA:2049,3
DA:2050,3
DA:2051,3
FN:2070,AQLParser/BlockContext AQLParser::block()
FNDA:46,AQLParser/BlockContext AQLParser::block()
DA:2071,46
DA:2072,46
DA:2073,46
DA:2075,46
DA:2076,46
DA:2077,46
DA:2078,46
DA:2079,46
DA:2080,46
DA:2081,46
DA:2082,46
DA:2083,80
DA:2084,34
DA:2085,34
DA:2086,34
DA:2087,34
DA:2088,34
DA:2090,46
DA:2091,46
DA:2092,46
DA:2093,46
DA:2094,0
DA:2095,0
DA:2096,0
DA:2097,0
DA:2098,0
DA:2099,46
DA:2100,46
DA:2101,46
DA:2102,46
DA:2103,46
BRDA:2083,104,0,46
BRDA:2083,104,1,0
BRDA:2083,132,0,34
BRDA:2083,132,1,46
FN:2122,AQLParser/ReturnStatementContext AQLParser::returnStatement()
FNDA:8,AQLParser/ReturnStatementContext AQLParser::returnStatement()
DA:2123,8
DA:2124,8
DA:2125,8
DA:2126,8
DA:2127,8
DA:2128,8
DA:2129,8
DA:2130,8
DA:2131,8
DA:2132,8
DA:2133,8
DA:2134,8
DA:2135,8
DA:2136,8
DA:2137,0
DA:2138,0
DA:2139,0
DA:2140,0
DA:2141,0
DA:2142,8
DA:2143,8
DA:2144,8
DA:2145,8
DA:2146,8
FN:2168,AQLParser/ExpressionListContext AQLParser::expressionList()
FNDA:2,AQLParser/ExpressionListContext AQLParser::expressionList()
DA:2169,2
DA:2170,2
DA:2171,2
DA:2173,2
DA:2174,2
DA:2175,2
DA:2176,2
DA:2177,2
DA:2178,2
DA:2179,2
DA:2180,2
DA:2181,10
DA:2182,4
DA:2183,4
DA:2184,4
DA:2185,4
DA:2186,4
DA:2187,4
DA:2188,4
DA:2189,4
DA:2190,4
DA:2191,4
DA:2192,4
DA:2193,4
DA:2194,2
DA:2195,2
DA:2196,0
DA:2197,0
DA:2198,0
DA:2199,0
DA:2200,0
DA:2201,2
DA:2202,2
DA:2203,2
DA:2204,2
DA:2205,2
BRDA:2181,192,1,4
BRDA:2181,192,0,2
FN:2235,AQLParser/ExpressionContext AQLParser::expression()
FNDA:1,AQLParser/ExpressionContext AQLParser::expression()
DA:2236,1
DA:2237,1
DA:2238,1
FN:2239,AQLParser/ExpressionContext AQLParser::expression(System.Int32)
FNDA:274,AQLParser/ExpressionContext AQLParser::expression(System.Int32)
DA:2240,274
DA:2241,274
DA:2242,274
DA:2243,274
DA:2244,274
DA:2245,274
DA:2246,274
DA:2247,274
DA:2249,274
DA:2250,274
DA:2251,274
DA:2252,274
DA:2253,274
DA:2254,274
DA:2255,274
DA:2256,274
DA:2257,274
DA:2258,274
DA:2259,342
DA:2260,68
DA:2261,34
DA:2262,34
DA:2263,34
DA:2264,34
DA:2265,34
DA:2266,34
DA:2267,34
DA:2268,34
DA:2269,34
DA:2270,34
DA:2271,34
DA:2272,34
DA:2273,34
DA:2274,34
DA:2275,34
DA:2276,34
DA:2277,34
DA:2278,34
DA:2279,34
DA:2280,34
DA:2281,34
DA:2282,274
DA:2283,274
DA:2284,0
DA:2285,0
DA:2286,0
DA:2287,0
DA:2288,0
DA:2289,274
DA:2290,274
DA:2291,274
DA:2292,274
DA:2293,274
BRDA:2259,392,1,34
BRDA:2260,170,0,34
BRDA:2261,189,0,34
BRDA:2261,189,1,34
BRDA:2270,261,0,0
BRDA:2270,261,1,34
BRDA:2260,170,1,34
BRDA:2259,378,0,34
BRDA:2259,378,1,274
BRDA:2259,392,0,274
FN:2345,AQLParser/BinaryOperatorContext AQLParser::binaryOperator()
FNDA:34,AQLParser/BinaryOperatorContext AQLParser::binaryOperator()
DA:2346,34
DA:2347,34
DA:2348,34
DA:2349,34
DA:2350,34
DA:2351,34
DA:2352,34
DA:2354,1
DA:2355,1
DA:2356,1
DA:2357,1
DA:2358,1
DA:2359,1
DA:2361,3
DA:2362,3
DA:2363,3
DA:2364,3
DA:2365,3
DA:2366,3
DA:2368,12
DA:2369,12
DA:2370,12
DA:2371,12
DA:2372,12
DA:2373,12
DA:2375,4
DA:2376,4
DA:2377,4
DA:2378,4
DA:2379,4
DA:2380,4
DA:2382,1
DA:2383,1
DA:2384,1
DA:2385,1
DA:2386,1
DA:2387,1
DA:2389,1
DA:2390,1
DA:2391,1
DA:2392,1
DA:2393,1
DA:2394,1
DA:2396,1
DA:2397,1
DA:2398,1
DA:2399,1
DA:2400,1
DA:2401,1
DA:2403,1
DA:2404,1
DA:2405,1
DA:2406,1
DA:2407,1
DA:2408,1
DA:2410,1
DA:2411,1
DA:2412,1
DA:2413,1
DA:2414,1
DA:2415,1
DA:2417,1
DA:2418,1
DA:2419,1
DA:2420,1
DA:2421,1
DA:2422,1
DA:2424,7
DA:2425,7
DA:2426,7
DA:2427,7
DA:2428,7
DA:2429,7
DA:2431,1
DA:2432,1
DA:2433,1
DA:2434,1
DA:2435,1
DA:2436,1
DA:2438,0
DA:2440,34
DA:2441,0
DA:2442,0
DA:2443,0
DA:2444,0
DA:2445,0
DA:2446,34
DA:2447,34
DA:2448,34
DA:2449,34
DA:2450,34
BRDA:2352,75,0,31
BRDA:2352,83,5,1
BRDA:2352,75,1,3
BRDA:2352,83,3,12
BRDA:2352,83,4,4
BRDA:2352,83,1,1
BRDA:2352,83,2,1
BRDA:2352,83,6,1
BRDA:2352,83,7,1
BRDA:2352,83,8,1
BRDA:2352,83,9,1
BRDA:2352,83,10,7
BRDA:2352,83,11,1
BRDA:2352,83,0,0
FN:2466,AQLParser/AndOperatorContext AQLParser::andOperator()
FNDA:1,AQLParser/AndOperatorContext AQLParser::andOperator()
DA:2467,1
DA:2468,1
DA:2469,1
DA:2470,1
DA:2471,1
DA:2472,1
DA:2473,1
DA:2474,1
DA:2475,1
DA:2476,1
DA:2477,0
DA:2478,0
DA:2479,0
DA:2480,0
DA:2481,0
DA:2482,1
DA:2483,1
DA:2484,1
DA:2485,1
DA:2486,1
FN:2502,AQLParser/OrOperatorContext AQLParser::orOperator()
FNDA:1,AQLParser/OrOperatorContext AQLParser::orOperator()
DA:2503,1
DA:2504,1
DA:2505,1
DA:2506,1
DA:2507,1
DA:2508,1
DA:2509,1
DA:2510,1
DA:2511,1
DA:2512,1
DA:2513,0
DA:2514,0
DA:2515,0
DA:2516,0
DA:2517,0
DA:2518,1
DA:2519,1
DA:2520,1
DA:2521,1
DA:2522,1
FN:2538,AQLParser/AddOperatorContext AQLParser::addOperator()
FNDA:12,AQLParser/AddOperatorContext AQLParser::addOperator()
DA:2539,12
DA:2540,12
DA:2541,12
DA:2542,12
DA:2543,12
DA:2544,12
DA:2545,12
DA:2546,12
DA:2547,12
DA:2548,12
DA:2549,0
DA:2550,0
DA:2551,0
DA:2552,0
DA:2553,0
DA:2554,12
DA:2555,12
DA:2556,12
DA:2557,12
DA:2558,12
FN:2574,AQLParser/SubtractOperatorContext AQLParser::subtractOperator()
FNDA:4,AQLParser/SubtractOperatorContext AQLParser::subtractOperator()
DA:2575,4
DA:2576,4
DA:2577,4
DA:2578,4
DA:2579,4
DA:2580,4
DA:2581,4
DA:2582,4
DA:2583,4
DA:2584,4
DA:2585,0
DA:2586,0
DA:2587,0
DA:2588,0
DA:2589,0
DA:2590,4
DA:2591,4
DA:2592,4
DA:2593,4
DA:2594,4
FN:2610,AQLParser/MultiplicationOperatorContext AQLParser::multiplicationOperator()
FNDA:3,AQLParser/MultiplicationOperatorContext AQLParser::multiplicationOperator()
DA:2611,3
DA:2612,3
DA:2613,3
DA:2614,3
DA:2615,3
DA:2616,3
DA:2617,3
DA:2618,3
DA:2619,3
DA:2620,3
DA:2621,0
DA:2622,0
DA:2623,0
DA:2624,0
DA:2625,0
DA:2626,3
DA:2627,3
DA:2628,3
DA:2629,3
DA:2630,3
FN:2646,AQLParser/DivisionOperatorContext AQLParser::divisionOperator()
FNDA:1,AQLParser/DivisionOperatorContext AQLParser::divisionOperator()
DA:2647,1
DA:2648,1
DA:2649,1
DA:2650,1
DA:2651,1
DA:2652,1
DA:2653,1
DA:2654,1
DA:2655,1
DA:2656,1
DA:2657,0
DA:2658,0
DA:2659,0
DA:2660,0
DA:2661,0
DA:2662,1
DA:2663,1
DA:2664,1
DA:2665,1
DA:2666,1
FN:2682,AQLParser/EqualOperatorContext AQLParser::equalOperator()
FNDA:1,AQLParser/EqualOperatorContext AQLParser::equalOperator()
DA:2683,1
DA:2684,1
DA:2685,1
DA:2686,1
DA:2687,1
DA:2688,1
DA:2689,1
DA:2690,1
DA:2691,1
DA:2692,1
DA:2693,0
DA:2694,0
DA:2695,0
DA:2696,0
DA:2697,0
DA:2698,1
DA:2699,1
DA:2700,1
DA:2701,1
DA:2702,1
FN:2718,AQLParser/InEqualOperatorContext AQLParser::inEqualOperator()
FNDA:1,AQLParser/InEqualOperatorContext AQLParser::inEqualOperator()
DA:2719,1
DA:2720,1
DA:2721,1
DA:2722,1
DA:2723,1
DA:2724,1
DA:2725,1
DA:2726,1
DA:2727,1
DA:2728,1
DA:2729,0
DA:2730,0
DA:2731,0
DA:2732,0
DA:2733,0
DA:2734,1
DA:2735,1
DA:2736,1
DA:2737,1
DA:2738,1
FN:2754,AQLParser/GreaterThanOperatorContext AQLParser::greaterThanOperator()
FNDA:1,AQLParser/GreaterThanOperatorContext AQLParser::greaterThanOperator()
DA:2755,1
DA:2756,1
DA:2757,1
DA:2758,1
DA:2759,1
DA:2760,1
DA:2761,1
DA:2762,1
DA:2763,1
DA:2764,1
DA:2765,0
DA:2766,0
DA:2767,0
DA:2768,0
DA:2769,0
DA:2770,1
DA:2771,1
DA:2772,1
DA:2773,1
DA:2774,1
FN:2790,AQLParser/GreaterThanOrEqualOperatorContext AQLParser::greaterThanOrEqualOperator()
FNDA:1,AQLParser/GreaterThanOrEqualOperatorContext AQLParser::greaterThanOrEqualOperator()
DA:2791,1
DA:2792,1
DA:2793,1
DA:2794,1
DA:2795,1
DA:2796,1
DA:2797,1
DA:2798,1
DA:2799,1
DA:2800,1
DA:2801,0
DA:2802,0
DA:2803,0
DA:2804,0
DA:2805,0
DA:2806,1
DA:2807,1
DA:2808,1
DA:2809,1
DA:2810,1
FN:2826,AQLParser/LessThanOperatorContext AQLParser::lessThanOperator()
FNDA:7,AQLParser/LessThanOperatorContext AQLParser::lessThanOperator()
DA:2827,7
DA:2828,7
DA:2829,7
DA:2830,7
DA:2831,7
DA:2832,7
DA:2833,7
DA:2834,7
DA:2835,7
DA:2836,7
DA:2837,0
DA:2838,0
DA:2839,0
DA:2840,0
DA:2841,0
DA:2842,7
DA:2843,7
DA:2844,7
DA:2845,7
DA:2846,7
FN:2862,AQLParser/LessThanOrEqualOperatorContext AQLParser::lessThanOrEqualOperator()
FNDA:1,AQLParser/LessThanOrEqualOperatorContext AQLParser::lessThanOrEqualOperator()
DA:2863,1
DA:2864,1
DA:2865,1
DA:2866,1
DA:2867,1
DA:2868,1
DA:2869,1
DA:2870,1
DA:2871,1
DA:2872,1
DA:2873,0
DA:2874,0
DA:2875,0
DA:2876,0
DA:2877,0
DA:2878,1
DA:2879,1
DA:2880,1
DA:2881,1
DA:2882,1
FN:2910,AQLParser/UnaryExpressionContext AQLParser::unaryExpression()
FNDA:274,AQLParser/UnaryExpressionContext AQLParser::unaryExpression()
DA:2911,274
DA:2912,274
DA:2913,274
DA:2914,274
DA:2915,274
DA:2916,274
DA:2917,273
DA:2919,0
DA:2920,0
DA:2921,0
DA:2922,0
DA:2923,0
DA:2924,0
DA:2926,0
DA:2927,0
DA:2928,0
DA:2929,0
DA:2930,0
DA:2931,0
DA:2933,7
DA:2934,7
DA:2935,7
DA:2936,7
DA:2937,7
DA:2938,7
DA:2945,266
DA:2946,266
DA:2947,266
DA:2948,266
DA:2949,266
DA:2950,266
DA:2952,0
DA:2954,273
DA:2955,2
DA:2956,1
DA:2957,1
DA:2958,1
DA:2959,1
DA:2960,274
DA:2961,274
DA:2962,274
DA:2963,274
DA:2964,274
BRDA:2917,74,0,8
BRDA:2917,78,0,1
BRDA:2917,74,1,265
BRDA:2917,94,0,265
BRDA:2917,101,0,265
BRDA:2917,101,1,0
BRDA:2917,94,1,0
BRDA:2917,78,1,7
BRDA:2917,84,1,266
BRDA:2917,110,1,266
BRDA:2917,84,0,0
BRDA:2917,110,0,0
FN:2983,AQLParser/NegationExpressionContext AQLParser::negationExpression()
FNDA:0,AQLParser/NegationExpressionContext AQLParser::negationExpression()
DA:2984,0
DA:2985,0
DA:2986,0
DA:2987,0
DA:2988,0
DA:2989,0
DA:2990,0
DA:2991,0
DA:2992,0
DA:2993,0
DA:2994,0
DA:2995,0
DA:2996,0
DA:2997,0
DA:2998,0
DA:2999,0
DA:3000,0
DA:3001,0
DA:3002,0
DA:3003,0
DA:3004,0
DA:3005,0
FN:3024,AQLParser/NegativeExpressionContext AQLParser::negativeExpression()
FNDA:0,AQLParser/NegativeExpressionContext AQLParser::negativeExpression()
DA:3025,0
DA:3026,0
DA:3027,0
DA:3028,0
DA:3029,0
DA:3030,0
DA:3031,0
DA:3032,0
DA:3033,0
DA:3034,0
DA:3035,0
DA:3036,0
DA:3037,0
DA:3038,0
DA:3039,0
DA:3040,0
DA:3041,0
DA:3042,0
DA:3043,0
DA:3044,0
DA:3045,0
DA:3046,0
FN:3065,AQLParser/ParenthesesExpressionContext AQLParser::parenthesesExpression()
FNDA:7,AQLParser/ParenthesesExpressionContext AQLParser::parenthesesExpression()
DA:3066,7
DA:3067,7
DA:3068,7
DA:3069,7
DA:3070,7
DA:3071,7
DA:3072,7
DA:3073,7
DA:3074,7
DA:3075,7
DA:3076,7
DA:3077,7
DA:3078,7
DA:3079,7
DA:3080,0
DA:3081,0
DA:3082,0
DA:3083,0
DA:3084,0
DA:3085,7
DA:3086,7
DA:3087,7
DA:3088,7
DA:3089,7
FN:3129,AQLParser/ValueContext AQLParser::value()
FNDA:269,AQLParser/ValueContext AQLParser::value()
DA:3130,269
DA:3131,269
DA:3132,269
DA:3133,269
DA:3134,269
DA:3135,269
DA:3136,269
DA:3138,1
DA:3139,1
DA:3140,1
DA:3141,1
DA:3142,1
DA:3143,1
DA:3145,40
DA:3146,40
DA:3147,40
DA:3148,40
DA:3149,40
DA:3150,40
DA:3152,0
DA:3153,0
DA:3154,0
DA:3155,0
DA:3156,0
DA:3157,0
DA:3159,90
DA:3160,90
DA:3161,90
DA:3162,90
DA:3163,90
DA:3164,90
DA:3166,136
DA:3167,136
DA:3168,136
DA:3169,136
DA:3170,136
DA:3171,136
DA:3173,0
DA:3174,0
DA:3175,0
DA:3176,0
DA:3177,0
DA:3178,0
DA:3180,1
DA:3181,1
DA:3182,1
DA:3183,1
DA:3184,1
DA:3185,1
DA:3187,1
DA:3188,1
DA:3189,1
DA:3190,1
DA:3191,1
DA:3192,1
DA:3194,269
DA:3195,0
DA:3196,0
DA:3197,0
DA:3198,0
DA:3199,0
DA:3200,269
DA:3201,269
DA:3202,269
DA:3203,269
DA:3204,269
BRDA:3136,88,1,1
BRDA:3136,88,2,40
BRDA:3136,88,3,0
BRDA:3136,88,4,90
BRDA:3136,88,5,136
BRDA:3136,88,6,0
BRDA:3136,88,7,1
BRDA:3136,88,8,1
BRDA:3136,88,0,269
FN:3228,AQLParser/FunctionCallContext AQLParser::functionCall()
FNDA:1,AQLParser/FunctionCallContext AQLParser::functionCall()
DA:3229,1
DA:3230,1
DA:3231,1
DA:3233,1
DA:3234,1
DA:3235,1
DA:3236,1
DA:3237,1
DA:3238,1
DA:3239,1
DA:3240,1
DA:3241,1
DA:3242,1
DA:3243,2
DA:3244,1
DA:3245,1
DA:3246,1
DA:3247,1
DA:3248,1
DA:3250,1
DA:3251,1
DA:3252,1
DA:3253,1
DA:3254,0
DA:3255,0
DA:3256,0
DA:3257,0
DA:3258,0
DA:3259,1
DA:3260,1
DA:3261,1
DA:3262,1
DA:3263,1
BRDA:3243,128,0,1
BRDA:3243,128,1,0
BRDA:3243,156,0,1
BRDA:3243,156,1,1
FN:3282,AQLParser/ArrayInitializationContext AQLParser::arrayInitialization()
FNDA:1,AQLParser/ArrayInitializationContext AQLParser::arrayInitialization()
DA:3283,1
DA:3284,1
DA:3285,1
DA:3287,1
DA:3288,1
DA:3289,1
DA:3290,1
DA:3291,1
DA:3292,1
DA:3293,1
DA:3294,1
DA:3295,2
DA:3296,1
DA:3297,1
DA:3298,1
DA:3299,1
DA:3300,1
DA:3302,1
DA:3303,1
DA:3304,1
DA:3305,1
DA:3306,0
DA:3307,0
DA:3308,0
DA:3309,0
DA:3310,0
DA:3311,1
DA:3312,1
DA:3313,1
DA:3314,1
DA:3315,1
BRDA:3295,104,0,1
BRDA:3295,104,1,0
BRDA:3295,132,0,1
BRDA:3295,132,1,1
FN:3339,AQLParser/ArrayIndexingContext AQLParser::arrayIndexing()
FNDA:1,AQLParser/ArrayIndexingContext AQLParser::arrayIndexing()
DA:3340,1
DA:3341,1
DA:3342,1
DA:3343,1
DA:3344,1
DA:3345,1
DA:3346,1
DA:3347,1
DA:3348,1
DA:3349,1
DA:3350,1
DA:3351,1
DA:3352,1
DA:3353,1
DA:3354,1
DA:3355,1
DA:3356,0
DA:3357,0
DA:3358,0
DA:3359,0
DA:3360,0
DA:3361,1
DA:3362,1
DA:3363,1
DA:3364,1
DA:3365,1
FN:3387,AQLParser/TypeContext AQLParser::type()
FNDA:69,AQLParser/TypeContext AQLParser::type()
DA:3388,69
DA:3389,69
DA:3390,69
DA:3391,69
DA:3392,69
DA:3393,69
DA:3394,69
DA:3399,68
DA:3400,68
DA:3401,68
DA:3402,68
DA:3403,68
DA:3404,68
DA:3406,1
DA:3407,1
DA:3408,1
DA:3409,1
DA:3410,1
DA:3411,1
DA:3413,0
DA:3415,69
DA:3416,0
DA:3417,0
DA:3418,0
DA:3419,0
DA:3420,0
DA:3421,69
DA:3422,69
DA:3423,69
DA:3424,69
DA:3425,69
BRDA:3394,75,0,68
BRDA:3394,84,1,68
BRDA:3394,75,1,1
BRDA:3394,84,0,0
FN:3453,AQLParser/TypeKeywordContext AQLParser::typeKeyword()
FNDA:68,AQLParser/TypeKeywordContext AQLParser::typeKeyword()
DA:3454,68
DA:3455,68
DA:3456,68
DA:3457,68
DA:3458,68
DA:3459,68
DA:3460,68
DA:3462,8
DA:3463,8
DA:3464,8
DA:3465,8
DA:3466,8
DA:3467,8
DA:3469,53
DA:3470,53
DA:3471,53
DA:3472,53
DA:3473,53
DA:3474,53
DA:3476,7
DA:3477,7
DA:3478,7
DA:3479,7
DA:3480,7
DA:3481,7
DA:3483,0
DA:3484,0
DA:3485,0
DA:3486,0
DA:3487,0
DA:3488,0
DA:3490,0
DA:3492,68
DA:3493,0
DA:3494,0
DA:3495,0
DA:3496,0
DA:3497,0
DA:3498,68
DA:3499,68
DA:3500,68
DA:3501,68
DA:3502,68
BRDA:3460,76,1,8
BRDA:3460,76,2,53
BRDA:3460,76,3,7
BRDA:3460,76,4,0
BRDA:3460,76,0,0
FN:3518,AQLParser/BoolKeywordContext AQLParser::boolKeyword()
FNDA:8,AQLParser/BoolKeywordContext AQLParser::boolKeyword()
DA:3519,8
DA:3520,8
DA:3521,8
DA:3522,8
DA:3523,8
DA:3524,8
DA:3525,8
DA:3526,8
DA:3527,8
DA:3528,8
DA:3529,0
DA:3530,0
DA:3531,0
DA:3532,0
DA:3533,0
DA:3534,8
DA:3535,8
DA:3536,8
DA:3537,8
DA:3538,8
FN:3554,AQLParser/IntKeywordContext AQLParser::intKeyword()
FNDA:53,AQLParser/IntKeywordContext AQLParser::intKeyword()
DA:3555,53
DA:3556,53
DA:3557,53
DA:3558,53
DA:3559,53
DA:3560,53
DA:3561,53
DA:3562,53
DA:3563,53
DA:3564,53
DA:3565,0
DA:3566,0
DA:3567,0
DA:3568,0
DA:3569,0
DA:3570,53
DA:3571,53
DA:3572,53
DA:3573,53
DA:3574,53
FN:3590,AQLParser/DoubleKeywordContext AQLParser::doubleKeyword()
FNDA:7,AQLParser/DoubleKeywordContext AQLParser::doubleKeyword()
DA:3591,7
DA:3592,7
DA:3593,7
DA:3594,7
DA:3595,7
DA:3596,7
DA:3597,7
DA:3598,7
DA:3599,7
DA:3600,7
DA:3601,0
DA:3602,0
DA:3603,0
DA:3604,0
DA:3605,0
DA:3606,7
DA:3607,7
DA:3608,7
DA:3609,7
DA:3610,7
FN:3626,AQLParser/StringKeywordContext AQLParser::stringKeyword()
FNDA:0,AQLParser/StringKeywordContext AQLParser::stringKeyword()
DA:3627,0
DA:3628,0
DA:3629,0
DA:3630,0
DA:3631,0
DA:3632,0
DA:3633,0
DA:3634,0
DA:3635,0
DA:3636,0
DA:3637,0
DA:3638,0
DA:3639,0
DA:3640,0
DA:3641,0
DA:3642,0
DA:3643,0
DA:3644,0
DA:3645,0
[...]
DA:12,0
DA:13,0
DA:14,0
DA:15,0
DA:16,0
DA:17,0
FN:6,System.Void Interpreter.AST.Nodes.Expressions.IdentifierExpressionNode::.ctor(System.Int32,Interpreter.AST.Nodes.NonTerminals.IdentifierNode)
FNDA:62,System.Void Interpreter.AST.Nodes.Expressions.IdentifierExpressionNode::.ctor(System.Int32,Interpreter.AST.Nodes.NonTerminals.IdentifierNode)
DA:7,62
LF:8
LH:2
BRF:0
BRH:0
FNF:3
FNH:2
end_of_record
SF:/home/vorherre/Documents/code/AQL/Interpreter/AST/Nodes/Expressions/IndexingNode.cs
FN:9,Interpreter.AST.Nodes.Identifiers.SingleIdentifierNode Interpreter.AST.Nodes.Expressions.IndexingNode::get_Target()
FNDA:2,Interpreter.AST.Nodes.Identifiers.SingleIdentifierNode Interpreter.AST.Nodes.Expressions.IndexingNode::get_Target()
DA:10,2
FN:10,Interpreter.AST.Nodes.NonTerminals.ExpressionNode Interpreter.AST.Nodes.Expressions.IndexingNode::get_Index()
FNDA:2,Interpreter.AST.Nodes.NonTerminals.ExpressionNode Interpreter.AST.Nodes.Expressions.IndexingNode::get_Index()
DA:11,2
FN:12,System.String Interpreter.AST.Nodes.Expressions.IndexingNode::ToString()
FNDA:0,System.String Interpreter.AST.Nodes.Expressions.IndexingNode::ToString()
DA:13,0
FN:15,System.Collections.Generic.IEnumerable`1<Interpreter.AST.Nodes.Node> Interpreter.AST.Nodes.Expressions.IndexingNode::GetChildren()
FNDA:0,System.Collections.Generic.IEnumerable`1<Interpreter.AST.Nodes.Node> Interpreter.AST.Nodes.Expressions.IndexingNode::GetChildren()
DA:16,0
DA:17,0
DA:18,0
DA:19,0
DA:20,0
DA:21,0
DA:22,0
FN:7,System.Void Interpreter.AST.Nodes.Expressions.IndexingNode::.ctor(System.Int32,Interpreter.AST.Nodes.Identifiers.SingleIdentifierNode,Interpreter.AST.Nodes.NonTerminals.ExpressionNode)
FNDA:1,System.Void Interpreter.AST.Nodes.Expressions.IndexingNode::.ctor(System.Int32,Interpreter.AST.Nodes.Identifiers.SingleIdentifierNode,Interpreter.AST.Nodes.NonTerminals.ExpressionNode)
DA:8,1
LF:11
LH:3
BRF:0
BRH:0
FNF:5
FNH:3
end_of_record
SF:/home/vorherre/Documents/code/AQL/Interpreter/AST/Nodes/Expressions/IntLiteralNode.cs
FN:8,System.Int32 Interpreter.AST.Nodes.Expressions.IntLiteralNode::get_Value()
FNDA:21288,System.Int32 Interpreter.AST.Nodes.Expressions.IntLiteralNode::get_Value()
DA:9,21288
FN:11,System.Collections.Generic.IEnumerable`1<Interpreter.AST.Nodes.Node> Interpreter.AST.Nodes.Expressions.IntLiteralNode::GetChildren()
FNDA:0,System.Collections.Generic.IEnumerable`1<Interpreter.AST.Nodes.Node> Interpreter.AST.Nodes.Expressions.IntLiteralNode::GetChildren()
DA:12,0
DA:13,0
DA:14,0
FN:15,System.String Interpreter.AST.Nodes.Expressions.IntLiteralNode::GetNodeLabel()
FNDA:0,System.String Interpreter.AST.Nodes.Expressions.IntLiteralNode::GetNodeLabel()
DA:16,0
FN:6,System.Void Interpreter.AST.Nodes.Expressions.IntLiteralNode::.ctor(System.Int32,System.Int32)
FNDA:174,System.Void Interpreter.AST.Nodes.Expressions.IntLiteralNode::.ctor(System.Int32,System.Int32)
DA:7,174
LF:6
LH:2
BRF:0
BRH:0
FNF:4
FNH:2
end_of_record
SF:/home/vorherre/Documents/code/AQL/Interpreter/AST/Nodes/Expressions/LessThanNode.cs
FN:8,Interpreter.AST.Nodes.NonTerminals.ExpressionNode Interpreter.AST.Nodes.Expressions.LessThanNode::get_Left()
FNDA:9,Interpreter.AST.Nodes.NonTerminals.ExpressionNode Interpreter.AST.Nodes.Expressions.LessThanNode::get_Left()
DA:9,9
FN:9,Interpreter.AST.Nodes.NonTerminals.ExpressionNode Interpreter.AST.Nodes.Expressions.LessThanNode::get_Right()
FNDA:9,Interpreter.AST.Nodes.NonTerminals.ExpressionNode Interpreter.AST.Nodes.Expressions.LessThanNode::get_Right()
DA:10,9
FN:11,System.String Interpreter.AST.Nodes.Expressions.LessThanNode::ToString()
FNDA:0,System.String Interpreter.AST.Nodes.Expressions.LessThanNode::ToString()
DA:12,0
FN:14,System.Collections.Generic.IEnumerable`1<Interpreter.AST.Nodes.Node> Interpreter.AST.Nodes.Expressions.LessThanNode::GetChildren()
FNDA:0,System.Collections.Generic.IEnumerable`1<Interpreter.AST.Nodes.Node> Interpreter.AST.Nodes.Expressions.LessThanNode::GetChildren()
DA:15,0
DA:16,0
DA:17,0
DA:18,0
DA:19,0
DA:20,0
DA:21,0
FN:6,System.Void Interpreter.AST.Nodes.Expressions.LessThanNode::.ctor(System.Int32,Interpreter.AST.Nodes.NonTerminals.ExpressionNode,Interpreter.AST.Nodes.NonTerminals.ExpressionNode)
FNDA:3,System.Void Interpreter.AST.Nodes.Expressions.LessThanNode::.ctor(System.Int32,Interpreter.AST.Nodes.NonTerminals.ExpressionNode,Interpreter.AST.Nodes.NonTerminals.ExpressionNode)
DA:7,3
LF:11
LH:3
BRF:0
BRH:0
FNF:5
FNH:3
end_of_record
SF:/home/vorherre/Documents/code/AQL/Interpreter/AST/Nodes/Expressions/LiteralNode.cs
FN:6,System.Void Interpreter.AST.Nodes.Expressions.LiteralNode::.ctor(System.Int32)
FNDA:277,System.Void Interpreter.AST.Nodes.Expressions.LiteralNode::.ctor(System.Int32)
DA:7,277
LF:1
LH:1
BRF:0
BRH:0
FNF:1
FNH:1
end_of_record
SF:/home/vorherre/Documents/code/AQL/Interpreter/AST/Nodes/Expressions/MultiplyNode.cs
FN:8,Interpreter.AST.Nodes.NonTerminals.ExpressionNode Interpreter.AST.Nodes.Expressions.MultiplyNode::get_Left()
FNDA:16,Interpreter.AST.Nodes.NonTerminals.ExpressionNode Interpreter.AST.Nodes.Expressions.MultiplyNode::get_Left()
DA:9,16
FN:9,Interpreter.AST.Nodes.NonTerminals.ExpressionNode Interpreter.AST.Nodes.Expressions.MultiplyNode::get_Right()
FNDA:16,Interpreter.AST.Nodes.NonTerminals.ExpressionNode Interpreter.AST.Nodes.Expressions.MultiplyNode::get_Right()
DA:10,16
FN:11,System.String Interpreter.AST.Nodes.Expressions.MultiplyNode::ToString()
FNDA:0,System.String Interpreter.AST.Nodes.Expressions.MultiplyNode::ToString()
DA:12,0
FN:14,System.Collections.Generic.IEnumerable`1<Interpreter.AST.Nodes.Node> Interpreter.AST.Nodes.Expressions.MultiplyNode::GetChildren()
FNDA:0,System.Collections.Generic.IEnumerable`1<Interpreter.AST.Nodes.Node> Interpreter.AST.Nodes.Expressions.MultiplyNode::GetChildren()
DA:15,0
DA:16,0
DA:17,0
DA:18,0
DA:19,0
DA:20,0
DA:21,0
FN:6,System.Void Interpreter.AST.Nodes.Expressions.MultiplyNode::.ctor(System.Int32,Interpreter.AST.Nodes.NonTerminals.ExpressionNode,Interpreter.AST.Nodes.NonTerminals.ExpressionNode)
FNDA:8,System.Void Interpreter.AST.Nodes.Expressions.MultiplyNode::.ctor(System.Int32,Interpreter.AST.Nodes.NonTerminals.ExpressionNode,Interpreter.AST.Nodes.NonTerminals.ExpressionNode)
DA:7,8
LF:11
LH:3
BRF:0
BRH:0
FNF:5
FNH:3
end_of_record
SF:/home/vorherre/Documents/code/AQL/Interpreter/AST/Nodes/Expressions/NegativeNode.cs
FN:8,Interpreter.AST.Nodes.NonTerminals.ExpressionNode Interpreter.AST.Nodes.Expressions.NegativeNode::get_Inner()
FNDA:8,Interpreter.AST.Nodes.NonTerminals.ExpressionNode Interpreter.AST.Nodes.Expressions.NegativeNode::get_Inner()
DA:9,8
FN:10,System.String Interpreter.AST.Nodes.Expressions.NegativeNode::ToString()
FNDA:0,System.String Interpreter.AST.Nodes.Expressions.NegativeNode::ToString()
DA:11,0
FN:13,System.Collections.Generic.IEnumerable`1<Interpreter.AST.Nodes.Node> Interpreter.AST.Nodes.Expressions.NegativeNode::GetChildren()
FNDA:0,System.Collections.Generic.IEnumerable`1<Interpreter.AST.Nodes.Node> Interpreter.AST.Nodes.Expressions.NegativeNode::GetChildren()
DA:14,0
DA:15,0
DA:16,0
DA:17,0
DA:18,0
DA:19,0
FN:6,System.Void Interpreter.AST.Nodes.Expressions.NegativeNode::.ctor(System.Int32,Interpreter.AST.Nodes.NonTerminals.ExpressionNode)
FNDA:4,System.Void Interpreter.AST.Nodes.Expressions.NegativeNode::.ctor(System.Int32,Interpreter.AST.Nodes.NonTerminals.ExpressionNode)
DA:7,4
LF:9
LH:2
BRF:0
BRH:0
FNF:4
FNH:2
end_of_record
SF:/home/vorherre/Documents/code/AQL/Interpreter/AST/Nodes/Expressions/NotNode.cs
FN:8,Interpreter.AST.Nodes.NonTerminals.ExpressionNode Interpreter.AST.Nodes.Expressions.NotNode::get_Inner()
FNDA:6,Interpreter.AST.Nodes.NonTerminals.ExpressionNode Interpreter.AST.Nodes.Expressions.NotNode::get_Inner()
DA:9,6
FN:10,System.String Interpreter.AST.Nodes.Expressions.NotNode::ToString()
FNDA:0,System.String Interpreter.AST.Nodes.Expressions.NotNode::ToString()
DA:11,0
FN:13,System.Collections.Generic.IEnumerable`1<Interpreter.AST.Nodes.Node> Interpreter.AST.Nodes.Expressions.NotNode::GetChildren()
FNDA:0,System.Collections.Generic.IEnumerable`1<Interpreter.AST.Nodes.Node> Interpreter.AST.Nodes.Expressions.NotNode::GetChildren()
DA:14,0
DA:15,0
DA:16,0
DA:17,0
DA:18,0
DA:19,0
FN:6,System.Void Interpreter.AST.Nodes.Expressions.NotNode::.ctor(System.Int32,Interpreter.AST.Nodes.NonTerminals.ExpressionNode)
FNDA:3,System.Void Interpreter.AST.Nodes.Expressions.NotNode::.ctor(System.Int32,Interpreter.AST.Nodes.NonTerminals.ExpressionNode)
DA:7,3
LF:9
LH:2
BRF:0
BRH:0
FNF:4
FNH:2
end_of_record
SF:/home/vorherre/Documents/code/AQL/Interpreter/AST/Nodes/Expressions/ParenthesesNode.cs
FN:8,Interpreter.AST.Nodes.NonTerminals.ExpressionNode Interpreter.AST.Nodes.Expressions.ParenthesesNode::get_Inner()
FNDA:2,Interpreter.AST.Nodes.NonTerminals.ExpressionNode Interpreter.AST.Nodes.Expressions.ParenthesesNode::get_Inner()
DA:9,2
FN:10,System.String Interpreter.AST.Nodes.Expressions.ParenthesesNode::ToString()
FNDA:0,System.String Interpreter.AST.Nodes.Expressions.ParenthesesNode::ToString()
DA:11,0
FN:13,System.Collections.Generic.IEnumerable`1<Interpreter.AST.Nodes.Node> Interpreter.AST.Nodes.Expressions.ParenthesesNode::GetChildren()
FNDA:0,System.Collections.Generic.IEnumerable`1<Interpreter.AST.Nodes.Node> Interpreter.AST.Nodes.Expressions.ParenthesesNode::GetChildren()
DA:14,0
DA:15,0
DA:16,0
DA:17,0
DA:18,0
DA:19,0
FN:6,System.Void Interpreter.AST.Nodes.Expressions.ParenthesesNode::.ctor(System.Int32,Interpreter.AST.Nodes.NonTerminals.ExpressionNode)
FNDA:1,System.Void Interpreter.AST.Nodes.Expressions.ParenthesesNode::.ctor(System.Int32,Interpreter.AST.Nodes.NonTerminals.ExpressionNode)
DA:7,1
LF:9
LH:2
BRF:0
BRH:0
FNF:4
FNH:2
end_of_record
SF:/home/vorherre/Documents/code/AQL/Interpreter/AST/Nodes/Expressions/StringLiteralNode.cs
FN:8,System.String Interpreter.AST.Nodes.Expressions.StringLiteralNode::get_Value()
FNDA:11,System.String Interpreter.AST.Nodes.Expressions.StringLiteralNode::get_Value()
DA:9,11
FN:11,System.Collections.Generic.IEnumerable`1<Interpreter.AST.Nodes.Node> Interpreter.AST.Nodes.Expressions.StringLiteralNode::GetChildren()
FNDA:0,System.Collections.Generic.IEnumerable`1<Interpreter.AST.Nodes.Node> Interpreter.AST.Nodes.Expressions.StringLiteralNode::GetChildren()
DA:12,0
DA:13,0
DA:14,0
FN:15,System.String Interpreter.AST.Nodes.Expressions.StringLiteralNode::GetNodeLabel()
FNDA:0,System.String Interpreter.AST.Nodes.Expressions.StringLiteralNode::GetNodeLabel()
DA:16,0
FN:6,System.Void Interpreter.AST.Nodes.Expressions.StringLiteralNode::.ctor(System.Int32,System.String)
FNDA:11,System.Void Interpreter.AST.Nodes.Expressions.StringLiteralNode::.ctor(System.Int32,System.String)
DA:7,11
LF:6
LH:2
BRF:0
BRH:0
FNF:4
FNH:2
end_of_record
SF:/home/vorherre/Documents/code/AQL/Interpreter/AST/Nodes/Definitions/ConstDeclarationNode.cs
FN:10,Interpreter.AST.Nodes.NonTerminals.TypeNode Interpreter.AST.Nodes.Definitions.ConstDeclarationNode::get_Type()
FNDA:14,Interpreter.AST.Nodes.NonTerminals.TypeNode Interpreter.AST.Nodes.Definitions.ConstDeclarationNode::get_Type()
DA:11,14
FN:11,Interpreter.AST.Nodes.Identifiers.SingleIdentifierNode Interpreter.AST.Nodes.Definitions.ConstDeclarationNode::get_Identifier()
FNDA:11,Interpreter.AST.Nodes.Identifiers.SingleIdentifierNode Interpreter.AST.Nodes.Definitions.ConstDeclarationNode::get_Identifier()
DA:12,11
FN:12,Interpreter.AST.Nodes.NonTerminals.ExpressionNode Interpreter.AST.Nodes.Definitions.ConstDeclarationNode::get_Expression()
FNDA:11,Interpreter.AST.Nodes.NonTerminals.ExpressionNode Interpreter.AST.Nodes.Definitions.ConstDeclarationNode::get_Expression()
DA:13,11
FN:13,System.String Interpreter.AST.Nodes.Definitions.ConstDeclarationNode::ToString()
FNDA:0,System.String Interpreter.AST.Nodes.Definitions.ConstDeclarationNode::ToString()
DA:14,0
FN:16,System.Collections.Generic.IEnumerable`1<Interpreter.AST.Nodes.Node> Interpreter.AST.Nodes.Definitions.ConstDeclarationNode::GetChildren()
FNDA:0,System.Collections.Generic.IEnumerable`1<Interpreter.AST.Nodes.Node> Interpreter.AST.Nodes.Definitions.ConstDeclarationNode::GetChildren()
DA:17,0
DA:18,0
DA:19,0
DA:20,0
DA:21,0
DA:22,0
DA:23,0
DA:24,0
DA:25,0
FN:26,System.String Interpreter.AST.Nodes.Definitions.ConstDeclarationNode::GetNodeLabel()
FNDA:0,System.String Interpreter.AST.Nodes.Definitions.ConstDeclarationNode::GetNodeLabel()
DA:27,0
FN:8,System.Void Interpreter.AST.Nodes.Definitions.ConstDeclarationNode::.ctor(System.Int32,Interpreter.AST.Nodes.NonTerminals.DefinitionNode,Interpreter.AST.Nodes.NonTerminals.TypeNode,Interpreter.AST.Nodes.Identifiers.SingleIdentifierNode,Interpreter.AST.Nodes.NonTerminals.ExpressionNode)
FNDA:6,System.Void Interpreter.AST.Nodes.Definitions.ConstDeclarationNode::.ctor(System.Int32,Interpreter.AST.Nodes.NonTerminals.DefinitionNode,Interpreter.AST.Nodes.NonTerminals.TypeNode,Interpreter.AST.Nodes.Identifiers.SingleIdentifierNode,Interpreter.AST.Nodes.NonTerminals.ExpressionNode)
DA:9,6
LF:15
LH:4
BRF:0
BRH:0
FNF:7
FNH:4
end_of_record
SF:/home/vorherre/Documents/code/AQL/Interpreter/AST/Nodes/Definitions/DefinitionCompositionNode.cs
FN:8,Interpreter.AST.Nodes.NonTerminals.DefinitionNode Interpreter.AST.Nodes.Definitions.DefinitionCompositionNode::get_NextDefinition()
FNDA:142,Interpreter.AST.Nodes.NonTerminals.DefinitionNode Interpreter.AST.Nodes.Definitions.DefinitionCompositionNode::get_NextDefinition()
DA:9,142
FN:11,System.Collections.Generic.IEnumerable`1<Interpreter.AST.Nodes.Node> Interpreter.AST.Nodes.Definitions.DefinitionCompositionNode::GetChildren()
FNDA:0,System.Collections.Generic.IEnumerable`1<Interpreter.AST.Nodes.Node> Interpreter.AST.Nodes.Definitions.DefinitionCompositionNode::GetChildren()
DA:12,0
DA:13,0
DA:14,0
DA:15,0
DA:16,0
DA:17,0
DA:18,0
DA:19,0
DA:20,0
DA:21,0
BRDA:13,7,0,0
BRDA:13,7,1,0
FN:6,System.Void Interpreter.AST.Nodes.Definitions.DefinitionCompositionNode::.ctor(System.Int32,Interpreter.AST.Nodes.NonTerminals.DefinitionNode)
FNDA:47,System.Void Interpreter.AST.Nodes.Definitions.DefinitionCompositionNode::.ctor(System.Int32,Interpreter.AST.Nodes.NonTerminals.DefinitionNode)
DA:7,47
LF:12
LH:2
BRF:2
BRH:0
FNF:3
FNH:2
end_of_record
SF:/home/vorherre/Documents/code/AQL/Interpreter/AST/Nodes/Definitions/FunctionNode.cs
FN:11,Interpreter.AST.Nodes.NonTerminals.TypeNode Interpreter.AST.Nodes.Definitions.FunctionNode::get_ReturnType()
FNDA:16,Interpreter.AST.Nodes.NonTerminals.TypeNode Interpreter.AST.Nodes.Definitions.FunctionNode::get_ReturnType()
DA:12,16
FN:12,Interpreter.AST.Nodes.Identifiers.SingleIdentifierNode Interpreter.AST.Nodes.Definitions.FunctionNode::get_Identifier()
FNDA:18,Interpreter.AST.Nodes.Identifiers.SingleIdentifierNode Interpreter.AST.Nodes.Definitions.FunctionNode::get_Identifier()
DA:13,18
FN:13,System.Collections.Generic.IReadOnlyList`1<Interpreter.AST.Nodes.Statements.TypeAndIdentifier> Interpreter.AST.Nodes.Definitions.FunctionNode::get_Parameters()
FNDA:16,System.Collections.Generic.IReadOnlyList`1<Interpreter.AST.Nodes.Statements.TypeAndIdentifier> Interpreter.AST.Nodes.Definitions.FunctionNode::get_Parameters()
DA:14,16
FN:14,Interpreter.AST.Nodes.NonTerminals.StatementNode Interpreter.AST.Nodes.Definitions.FunctionNode::get_Body()
FNDA:16,Interpreter.AST.Nodes.NonTerminals.StatementNode Interpreter.AST.Nodes.Definitions.FunctionNode::get_Body()
DA:15,16
FN:16,System.String Interpreter.AST.Nodes.Definitions.FunctionNode::ToString()
FNDA:0,System.String Interpreter.AST.Nodes.Definitions.FunctionNode::ToString()
DA:17,0
FN:19,System.Collections.Generic.IEnumerable`1<Interpreter.AST.Nodes.Node> Interpreter.AST.Nodes.Definitions.FunctionNode::GetChildren()
FNDA:0,System.Collections.Generic.IEnumerable`1<Interpreter.AST.Nodes.Node> Interpreter.AST.Nodes.Definitions.FunctionNode::GetChildren()
DA:20,0
DA:21,0
DA:22,0
DA:23,0
DA:24,0
DA:25,0
DA:26,0
DA:27,0
DA:28,0
FN:29,System.String Interpreter.AST.Nodes.Definitions.FunctionNode::GetNodeLabel()
FNDA:0,System.String Interpreter.AST.Nodes.Definitions.FunctionNode::GetNodeLabel()
DA:30,0
FN:9,System.Void Interpreter.AST.Nodes.Definitions.FunctionNode::.ctor(System.Int32,Interpreter.AST.Nodes.NonTerminals.DefinitionNode,Interpreter.AST.Nodes.NonTerminals.TypeNode,Interpreter.AST.Nodes.Identifiers.SingleIdentifierNode,System.Collections.Generic.IEnumerable`1<Interpreter.AST.Nodes.Statements.TypeAndIdentifier>,Interpreter.AST.Nodes.NonTerminals.StatementNode)
FNDA:9,System.Void Interpreter.AST.Nodes.Definitions.FunctionNode::.ctor(System.Int32,Interpreter.AST.Nodes.NonTerminals.DefinitionNode,Interpreter.AST.Nodes.NonTerminals.TypeNode,Interpreter.AST.Nodes.Identifiers.SingleIdentifierNode,System.Collections.Generic.IEnumerable`1<Interpreter.AST.Nodes.Statements.TypeAndIdentifier>,Interpreter.AST.Nodes.NonTerminals.StatementNode)
DA:10,9
LF:16
LH:5
BRF:0
BRH:0
FNF:8
FNH:5
end_of_record
SF:/home/vorherre/Documents/code/AQL/Interpreter/AST/Nodes/Definitions/NetworkDefinitionNode.cs
FN:9,Interpreter.AST.Nodes.NonTerminals.NetworkNode Interpreter.AST.Nodes.Definitions.NetworkDefinitionNode::get_Network()
FNDA:92,Interpreter.AST.Nodes.NonTerminals.NetworkNode Interpreter.AST.Nodes.Definitions.NetworkDefinitionNode::get_Network()
DA:10,92
FN:11,System.String Interpreter.AST.Nodes.Definitions.NetworkDefinitionNode::ToString()
FNDA:0,System.String Interpreter.AST.Nodes.Definitions.NetworkDefinitionNode::ToString()
DA:12,0
FN:14,System.Collections.Generic.IEnumerable`1<Interpreter.AST.Nodes.Node> Interpreter.AST.Nodes.Definitions.NetworkDefinitionNode::GetChildren()
FNDA:0,System.Collections.Generic.IEnumerable`1<Interpreter.AST.Nodes.Node> Interpreter.AST.Nodes.Definitions.NetworkDefinitionNode::GetChildren()
DA:15,0
DA:16,0
DA:17,0
DA:18,0
DA:19,0
DA:20,0
FN:7,System.Void Interpreter.AST.Nodes.Definitions.NetworkDefinitionNode::.ctor(System.Int32,Interpreter.AST.Nodes.NonTerminals.DefinitionNode,Interpreter.AST.Nodes.NonTerminals.NetworkNode)
FNDA:32,System.Void Interpreter.AST.Nodes.Definitions.NetworkDefinitionNode::.ctor(System.Int32,Interpreter.AST.Nodes.NonTerminals.DefinitionNode,Interpreter.AST.Nodes.NonTerminals.NetworkNode)
DA:8,32
LF:9
LH:2
BRF:0
BRH:0
FNF:4
FNH:2
end_of_record
SF:/home/vorherre/Documents/code/AQL/Interpreter/AST/Nodes/Definitions/SimulateNode.cs
FN:8,Interpreter.AST.Nodes.NonTerminals.IdentifierNode Interpreter.AST.Nodes.Definitions.SimulateNode::get_NetworkIdentifier()
FNDA:20,Interpreter.AST.Nodes.NonTerminals.IdentifierNode Interpreter.AST.Nodes.Definitions.SimulateNode::get_NetworkIdentifier()
DA:9,20
FN:9,Interpreter.AST.Nodes.NonTerminals.ExpressionNode Interpreter.AST.Nodes.Definitions.SimulateNode::get_Runs()
FNDA:16,Interpreter.AST.Nodes.NonTerminals.ExpressionNode Interpreter.AST.Nodes.Definitions.SimulateNode::get_Runs()
DA:10,16
FN:10,Interpreter.AST.Nodes.NonTerminals.ExpressionNode Interpreter.AST.Nodes.Definitions.SimulateNode::get_TerminationCriteria()
FNDA:16,Interpreter.AST.Nodes.NonTerminals.ExpressionNode Interpreter.AST.Nodes.Definitions.SimulateNode::get_TerminationCriteria()
DA:11,16
FN:12,System.String Interpreter.AST.Nodes.Definitions.SimulateNode::ToString()
FNDA:0,System.String Interpreter.AST.Nodes.Definitions.SimulateNode::ToString()
DA:13,0
FN:15,System.Collections.Generic.IEnumerable`1<Interpreter.AST.Nodes.Node> Interpreter.AST.Nodes.Definitions.SimulateNode::GetChildren()
FNDA:0,System.Collections.Generic.IEnumerable`1<Interpreter.AST.Nodes.Node> Interpreter.AST.Nodes.Definitions.SimulateNode::GetChildren()
DA:16,0
DA:17,0
DA:18,0
DA:19,0
DA:20,0
DA:21,0
DA:22,0
DA:23,0
FN:6,System.Void Interpreter.AST.Nodes.Definitions.SimulateNode::.ctor(System.Int32,Interpreter.AST.Nodes.NonTerminals.IdentifierNode,Interpreter.AST.Nodes.NonTerminals.ExpressionNode,Interpreter.AST.Nodes.NonTerminals.ExpressionNode)
FNDA:7,System.Void Interpreter.AST.Nodes.Definitions.SimulateNode::.ctor(System.Int32,Interpreter.AST.Nodes.NonTerminals.IdentifierNode,Interpreter.AST.Nodes.NonTerminals.ExpressionNode,Interpreter.AST.Nodes.NonTerminals.ExpressionNode)
DA:7,7
LF:13
LH:4
BRF:0
BRH:0
FNF:6
FNH:4
end_of_record