SF:/home/vorherre/Documents/AQL/Engine/Library/Utils/Utils.cs
FN:5,System.Boolean SimEngine.Utils.NetworkUtils::IsSubnetwork(System.String,System.String)
FNDA:6,System.Boolean SimEngine.Utils.NetworkUtils::IsSubnetwork(System.String,System.String)
DA:6,6
DA:7,6
DA:8,6
BRDA:7,8,0,5
BRDA:7,8,1,1
FN:10,System.Boolean SimEngine.Utils.NetworkUtils::IsParentNetwork(System.String,System.String)
FNDA:4,System.Boolean SimEngine.Utils.NetworkUtils::IsParentNetwork(System.String,System.String)
DA:11,4
DA:12,4
DA:13,4
BRDA:12,8,0,3
BRDA:12,8,1,1
LF:6
LH:6
BRF:4
BRH:4
FNF:2
FNH:2
end_of_record
SF:/home/vorherre/Documents/AQL/Engine/Library/Nodes/DispatcherNode.cs
FN:8,SimEngine.Core.Simulation SimEngine.Nodes.DispatcherNode::get_Simulation()
FNDA:82,SimEngine.Core.Simulation SimEngine.Nodes.DispatcherNode::get_Simulation()
DA:9,82
FN:19,System.Void SimEngine.Nodes.DispatcherNode::ScheduleInitialArrival()
FNDA:22,System.Void SimEngine.Nodes.DispatcherNode::ScheduleInitialArrival()
DA:20,22
DA:21,22
DA:22,20
DA:23,20
DA:24,20
DA:25,20
DA:26,22
DA:27,20
DA:28,20
DA:29,0
DA:30,0
DA:31,0
DA:32,0
DA:33,0
DA:34,0
DA:35,0
DA:36,0
DA:37,0
DA:38,0
DA:39,0
DA:40,22
DA:41,0
DA:42,0
DA:43,22
DA:44,20
DA:45,20
DA:46,40
DA:47,20
DA:48,0
DA:49,0
DA:50,0
DA:51,0
DA:52,22
DA:53,22
DA:54,20
DA:55,42
DA:56,22
FN:12,System.Void SimEngine.Nodes.DispatcherNode::.ctor(SimEngine.Core.SimulationEngineAPI,System.String,System.Func`1<System.Double>)
FNDA:3,System.Void SimEngine.Nodes.DispatcherNode::.ctor(SimEngine.Core.SimulationEngineAPI,System.String,System.Func`1<System.Double>)
DA:13,3
DA:14,3
DA:15,3
DA:16,3
DA:17,3
LF:43
LH:26
BRF:10
BRH:3
FNF:3
FNH:3
end_of_record
SF:/home/vorherre/Documents/AQL/Engine/Library/Nodes/Node.cs
FN:7,System.String SimEngine.Nodes.Node::get_Name()
FNDA:16,System.String SimEngine.Nodes.Node::get_Name()
DA:8,16
FN:8,System.Collections.Generic.List`1<System.ValueTuple`2<SimEngine.Nodes.Node,System.Double>> SimEngine.Nodes.Node::get_NextNodeChoices()
FNDA:78,System.Collections.Generic.List`1<System.ValueTuple`2<SimEngine.Nodes.Node,System.Double>> SimEngine.Nodes.Node::get_NextNodeChoices()
DA:9,78
FN:9,SimEngine.Nodes.Node SimEngine.Nodes.Node::get_NextNode()
FNDA:63,SimEngine.Nodes.Node SimEngine.Nodes.Node::get_NextNode()
DA:10,63
FN:12,System.String SimEngine.Nodes.Node::get_Network()
FNDA:4,System.String SimEngine.Nodes.Node::get_Network()
DA:13,4
FN:14,System.Void SimEngine.Nodes.Node::.ctor(System.String)
FNDA:16,System.Void SimEngine.Nodes.Node::.ctor(System.String)
DA:15,16
DA:16,16
DA:17,16
DA:19,16
DA:20,16
DA:21,16
DA:22,16
DA:23,16
BRDA:20,44,0,6
BRDA:20,44,1,10
LF:12
LH:12
BRF:2
BRH:2
FNF:5
FNH:5
end_of_record
SF:/home/vorherre/Documents/AQL/Engine/Library/Nodes/QueueNode.cs
FN:8,SimEngine.Core.Simulation SimEngine.Nodes.QueueNode::get_Simulation()
FNDA:118,SimEngine.Core.Simulation SimEngine.Nodes.QueueNode::get_Simulation()
DA:9,118
FN:14,System.Int32 SimEngine.Nodes.QueueNode::get_ServerCount()
FNDA:8,System.Int32 SimEngine.Nodes.QueueNode::get_ServerCount()
DA:15,8
FN:27,System.Void SimEngine.Nodes.QueueNode::AttachRuntimeStats(SimEngine.Metrics.QueueRuntimeStats)
FNDA:8,System.Void SimEngine.Nodes.QueueNode::AttachRuntimeStats(SimEngine.Metrics.QueueRuntimeStats)
DA:28,8
DA:29,8
DA:30,8
FN:32,System.Void SimEngine.Nodes.QueueNode::ProcessArrival(SimEngine.Core.Entity)
FNDA:24,System.Void SimEngine.Nodes.QueueNode::ProcessArrival(SimEngine.Core.Entity)
DA:33,24
DA:34,24
DA:35,24
DA:37,24
DA:38,0
DA:39,0
DA:40,0
DA:41,0
DA:44,24
DA:45,24
DA:46,24
DA:47,24
DA:49,0
DA:50,0
DA:51,0
DA:53,24
DA:54,24
DA:55,24
DA:56,24
DA:57,24
BRDA:35,26,0,0
BRDA:35,26,1,24
BRDA:37,68,0,0
BRDA:40,96,0,0
BRDA:40,96,1,0
BRDA:37,68,1,24
BRDA:44,125,0,24
BRDA:44,125,1,0
BRDA:53,167,0,0
BRDA:53,167,1,24
BRDA:53,186,0,24
BRDA:53,186,1,24
FN:59,System.Void SimEngine.Nodes.QueueNode::StartService(SimEngine.Core.Entity)
FNDA:24,System.Void SimEngine.Nodes.QueueNode::StartService(SimEngine.Core.Entity)
DA:60,24
DA:61,24
DA:62,24
DA:63,24
DA:64,45
DA:66,24
DA:67,24
DA:68,24
DA:69,24
DA:70,24
BRDA:68,139,0,0
BRDA:68,139,1,24
BRDA:69,158,0,0
BRDA:69,158,1,24
FN:72,System.Void SimEngine.Nodes.QueueNode::ProcessDeparture(SimEngine.Core.Entity)
FNDA:21,System.Void SimEngine.Nodes.QueueNode::ProcessDeparture(SimEngine.Core.Entity)
DA:73,21
DA:74,21
DA:76,21
DA:77,0
DA:78,0
DA:79,0
DA:81,21
DA:82,21
DA:83,0
DA:84,0
DA:85,0
DA:86,0
DA:87,0
DA:88,0
DA:89,0
DA:90,0
DA:91,0
DA:92,0
DA:94,0
DA:95,0
DA:97,21
DA:98,1
DA:99,1
DA:100,1
DA:101,1
DA:102,0
DA:104,1
DA:105,1
DA:107,2
DA:108,1
DA:109,20
DA:110,0
DA:111,0
DA:112,0
DA:114,20
DA:116,20
DA:117,0
DA:119,20
DA:120,20
DA:121,21
BRDA:76,44,0,0
BRDA:76,44,1,21
BRDA:82,87,0,0
BRDA:86,194,1,0
BRDA:89,178,0,0
BRDA:89,178,1,0
BRDA:86,194,0,0
BRDA:82,87,1,21
BRDA:97,239,0,1
BRDA:99,263,0,0
BRDA:99,263,1,1
BRDA:99,290,0,1
BRDA:101,315,0,0
BRDA:101,315,1,1
BRDA:99,290,1,1
BRDA:97,239,1,20
BRDA:109,470,0,0
BRDA:109,470,1,20
BRDA:116,539,0,0
BRDA:116,539,1,20
FN:123,System.Void SimEngine.Nodes.QueueNode::Reset(SimEngine.Core.Simulation)
FNDA:8,System.Void SimEngine.Nodes.QueueNode::Reset(SimEngine.Core.Simulation)
DA:124,8
DA:125,8
DA:126,8
DA:127,8
DA:128,8
DA:129,8
BRDA:125,13,0,8
BRDA:125,13,1,0
BRDA:128,61,0,0
BRDA:128,61,1,8
FN:11,System.Void SimEngine.Nodes.QueueNode::.ctor(SimEngine.Core.SimulationEngineAPI,System.String,System.Int32,System.Int32,System.Func`1<System.Double>,System.Func`1<System.Double>)
FNDA:9,System.Void SimEngine.Nodes.QueueNode::.ctor(SimEngine.Core.SimulationEngineAPI,System.String,System.Int32,System.Int32,System.Func`1<System.Double>,System.Func`1<System.Double>)
DA:12,9
DA:13,9
DA:19,9
DA:20,9
DA:21,9
DA:22,9
DA:23,9
DA:24,9
DA:25,9
BRDA:23,45,0,9
BRDA:23,45,1,0
LF:90
LH:63
BRF:42
BRH:21
FNF:8
FNH:8
end_of_record
SF:/home/vorherre/Documents/AQL/Engine/Library/Nodes/RouterNode.cs
FN:6,SimEngine.Core.Simulation SimEngine.Nodes.RouterNode::get_Simulation()
FNDA:3,SimEngine.Core.Simulation SimEngine.Nodes.RouterNode::get_Simulation()
DA:7,3
FN:15,System.Void SimEngine.Nodes.RouterNode::Route(SimEngine.Core.Entity)
FNDA:1,System.Void SimEngine.Nodes.RouterNode::Route(SimEngine.Core.Entity)
DA:16,1
DA:17,1
DA:18,1
DA:21,1
DA:22,1
DA:23,1
DA:24,1
DA:25,1
DA:26,6
DA:27,2
DA:28,2
DA:29,2
DA:30,1
DA:31,1
DA:32,1
DA:34,1
DA:35,1
DA:37,1
DA:38,2
DA:40,1
BRDA:17,39,0,1
BRDA:17,39,1,0
BRDA:22,112,0,1
BRDA:26,227,1,2
BRDA:29,206,0,1
BRDA:29,206,1,1
BRDA:26,227,0,1
BRDA:22,112,1,1
BRDA:37,260,0,1
BRDA:37,260,1,1
FN:42,System.Void SimEngine.Nodes.RouterNode::RouteTo(SimEngine.Nodes.Node,SimEngine.Core.Entity)
FNDA:1,System.Void SimEngine.Nodes.RouterNode::RouteTo(SimEngine.Nodes.Node,SimEngine.Core.Entity)
DA:43,1
DA:44,1
DA:46,1
DA:47,1
DA:48,1
DA:50,1
DA:51,1
DA:52,0
DA:53,0
DA:54,1
BRDA:44,9,1,1
BRDA:47,33,0,1
BRDA:47,33,1,0
BRDA:50,85,0,1
BRDA:50,85,1,0
BRDA:52,114,0,0
BRDA:44,9,0,1
BRDA:52,114,1,1
FN:9,System.Void SimEngine.Nodes.RouterNode::.ctor(SimEngine.Core.SimulationEngineAPI,System.String)
FNDA:1,System.Void SimEngine.Nodes.RouterNode::.ctor(SimEngine.Core.SimulationEngineAPI,System.String)
DA:10,1
DA:11,1
DA:12,1
DA:13,1
LF:35
LH:33
BRF:18
BRH:14
FNF:4
FNH:4
end_of_record
SF:/home/vorherre/Documents/AQL/Engine/Library/Networks/NetworkDefinition.cs
FN:8,System.String SimEngine.Networks.NetworkDefinition::get_Name()
FNDA:7,System.String SimEngine.Networks.NetworkDefinition::get_Name()
DA:9,7
FN:9,SimEngine.Networks.NetworkDefinition SimEngine.Networks.NetworkDefinition::get_Parent()
FNDA:4,SimEngine.Networks.NetworkDefinition SimEngine.Networks.NetworkDefinition::get_Parent()
DA:10,4
FN:11,System.Collections.Generic.List`1<System.ValueTuple`4<System.String,System.Int32,System.Int32,System.Func`1<System.Double>>> SimEngine.Networks.NetworkDefinition::get_Queues()
FNDA:6,System.Collections.Generic.List`1<System.ValueTuple`4<System.String,System.Int32,System.Int32,System.Func`1<System.Double>>> SimEngine.Networks.NetworkDefinition::get_Queues()
DA:12,6
FN:12,System.Collections.Generic.List`1<System.ValueTuple`3<System.String,System.String,System.Double>> SimEngine.Networks.NetworkDefinition::get_Routes()
FNDA:7,System.Collections.Generic.List`1<System.ValueTuple`3<System.String,System.String,System.Double>> SimEngine.Networks.NetworkDefinition::get_Routes()
DA:13,7
FN:13,System.Collections.Generic.List`1<System.String> SimEngine.Networks.NetworkDefinition::get_RouterEntries()
FNDA:6,System.Collections.Generic.List`1<System.String> SimEngine.Networks.NetworkDefinition::get_RouterEntries()
DA:14,6
FN:14,System.Collections.Generic.List`1<System.String> SimEngine.Networks.NetworkDefinition::get_RouterExits()
FNDA:6,System.Collections.Generic.List`1<System.String> SimEngine.Networks.NetworkDefinition::get_RouterExits()
DA:15,6
FN:15,System.Collections.Generic.List`1<SimEngine.Networks.NetworkDefinition> SimEngine.Networks.NetworkDefinition::get_SubNetworks()
FNDA:6,System.Collections.Generic.List`1<SimEngine.Networks.NetworkDefinition> SimEngine.Networks.NetworkDefinition::get_SubNetworks()
DA:16,6
FN:16,System.Collections.Generic.List`1<System.ValueTuple`2<System.String,System.Func`1<System.Double>>> SimEngine.Networks.NetworkDefinition::get_Dispatchers()
FNDA:3,System.Collections.Generic.List`1<System.ValueTuple`2<System.String,System.Func`1<System.Double>>> SimEngine.Networks.NetworkDefinition::get_Dispatchers()
DA:17,3
FN:19,System.Void SimEngine.Networks.NetworkDefinition::AddQueue(System.String,System.Int32,System.Int32,System.Func`1<System.Double>)
FNDA:1,System.Void SimEngine.Networks.NetworkDefinition::AddQueue(System.String,System.Int32,System.Int32,System.Func`1<System.Double>)
DA:20,1
FN:22,System.Void SimEngine.Networks.NetworkDefinition::AddDispatcher(System.String,System.Func`1<System.Double>)
FNDA:0,System.Void SimEngine.Networks.NetworkDefinition::AddDispatcher(System.String,System.Func`1<System.Double>)
DA:23,0
FN:25,System.Void SimEngine.Networks.NetworkDefinition::Connect(System.String,System.String,System.Double)
FNDA:2,System.Void SimEngine.Networks.NetworkDefinition::Connect(System.String,System.String,System.Double)
DA:26,2
FN:28,System.Void SimEngine.Networks.NetworkDefinition::AddEntryPoint(System.String)
FNDA:1,System.Void SimEngine.Networks.NetworkDefinition::AddEntryPoint(System.String)
DA:29,1
FN:31,System.Void SimEngine.Networks.NetworkDefinition::AddExitPoint(System.String)
FNDA:1,System.Void SimEngine.Networks.NetworkDefinition::AddExitPoint(System.String)
DA:32,1
FN:34,System.Void SimEngine.Networks.NetworkDefinition::AddSubNetwork(SimEngine.Networks.NetworkDefinition)
FNDA:1,System.Void SimEngine.Networks.NetworkDefinition::AddSubNetwork(SimEngine.Networks.NetworkDefinition)
DA:35,1
FN:37,System.String SimEngine.Networks.NetworkDefinition::get_FullName()
FNDA:1,System.String SimEngine.Networks.NetworkDefinition::get_FullName()
DA:38,1
DA:39,1
DA:40,1
BRDA:38,6,0,0
BRDA:38,6,1,1
FN:6,System.Void SimEngine.Networks.NetworkDefinition::.ctor(SimEngine.Networks.NetworkDefinition)
FNDA:3,System.Void SimEngine.Networks.NetworkDefinition::.ctor(SimEngine.Networks.NetworkDefinition)
DA:7,3
LF:18
LH:17
BRF:2
BRH:1
FNF:16
FNH:15
end_of_record
SF:/home/vorherre/Documents/AQL/Engine/Library/Networks/NetworkRegistry.cs
FN:7,System.String SimEngine.Networks.NetworkStats::get_Name()
FNDA:0,System.String SimEngine.Networks.NetworkStats::get_Name()
DA:8,0
FN:16,System.Void SimEngine.Networks.NetworkStats::RegisterQueue(SimEngine.Nodes.QueueNode)
FNDA:8,System.Void SimEngine.Networks.NetworkStats::RegisterQueue(SimEngine.Nodes.QueueNode)
DA:17,8
FN:19,System.Void SimEngine.Networks.NetworkStats::RecordEntry(SimEngine.Core.Entity,System.Double)
FNDA:2,System.Void SimEngine.Networks.NetworkStats::RecordEntry(SimEngine.Core.Entity,System.Double)
DA:20,2
DA:21,2
DA:22,2
FN:24,System.Void SimEngine.Networks.NetworkStats::RecordExit(SimEngine.Core.Entity,System.Double)
FNDA:2,System.Void SimEngine.Networks.NetworkStats::RecordExit(SimEngine.Core.Entity,System.Double)
DA:25,2
DA:26,2
DA:27,2
FN:8,System.Void SimEngine.Networks.NetworkStats::.ctor(System.String)
FNDA:9,System.Void SimEngine.Networks.NetworkStats::.ctor(System.String)
DA:9,9
DA:11,9
DA:12,9
DA:13,9
DA:14,9
DA:16,9
LF:14
LH:13
BRF:0
BRH:0
FNF:5
FNH:4
end_of_record
SF:/home/vorherre/Documents/AQL/Engine/Library/Metrics/MetricsPrinter.cs
FN:7,System.Void SimEngine.Metrics.MetricsPrinter::Print(SimEngine.Metrics.SimulationStats)
FNDA:0,System.Void SimEngine.Metrics.MetricsPrinter::Print(SimEngine.Metrics.SimulationStats)
DA:8,0
DA:9,0
DA:10,0
DA:11,0
DA:12,0
DA:13,0
DA:15,0
DA:16,0
DA:17,0
DA:18,0
DA:19,0
DA:20,0
DA:22,0
DA:23,0
DA:24,0
DA:25,0
DA:26,0
DA:27,0
DA:28,0
DA:29,0
DA:30,0
DA:31,0
DA:32,0
DA:33,0
DA:34,0
DA:36,0
DA:37,0
DA:38,0
DA:39,0
DA:40,0
DA:41,0
DA:42,0
DA:43,0
DA:44,0
BRDA:16,949,1,0
BRDA:18,280,0,0
BRDA:18,280,1,0
BRDA:16,949,0,0
BRDA:37,1229,1,0
BRDA:37,1229,0,0
LF:34
LH:0
BRF:6
BRH:0
FNF:1
FNH:0
end_of_record
SF:/home/vorherre/Documents/AQL/Engine/Library/Metrics/NetworkRuntimeStats.cs
FN:9,System.String SimEngine.Metrics.NetworkRuntimeStats::get_Name()
FNDA:6,System.String SimEngine.Metrics.NetworkRuntimeStats::get_Name()
DA:10,6
FN:10,System.Collections.Generic.List`1<System.Double> SimEngine.Metrics.NetworkRuntimeStats::get_RespondTimes()
FNDA:34,System.Collections.Generic.List`1<System.Double> SimEngine.Metrics.NetworkRuntimeStats::get_RespondTimes()
DA:11,34
FN:13,System.Void SimEngine.Metrics.NetworkRuntimeStats::AddRespondTime(System.Double)
FNDA:8,System.Void SimEngine.Metrics.NetworkRuntimeStats::AddRespondTime(System.Double)
DA:14,8
DA:15,8
DA:16,8
FN:17,System.Double SimEngine.Metrics.NetworkRuntimeStats::get_MeanRespondTime()
FNDA:5,System.Double SimEngine.Metrics.NetworkRuntimeStats::get_MeanRespondTime()
DA:18,5
BRDA:18,12,0,1
BRDA:18,12,1,4
FN:21,System.Double SimEngine.Metrics.NetworkRuntimeStats::get_VarianceRespondTime()
FNDA:3,System.Double SimEngine.Metrics.NetworkRuntimeStats::get_VarianceRespondTime()
DA:22,3
DA:23,4
DA:24,2
DA:25,6
DA:26,3
BRDA:23,23,0,1
BRDA:23,23,1,2
FN:29,System.Double SimEngine.Metrics.NetworkRuntimeStats::TailProbability(System.Double)
FNDA:3,System.Double SimEngine.Metrics.NetworkRuntimeStats::TailProbability(System.Double)
DA:30,3
DA:31,4
DA:32,7
DA:33,3
BRDA:31,30,0,1
BRDA:31,30,1,2
LF:15
LH:15
BRF:6
BRH:6
FNF:6
FNH:6
end_of_record
SF:/home/vorherre/Documents/AQL/Engine/Library/Metrics/QueueRuntimeStats.cs
FN:4,System.String SimEngine.Metrics.QueueRuntimeStats::get_Name()
FNDA:17,System.String SimEngine.Metrics.QueueRuntimeStats::get_Name()
DA:5,17
FN:5,System.Int32 SimEngine.Metrics.QueueRuntimeStats::get_TotalArrived()
FNDA:61,System.Int32 SimEngine.Metrics.QueueRuntimeStats::get_TotalArrived()
DA:6,61
FN:6,System.Int32 SimEngine.Metrics.QueueRuntimeStats::get_TotalServed()
FNDA:64,System.Int32 SimEngine.Metrics.QueueRuntimeStats::get_TotalServed()
DA:7,64
FN:7,System.Int32 SimEngine.Metrics.QueueRuntimeStats::get_DroppedEntities()
FNDA:12,System.Int32 SimEngine.Metrics.QueueRuntimeStats::get_DroppedEntities()
DA:8,12
FN:8,System.Double SimEngine.Metrics.QueueRuntimeStats::get_TotalWaitingTime()
FNDA:60,System.Double SimEngine.Metrics.QueueRuntimeStats::get_TotalWaitingTime()
DA:9,60
FN:9,System.Double SimEngine.Metrics.QueueRuntimeStats::get_TotalServiceTime()
FNDA:60,System.Double SimEngine.Metrics.QueueRuntimeStats::get_TotalServiceTime()
DA:10,60
FN:10,System.Double SimEngine.Metrics.QueueRuntimeStats::get_TotalBusyTime()
FNDA:60,System.Double SimEngine.Metrics.QueueRuntimeStats::get_TotalBusyTime()
DA:11,60
FN:11,System.Int32 SimEngine.Metrics.QueueRuntimeStats::get_ServerCount()
FNDA:20,System.Int32 SimEngine.Metrics.QueueRuntimeStats::get_ServerCount()
DA:12,20
FN:12,System.Double SimEngine.Metrics.QueueRuntimeStats::get_SimulationTimePerRun()
FNDA:20,System.Double SimEngine.Metrics.QueueRuntimeStats::get_SimulationTimePerRun()
DA:13,20
FN:13,System.Int32 SimEngine.Metrics.QueueRuntimeStats::get_RunCount()
FNDA:31,System.Int32 SimEngine.Metrics.QueueRuntimeStats::get_RunCount()
DA:14,31
FN:15,System.Void SimEngine.Metrics.QueueRuntimeStats::AddArrival()
FNDA:25,System.Void SimEngine.Metrics.QueueRuntimeStats::AddArrival()
DA:16,25
FN:17,System.Void SimEngine.Metrics.QueueRuntimeStats::AddServed(System.Double,System.Double)
FNDA:25,System.Void SimEngine.Metrics.QueueRuntimeStats::AddServed(System.Double,System.Double)
DA:18,25
DA:19,25
DA:20,25
DA:21,25
DA:22,25
FN:22,System.Void SimEngine.Metrics.QueueRuntimeStats::AddBusyTime(System.Double)
FNDA:25,System.Void SimEngine.Metrics.QueueRuntimeStats::AddBusyTime(System.Double)
DA:23,25
FN:23,System.Void SimEngine.Metrics.QueueRuntimeStats::IncrementRun()
FNDA:9,System.Void SimEngine.Metrics.QueueRuntimeStats::IncrementRun()
DA:24,9
FN:24,System.Void SimEngine.Metrics.QueueRuntimeStats::AddDropped()
FNDA:1,System.Void SimEngine.Metrics.QueueRuntimeStats::AddDropped()
DA:25,1
FN:26,System.Double SimEngine.Metrics.QueueRuntimeStats::get_AvgWaitTime()
FNDA:1,System.Double SimEngine.Metrics.QueueRuntimeStats::get_AvgWaitTime()
DA:27,1
BRDA:27,7,0,0
BRDA:27,7,1,1
FN:27,System.Double SimEngine.Metrics.QueueRuntimeStats::get_AvgServiceTime()
FNDA:1,System.Double SimEngine.Metrics.QueueRuntimeStats::get_AvgServiceTime()
DA:28,1
BRDA:28,7,0,0
BRDA:28,7,1,1
FN:28,System.Double SimEngine.Metrics.QueueRuntimeStats::get_Utilization()
FNDA:1,System.Double SimEngine.Metrics.QueueRuntimeStats::get_Utilization()
DA:29,1
BRDA:29,31,0,0
BRDA:29,31,1,1
FN:29,System.Double SimEngine.Metrics.QueueRuntimeStats::get_Throughput()
FNDA:1,System.Double SimEngine.Metrics.QueueRuntimeStats::get_Throughput()
DA:30,1
BRDA:30,7,0,0
BRDA:30,7,1,1
FN:30,System.Double SimEngine.Metrics.QueueRuntimeStats::get_DropRate()
FNDA:1,System.Double SimEngine.Metrics.QueueRuntimeStats::get_DropRate()
DA:31,1
BRDA:31,7,0,0
BRDA:31,7,1,1
LF:24
LH:24
BRF:10
BRH:5
FNF:20
FNH:20
end_of_record
SF:/home/vorherre/Documents/AQL/Engine/Library/Metrics/SimulationStats.cs
FN:7,System.Double SimEngine.Metrics.SimulationStats::get_TotalSimulationTime()
FNDA:44,System.Double SimEngine.Metrics.SimulationStats::get_TotalSimulationTime()
DA:8,44
FN:8,System.Int32 SimEngine.Metrics.SimulationStats::get_TotalEntitiesCreated()
FNDA:73,System.Int32 SimEngine.Metrics.SimulationStats::get_TotalEntitiesCreated()
DA:9,73
FN:9,System.Collections.Generic.List`1<SimEngine.Metrics.NetworkRuntimeStats> SimEngine.Metrics.SimulationStats::get_NetworkStats()
FNDA:22,System.Collections.Generic.List`1<SimEngine.Metrics.NetworkRuntimeStats> SimEngine.Metrics.SimulationStats::get_NetworkStats()
DA:10,22
FN:10,System.Collections.Generic.List`1<SimEngine.Metrics.QueueRuntimeStats> SimEngine.Metrics.SimulationStats::get_QueueStats()
FNDA:28,System.Collections.Generic.List`1<SimEngine.Metrics.QueueRuntimeStats> SimEngine.Metrics.SimulationStats::get_QueueStats()
DA:11,28
FN:13,System.Void SimEngine.Metrics.SimulationStats::AddEntityCreated()
FNDA:25,System.Void SimEngine.Metrics.SimulationStats::AddEntityCreated()
DA:14,25
FN:16,System.Void SimEngine.Metrics.SimulationStats::AddSimulationRunTime(System.Double)
FNDA:9,System.Void SimEngine.Metrics.SimulationStats::AddSimulationRunTime(System.Double)
DA:17,9
DA:18,9
DA:19,9
DA:20,9
FN:21,System.Collections.Generic.IReadOnlyList`1<System.Double> SimEngine.Metrics.SimulationStats::get_SimulationRunTimes()
FNDA:0,System.Collections.Generic.IReadOnlyList`1<System.Double> SimEngine.Metrics.SimulationStats::get_SimulationRunTimes()
DA:22,0
FN:22,System.Int32 SimEngine.Metrics.SimulationStats::get_RunCount()
FNDA:0,System.Int32 SimEngine.Metrics.SimulationStats::get_RunCount()
DA:23,0
FN:24,System.Double SimEngine.Metrics.SimulationStats::get_ArrivalRate()
FNDA:3,System.Double SimEngine.Metrics.SimulationStats::get_ArrivalRate()
DA:25,3
BRDA:25,15,0,0
BRDA:25,15,1,3
FN:25,System.Double SimEngine.Metrics.SimulationStats::get_MeanInterarrivalTime()
FNDA:1,System.Double SimEngine.Metrics.SimulationStats::get_MeanInterarrivalTime()
DA:26,1
BRDA:26,15,0,0
BRDA:26,15,1,1
FN:11,System.Void SimEngine.Metrics.SimulationStats::.ctor()
FNDA:20,System.Void SimEngine.Metrics.SimulationStats::.ctor()
DA:12,20
LF:14
LH:12
BRF:4
BRH:2
FNF:11
FNH:9
end_of_record
SF:/home/vorherre/Documents/AQL/Engine/Library/Core/Entity.cs
FN:7,System.Double SimEngine.Core.Entity::get_ArrivalTime()
FNDA:79,System.Double SimEngine.Core.Entity::get_ArrivalTime()
DA:8,79
FN:9,System.Collections.Generic.List`1<System.Double> SimEngine.Core.Entity::get_WaitingTimesInQueues()
FNDA:56,System.Collections.Generic.List`1<System.Double> SimEngine.Core.Entity::get_WaitingTimesInQueues()
DA:10,56
FN:10,System.Collections.Generic.List`1<System.Double> SimEngine.Core.Entity::get_ServiceTimesInQueues()
FNDA:62,System.Collections.Generic.List`1<System.Double> SimEngine.Core.Entity::get_ServiceTimesInQueues()
DA:11,62
FN:11,System.Double SimEngine.Core.Entity::get_DepartureTime()
FNDA:24,System.Double SimEngine.Core.Entity::get_DepartureTime()
DA:12,24
FN:12,System.Double SimEngine.Core.Entity::get_TotalWaitingTime()
FNDA:1,System.Double SimEngine.Core.Entity::get_TotalWaitingTime()
DA:13,1
FN:13,System.Double SimEngine.Core.Entity::get_TotalServiceTime()
FNDA:1,System.Double SimEngine.Core.Entity::get_TotalServiceTime()
DA:14,1
FN:14,System.Double SimEngine.Core.Entity::get_TotalTime()
FNDA:1,System.Double SimEngine.Core.Entity::get_TotalTime()
DA:15,1
FN:15,System.Collections.Generic.Stack`1<System.String> SimEngine.Core.Entity::get_NetworkStack()
FNDA:85,System.Collections.Generic.Stack`1<System.String> SimEngine.Core.Entity::get_NetworkStack()
DA:16,85
FN:16,System.Collections.Generic.Dictionary`2<System.String,System.Double> SimEngine.Core.Entity::get_NetworkEntryTimes()
FNDA:33,System.Collections.Generic.Dictionary`2<System.String,System.Double> SimEngine.Core.Entity::get_NetworkEntryTimes()
DA:17,33
FN:19,System.Void SimEngine.Core.Entity::.ctor(System.Double)
FNDA:30,System.Void SimEngine.Core.Entity::.ctor(System.Double)
DA:20,30
DA:21,30
DA:22,30
DA:23,30
DA:24,30
LF:14
LH:14
BRF:0
BRH:0
FNF:10
FNH:10
end_of_record
SF:/home/vorherre/Documents/AQL/Engine/Library/Core/Event.cs
FN:6,System.Double SimEngine.Core.Event::get_Time()
FNDA:212,System.Double SimEngine.Core.Event::get_Time()
DA:7,212
FN:7,System.Action SimEngine.Core.Event::get_Action()
FNDA:69,System.Action SimEngine.Core.Event::get_Action()
DA:8,69
FN:9,System.Void SimEngine.Core.Event::.ctor(System.Double,System.Action)
FNDA:75,System.Void SimEngine.Core.Event::.ctor(System.Double,System.Action)
DA:10,75
DA:11,75
DA:12,75
DA:13,75
DA:14,75
LF:7
LH:7
BRF:0
BRH:0
FNF:3
FNH:3
end_of_record
SF:/home/vorherre/Documents/AQL/Engine/Library/Core/Simulation.cs
FN:11,System.Double SimEngine.Core.Simulation::get_Now()
FNDA:144,System.Double SimEngine.Core.Simulation::get_Now()
DA:12,144
FN:14,System.Void SimEngine.Core.Simulation::Schedule(System.Double,System.Action)
FNDA:73,System.Void SimEngine.Core.Simulation::Schedule(System.Double,System.Action)
DA:15,73
DA:16,73
DA:17,73
DA:18,73
FN:20,System.Void SimEngine.Core.Simulation::Run(System.Double)
FNDA:13,System.Void SimEngine.Core.Simulation::Run(System.Double)
DA:21,13
DA:22,13
DA:23,80
DA:24,71
DA:25,71
DA:26,75
DA:27,67
DA:28,67
DA:29,67
DA:31,67
DA:32,67
DA:33,0
DA:34,0
DA:35,0
DA:36,0
DA:37,67
DA:38,13
DA:39,13
BRDA:23,257,1,71
BRDA:26,36,1,67
BRDA:32,111,0,0
BRDA:35,202,0,0
BRDA:35,202,1,0
BRDA:32,111,1,67
BRDA:26,36,0,13
BRDA:23,257,0,13
FN:8,System.Void SimEngine.Core.Simulation::.ctor()
FNDA:23,System.Void SimEngine.Core.Simulation::.ctor()
DA:9,23
DA:10,23
DA:11,23
LF:26
LH:22
BRF:8
BRH:5
FNF:4
FNH:4
end_of_record
SF:/home/vorherre/Documents/AQL/Engine/Library/Core/SimulationEngineAPI.cs
FN:14,System.Random SimEngine.Core.SimulationEngineAPI::get_RandomGenerator()
FNDA:18,System.Random SimEngine.Core.SimulationEngineAPI::get_RandomGenerator()
DA:15,18
FN:24,SimEngine.Metrics.SimulationStats SimEngine.Core.SimulationEngineAPI::get_Stats()
FNDA:61,SimEngine.Metrics.SimulationStats SimEngine.Core.SimulationEngineAPI::get_Stats()
DA:25,61
FN:26,SimEngine.Nodes.QueueNode SimEngine.Core.SimulationEngineAPI::GetQueueNode(System.String)
FNDA:5,SimEngine.Nodes.QueueNode SimEngine.Core.SimulationEngineAPI::GetQueueNode(System.String)
DA:27,5
FN:28,System.Void SimEngine.Core.SimulationEngineAPI::PrintMetric(SimEngine.Metrics.SimulationStats)
FNDA:0,System.Void SimEngine.Core.SimulationEngineAPI::PrintMetric(SimEngine.Metrics.SimulationStats)
DA:29,0
FN:31,System.Void SimEngine.Core.SimulationEngineAPI::SetSimulationParameters(System.Double,System.Int32)
FNDA:6,System.Void SimEngine.Core.SimulationEngineAPI::SetSimulationParameters(System.Double,System.Int32)
DA:32,6
DA:33,6
DA:34,6
DA:35,6
FN:37,System.Void SimEngine.Core.SimulationEngineAPI::SetSeed(System.Int32)
FNDA:2,System.Void SimEngine.Core.SimulationEngineAPI::SetSeed(System.Int32)
DA:38,2
DA:39,2
DA:40,2
FN:42,System.Void SimEngine.Core.SimulationEngineAPI::CreateNetwork(SimEngine.Networks.NetworkDefinition,System.String)
FNDA:1,System.Void SimEngine.Core.SimulationEngineAPI::CreateNetwork(SimEngine.Networks.NetworkDefinition,System.String)
DA:43,1
DA:44,1
DA:47,3
DA:48,0
DA:49,0
DA:50,0
DA:53,3
DA:54,0
DA:55,0
DA:56,0
DA:57,0
DA:58,0
DA:61,3
DA:62,0
DA:63,0
DA:64,0
DA:65,0
DA:68,3
DA:69,0
DA:70,0
DA:71,0
DA:74,3
DA:75,0
DA:76,0
DA:77,0
DA:78,0
DA:79,0
DA:80,0
DA:82,1
BRDA:47,107,1,0
BRDA:47,107,0,1
BRDA:53,206,1,0
BRDA:53,206,0,1
BRDA:61,317,1,0
BRDA:61,317,0,1
BRDA:68,412,1,0
BRDA:70,371,0,0
BRDA:70,371,1,0
BRDA:68,412,0,1
BRDA:74,626,1,0
BRDA:74,626,0,1
FN:84,System.String SimEngine.Core.SimulationEngineAPI::Qualify(System.String,System.String)
FNDA:0,System.String SimEngine.Core.SimulationEngineAPI::Qualify(System.String,System.String)
DA:85,0
DA:87,0
DA:90,0
DA:92,0
DA:93,0
BRDA:87,20,0,0
BRDA:87,20,1,0
BRDA:90,38,0,0
BRDA:90,38,1,0
BRDA:90,52,0,0
BRDA:90,52,1,0
BRDA:92,64,0,0
BRDA:92,64,1,0
FN:95,System.Void SimEngine.Core.SimulationEngineAPI::CreateDispatcherNode(System.String,System.Func`1<System.Double>)
FNDA:3,System.Void SimEngine.Core.SimulationEngineAPI::CreateDispatcherNode(System.String,System.Func`1<System.Double>)
DA:96,3
DA:97,3
DA:98,3
DA:99,3
DA:100,3
FN:102,System.Void SimEngine.Core.SimulationEngineAPI::CreateQueueNode(System.String,System.Int32,System.Int32,System.Func`1<System.Double>,System.Func`1<System.Double>)
FNDA:9,System.Void SimEngine.Core.SimulationEngineAPI::CreateQueueNode(System.String,System.Int32,System.Int32,System.Func`1<System.Double>,System.Func`1<System.Double>)
DA:103,9
DA:104,9
DA:105,9
DA:106,9
DA:107,9
DA:108,9
FN:110,System.Void SimEngine.Core.SimulationEngineAPI::ConnectNode(System.String,System.String,System.Double)
FNDA:4,System.Void SimEngine.Core.SimulationEngineAPI::ConnectNode(System.String,System.String,System.Double)
DA:111,4
DA:112,4
DA:113,1
DA:115,3
DA:116,0
DA:117,3
DA:119,3
DA:120,0
DA:121,0
DA:122,0
DA:123,0
DA:124,3
DA:125,0
DA:126,0
DA:127,0
DA:129,3
DA:130,3
DA:131,3
DA:132,3
BRDA:112,20,0,1
BRDA:112,20,1,3
BRDA:115,63,0,0
BRDA:115,63,1,3
BRDA:117,99,0,3
BRDA:117,99,1,0
BRDA:119,139,0,3
BRDA:119,139,1,0
BRDA:119,160,0,0
BRDA:122,211,0,0
BRDA:122,211,1,0
BRDA:119,160,1,3
BRDA:124,249,0,0
BRDA:124,249,1,3
FN:134,System.Void SimEngine.Core.SimulationEngineAPI::RecordNetworkEntry(SimEngine.Core.Entity,System.String,System.Double)
FNDA:46,System.Void SimEngine.Core.SimulationEngineAPI::RecordNetworkEntry(SimEngine.Core.Entity,System.String,System.Double)
DA:135,46
DA:136,46
DA:137,45
DA:139,1
DA:140,0
DA:142,1
DA:147,1
DA:148,1
DA:149,1
DA:150,1
DA:151,1
DA:153,1
DA:154,1
DA:155,46
BRDA:136,18,1,1
BRDA:139,36,1,1
BRDA:147,72,0,1
BRDA:147,72,1,1
BRDA:136,18,0,46
BRDA:139,36,0,46
FN:157,System.Void SimEngine.Core.SimulationEngineAPI::RecordNetworkExit(SimEngine.Core.Entity,System.String,System.Double)
FNDA:1,System.Void SimEngine.Core.SimulationEngineAPI::RecordNetworkExit(SimEngine.Core.Entity,System.String,System.Double)
DA:158,1
DA:159,1
DA:160,0
DA:162,1
DA:163,0
DA:167,1
DA:168,1
DA:169,1
DA:171,1
DA:172,1
DA:173,1
DA:174,1
DA:175,1
DA:176,1
DA:177,1
DA:178,1
DA:180,1
DA:181,1
DA:182,1
DA:183,1
BRDA:159,36,1,1
BRDA:162,56,0,1
BRDA:162,56,1,0
BRDA:162,77,1,1
BRDA:171,173,0,1
BRDA:174,215,0,1
BRDA:174,215,1,1
BRDA:159,36,0,1
BRDA:162,77,0,1
BRDA:171,173,1,1
FN:185,System.Void SimEngine.Core.SimulationEngineAPI::TransitionNetwork(SimEngine.Core.Entity,System.String,System.String,System.Double)
FNDA:2,System.Void SimEngine.Core.SimulationEngineAPI::TransitionNetwork(SimEngine.Core.Entity,System.String,System.String,System.Double)
DA:186,2
DA:187,2
DA:188,2
DA:189,2
DA:190,0
DA:191,0
DA:192,0
DA:193,2
DA:196,0
DA:197,0
DA:198,0
DA:199,0
DA:200,0
DA:202,0
DA:203,2
BRDA:187,18,0,2
BRDA:189,36,0,0
BRDA:187,18,1,0
BRDA:196,68,0,0
BRDA:196,68,1,0
BRDA:196,87,0,0
BRDA:196,87,1,0
BRDA:189,36,1,2
FN:205,System.Void SimEngine.Core.SimulationEngineAPI::RunSimulation()
FNDA:6,System.Void SimEngine.Core.SimulationEngineAPI::RunSimulation()
DA:206,6
DA:207,6
DA:209,34
DA:210,8
DA:211,8
DA:212,8
DA:213,6
DA:215,8
DA:217,8
DA:218,8
DA:219,8
DA:220,8
DA:221,8
DA:222,8
DA:223,8
DA:224,8
DA:225,8
DA:227,28
DA:228,8
DA:229,8
DA:230,8
DA:231,8
DA:232,8
DA:233,8
DA:235,28
DA:236,2
DA:238,8
DA:239,8
DA:241,40
DA:242,8
DA:243,8
DA:244,8
DA:245,8
DA:246,6
BRDA:209,195,1,8
BRDA:212,76,0,6
BRDA:212,76,1,8
BRDA:209,195,0,6
BRDA:227,447,1,8
BRDA:235,299,1,2
BRDA:235,299,0,8
BRDA:241,407,1,8
BRDA:241,407,0,8
BRDA:227,447,0,6
FN:247,SimEngine.Metrics.SimulationStats SimEngine.Core.SimulationEngineAPI::GetSimulationStats()
FNDA:1,SimEngine.Metrics.SimulationStats SimEngine.Core.SimulationEngineAPI::GetSimulationStats()
DA:248,1
FN:249,System.Collections.Generic.List`1<SimEngine.Core.Entity> SimEngine.Core.SimulationEngineAPI::GetEntities()
FNDA:2,System.Collections.Generic.List`1<SimEngine.Core.Entity> SimEngine.Core.SimulationEngineAPI::GetEntities()
DA:250,2
FN:252,System.Void SimEngine.Core.SimulationEngineAPI::RegisterEntity(SimEngine.Core.Entity)
FNDA:23,System.Void SimEngine.Core.SimulationEngineAPI::RegisterEntity(SimEngine.Core.Entity)
DA:253,23
DA:254,23
DA:255,23
DA:256,23
FN:258,System.Void SimEngine.Core.SimulationEngineAPI::SafePopAndRestore(SimEngine.Core.Entity,System.Double)
FNDA:1,System.Void SimEngine.Core.SimulationEngineAPI::SafePopAndRestore(SimEngine.Core.Entity,System.Double)
DA:259,1
DA:260,1
DA:261,1
DA:263,0
DA:265,0
DA:266,0
DA:267,0
DA:268,0
DA:269,1
BRDA:260,17,1,0
BRDA:265,46,0,0
BRDA:265,46,1,0
BRDA:265,65,0,0
BRDA:260,17,0,1
BRDA:265,65,1,1
FN:13,System.Void SimEngine.Core.SimulationEngineAPI::.ctor()
FNDA:13,System.Void SimEngine.Core.SimulationEngineAPI::.ctor()
DA:14,13
DA:16,13
DA:17,13
DA:18,13
DA:19,13
DA:20,13
DA:21,13
DA:22,13
DA:23,13
DA:24,13
LF:183
LH:131
BRF:74
BRH:41
FNF:20
FNH:18
end_of_recordSF:/home/vorherre/Documents/AQL/Engine/Library/Utils/Utils.cs
FN:5,System.Boolean SimEngine.Utils.NetworkUtils::IsSubnetwork(System.String,System.String)
FNDA:0,System.Boolean SimEngine.Utils.NetworkUtils::IsSubnetwork(System.String,System.String)
DA:6,0
DA:7,0
DA:8,0
BRDA:7,8,0,0
BRDA:7,8,1,0
FN:10,System.Boolean SimEngine.Utils.NetworkUtils::IsParentNetwork(System.String,System.String)
FNDA:0,System.Boolean SimEngine.Utils.NetworkUtils::IsParentNetwork(System.String,System.String)
DA:11,0
DA:12,0
DA:13,0
BRDA:12,8,0,0
BRDA:12,8,1,0
LF:6
LH:0
BRF:4
BRH:0
FNF:2
FNH:0
end_of_record
SF:/home/vorherre/Documents/AQL/Engine/Library/Nodes/DispatcherNode.cs
FN:8,SimEngine.Core.Simulation SimEngine.Nodes.DispatcherNode::get_Simulation()
FNDA:0,SimEngine.Core.Simulation SimEngine.Nodes.DispatcherNode::get_Simulation()
DA:9,0
FN:19,System.Void SimEngine.Nodes.DispatcherNode::ScheduleInitialArrival()
FNDA:0,System.Void SimEngine.Nodes.DispatcherNode::ScheduleInitialArrival()
DA:20,0
DA:21,0
DA:22,0
DA:23,0
DA:24,0
DA:25,0
DA:26,0
DA:27,0
DA:28,0
DA:29,0
DA:30,0
DA:31,0
DA:32,0
DA:33,0
DA:34,0
DA:35,0
DA:36,0
DA:37,0
DA:38,0
DA:39,0
DA:40,0
DA:41,0
DA:42,0
DA:43,0
DA:44,0
DA:45,0
DA:46,0
DA:47,0
DA:48,0
DA:49,0
DA:50,0
DA:51,0
DA:52,0
DA:53,0
DA:54,0
DA:55,0
DA:56,0
FN:12,System.Void SimEngine.Nodes.DispatcherNode::.ctor(SimEngine.Core.SimulationEngineAPI,System.String,System.Func`1<System.Double>)
FNDA:0,System.Void SimEngine.Nodes.DispatcherNode::.ctor(SimEngine.Core.SimulationEngineAPI,System.String,System.Func`1<System.Double>)
DA:13,0
DA:14,0
DA:15,0
DA:16,0
DA:17,0
LF:43
LH:0
BRF:10
BRH:0
FNF:3
FNH:0
end_of_record
SF:/home/vorherre/Documents/AQL/Engine/Library/Nodes/Node.cs
FN:7,System.String SimEngine.Nodes.Node::get_Name()
FNDA:0,System.String SimEngine.Nodes.Node::get_Name()
DA:8,0
FN:8,System.Collections.Generic.List`1<System.ValueTuple`2<SimEngine.Nodes.Node,System.Double>> SimEngine.Nodes.Node::get_NextNodeChoices()
FNDA:0,System.Collections.Generic.List`1<System.ValueTuple`2<SimEngine.Nodes.Node,System.Double>> SimEngine.Nodes.Node::get_NextNodeChoices()
DA:9,0
FN:9,SimEngine.Nodes.Node SimEngine.Nodes.Node::get_NextNode()
FNDA:0,SimEngine.Nodes.Node SimEngine.Nodes.Node::get_NextNode()
DA:10,0
FN:12,System.String SimEngine.Nodes.Node::get_Network()
FNDA:0,System.String SimEngine.Nodes.Node::get_Network()
DA:13,0
FN:14,System.Void SimEngine.Nodes.Node::.ctor(System.String)
FNDA:0,System.Void SimEngine.Nodes.Node::.ctor(System.String)
DA:15,0
DA:16,0
DA:17,0
DA:19,0
DA:20,0
DA:21,0
DA:22,0
DA:23,0
BRDA:20,44,0,0
BRDA:20,44,1,0
LF:12
LH:0
BRF:2
BRH:0
FNF:5
FNH:0
end_of_record
SF:/home/vorherre/Documents/AQL/Engine/Library/Nodes/QueueNode.cs
FN:8,SimEngine.Core.Simulation SimEngine.Nodes.QueueNode::get_Simulation()
FNDA:0,SimEngine.Core.Simulation SimEngine.Nodes.QueueNode::get_Simulation()
DA:9,0
FN:14,System.Int32 SimEngine.Nodes.QueueNode::get_ServerCount()
FNDA:0,System.Int32 SimEngine.Nodes.QueueNode::get_ServerCount()
DA:15,0
FN:27,System.Void SimEngine.Nodes.QueueNode::AttachRuntimeStats(SimEngine.Metrics.QueueRuntimeStats)
FNDA:0,System.Void SimEngine.Nodes.QueueNode::AttachRuntimeStats(SimEngine.Metrics.QueueRuntimeStats)
DA:28,0
DA:29,0
DA:30,0
FN:32,System.Void SimEngine.Nodes.QueueNode::ProcessArrival(SimEngine.Core.Entity)
FNDA:0,System.Void SimEngine.Nodes.QueueNode::ProcessArrival(SimEngine.Core.Entity)
DA:33,0
DA:34,0
DA:35,0
DA:37,0
DA:38,0
DA:39,0
DA:40,0
DA:41,0
DA:44,0
DA:45,0
DA:46,0
DA:47,0
DA:49,0
DA:50,0
DA:51,0
DA:53,0
DA:54,0
DA:55,0
DA:56,0
DA:57,0
BRDA:35,26,0,0
BRDA:35,26,1,0
BRDA:37,68,0,0
BRDA:40,96,0,0
BRDA:40,96,1,0
BRDA:37,68,1,0
BRDA:44,125,0,0
BRDA:44,125,1,0
BRDA:53,167,0,0
BRDA:53,167,1,0
BRDA:53,186,0,0
BRDA:53,186,1,0
FN:59,System.Void SimEngine.Nodes.QueueNode::StartService(SimEngine.Core.Entity)
FNDA:0,System.Void SimEngine.Nodes.QueueNode::StartService(SimEngine.Core.Entity)
DA:60,0
DA:61,0
DA:62,0
DA:63,0
DA:64,0
DA:66,0
DA:67,0
DA:68,0
DA:69,0
DA:70,0
BRDA:68,139,0,0
BRDA:68,139,1,0
BRDA:69,158,0,0
BRDA:69,158,1,0
FN:72,System.Void SimEngine.Nodes.QueueNode::ProcessDeparture(SimEngine.Core.Entity)
FNDA:0,System.Void SimEngine.Nodes.QueueNode::ProcessDeparture(SimEngine.Core.Entity)
DA:73,0
DA:74,0
DA:76,0
DA:77,0
DA:78,0
DA:79,0
DA:81,0
DA:82,0
DA:83,0
DA:84,0
DA:85,0
DA:86,0
DA:87,0
DA:88,0
DA:89,0
DA:90,0
DA:91,0
DA:92,0
DA:94,0
DA:95,0
DA:97,0
DA:98,0
DA:99,0
DA:100,0
DA:101,0
DA:102,0
DA:104,0
DA:105,0
DA:107,0
DA:108,0
DA:109,0
DA:110,0
DA:111,0
DA:112,0
DA:114,0
DA:116,0
DA:117,0
DA:119,0
DA:120,0
DA:121,0
BRDA:76,44,0,0
BRDA:76,44,1,0
BRDA:82,87,0,0
BRDA:86,194,1,0
BRDA:89,178,0,0
BRDA:89,178,1,0
BRDA:86,194,0,0
BRDA:82,87,1,0
BRDA:97,239,0,0
BRDA:99,263,0,0
BRDA:99,263,1,0
BRDA:99,290,0,0
BRDA:101,315,0,0
BRDA:101,315,1,0
BRDA:99,290,1,0
BRDA:97,239,1,0
BRDA:109,470,0,0
BRDA:109,470,1,0
BRDA:116,539,0,0
BRDA:116,539,1,0
FN:123,System.Void SimEngine.Nodes.QueueNode::Reset(SimEngine.Core.Simulation)
FNDA:0,System.Void SimEngine.Nodes.QueueNode::Reset(SimEngine.Core.Simulation)
DA:124,0
DA:125,0
DA:126,0
DA:127,0
DA:128,0
DA:129,0
BRDA:125,13,0,0
BRDA:125,13,1,0
BRDA:128,61,0,0
BRDA:128,61,1,0
FN:11,System.Void SimEngine.Nodes.QueueNode::.ctor(SimEngine.Core.SimulationEngineAPI,System.String,System.Int32,System.Int32,System.Func`1<System.Double>,System.Func`1<System.Double>)
FNDA:0,System.Void SimEngine.Nodes.QueueNode::.ctor(SimEngine.Core.SimulationEngineAPI,System.String,System.Int32,System.Int32,System.Func`1<System.Double>,System.Func`1<System.Double>)
DA:12,0
DA:13,0
DA:19,0
DA:20,0
DA:21,0
DA:22,0
DA:23,0
DA:24,0
DA:25,0
BRDA:23,45,0,0
BRDA:23,45,1,0
LF:90
LH:0
BRF:42
BRH:0
FNF:8
FNH:0
end_of_record
SF:/home/vorherre/Documents/AQL/Engine/Library/Nodes/RouterNode.cs
FN:6,SimEngine.Core.Simulation SimEngine.Nodes.RouterNode::get_Simulation()
FNDA:0,SimEngine.Core.Simulation SimEngine.Nodes.RouterNode::get_Simulation()
DA:7,0
FN:15,System.Void SimEngine.Nodes.RouterNode::Route(SimEngine.Core.Entity)
FNDA:0,System.Void SimEngine.Nodes.RouterNode::Route(SimEngine.Core.Entity)
DA:16,0
DA:17,0
DA:18,0
DA:21,0
DA:22,0
DA:23,0
DA:24,0
DA:25,0
DA:26,0
DA:27,0
DA:28,0
DA:29,0
DA:30,0
DA:31,0
DA:32,0
DA:34,0
DA:35,0
DA:37,0
DA:38,0
DA:40,0
BRDA:17,39,0,0
BRDA:17,39,1,0
BRDA:22,112,0,0
BRDA:26,227,1,0
BRDA:29,206,0,0
BRDA:29,206,1,0
BRDA:26,227,0,0
BRDA:22,112,1,0
BRDA:37,260,0,0
BRDA:37,260,1,0
FN:42,System.Void SimEngine.Nodes.RouterNode::RouteTo(SimEngine.Nodes.Node,SimEngine.Core.Entity)
FNDA:0,System.Void SimEngine.Nodes.RouterNode::RouteTo(SimEngine.Nodes.Node,SimEngine.Core.Entity)
DA:43,0
DA:44,0
DA:46,0
DA:47,0
DA:48,0
DA:50,0
DA:51,0
DA:52,0
DA:53,0
DA:54,0
BRDA:44,9,1,0
BRDA:47,33,0,0
BRDA:47,33,1,0
BRDA:50,85,0,0
BRDA:50,85,1,0
BRDA:52,114,0,0
BRDA:44,9,0,0
BRDA:52,114,1,0
FN:9,System.Void SimEngine.Nodes.RouterNode::.ctor(SimEngine.Core.SimulationEngineAPI,System.String)
FNDA:0,System.Void SimEngine.Nodes.RouterNode::.ctor(SimEngine.Core.SimulationEngineAPI,System.String)
DA:10,0
DA:11,0
DA:12,0
DA:13,0
LF:35
LH:0
BRF:18
BRH:0
FNF:4
FNH:0
end_of_record
SF:/home/vorherre/Documents/AQL/Engine/Library/Networks/NetworkDefinition.cs
FN:8,System.String SimEngine.Networks.NetworkDefinition::get_Name()
FNDA:0,System.String SimEngine.Networks.NetworkDefinition::get_Name()
DA:9,0
FN:9,SimEngine.Networks.NetworkDefinition SimEngine.Networks.NetworkDefinition::get_Parent()
FNDA:0,SimEngine.Networks.NetworkDefinition SimEngine.Networks.NetworkDefinition::get_Parent()
DA:10,0
FN:11,System.Collections.Generic.List`1<System.ValueTuple`4<System.String,System.Int32,System.Int32,System.Func`1<System.Double>>> SimEngine.Networks.NetworkDefinition::get_Queues()
FNDA:0,System.Collections.Generic.List`1<System.ValueTuple`4<System.String,System.Int32,System.Int32,System.Func`1<System.Double>>> SimEngine.Networks.NetworkDefinition::get_Queues()
DA:12,0
FN:12,System.Collections.Generic.List`1<System.ValueTuple`3<System.String,System.String,System.Double>> SimEngine.Networks.NetworkDefinition::get_Routes()
FNDA:0,System.Collections.Generic.List`1<System.ValueTuple`3<System.String,System.String,System.Double>> SimEngine.Networks.NetworkDefinition::get_Routes()
DA:13,0
FN:13,System.Collections.Generic.List`1<System.String> SimEngine.Networks.NetworkDefinition::get_RouterEntries()
FNDA:0,System.Collections.Generic.List`1<System.String> SimEngine.Networks.NetworkDefinition::get_RouterEntries()
DA:14,0
FN:14,System.Collections.Generic.List`1<System.String> SimEngine.Networks.NetworkDefinition::get_RouterExits()
FNDA:0,System.Collections.Generic.List`1<System.String> SimEngine.Networks.NetworkDefinition::get_RouterExits()
DA:15,0
FN:15,System.Collections.Generic.List`1<SimEngine.Networks.NetworkDefinition> SimEngine.Networks.NetworkDefinition::get_SubNetworks()
FNDA:0,System.Collections.Generic.List`1<SimEngine.Networks.NetworkDefinition> SimEngine.Networks.NetworkDefinition::get_SubNetworks()
DA:16,0
FN:16,System.Collections.Generic.List`1<System.ValueTuple`2<System.String,System.Func`1<System.Double>>> SimEngine.Networks.NetworkDefinition::get_Dispatchers()
FNDA:0,System.Collections.Generic.List`1<System.ValueTuple`2<System.String,System.Func`1<System.Double>>> SimEngine.Networks.NetworkDefinition::get_Dispatchers()
DA:17,0
FN:19,System.Void SimEngine.Networks.NetworkDefinition::AddQueue(System.String,System.Int32,System.Int32,System.Func`1<System.Double>)
FNDA:0,System.Void SimEngine.Networks.NetworkDefinition::AddQueue(System.String,System.Int32,System.Int32,System.Func`1<System.Double>)
DA:20,0
FN:22,System.Void SimEngine.Networks.NetworkDefinition::AddDispatcher(System.String,System.Func`1<System.Double>)
FNDA:0,System.Void SimEngine.Networks.NetworkDefinition::AddDispatcher(System.String,System.Func`1<System.Double>)
DA:23,0
FN:25,System.Void SimEngine.Networks.NetworkDefinition::Connect(System.String,System.String,System.Double)
FNDA:0,System.Void SimEngine.Networks.NetworkDefinition::Connect(System.String,System.String,System.Double)
DA:26,0
FN:28,System.Void SimEngine.Networks.NetworkDefinition::AddEntryPoint(System.String)
FNDA:0,System.Void SimEngine.Networks.NetworkDefinition::AddEntryPoint(System.String)
DA:29,0
FN:31,System.Void SimEngine.Networks.NetworkDefinition::AddExitPoint(System.String)
FNDA:0,System.Void SimEngine.Networks.NetworkDefinition::AddExitPoint(System.String)
DA:32,0
FN:34,System.Void SimEngine.Networks.NetworkDefinition::AddSubNetwork(SimEngine.Networks.NetworkDefinition)
FNDA:0,System.Void SimEngine.Networks.NetworkDefinition::AddSubNetwork(SimEngine.Networks.NetworkDefinition)
DA:35,0
FN:37,System.String SimEngine.Networks.NetworkDefinition::get_FullName()
FNDA:0,System.String SimEngine.Networks.NetworkDefinition::get_FullName()
DA:38,0
DA:39,0
DA:40,0
BRDA:38,6,0,0
BRDA:38,6,1,0
FN:6,System.Void SimEngine.Networks.NetworkDefinition::.ctor(SimEngine.Networks.NetworkDefinition)
FNDA:0,System.Void SimEngine.Networks.NetworkDefinition::.ctor(SimEngine.Networks.NetworkDefinition)
DA:7,0
LF:18
LH:0
BRF:2
BRH:0
FNF:16
FNH:0
end_of_record
SF:/home/vorherre/Documents/AQL/Engine/Library/Networks/NetworkRegistry.cs
FN:7,System.String SimEngine.Networks.NetworkStats::get_Name()
FNDA:0,System.String SimEngine.Networks.NetworkStats::get_Name()
DA:8,0
FN:16,System.Void SimEngine.Networks.NetworkStats::RegisterQueue(SimEngine.Nodes.QueueNode)
FNDA:0,System.Void SimEngine.Networks.NetworkStats::RegisterQueue(SimEngine.Nodes.QueueNode)
DA:17,0
FN:19,System.Void SimEngine.Networks.NetworkStats::RecordEntry(SimEngine.Core.Entity,System.Double)
FNDA:0,System.Void SimEngine.Networks.NetworkStats::RecordEntry(SimEngine.Core.Entity,System.Double)
DA:20,0
DA:21,0
DA:22,0
FN:24,System.Void SimEngine.Networks.NetworkStats::RecordExit(SimEngine.Core.Entity,System.Double)
FNDA:0,System.Void SimEngine.Networks.NetworkStats::RecordExit(SimEngine.Core.Entity,System.Double)
DA:25,0
DA:26,0
DA:27,0
FN:8,System.Void SimEngine.Networks.NetworkStats::.ctor(System.String)
FNDA:0,System.Void SimEngine.Networks.NetworkStats::.ctor(System.String)
DA:9,0
DA:11,0
DA:12,0
DA:13,0
DA:14,0
DA:16,0
LF:14
LH:0
BRF:0
BRH:0
FNF:5
FNH:0
end_of_record
SF:/home/vorherre/Documents/AQL/Engine/Library/Metrics/MetricsPrinter.cs
FN:7,System.Void SimEngine.Metrics.MetricsPrinter::Print(SimEngine.Metrics.SimulationStats)
FNDA:0,System.Void SimEngine.Metrics.MetricsPrinter::Print(SimEngine.Metrics.SimulationStats)
DA:8,0
DA:9,0
DA:10,0
DA:11,0
DA:12,0
DA:13,0
DA:15,0
DA:16,0
DA:17,0
DA:18,0
DA:19,0
DA:20,0
DA:22,0
DA:23,0
DA:24,0
DA:25,0
DA:26,0
DA:27,0
DA:28,0
DA:29,0
DA:30,0
DA:31,0
DA:32,0
DA:33,0
DA:34,0
DA:36,0
DA:37,0
DA:38,0
DA:39,0
DA:40,0
DA:41,0
DA:42,0
DA:43,0
DA:44,0
BRDA:16,949,1,0
BRDA:18,280,0,0
BRDA:18,280,1,0
BRDA:16,949,0,0
BRDA:37,1229,1,0
BRDA:37,1229,0,0
LF:34
LH:0
BRF:6
BRH:0
FNF:1
FNH:0
end_of_record
SF:/home/vorherre/Documents/AQL/Engine/Library/Metrics/NetworkRuntimeStats.cs
FN:9,System.String SimEngine.Metrics.NetworkRuntimeStats::get_Name()
FNDA:0,System.String SimEngine.Metrics.NetworkRuntimeStats::get_Name()
DA:10,0
FN:10,System.Collections.Generic.List`1<System.Double> SimEngine.Metrics.NetworkRuntimeStats::get_RespondTimes()
FNDA:0,System.Collections.Generic.List`1<System.Double> SimEngine.Metrics.NetworkRuntimeStats::get_RespondTimes()
DA:11,0
FN:13,System.Void SimEngine.Metrics.NetworkRuntimeStats::AddRespondTime(System.Double)
FNDA:0,System.Void SimEngine.Metrics.NetworkRuntimeStats::AddRespondTime(System.Double)
DA:14,0
DA:15,0
DA:16,0
FN:17,System.Double SimEngine.Metrics.NetworkRuntimeStats::get_MeanRespondTime()
FNDA:0,System.Double SimEngine.Metrics.NetworkRuntimeStats::get_MeanRespondTime()
DA:18,0
BRDA:18,12,0,0
BRDA:18,12,1,0
FN:21,System.Double SimEngine.Metrics.NetworkRuntimeStats::get_VarianceRespondTime()
FNDA:0,System.Double SimEngine.Metrics.NetworkRuntimeStats::get_VarianceRespondTime()
DA:22,0
DA:23,0
DA:24,0
DA:25,0
DA:26,0
BRDA:23,23,0,0
BRDA:23,23,1,0
FN:29,System.Double SimEngine.Metrics.NetworkRuntimeStats::TailProbability(System.Double)
FNDA:0,System.Double SimEngine.Metrics.NetworkRuntimeStats::TailProbability(System.Double)
DA:30,0
DA:31,0
DA:32,0
DA:33,0
BRDA:31,30,0,0
BRDA:31,30,1,0
LF:15
LH:0
BRF:6
BRH:0
FNF:6
FNH:0
end_of_record
SF:/home/vorherre/Documents/AQL/Engine/Library/Metrics/QueueRuntimeStats.cs
FN:4,System.String SimEngine.Metrics.QueueRuntimeStats::get_Name()
FNDA:0,System.String SimEngine.Metrics.QueueRuntimeStats::get_Name()
DA:5,0
FN:5,System.Int32 SimEngine.Metrics.QueueRuntimeStats::get_TotalArrived()
FNDA:0,System.Int32 SimEngine.Metrics.QueueRuntimeStats::get_TotalArrived()
DA:6,0
FN:6,System.Int32 SimEngine.Metrics.QueueRuntimeStats::get_TotalServed()
FNDA:0,System.Int32 SimEngine.Metrics.QueueRuntimeStats::get_TotalServed()
DA:7,0
FN:7,System.Int32 SimEngine.Metrics.QueueRuntimeStats::get_DroppedEntities()
FNDA:0,System.Int32 SimEngine.Metrics.QueueRuntimeStats::get_DroppedEntities()
DA:8,0
FN:8,System.Double SimEngine.Metrics.QueueRuntimeStats::get_TotalWaitingTime()
FNDA:0,System.Double SimEngine.Metrics.QueueRuntimeStats::get_TotalWaitingTime()
DA:9,0
FN:9,System.Double SimEngine.Metrics.QueueRuntimeStats::get_TotalServiceTime()
FNDA:0,System.Double SimEngine.Metrics.QueueRuntimeStats::get_TotalServiceTime()
DA:10,0
FN:10,System.Double SimEngine.Metrics.QueueRuntimeStats::get_TotalBusyTime()
FNDA:0,System.Double SimEngine.Metrics.QueueRuntimeStats::get_TotalBusyTime()
DA:11,0
FN:11,System.Int32 SimEngine.Metrics.QueueRuntimeStats::get_ServerCount()
FNDA:0,System.Int32 SimEngine.Metrics.QueueRuntimeStats::get_ServerCount()
DA:12,0
FN:12,System.Double SimEngine.Metrics.QueueRuntimeStats::get_SimulationTimePerRun()
FNDA:0,System.Double SimEngine.Metrics.QueueRuntimeStats::get_SimulationTimePerRun()
DA:13,0
FN:13,System.Int32 SimEngine.Metrics.QueueRuntimeStats::get_RunCount()
FNDA:0,System.Int32 SimEngine.Metrics.QueueRuntimeStats::get_RunCount()
DA:14,0
FN:15,System.Void SimEngine.Metrics.QueueRuntimeStats::AddArrival()
FNDA:0,System.Void SimEngine.Metrics.QueueRuntimeStats::AddArrival()
DA:16,0
FN:17,System.Void SimEngine.Metrics.QueueRuntimeStats::AddServed(System.Double,System.Double)
FNDA:0,System.Void SimEngine.Metrics.QueueRuntimeStats::AddServed(System.Double,System.Double)
DA:18,0
DA:19,0
DA:20,0
DA:21,0
DA:22,0
FN:22,System.Void SimEngine.Metrics.QueueRuntimeStats::AddBusyTime(System.Double)
FNDA:0,System.Void SimEngine.Metrics.QueueRuntimeStats::AddBusyTime(System.Double)
DA:23,0
FN:23,System.Void SimEngine.Metrics.QueueRuntimeStats::IncrementRun()
FNDA:0,System.Void SimEngine.Metrics.QueueRuntimeStats::IncrementRun()
DA:24,0
FN:24,System.Void SimEngine.Metrics.QueueRuntimeStats::AddDropped()
FNDA:0,System.Void SimEngine.Metrics.QueueRuntimeStats::AddDropped()
DA:25,0
FN:26,System.Double SimEngine.Metrics.QueueRuntimeStats::get_AvgWaitTime()
FNDA:0,System.Double SimEngine.Metrics.QueueRuntimeStats::get_AvgWaitTime()
DA:27,0
BRDA:27,7,0,0
BRDA:27,7,1,0
FN:27,System.Double SimEngine.Metrics.QueueRuntimeStats::get_AvgServiceTime()
FNDA:0,System.Double SimEngine.Metrics.QueueRuntimeStats::get_AvgServiceTime()
DA:28,0
BRDA:28,7,0,0
BRDA:28,7,1,0
FN:28,System.Double SimEngine.Metrics.QueueRuntimeStats::get_Utilization()
FNDA:0,System.Double SimEngine.Metrics.QueueRuntimeStats::get_Utilization()
DA:29,0
BRDA:29,31,0,0
BRDA:29,31,1,0
FN:29,System.Double SimEngine.Metrics.QueueRuntimeStats::get_Throughput()
FNDA:0,System.Double SimEngine.Metrics.QueueRuntimeStats::get_Throughput()
DA:30,0
BRDA:30,7,0,0
BRDA:30,7,1,0
FN:30,System.Double SimEngine.Metrics.QueueRuntimeStats::get_DropRate()
FNDA:0,System.Double SimEngine.Metrics.QueueRuntimeStats::get_DropRate()
DA:31,0
BRDA:31,7,0,0
BRDA:31,7,1,0
LF:24
LH:0
BRF:10
BRH:0
FNF:20
FNH:0
end_of_record
SF:/home/vorherre/Documents/AQL/Engine/Library/Metrics/SimulationStats.cs
FN:7,System.Double SimEngine.Metrics.SimulationStats::get_TotalSimulationTime()
FNDA:0,System.Double SimEngine.Metrics.SimulationStats::get_TotalSimulationTime()
DA:8,0
FN:8,System.Int32 SimEngine.Metrics.SimulationStats::get_TotalEntitiesCreated()
FNDA:0,System.Int32 SimEngine.Metrics.SimulationStats::get_TotalEntitiesCreated()
DA:9,0
FN:9,System.Collections.Generic.List`1<SimEngine.Metrics.NetworkRuntimeStats> SimEngine.Metrics.SimulationStats::get_NetworkStats()
FNDA:0,System.Collections.Generic.List`1<SimEngine.Metrics.NetworkRuntimeStats> SimEngine.Metrics.SimulationStats::get_NetworkStats()
DA:10,0
FN:10,System.Collections.Generic.List`1<SimEngine.Metrics.QueueRuntimeStats> SimEngine.Metrics.SimulationStats::get_QueueStats()
FNDA:0,System.Collections.Generic.List`1<SimEngine.Metrics.QueueRuntimeStats> SimEngine.Metrics.SimulationStats::get_QueueStats()
DA:11,0
FN:13,System.Void SimEngine.Metrics.SimulationStats::AddEntityCreated()
FNDA:0,System.Void SimEngine.Metrics.SimulationStats::AddEntityCreated()
DA:14,0
FN:16,System.Void SimEngine.Metrics.SimulationStats::AddSimulationRunTime(System.Double)
FNDA:0,System.Void SimEngine.Metrics.SimulationStats::AddSimulationRunTime(System.Double)
DA:17,0
DA:18,0
DA:19,0
DA:20,0
FN:21,System.Collections.Generic.IReadOnlyList`1<System.Double> SimEngine.Metrics.SimulationStats::get_SimulationRunTimes()
FNDA:0,System.Collections.Generic.IReadOnlyList`1<System.Double> SimEngine.Metrics.SimulationStats::get_SimulationRunTimes()
DA:22,0
FN:22,System.Int32 SimEngine.Metrics.SimulationStats::get_RunCount()
FNDA:0,System.Int32 SimEngine.Metrics.SimulationStats::get_RunCount()
DA:23,0
FN:24,System.Double SimEngine.Metrics.SimulationStats::get_ArrivalRate()
FNDA:0,System.Double SimEngine.Metrics.SimulationStats::get_ArrivalRate()
DA:25,0
BRDA:25,15,0,0
BRDA:25,15,1,0
FN:25,System.Double SimEngine.Metrics.SimulationStats::get_MeanInterarrivalTime()
FNDA:0,System.Double SimEngine.Metrics.SimulationStats::get_MeanInterarrivalTime()
DA:26,0
BRDA:26,15,0,0
BRDA:26,15,1,0
FN:11,System.Void SimEngine.Metrics.SimulationStats::.ctor()
FNDA:0,System.Void SimEngine.Metrics.SimulationStats::.ctor()
DA:12,0
LF:14
LH:0
BRF:4
BRH:0
FNF:11
FNH:0
end_of_record
SF:/home/vorherre/Documents/AQL/Engine/Library/Core/Entity.cs
FN:7,System.Double SimEngine.Core.Entity::get_ArrivalTime()
FNDA:0,System.Double SimEngine.Core.Entity::get_ArrivalTime()
DA:8,0
FN:9,System.Collections.Generic.List`1<System.Double> SimEngine.Core.Entity::get_WaitingTimesInQueues()
FNDA:0,System.Collections.Generic.List`1<System.Double> SimEngine.Core.Entity::get_WaitingTimesInQueues()
DA:10,0
FN:10,System.Collections.Generic.List`1<System.Double> SimEngine.Core.Entity::get_ServiceTimesInQueues()
FNDA:0,System.Collections.Generic.List`1<System.Double> SimEngine.Core.Entity::get_ServiceTimesInQueues()
DA:11,0
FN:11,System.Double SimEngine.Core.Entity::get_DepartureTime()
FNDA:0,System.Double SimEngine.Core.Entity::get_DepartureTime()
DA:12,0
FN:12,System.Double SimEngine.Core.Entity::get_TotalWaitingTime()
FNDA:0,System.Double SimEngine.Core.Entity::get_TotalWaitingTime()
DA:13,0
FN:13,System.Double SimEngine.Core.Entity::get_TotalServiceTime()
FNDA:0,System.Double SimEngine.Core.Entity::get_TotalServiceTime()
DA:14,0
FN:14,System.Double SimEngine.Core.Entity::get_TotalTime()
FNDA:0,System.Double SimEngine.Core.Entity::get_TotalTime()
DA:15,0
FN:15,System.Collections.Generic.Stack`1<System.String> SimEngine.Core.Entity::get_NetworkStack()
FNDA:0,System.Collections.Generic.Stack`1<System.String> SimEngine.Core.Entity::get_NetworkStack()
DA:16,0
FN:16,System.Collections.Generic.Dictionary`2<System.String,System.Double> SimEngine.Core.Entity::get_NetworkEntryTimes()
FNDA:0,System.Collections.Generic.Dictionary`2<System.String,System.Double> SimEngine.Core.Entity::get_NetworkEntryTimes()
DA:17,0
FN:19,System.Void SimEngine.Core.Entity::.ctor(System.Double)
FNDA:0,System.Void SimEngine.Core.Entity::.ctor(System.Double)
DA:20,0
DA:21,0
DA:22,0
DA:23,0
DA:24,0
LF:14
LH:0
BRF:0
BRH:0
FNF:10
FNH:0
end_of_record
SF:/home/vorherre/Documents/AQL/Engine/Library/Core/Event.cs
FN:6,System.Double SimEngine.Core.Event::get_Time()
FNDA:0,System.Double SimEngine.Core.Event::get_Time()
DA:7,0
FN:7,System.Action SimEngine.Core.Event::get_Action()
FNDA:0,System.Action SimEngine.Core.Event::get_Action()
DA:8,0
FN:9,System.Void SimEngine.Core.Event::.ctor(System.Double,System.Action)
FNDA:0,System.Void SimEngine.Core.Event::.ctor(System.Double,System.Action)
DA:10,0
DA:11,0
DA:12,0
DA:13,0
DA:14,0
LF:7
LH:0
BRF:0
BRH:0
FNF:3
FNH:0
end_of_record
SF:/home/vorherre/Documents/AQL/Engine/Library/Core/Simulation.cs
FN:11,System.Double SimEngine.Core.Simulation::get_Now()
FNDA:0,System.Double SimEngine.Core.Simulation::get_Now()
DA:12,0
FN:14,System.Void SimEngine.Core.Simulation::Schedule(System.Double,System.Action)
FNDA:0,System.Void SimEngine.Core.Simulation::Schedule(System.Double,System.Action)
DA:15,0
DA:16,0
DA:17,0
DA:18,0
FN:20,System.Void SimEngine.Core.Simulation::Run(System.Double)
FNDA:0,System.Void SimEngine.Core.Simulation::Run(System.Double)
DA:21,0
DA:22,0
DA:23,0
DA:24,0
DA:25,0
DA:26,0
DA:27,0
DA:28,0
DA:29,0
DA:31,0
DA:32,0
DA:33,0
DA:34,0
DA:35,0
DA:36,0
DA:37,0
DA:38,0
DA:39,0
BRDA:23,257,1,0
BRDA:26,36,1,0
BRDA:32,111,0,0
BRDA:35,202,0,0
BRDA:35,202,1,0
BRDA:32,111,1,0
BRDA:26,36,0,0
BRDA:23,257,0,0
FN:8,System.Void SimEngine.Core.Simulation::.ctor()
FNDA:0,System.Void SimEngine.Core.Simulation::.ctor()
DA:9,0
DA:10,0
DA:11,0
LF:26
LH:0
BRF:8
BRH:0
FNF:4
FNH:0
end_of_record
SF:/home/vorherre/Documents/AQL/Engine/Library/Core/SimulationEngineAPI.cs
FN:14,System.Random SimEngine.Core.SimulationEngineAPI::get_RandomGenerator()
FNDA:0,System.Random SimEngine.Core.SimulationEngineAPI::get_RandomGenerator()
DA:15,0
FN:24,SimEngine.Metrics.SimulationStats SimEngine.Core.SimulationEngineAPI::get_Stats()
FNDA:0,SimEngine.Metrics.SimulationStats SimEngine.Core.SimulationEngineAPI::get_Stats()
DA:25,0
FN:26,SimEngine.Nodes.QueueNode SimEngine.Core.SimulationEngineAPI::GetQueueNode(System.String)
FNDA:0,SimEngine.Nodes.QueueNode SimEngine.Core.SimulationEngineAPI::GetQueueNode(System.String)
DA:27,0
FN:28,System.Void SimEngine.Core.SimulationEngineAPI::PrintMetric(SimEngine.Metrics.SimulationStats)
FNDA:0,System.Void SimEngine.Core.SimulationEngineAPI::PrintMetric(SimEngine.Metrics.SimulationStats)
DA:29,0
FN:31,System.Void SimEngine.Core.SimulationEngineAPI::SetSimulationParameters(System.Double,System.Int32)
FNDA:0,System.Void SimEngine.Core.SimulationEngineAPI::SetSimulationParameters(System.Double,System.Int32)
DA:32,0
DA:33,0
DA:34,0
DA:35,0
FN:37,System.Void SimEngine.Core.SimulationEngineAPI::SetSeed(System.Int32)
FNDA:0,System.Void SimEngine.Core.SimulationEngineAPI::SetSeed(System.Int32)
DA:38,0
DA:39,0
DA:40,0
FN:42,System.Void SimEngine.Core.SimulationEngineAPI::CreateNetwork(SimEngine.Networks.NetworkDefinition,System.String)
FNDA:0,System.Void SimEngine.Core.SimulationEngineAPI::CreateNetwork(SimEngine.Networks.NetworkDefinition,System.String)
DA:43,0
DA:44,0
DA:47,0
DA:48,0
DA:49,0
DA:50,0
DA:53,0
DA:54,0
DA:55,0
DA:56,0
DA:57,0
DA:58,0
DA:61,0
DA:62,0
DA:63,0
DA:64,0
DA:65,0
DA:68,0
DA:69,0
DA:70,0
DA:71,0
DA:74,0
DA:75,0
DA:76,0
DA:77,0
DA:78,0
DA:79,0
DA:80,0
DA:82,0
BRDA:47,107,1,0
BRDA:47,107,0,0
BRDA:53,206,1,0
BRDA:53,206,0,0
BRDA:61,317,1,0
BRDA:61,317,0,0
BRDA:68,412,1,0
BRDA:70,371,0,0
BRDA:70,371,1,0
BRDA:68,412,0,0
BRDA:74,626,1,0
BRDA:74,626,0,0
FN:84,System.String SimEngine.Core.SimulationEngineAPI::Qualify(System.String,System.String)
FNDA:0,System.String SimEngine.Core.SimulationEngineAPI::Qualify(System.String,System.String)
DA:85,0
DA:87,0
DA:90,0
DA:92,0
DA:93,0
BRDA:87,20,0,0
BRDA:87,20,1,0
BRDA:90,38,0,0
BRDA:90,38,1,0
BRDA:90,52,0,0
BRDA:90,52,1,0
BRDA:92,64,0,0
BRDA:92,64,1,0
FN:95,System.Void SimEngine.Core.SimulationEngineAPI::CreateDispatcherNode(System.String,System.Func`1<System.Double>)
FNDA:0,System.Void SimEngine.Core.SimulationEngineAPI::CreateDispatcherNode(System.String,System.Func`1<System.Double>)
DA:96,0
DA:97,0
DA:98,0
DA:99,0
DA:100,0
FN:102,System.Void SimEngine.Core.SimulationEngineAPI::CreateQueueNode(System.String,System.Int32,System.Int32,System.Func`1<System.Double>,System.Func`1<System.Double>)
FNDA:0,System.Void SimEngine.Core.SimulationEngineAPI::CreateQueueNode(System.String,System.Int32,System.Int32,System.Func`1<System.Double>,System.Func`1<System.Double>)
DA:103,0
DA:104,0
DA:105,0
DA:106,0
DA:107,0
DA:108,0
FN:110,System.Void SimEngine.Core.SimulationEngineAPI::ConnectNode(System.String,System.String,System.Double)
FNDA:0,System.Void SimEngine.Core.SimulationEngineAPI::ConnectNode(System.String,System.String,System.Double)
DA:111,0
DA:112,0
DA:113,0
DA:115,0
DA:116,0
DA:117,0
DA:119,0
DA:120,0
DA:121,0
DA:122,0
DA:123,0
DA:124,0
DA:125,0
DA:126,0
DA:127,0
DA:129,0
DA:130,0
DA:131,0
DA:132,0
BRDA:112,20,0,0
BRDA:112,20,1,0
BRDA:115,63,0,0
BRDA:115,63,1,0
BRDA:117,99,0,0
BRDA:117,99,1,0
BRDA:119,139,0,0
BRDA:119,139,1,0
BRDA:119,160,0,0
BRDA:122,211,0,0
BRDA:122,211,1,0
BRDA:119,160,1,0
BRDA:124,249,0,0
BRDA:124,249,1,0
FN:134,System.Void SimEngine.Core.SimulationEngineAPI::RecordNetworkEntry(SimEngine.Core.Entity,System.String,System.Double)
FNDA:0,System.Void SimEngine.Core.SimulationEngineAPI::RecordNetworkEntry(SimEngine.Core.Entity,System.String,System.Double)
DA:135,0
DA:136,0
DA:137,0
DA:139,0
DA:140,0
DA:142,0
DA:147,0
DA:148,0
DA:149,0
DA:150,0
DA:151,0
DA:153,0
DA:154,0
DA:155,0
BRDA:136,18,1,0
BRDA:139,36,1,0
BRDA:147,72,0,0
BRDA:147,72,1,0
BRDA:136,18,0,0
BRDA:139,36,0,0
FN:157,System.Void SimEngine.Core.SimulationEngineAPI::RecordNetworkExit(SimEngine.Core.Entity,System.String,System.Double)
FNDA:0,System.Void SimEngine.Core.SimulationEngineAPI::RecordNetworkExit(SimEngine.Core.Entity,System.String,System.Double)
DA:158,0
DA:159,0
DA:160,0
DA:162,0
DA:163,0
DA:167,0
DA:168,0
DA:169,0
DA:171,0
DA:172,0
DA:173,0
DA:174,0
DA:175,0
DA:176,0
DA:177,0
DA:178,0
DA:180,0
DA:181,0
DA:182,0
DA:183,0
BRDA:159,36,1,0
BRDA:162,56,0,0
BRDA:162,56,1,0
BRDA:162,77,1,0
BRDA:171,173,0,0
BRDA:174,215,0,0
BRDA:174,215,1,0
BRDA:159,36,0,0
BRDA:162,77,0,0
BRDA:171,173,1,0
FN:185,System.Void SimEngine.Core.SimulationEngineAPI::TransitionNetwork(SimEngine.Core.Entity,System.String,System.String,System.Double)
FNDA:0,System.Void SimEngine.Core.SimulationEngineAPI::TransitionNetwork(SimEngine.Core.Entity,System.String,System.String,System.Double)
DA:186,0
DA:187,0
DA:188,0
DA:189,0
DA:190,0
DA:191,0
DA:192,0
DA:193,0
DA:196,0
DA:197,0
DA:198,0
DA:199,0
DA:200,0
DA:202,0
DA:203,0
BRDA:187,18,0,0
BRDA:189,36,0,0
BRDA:187,18,1,0
BRDA:196,68,0,0
BRDA:196,68,1,0
BRDA:196,87,0,0
BRDA:196,87,1,0
BRDA:189,36,1,0
FN:205,System.Void SimEngine.Core.SimulationEngineAPI::RunSimulation()
FNDA:0,System.Void SimEngine.Core.SimulationEngineAPI::RunSimulation()
DA:206,0
DA:207,0
DA:209,0
DA:210,0
DA:211,0
DA:212,0
DA:213,0
DA:215,0
DA:217,0
DA:218,0
DA:219,0
DA:220,0
DA:221,0
DA:222,0
DA:223,0
DA:224,0
DA:225,0
DA:227,0
DA:228,0
DA:229,0
DA:230,0
DA:231,0
DA:232,0
DA:233,0
DA:235,0
DA:236,0
DA:238,0
DA:239,0
DA:241,0
DA:242,0
DA:243,0
DA:244,0
DA:245,0
DA:246,0
BRDA:209,195,1,0
BRDA:212,76,0,0
BRDA:212,76,1,0
BRDA:209,195,0,0
BRDA:227,447,1,0
BRDA:235,299,1,0
BRDA:235,299,0,0
BRDA:241,407,1,0
BRDA:241,407,0,0
BRDA:227,447,0,0
FN:247,SimEngine.Metrics.SimulationStats SimEngine.Core.SimulationEngineAPI::GetSimulationStats()
FNDA:0,SimEngine.Metrics.SimulationStats SimEngine.Core.SimulationEngineAPI::GetSimulationStats()
DA:248,0
FN:249,System.Collections.Generic.List`1<SimEngine.Core.Entity> SimEngine.Core.SimulationEngineAPI::GetEntities()
FNDA:0,System.Collections.Generic.List`1<SimEngine.Core.Entity> SimEngine.Core.SimulationEngineAPI::GetEntities()
DA:250,0
FN:252,System.Void SimEngine.Core.SimulationEngineAPI::RegisterEntity(SimEngine.Core.Entity)
FNDA:0,System.Void SimEngine.Core.SimulationEngineAPI::RegisterEntity(SimEngine.Core.Entity)
DA:253,0
DA:254,0
DA:255,0
DA:256,0
FN:258,System.Void SimEngine.Core.SimulationEngineAPI::SafePopAndRestore(SimEngine.Core.Entity,System.Double)
FNDA:0,System.Void SimEngine.Core.SimulationEngineAPI::SafePopAndRestore(SimEngine.Core.Entity,System.Double)
DA:259,0
DA:260,0
DA:261,0
DA:263,0
DA:265,0
DA:266,0
DA:267,0
DA:268,0
DA:269,0
BRDA:260,17,1,0
BRDA:265,46,0,0
BRDA:265,46,1,0
BRDA:265,65,0,0
BRDA:260,17,0,0
BRDA:265,65,1,0
FN:13,System.Void SimEngine.Core.SimulationEngineAPI::.ctor()
FNDA:0,System.Void SimEngine.Core.SimulationEngineAPI::.ctor()
DA:14,0
DA:16,0
DA:17,0
DA:18,0
DA:19,0
DA:20,0
DA:21,0
DA:22,0
DA:23,0
DA:24,0
LF:183
LH:0
BRF:74
BRH:0
FNF:20
FNH:0
end_of_record
SF:/home/vorherre/Documents/AQL/Interpreter/AQLBaseVisitor.cs
FN:45,Result AQLBaseVisitor`1::VisitProgramEOF(AQLParser/ProgramEOFContext)
FNDA:0,Result AQLBaseVisitor`1::VisitProgramEOF(AQLParser/ProgramEOFContext)
DA:46,0
FN:55,Result AQLBaseVisitor`1::VisitProgram(AQLParser/ProgramContext)
FNDA:0,Result AQLBaseVisitor`1::VisitProgram(AQLParser/ProgramContext)
DA:56,0
FN:65,Result AQLBaseVisitor`1::VisitImportStatement(AQLParser/ImportStatementContext)
FNDA:0,Result AQLBaseVisitor`1::VisitImportStatement(AQLParser/ImportStatementContext)
DA:66,0
FN:75,Result AQLBaseVisitor`1::VisitDefinition(AQLParser/DefinitionContext)
FNDA:0,Result AQLBaseVisitor`1::VisitDefinition(AQLParser/DefinitionContext)
DA:76,0
FN:85,Result AQLBaseVisitor`1::VisitFunctionDefinition(AQLParser/FunctionDefinitionContext)
FNDA:0,Result AQLBaseVisitor`1::VisitFunctionDefinition(AQLParser/FunctionDefinitionContext)
DA:86,0
FN:95,Result AQLBaseVisitor`1::VisitConstDefinition(AQLParser/ConstDefinitionContext)
FNDA:0,Result AQLBaseVisitor`1::VisitConstDefinition(AQLParser/ConstDefinitionContext)
DA:96,0
FN:105,Result AQLBaseVisitor`1::VisitFormalParameterList(AQLParser/FormalParameterListContext)
FNDA:0,Result AQLBaseVisitor`1::VisitFormalParameterList(AQLParser/FormalParameterListContext)
DA:106,0
FN:115,Result AQLBaseVisitor`1::VisitNetworks(AQLParser/NetworksContext)
FNDA:0,Result AQLBaseVisitor`1::VisitNetworks(AQLParser/NetworksContext)
DA:116,0
FN:125,Result AQLBaseVisitor`1::VisitQueueDefinition(AQLParser/QueueDefinitionContext)
FNDA:0,Result AQLBaseVisitor`1::VisitQueueDefinition(AQLParser/QueueDefinitionContext)
DA:126,0
FN:135,Result AQLBaseVisitor`1::VisitNetworkDefinition(AQLParser/NetworkDefinitionContext)
FNDA:0,Result AQLBaseVisitor`1::VisitNetworkDefinition(AQLParser/NetworkDefinitionContext)
DA:136,0
FN:145,Result AQLBaseVisitor`1::VisitNetworkExpression(AQLParser/NetworkExpressionContext)
FNDA:0,Result AQLBaseVisitor`1::VisitNetworkExpression(AQLParser/NetworkExpressionContext)
DA:146,0
FN:155,Result AQLBaseVisitor`1::VisitInputOutputNetworkExpression(AQLParser/InputOutputNetworkExpressionContext)
FNDA:0,Result AQLBaseVisitor`1::VisitInputOutputNetworkExpression(AQLParser/InputOutputNetworkExpressionContext)
DA:156,0
FN:165,Result AQLBaseVisitor`1::VisitInstanceNetworkExpression(AQLParser/InstanceNetworkExpressionContext)
FNDA:0,Result AQLBaseVisitor`1::VisitInstanceNetworkExpression(AQLParser/InstanceNetworkExpressionContext)
DA:166,0
FN:175,Result AQLBaseVisitor`1::VisitRoutesList(AQLParser/RoutesListContext)
FNDA:0,Result AQLBaseVisitor`1::VisitRoutesList(AQLParser/RoutesListContext)
DA:176,0
FN:185,Result AQLBaseVisitor`1::VisitRoutes(AQLParser/RoutesContext)
FNDA:0,Result AQLBaseVisitor`1::VisitRoutes(AQLParser/RoutesContext)
DA:186,0
FN:195,Result AQLBaseVisitor`1::VisitRoutesId(AQLParser/RoutesIdContext)
FNDA:0,Result AQLBaseVisitor`1::VisitRoutesId(AQLParser/RoutesIdContext)
DA:196,0
FN:205,Result AQLBaseVisitor`1::VisitRoutesValue(AQLParser/RoutesValueContext)
FNDA:0,Result AQLBaseVisitor`1::VisitRoutesValue(AQLParser/RoutesValueContext)
DA:206,0
FN:215,Result AQLBaseVisitor`1::VisitProbabilityIdList(AQLParser/ProbabilityIdListContext)
FNDA:0,Result AQLBaseVisitor`1::VisitProbabilityIdList(AQLParser/ProbabilityIdListContext)
DA:216,0
FN:225,Result AQLBaseVisitor`1::VisitMetrics(AQLParser/MetricsContext)
FNDA:0,Result AQLBaseVisitor`1::VisitMetrics(AQLParser/MetricsContext)
DA:226,0
FN:235,Result AQLBaseVisitor`1::VisitMetric(AQLParser/MetricContext)
FNDA:0,Result AQLBaseVisitor`1::VisitMetric(AQLParser/MetricContext)
DA:236,0
FN:245,Result AQLBaseVisitor`1::VisitNamedMetric(AQLParser/NamedMetricContext)
FNDA:0,Result AQLBaseVisitor`1::VisitNamedMetric(AQLParser/NamedMetricContext)
DA:246,0
FN:255,Result AQLBaseVisitor`1::VisitSimulateDefinition(AQLParser/SimulateDefinitionContext)
FNDA:0,Result AQLBaseVisitor`1::VisitSimulateDefinition(AQLParser/SimulateDefinitionContext)
DA:256,0
FN:265,Result AQLBaseVisitor`1::VisitStatement(AQLParser/StatementContext)
FNDA:0,Result AQLBaseVisitor`1::VisitStatement(AQLParser/StatementContext)
DA:266,0
FN:275,Result AQLBaseVisitor`1::VisitWhileStatement(AQLParser/WhileStatementContext)
FNDA:0,Result AQLBaseVisitor`1::VisitWhileStatement(AQLParser/WhileStatementContext)
DA:276,0
FN:285,Result AQLBaseVisitor`1::VisitVariableDeclarationStatement(AQLParser/VariableDeclarationStatementContext)
FNDA:0,Result AQLBaseVisitor`1::VisitVariableDeclarationStatement(AQLParser/VariableDeclarationStatementContext)
DA:286,0
FN:295,Result AQLBaseVisitor`1::VisitAssignStatement(AQLParser/AssignStatementContext)
FNDA:0,Result AQLBaseVisitor`1::VisitAssignStatement(AQLParser/AssignStatementContext)
DA:296,0
FN:305,Result AQLBaseVisitor`1::VisitIfStatement(AQLParser/IfStatementContext)
FNDA:0,Result AQLBaseVisitor`1::VisitIfStatement(AQLParser/IfStatementContext)
DA:306,0
FN:315,Result AQLBaseVisitor`1::VisitElseIfStatement(AQLParser/ElseIfStatementContext)
FNDA:0,Result AQLBaseVisitor`1::VisitElseIfStatement(AQLParser/ElseIfStatementContext)
DA:316,0
FN:325,Result AQLBaseVisitor`1::VisitElseStatement(AQLParser/ElseStatementContext)
FNDA:0,Result AQLBaseVisitor`1::VisitElseStatement(AQLParser/ElseStatementContext)
DA:326,0
FN:335,Result AQLBaseVisitor`1::VisitBlock(AQLParser/BlockContext)
FNDA:0,Result AQLBaseVisitor`1::VisitBlock(AQLParser/BlockContext)
DA:336,0
FN:345,Result AQLBaseVisitor`1::VisitReturnStatement(AQLParser/ReturnStatementContext)
FNDA:0,Result AQLBaseVisitor`1::VisitReturnStatement(AQLParser/ReturnStatementContext)
DA:346,0
FN:355,Result AQLBaseVisitor`1::VisitExpressionList(AQLParser/ExpressionListContext)
FNDA:0,Result AQLBaseVisitor`1::VisitExpressionList(AQLParser/ExpressionListContext)
DA:356,0
FN:365,Result AQLBaseVisitor`1::VisitExpression(AQLParser/ExpressionContext)
FNDA:0,Result AQLBaseVisitor`1::VisitExpression(AQLParser/ExpressionContext)
DA:366,0
FN:375,Result AQLBaseVisitor`1::VisitBinaryOperator(AQLParser/BinaryOperatorContext)
FNDA:0,Result AQLBaseVisitor`1::VisitBinaryOperator(AQLParser/BinaryOperatorContext)
DA:376,0
FN:385,Result AQLBaseVisitor`1::VisitAndOperator(AQLParser/AndOperatorContext)
FNDA:0,Result AQLBaseVisitor`1::VisitAndOperator(AQLParser/AndOperatorContext)
DA:386,0
FN:395,Result AQLBaseVisitor`1::VisitOrOperator(AQLParser/OrOperatorContext)
FNDA:0,Result AQLBaseVisitor`1::VisitOrOperator(AQLParser/OrOperatorContext)
DA:396,0
FN:405,Result AQLBaseVisitor`1::VisitAddOperator(AQLParser/AddOperatorContext)
FNDA:0,Result AQLBaseVisitor`1::VisitAddOperator(AQLParser/AddOperatorContext)
DA:406,0
FN:415,Result AQLBaseVisitor`1::VisitSubtractOperator(AQLParser/SubtractOperatorContext)
FNDA:0,Result AQLBaseVisitor`1::VisitSubtractOperator(AQLParser/SubtractOperatorContext)
DA:416,0
FN:425,Result AQLBaseVisitor`1::VisitMultiplicationOperator(AQLParser/MultiplicationOperatorContext)
FNDA:0,Result AQLBaseVisitor`1::VisitMultiplicationOperator(AQLParser/MultiplicationOperatorContext)
DA:426,0
FN:435,Result AQLBaseVisitor`1::VisitDivisionOperator(AQLParser/DivisionOperatorContext)
FNDA:0,Result AQLBaseVisitor`1::VisitDivisionOperator(AQLParser/DivisionOperatorContext)
DA:436,0
FN:445,Result AQLBaseVisitor`1::VisitEqualOperator(AQLParser/EqualOperatorContext)
FNDA:0,Result AQLBaseVisitor`1::VisitEqualOperator(AQLParser/EqualOperatorContext)
DA:446,0
FN:455,Result AQLBaseVisitor`1::VisitInEqualOperator(AQLParser/InEqualOperatorContext)
FNDA:0,Result AQLBaseVisitor`1::VisitInEqualOperator(AQLParser/InEqualOperatorContext)
DA:456,0
FN:465,Result AQLBaseVisitor`1::VisitGreaterThanOperator(AQLParser/GreaterThanOperatorContext)
FNDA:0,Result AQLBaseVisitor`1::VisitGreaterThanOperator(AQLParser/GreaterThanOperatorContext)
DA:466,0
FN:475,Result AQLBaseVisitor`1::VisitGreaterThanOrEqualOperator(AQLParser/GreaterThanOrEqualOperatorContext)
FNDA:0,Result AQLBaseVisitor`1::VisitGreaterThanOrEqualOperator(AQLParser/GreaterThanOrEqualOperatorContext)
DA:476,0
FN:485,Result AQLBaseVisitor`1::VisitLessThanOperator(AQLParser/LessThanOperatorContext)
FNDA:0,Result AQLBaseVisitor`1::VisitLessThanOperator(AQLParser/LessThanOperatorContext)
DA:486,0
FN:495,Result AQLBaseVisitor`1::VisitLessThanOrEqualOperator(AQLParser/LessThanOrEqualOperatorContext)
FNDA:0,Result AQLBaseVisitor`1::VisitLessThanOrEqualOperator(AQLParser/LessThanOrEqualOperatorContext)
DA:496,0
FN:505,Result AQLBaseVisitor`1::VisitUnaryExpression(AQLParser/UnaryExpressionContext)
FNDA:0,Result AQLBaseVisitor`1::VisitUnaryExpression(AQLParser/UnaryExpressionContext)
DA:506,0
FN:515,Result AQLBaseVisitor`1::VisitNegationExpression(AQLParser/NegationExpressionContext)
FNDA:0,Result AQLBaseVisitor`1::VisitNegationExpression(AQLParser/NegationExpressionContext)
DA:516,0
FN:525,Result AQLBaseVisitor`1::VisitNegativeExpression(AQLParser/NegativeExpressionContext)
FNDA:0,Result AQLBaseVisitor`1::VisitNegativeExpression(AQLParser/NegativeExpressionContext)
DA:526,0
FN:535,Result AQLBaseVisitor`1::VisitParenthesesExpression(AQLParser/ParenthesesExpressionContext)
FNDA:0,Result AQLBaseVisitor`1::VisitParenthesesExpression(AQLParser/ParenthesesExpressionContext)
DA:536,0
FN:545,Result AQLBaseVisitor`1::VisitValue(AQLParser/ValueContext)
FNDA:0,Result AQLBaseVisitor`1::VisitValue(AQLParser/ValueContext)
DA:546,0
FN:555,Result AQLBaseVisitor`1::VisitFunctionCall(AQLParser/FunctionCallContext)
FNDA:0,Result AQLBaseVisitor`1::VisitFunctionCall(AQLParser/FunctionCallContext)
DA:556,0
FN:565,Result AQLBaseVisitor`1::VisitArrayInitialization(AQLParser/ArrayInitializationContext)
FNDA:0,Result AQLBaseVisitor`1::VisitArrayInitialization(AQLParser/ArrayInitializationContext)
DA:566,0
FN:575,Result AQLBaseVisitor`1::VisitArrayIndexing(AQLParser/ArrayIndexingContext)
FNDA:0,Result AQLBaseVisitor`1::VisitArrayIndexing(AQLParser/ArrayIndexingContext)
DA:576,0
FN:585,Result AQLBaseVisitor`1::VisitType(AQLParser/TypeContext)
FNDA:0,Result AQLBaseVisitor`1::VisitType(AQLParser/TypeContext)
DA:586,0
FN:595,Result AQLBaseVisitor`1::VisitTypeKeyword(AQLParser/TypeKeywordContext)
FNDA:0,Result AQLBaseVisitor`1::VisitTypeKeyword(AQLParser/TypeKeywordContext)
DA:596,0
FN:605,Result AQLBaseVisitor`1::VisitBoolKeyword(AQLParser/BoolKeywordContext)
FNDA:0,Result AQLBaseVisitor`1::VisitBoolKeyword(AQLParser/BoolKeywordContext)
DA:606,0
FN:615,Result AQLBaseVisitor`1::VisitIntKeyword(AQLParser/IntKeywordContext)
FNDA:0,Result AQLBaseVisitor`1::VisitIntKeyword(AQLParser/IntKeywordContext)
DA:616,0
FN:625,Result AQLBaseVisitor`1::VisitDoubleKeyword(AQLParser/DoubleKeywordContext)
FNDA:0,Result AQLBaseVisitor`1::VisitDoubleKeyword(AQLParser/DoubleKeywordContext)
DA:626,0
FN:635,Result AQLBaseVisitor`1::VisitStringKeyword(AQLParser/StringKeywordContext)
FNDA:0,Result AQLBaseVisitor`1::VisitStringKeyword(AQLParser/StringKeywordContext)
DA:636,0
FN:645,Result AQLBaseVisitor`1::VisitArrayType(AQLParser/ArrayTypeContext)
FNDA:0,Result AQLBaseVisitor`1::VisitArrayType(AQLParser/ArrayTypeContext)
DA:646,0
FN:655,Result AQLBaseVisitor`1::VisitAnyIdentifier(AQLParser/AnyIdentifierContext)
FNDA:0,Result AQLBaseVisitor`1::VisitAnyIdentifier(AQLParser/AnyIdentifierContext)
DA:656,0
FN:665,Result AQLBaseVisitor`1::VisitQualifiedId(AQLParser/QualifiedIdContext)
FNDA:0,Result AQLBaseVisitor`1::VisitQualifiedId(AQLParser/QualifiedIdContext)
DA:666,0
FN:675,Result AQLBaseVisitor`1::VisitIdList(AQLParser/IdListContext)
FNDA:0,Result AQLBaseVisitor`1::VisitIdList(AQLParser/IdListContext)
DA:676,0
FN:685,Result AQLBaseVisitor`1::VisitIdentifier(AQLParser/IdentifierContext)
FNDA:0,Result AQLBaseVisitor`1::VisitIdentifier(AQLParser/IdentifierContext)
DA:686,0
FN:695,Result AQLBaseVisitor`1::VisitBool(AQLParser/BoolContext)
FNDA:0,Result AQLBaseVisitor`1::VisitBool(AQLParser/BoolContext)
DA:696,0
FN:705,Result AQLBaseVisitor`1::VisitInt(AQLParser/IntContext)
FNDA:0,Result AQLBaseVisitor`1::VisitInt(AQLParser/IntContext)
DA:706,0
FN:715,Result AQLBaseVisitor`1::VisitDouble(AQLParser/DoubleContext)
FNDA:0,Result AQLBaseVisitor`1::VisitDouble(AQLParser/DoubleContext)
DA:716,0
FN:725,Result AQLBaseVisitor`1::VisitString(AQLParser/StringContext)
FNDA:0,Result AQLBaseVisitor`1::VisitString(AQLParser/StringContext)
DA:726,0
LF:69
LH:0
BRF:0
BRH:0
FNF:69
FNH:0
end_of_record
SF:/home/vorherre/Documents/AQL/Interpreter/AQLLexer.cs
FN:98,Antlr4.Runtime.IVocabulary AQLLexer::get_Vocabulary()
FNDA:0,Antlr4.Runtime.IVocabulary AQLLexer::get_Vocabulary()
DA:99,0
DA:100,0
DA:101,0
FN:103,System.String AQLLexer::get_GrammarFileName()
FNDA:0,System.String AQLLexer::get_GrammarFileName()
DA:104,0
FN:105,System.String[] AQLLexer::get_RuleNames()
FNDA:0,System.String[] AQLLexer::get_RuleNames()
DA:106,0
FN:107,System.String[] AQLLexer::get_ChannelNames()
FNDA:0,System.String[] AQLLexer::get_ChannelNames()
DA:108,0
FN:109,System.String[] AQLLexer::get_ModeNames()
FNDA:0,System.String[] AQLLexer::get_ModeNames()
DA:110,0
FN:111,System.Int32[] AQLLexer::get_SerializedAtn()
FNDA:0,System.Int32[] AQLLexer::get_SerializedAtn()
DA:112,0
FN:66,System.Void AQLLexer::.ctor(Antlr4.Runtime.ICharStream)
FNDA:156,System.Void AQLLexer::.ctor(Antlr4.Runtime.ICharStream)
DA:67,156
FN:69,System.Void AQLLexer::.ctor(Antlr4.Runtime.ICharStream,System.IO.TextWriter,System.IO.TextWriter)
FNDA:52,System.Void AQLLexer::.ctor(Antlr4.Runtime.ICharStream,System.IO.TextWriter,System.IO.TextWriter)
DA:70,52
DA:71,52
DA:72,52
DA:73,52
FN:33,System.Void AQLLexer::.cctor()
FNDA:1,System.Void AQLLexer::.cctor()
DA:34,1
DA:45,1
DA:46,1
DA:47,1
DA:49,1
DA:50,1
DA:51,1
DA:53,1
DA:54,1
DA:55,1
DA:56,1
DA:57,1
DA:58,1
DA:59,1
DA:60,1
DA:61,1
DA:62,1
DA:63,1
DA:75,1
DA:76,1
DA:77,1
DA:78,1
DA:79,1
DA:80,1
DA:81,1
DA:82,1
DA:83,1
DA:84,1
DA:85,1
DA:86,1
DA:87,1
DA:88,1
DA:89,1
DA:90,1
DA:91,1
DA:92,1
DA:93,1
DA:114,1
DA:115,1
DA:116,35
DA:117,11
DA:118,11
DA:119,1
DA:120,1
DA:121,1
DA:122,1
DA:123,1
DA:124,1
DA:125,1
DA:126,1
DA:127,1
DA:128,1
DA:129,1
DA:130,1
DA:131,1
DA:132,1
DA:133,1
DA:134,1
DA:135,1
DA:136,1
DA:137,1
DA:138,1
DA:139,1
DA:140,1
DA:141,1
DA:142,1
DA:143,1
DA:144,1
DA:145,1
DA:146,1
DA:147,1
DA:148,1
DA:149,1
DA:150,1
DA:151,1
DA:152,1
DA:153,1
DA:154,1
DA:155,1
DA:156,1
DA:157,1
DA:158,1
DA:159,1
DA:160,1
DA:161,1
DA:162,1
DA:163,1
DA:164,1
DA:165,1
DA:166,1
DA:167,1
DA:168,1
DA:169,1
DA:170,1
DA:171,1
DA:172,1
DA:173,1
DA:174,1
DA:175,1
DA:176,1
DA:177,1
DA:178,1
DA:179,1
DA:180,1
DA:181,1
DA:182,1
DA:183,1
DA:184,1
DA:185,1
DA:186,1
DA:187,1
DA:188,1
DA:189,1
DA:190,1
DA:191,1
DA:192,1
DA:193,1
DA:194,1
DA:195,1
DA:196,1
DA:197,1
DA:198,1
DA:199,1
DA:200,1
DA:201,1
DA:202,1
DA:203,1
DA:204,1
DA:205,1
DA:206,1
DA:207,1
DA:208,1
DA:209,1
DA:210,1
DA:211,1
DA:212,1
DA:213,1
DA:214,1
DA:215,1
DA:216,1
DA:217,1
DA:218,1
DA:219,1
DA:220,1
DA:221,1
DA:222,1
DA:223,1
DA:224,1
DA:225,1
DA:226,1
DA:227,1
DA:228,1
DA:229,1
DA:230,1
DA:231,1
DA:232,1
DA:233,1
DA:234,1
DA:235,1
DA:236,1
DA:237,1
DA:238,1
DA:239,1
DA:240,1
DA:241,1
DA:242,1
DA:243,1
DA:244,1
DA:245,1
DA:246,1
DA:247,1
DA:248,1
DA:249,1
DA:250,1
DA:251,1
DA:252,1
DA:253,1
DA:254,1
DA:255,1
DA:256,1
DA:257,1
DA:258,1
DA:259,1
DA:260,1
DA:261,1
DA:262,1
DA:263,1
DA:264,1
DA:265,1
DA:266,1
DA:267,1
DA:268,1
DA:269,1
DA:270,1
DA:271,1
DA:273,1
DA:274,1
BRDA:116,1363,1,11
BRDA:116,1363,0,1
LF:210
LH:202
BRF:2
BRH:2
FNF:9
FNH:3
end_of_record
SF:/home/vorherre/Documents/AQL/Interpreter/AQLParser.cs
FN:111,Antlr4.Runtime.IVocabulary AQLParser::get_Vocabulary()
FNDA:3,Antlr4.Runtime.IVocabulary AQLParser::get_Vocabulary()
DA:112,3
DA:113,3
DA:114,3
FN:116,System.String AQLParser::get_GrammarFileName()
FNDA:0,System.String AQLParser::get_GrammarFileName()
DA:117,0
FN:118,System.String[] AQLParser::get_RuleNames()
FNDA:0,System.String[] AQLParser::get_RuleNames()
DA:119,0
FN:120,System.Int32[] AQLParser::get_SerializedAtn()
FNDA:0,System.Int32[] AQLParser::get_SerializedAtn()
DA:121,0
FN:156,AQLParser/ProgramEOFContext AQLParser::programEOF()
FNDA:0,AQLParser/ProgramEOFContext AQLParser::programEOF()
DA:157,0
DA:158,0
DA:159,0
DA:160,0
DA:161,0
DA:162,0
DA:163,0
DA:164,0
DA:165,0
DA:166,0
DA:167,0
DA:168,0
DA:169,0
DA:170,0
DA:171,0
DA:172,0
DA:173,0
DA:174,0
DA:175,0
DA:176,0
DA:177,0
DA:178,0
FN:200,AQLParser/ProgramContext AQLParser::program()
FNDA:8,AQLParser/ProgramContext AQLParser::program()
DA:201,8
DA:202,8
DA:203,8
DA:205,8
DA:206,8
DA:207,8
DA:208,8
DA:210,7
DA:211,7
DA:212,7
DA:213,7
DA:214,7
DA:215,9
DA:216,2
DA:217,2
DA:218,2
DA:219,2
DA:220,2
DA:222,7
DA:223,7
DA:225,1
DA:226,1
DA:227,1
DA:228,1
DA:229,1
DA:230,2
DA:231,1
DA:232,1
DA:233,1
DA:234,1
DA:235,1
DA:237,1
DA:238,1
DA:240,8
DA:241,0
DA:242,0
DA:243,0
DA:244,0
DA:245,0
DA:246,8
DA:247,8
DA:248,8
DA:249,8
DA:250,8
BRDA:208,84,0,1
BRDA:208,84,1,7
BRDA:215,153,0,2
BRDA:215,153,1,7
BRDA:208,90,1,1
BRDA:230,233,0,1
BRDA:230,233,1,0
BRDA:230,260,0,1
BRDA:230,260,1,1
BRDA:208,90,0,8
FN:272,AQLParser/ImportStatementContext AQLParser::importStatement()
FNDA:2,AQLParser/ImportStatementContext AQLParser::importStatement()
DA:273,2
DA:274,2
DA:275,2
DA:276,2
DA:277,2
DA:278,2
DA:279,2
DA:280,2
DA:281,2
DA:282,2
DA:283,2
DA:284,2
DA:285,2
DA:286,2
DA:287,0
DA:288,0
DA:289,0
DA:290,0
DA:291,0
DA:292,2
DA:293,2
DA:294,2
DA:295,2
DA:296,2
FN:324,AQLParser/DefinitionContext AQLParser::definition()
FNDA:17,AQLParser/DefinitionContext AQLParser::definition()
DA:325,17
DA:326,17
DA:327,17
DA:328,17
DA:329,17
DA:330,17
DA:331,17
DA:333,1
DA:334,1
DA:335,1
DA:336,1
DA:337,1
DA:338,1
DA:340,1
DA:341,1
DA:342,1
DA:343,1
DA:344,1
DA:345,1
DA:348,14
DA:349,14
DA:350,14
DA:351,14
DA:352,14
DA:353,14
DA:355,1
DA:356,1
DA:357,1
DA:358,1
DA:359,1
DA:360,1
DA:362,0
DA:364,17
DA:365,0
DA:366,0
DA:367,0
DA:368,0
DA:369,0
DA:370,17
DA:371,17
DA:372,17
DA:373,17
DA:374,17
BRDA:331,72,0,2
BRDA:331,76,0,1
BRDA:331,72,1,15
BRDA:331,91,0,6
BRDA:331,98,0,1
BRDA:331,76,1,1
BRDA:331,82,1,1
BRDA:331,91,1,14
BRDA:331,98,1,14
BRDA:331,105,1,1
BRDA:331,82,0,0
BRDA:331,105,0,0
FN:407,AQLParser/FunctionDefinitionContext AQLParser::functionDefinition()
FNDA:33,AQLParser/FunctionDefinitionContext AQLParser::functionDefinition()
DA:408,33
DA:409,33
DA:410,33
DA:412,33
DA:413,33
DA:414,33
DA:415,33
DA:416,33
DA:417,33
DA:418,33
DA:419,33
DA:420,33
DA:421,33
DA:422,33
DA:423,33
DA:424,33
DA:425,33
DA:426,34
DA:427,1
DA:428,1
DA:429,1
DA:430,1
DA:431,1
DA:433,33
DA:434,33
DA:435,33
DA:436,33
DA:437,33
DA:438,33
DA:439,33
DA:440,33
DA:441,0
DA:442,0
DA:443,0
DA:444,0
DA:445,0
DA:447,33
DA:448,33
DA:449,0
DA:450,0
DA:451,0
DA:452,0
DA:453,0
DA:454,33
DA:455,33
DA:456,33
DA:457,33
DA:458,33
BRDA:426,165,0,33
BRDA:426,165,1,0
BRDA:426,193,0,1
BRDA:426,193,1,33
BRDA:440,299,0,0
BRDA:440,299,1,33
BRDA:440,324,0,0
BRDA:440,324,1,33
FN:484,AQLParser/ConstDefinitionContext AQLParser::constDefinition()
FNDA:1,AQLParser/ConstDefinitionContext AQLParser::constDefinition()
DA:485,1
DA:486,1
DA:487,1
DA:489,1
DA:490,1
DA:491,1
DA:492,1
DA:493,1
DA:494,1
DA:495,1
DA:496,1
DA:497,1
DA:498,1
DA:499,1
DA:500,1
DA:501,1
DA:502,0
DA:503,0
DA:504,0
[...]
DA:12,0
DA:13,0
DA:14,0
DA:15,0
DA:16,0
DA:17,0
FN:6,System.Void Interpreter.AST.Nodes.Expressions.IdentifierExpressionNode::.ctor(System.Int32,Interpreter.AST.Nodes.NonTerminals.IdentifierNode)
FNDA:9,System.Void Interpreter.AST.Nodes.Expressions.IdentifierExpressionNode::.ctor(System.Int32,Interpreter.AST.Nodes.NonTerminals.IdentifierNode)
DA:7,9
LF:8
LH:2
BRF:0
BRH:0
FNF:3
FNH:2
end_of_record
SF:/home/vorherre/Documents/AQL/Interpreter/AST/Nodes/Expressions/IndexingNode.cs
FN:9,Interpreter.AST.Nodes.Identifiers.SingleIdentifierNode Interpreter.AST.Nodes.Expressions.IndexingNode::get_Target()
FNDA:2,Interpreter.AST.Nodes.Identifiers.SingleIdentifierNode Interpreter.AST.Nodes.Expressions.IndexingNode::get_Target()
DA:10,2
FN:10,Interpreter.AST.Nodes.NonTerminals.ExpressionNode Interpreter.AST.Nodes.Expressions.IndexingNode::get_Index()
FNDA:2,Interpreter.AST.Nodes.NonTerminals.ExpressionNode Interpreter.AST.Nodes.Expressions.IndexingNode::get_Index()
DA:11,2
FN:12,System.String Interpreter.AST.Nodes.Expressions.IndexingNode::ToString()
FNDA:0,System.String Interpreter.AST.Nodes.Expressions.IndexingNode::ToString()
DA:13,0
FN:15,System.Collections.Generic.IEnumerable`1<Interpreter.AST.Nodes.Node> Interpreter.AST.Nodes.Expressions.IndexingNode::GetChildren()
FNDA:0,System.Collections.Generic.IEnumerable`1<Interpreter.AST.Nodes.Node> Interpreter.AST.Nodes.Expressions.IndexingNode::GetChildren()
DA:16,0
DA:17,0
DA:18,0
DA:19,0
DA:20,0
DA:21,0
DA:22,0
FN:7,System.Void Interpreter.AST.Nodes.Expressions.IndexingNode::.ctor(System.Int32,Interpreter.AST.Nodes.Identifiers.SingleIdentifierNode,Interpreter.AST.Nodes.NonTerminals.ExpressionNode)
FNDA:1,System.Void Interpreter.AST.Nodes.Expressions.IndexingNode::.ctor(System.Int32,Interpreter.AST.Nodes.Identifiers.SingleIdentifierNode,Interpreter.AST.Nodes.NonTerminals.ExpressionNode)
DA:8,1
LF:11
LH:3
BRF:0
BRH:0
FNF:5
FNH:3
end_of_record
SF:/home/vorherre/Documents/AQL/Interpreter/AST/Nodes/Expressions/IntLiteralNode.cs
FN:8,System.Int32 Interpreter.AST.Nodes.Expressions.IntLiteralNode::get_Value()
FNDA:101,System.Int32 Interpreter.AST.Nodes.Expressions.IntLiteralNode::get_Value()
DA:9,101
FN:11,System.Collections.Generic.IEnumerable`1<Interpreter.AST.Nodes.Node> Interpreter.AST.Nodes.Expressions.IntLiteralNode::GetChildren()
FNDA:0,System.Collections.Generic.IEnumerable`1<Interpreter.AST.Nodes.Node> Interpreter.AST.Nodes.Expressions.IntLiteralNode::GetChildren()
DA:12,0
DA:13,0
DA:14,0
FN:15,System.String Interpreter.AST.Nodes.Expressions.IntLiteralNode::GetNodeLabel()
FNDA:0,System.String Interpreter.AST.Nodes.Expressions.IntLiteralNode::GetNodeLabel()
DA:16,0
FN:6,System.Void Interpreter.AST.Nodes.Expressions.IntLiteralNode::.ctor(System.Int32,System.Int32)
FNDA:74,System.Void Interpreter.AST.Nodes.Expressions.IntLiteralNode::.ctor(System.Int32,System.Int32)
DA:7,74
LF:6
LH:2
BRF:0
BRH:0
FNF:4
FNH:2
end_of_record
SF:/home/vorherre/Documents/AQL/Interpreter/AST/Nodes/Expressions/LessThanNode.cs
FN:8,Interpreter.AST.Nodes.NonTerminals.ExpressionNode Interpreter.AST.Nodes.Expressions.LessThanNode::get_Left()
FNDA:9,Interpreter.AST.Nodes.NonTerminals.ExpressionNode Interpreter.AST.Nodes.Expressions.LessThanNode::get_Left()
DA:9,9
FN:9,Interpreter.AST.Nodes.NonTerminals.ExpressionNode Interpreter.AST.Nodes.Expressions.LessThanNode::get_Right()
FNDA:9,Interpreter.AST.Nodes.NonTerminals.ExpressionNode Interpreter.AST.Nodes.Expressions.LessThanNode::get_Right()
DA:10,9
FN:11,System.String Interpreter.AST.Nodes.Expressions.LessThanNode::ToString()
FNDA:0,System.String Interpreter.AST.Nodes.Expressions.LessThanNode::ToString()
DA:12,0
FN:14,System.Collections.Generic.IEnumerable`1<Interpreter.AST.Nodes.Node> Interpreter.AST.Nodes.Expressions.LessThanNode::GetChildren()
FNDA:0,System.Collections.Generic.IEnumerable`1<Interpreter.AST.Nodes.Node> Interpreter.AST.Nodes.Expressions.LessThanNode::GetChildren()
DA:15,0
DA:16,0
DA:17,0
DA:18,0
DA:19,0
DA:20,0
DA:21,0
FN:6,System.Void Interpreter.AST.Nodes.Expressions.LessThanNode::.ctor(System.Int32,Interpreter.AST.Nodes.NonTerminals.ExpressionNode,Interpreter.AST.Nodes.NonTerminals.ExpressionNode)
FNDA:3,System.Void Interpreter.AST.Nodes.Expressions.LessThanNode::.ctor(System.Int32,Interpreter.AST.Nodes.NonTerminals.ExpressionNode,Interpreter.AST.Nodes.NonTerminals.ExpressionNode)
DA:7,3
LF:11
LH:3
BRF:0
BRH:0
FNF:5
FNH:3
end_of_record
SF:/home/vorherre/Documents/AQL/Interpreter/AST/Nodes/Expressions/LiteralNode.cs
FN:6,System.Void Interpreter.AST.Nodes.Expressions.LiteralNode::.ctor(System.Int32)
FNDA:119,System.Void Interpreter.AST.Nodes.Expressions.LiteralNode::.ctor(System.Int32)
DA:7,119
LF:1
LH:1
BRF:0
BRH:0
FNF:1
FNH:1
end_of_record
SF:/home/vorherre/Documents/AQL/Interpreter/AST/Nodes/Expressions/MultiplyNode.cs
FN:8,Interpreter.AST.Nodes.NonTerminals.ExpressionNode Interpreter.AST.Nodes.Expressions.MultiplyNode::get_Left()
FNDA:12,Interpreter.AST.Nodes.NonTerminals.ExpressionNode Interpreter.AST.Nodes.Expressions.MultiplyNode::get_Left()
DA:9,12
FN:9,Interpreter.AST.Nodes.NonTerminals.ExpressionNode Interpreter.AST.Nodes.Expressions.MultiplyNode::get_Right()
FNDA:12,Interpreter.AST.Nodes.NonTerminals.ExpressionNode Interpreter.AST.Nodes.Expressions.MultiplyNode::get_Right()
DA:10,12
FN:11,System.String Interpreter.AST.Nodes.Expressions.MultiplyNode::ToString()
FNDA:0,System.String Interpreter.AST.Nodes.Expressions.MultiplyNode::ToString()
DA:12,0
FN:14,System.Collections.Generic.IEnumerable`1<Interpreter.AST.Nodes.Node> Interpreter.AST.Nodes.Expressions.MultiplyNode::GetChildren()
FNDA:0,System.Collections.Generic.IEnumerable`1<Interpreter.AST.Nodes.Node> Interpreter.AST.Nodes.Expressions.MultiplyNode::GetChildren()
DA:15,0
DA:16,0
DA:17,0
DA:18,0
DA:19,0
DA:20,0
DA:21,0
FN:6,System.Void Interpreter.AST.Nodes.Expressions.MultiplyNode::.ctor(System.Int32,Interpreter.AST.Nodes.NonTerminals.ExpressionNode,Interpreter.AST.Nodes.NonTerminals.ExpressionNode)
FNDA:6,System.Void Interpreter.AST.Nodes.Expressions.MultiplyNode::.ctor(System.Int32,Interpreter.AST.Nodes.NonTerminals.ExpressionNode,Interpreter.AST.Nodes.NonTerminals.ExpressionNode)
DA:7,6
LF:11
LH:3
BRF:0
BRH:0
FNF:5
FNH:3
end_of_record
SF:/home/vorherre/Documents/AQL/Interpreter/AST/Nodes/Expressions/NegativeNode.cs
FN:8,Interpreter.AST.Nodes.NonTerminals.ExpressionNode Interpreter.AST.Nodes.Expressions.NegativeNode::get_Inner()
FNDA:8,Interpreter.AST.Nodes.NonTerminals.ExpressionNode Interpreter.AST.Nodes.Expressions.NegativeNode::get_Inner()
DA:9,8
FN:10,System.String Interpreter.AST.Nodes.Expressions.NegativeNode::ToString()
FNDA:0,System.String Interpreter.AST.Nodes.Expressions.NegativeNode::ToString()
DA:11,0
FN:13,System.Collections.Generic.IEnumerable`1<Interpreter.AST.Nodes.Node> Interpreter.AST.Nodes.Expressions.NegativeNode::GetChildren()
FNDA:0,System.Collections.Generic.IEnumerable`1<Interpreter.AST.Nodes.Node> Interpreter.AST.Nodes.Expressions.NegativeNode::GetChildren()
DA:14,0
DA:15,0
DA:16,0
DA:17,0
DA:18,0
DA:19,0
FN:6,System.Void Interpreter.AST.Nodes.Expressions.NegativeNode::.ctor(System.Int32,Interpreter.AST.Nodes.NonTerminals.ExpressionNode)
FNDA:4,System.Void Interpreter.AST.Nodes.Expressions.NegativeNode::.ctor(System.Int32,Interpreter.AST.Nodes.NonTerminals.ExpressionNode)
DA:7,4
LF:9
LH:2
BRF:0
BRH:0
FNF:4
FNH:2
end_of_record
SF:/home/vorherre/Documents/AQL/Interpreter/AST/Nodes/Expressions/NotNode.cs
FN:8,Interpreter.AST.Nodes.NonTerminals.ExpressionNode Interpreter.AST.Nodes.Expressions.NotNode::get_Inner()
FNDA:6,Interpreter.AST.Nodes.NonTerminals.ExpressionNode Interpreter.AST.Nodes.Expressions.NotNode::get_Inner()
DA:9,6
FN:10,System.String Interpreter.AST.Nodes.Expressions.NotNode::ToString()
FNDA:0,System.String Interpreter.AST.Nodes.Expressions.NotNode::ToString()
DA:11,0
FN:13,System.Collections.Generic.IEnumerable`1<Interpreter.AST.Nodes.Node> Interpreter.AST.Nodes.Expressions.NotNode::GetChildren()
FNDA:0,System.Collections.Generic.IEnumerable`1<Interpreter.AST.Nodes.Node> Interpreter.AST.Nodes.Expressions.NotNode::GetChildren()
DA:14,0
DA:15,0
DA:16,0
DA:17,0
DA:18,0
DA:19,0
FN:6,System.Void Interpreter.AST.Nodes.Expressions.NotNode::.ctor(System.Int32,Interpreter.AST.Nodes.NonTerminals.ExpressionNode)
FNDA:3,System.Void Interpreter.AST.Nodes.Expressions.NotNode::.ctor(System.Int32,Interpreter.AST.Nodes.NonTerminals.ExpressionNode)
DA:7,3
LF:9
LH:2
BRF:0
BRH:0
FNF:4
FNH:2
end_of_record
SF:/home/vorherre/Documents/AQL/Interpreter/AST/Nodes/Expressions/ParenthesesNode.cs
FN:8,Interpreter.AST.Nodes.NonTerminals.ExpressionNode Interpreter.AST.Nodes.Expressions.ParenthesesNode::get_Inner()
FNDA:2,Interpreter.AST.Nodes.NonTerminals.ExpressionNode Interpreter.AST.Nodes.Expressions.ParenthesesNode::get_Inner()
DA:9,2
FN:10,System.String Interpreter.AST.Nodes.Expressions.ParenthesesNode::ToString()
FNDA:0,System.String Interpreter.AST.Nodes.Expressions.ParenthesesNode::ToString()
DA:11,0
FN:13,System.Collections.Generic.IEnumerable`1<Interpreter.AST.Nodes.Node> Interpreter.AST.Nodes.Expressions.ParenthesesNode::GetChildren()
FNDA:0,System.Collections.Generic.IEnumerable`1<Interpreter.AST.Nodes.Node> Interpreter.AST.Nodes.Expressions.ParenthesesNode::GetChildren()
DA:14,0
DA:15,0
DA:16,0
DA:17,0
DA:18,0
DA:19,0
FN:6,System.Void Interpreter.AST.Nodes.Expressions.ParenthesesNode::.ctor(System.Int32,Interpreter.AST.Nodes.NonTerminals.ExpressionNode)
FNDA:1,System.Void Interpreter.AST.Nodes.Expressions.ParenthesesNode::.ctor(System.Int32,Interpreter.AST.Nodes.NonTerminals.ExpressionNode)
DA:7,1
LF:9
LH:2
BRF:0
BRH:0
FNF:4
FNH:2
end_of_record
SF:/home/vorherre/Documents/AQL/Interpreter/AST/Nodes/Expressions/StringLiteralNode.cs
FN:8,System.String Interpreter.AST.Nodes.Expressions.StringLiteralNode::get_Value()
FNDA:11,System.String Interpreter.AST.Nodes.Expressions.StringLiteralNode::get_Value()
DA:9,11
FN:11,System.Collections.Generic.IEnumerable`1<Interpreter.AST.Nodes.Node> Interpreter.AST.Nodes.Expressions.StringLiteralNode::GetChildren()
FNDA:0,System.Collections.Generic.IEnumerable`1<Interpreter.AST.Nodes.Node> Interpreter.AST.Nodes.Expressions.StringLiteralNode::GetChildren()
DA:12,0
DA:13,0
DA:14,0
FN:15,System.String Interpreter.AST.Nodes.Expressions.StringLiteralNode::GetNodeLabel()
FNDA:0,System.String Interpreter.AST.Nodes.Expressions.StringLiteralNode::GetNodeLabel()
DA:16,0
FN:6,System.Void Interpreter.AST.Nodes.Expressions.StringLiteralNode::.ctor(System.Int32,System.String)
FNDA:11,System.Void Interpreter.AST.Nodes.Expressions.StringLiteralNode::.ctor(System.Int32,System.String)
DA:7,11
LF:6
LH:2
BRF:0
BRH:0
FNF:4
FNH:2
end_of_record
SF:/home/vorherre/Documents/AQL/Interpreter/AST/Nodes/Definitions/ConstDeclarationNode.cs
FN:10,Interpreter.AST.Nodes.NonTerminals.TypeNode Interpreter.AST.Nodes.Definitions.ConstDeclarationNode::get_Type()
FNDA:14,Interpreter.AST.Nodes.NonTerminals.TypeNode Interpreter.AST.Nodes.Definitions.ConstDeclarationNode::get_Type()
DA:11,14
FN:11,Interpreter.AST.Nodes.Identifiers.SingleIdentifierNode Interpreter.AST.Nodes.Definitions.ConstDeclarationNode::get_Identifier()
FNDA:11,Interpreter.AST.Nodes.Identifiers.SingleIdentifierNode Interpreter.AST.Nodes.Definitions.ConstDeclarationNode::get_Identifier()
DA:12,11
FN:12,Interpreter.AST.Nodes.NonTerminals.ExpressionNode Interpreter.AST.Nodes.Definitions.ConstDeclarationNode::get_Expression()
FNDA:11,Interpreter.AST.Nodes.NonTerminals.ExpressionNode Interpreter.AST.Nodes.Definitions.ConstDeclarationNode::get_Expression()
DA:13,11
FN:13,System.String Interpreter.AST.Nodes.Definitions.ConstDeclarationNode::ToString()
FNDA:0,System.String Interpreter.AST.Nodes.Definitions.ConstDeclarationNode::ToString()
DA:14,0
FN:16,System.Collections.Generic.IEnumerable`1<Interpreter.AST.Nodes.Node> Interpreter.AST.Nodes.Definitions.ConstDeclarationNode::GetChildren()
FNDA:0,System.Collections.Generic.IEnumerable`1<Interpreter.AST.Nodes.Node> Interpreter.AST.Nodes.Definitions.ConstDeclarationNode::GetChildren()
DA:17,0
DA:18,0
DA:19,0
DA:20,0
DA:21,0
DA:22,0
DA:23,0
DA:24,0
DA:25,0
FN:26,System.String Interpreter.AST.Nodes.Definitions.ConstDeclarationNode::GetNodeLabel()
FNDA:0,System.String Interpreter.AST.Nodes.Definitions.ConstDeclarationNode::GetNodeLabel()
DA:27,0
FN:8,System.Void Interpreter.AST.Nodes.Definitions.ConstDeclarationNode::.ctor(System.Int32,Interpreter.AST.Nodes.NonTerminals.DefinitionNode,Interpreter.AST.Nodes.NonTerminals.TypeNode,Interpreter.AST.Nodes.Identifiers.SingleIdentifierNode,Interpreter.AST.Nodes.NonTerminals.ExpressionNode)
FNDA:6,System.Void Interpreter.AST.Nodes.Definitions.ConstDeclarationNode::.ctor(System.Int32,Interpreter.AST.Nodes.NonTerminals.DefinitionNode,Interpreter.AST.Nodes.NonTerminals.TypeNode,Interpreter.AST.Nodes.Identifiers.SingleIdentifierNode,Interpreter.AST.Nodes.NonTerminals.ExpressionNode)
DA:9,6
LF:15
LH:4
BRF:0
BRH:0
FNF:7
FNH:4
end_of_record
SF:/home/vorherre/Documents/AQL/Interpreter/AST/Nodes/Definitions/DefinitionCompositionNode.cs
FN:8,Interpreter.AST.Nodes.NonTerminals.DefinitionNode Interpreter.AST.Nodes.Definitions.DefinitionCompositionNode::get_NextDefinition()
FNDA:28,Interpreter.AST.Nodes.NonTerminals.DefinitionNode Interpreter.AST.Nodes.Definitions.DefinitionCompositionNode::get_NextDefinition()
DA:9,28
FN:11,System.Collections.Generic.IEnumerable`1<Interpreter.AST.Nodes.Node> Interpreter.AST.Nodes.Definitions.DefinitionCompositionNode::GetChildren()
FNDA:0,System.Collections.Generic.IEnumerable`1<Interpreter.AST.Nodes.Node> Interpreter.AST.Nodes.Definitions.DefinitionCompositionNode::GetChildren()
DA:12,0
DA:13,0
DA:14,0
DA:15,0
DA:16,0
DA:17,0
DA:18,0
DA:19,0
DA:20,0
DA:21,0
BRDA:13,7,0,0
BRDA:13,7,1,0
FN:6,System.Void Interpreter.AST.Nodes.Definitions.DefinitionCompositionNode::.ctor(System.Int32,Interpreter.AST.Nodes.NonTerminals.DefinitionNode)
FNDA:17,System.Void Interpreter.AST.Nodes.Definitions.DefinitionCompositionNode::.ctor(System.Int32,Interpreter.AST.Nodes.NonTerminals.DefinitionNode)
DA:7,17
LF:12
LH:2
BRF:2
BRH:0
FNF:3
FNH:2
end_of_record
SF:/home/vorherre/Documents/AQL/Interpreter/AST/Nodes/Definitions/FunctionNode.cs
FN:11,Interpreter.AST.Nodes.NonTerminals.TypeNode Interpreter.AST.Nodes.Definitions.FunctionNode::get_ReturnType()
FNDA:8,Interpreter.AST.Nodes.NonTerminals.TypeNode Interpreter.AST.Nodes.Definitions.FunctionNode::get_ReturnType()
DA:12,8
FN:12,Interpreter.AST.Nodes.Identifiers.SingleIdentifierNode Interpreter.AST.Nodes.Definitions.FunctionNode::get_Identifier()
FNDA:8,Interpreter.AST.Nodes.Identifiers.SingleIdentifierNode Interpreter.AST.Nodes.Definitions.FunctionNode::get_Identifier()
DA:13,8
FN:13,System.Collections.Generic.IReadOnlyList`1<Interpreter.AST.Nodes.Statements.TypeAndIdentifier> Interpreter.AST.Nodes.Definitions.FunctionNode::get_Parameters()
FNDA:8,System.Collections.Generic.IReadOnlyList`1<Interpreter.AST.Nodes.Statements.TypeAndIdentifier> Interpreter.AST.Nodes.Definitions.FunctionNode::get_Parameters()
DA:14,8
FN:14,Interpreter.AST.Nodes.NonTerminals.StatementNode Interpreter.AST.Nodes.Definitions.FunctionNode::get_Body()
FNDA:8,Interpreter.AST.Nodes.NonTerminals.StatementNode Interpreter.AST.Nodes.Definitions.FunctionNode::get_Body()
DA:15,8
FN:16,System.String Interpreter.AST.Nodes.Definitions.FunctionNode::ToString()
FNDA:0,System.String Interpreter.AST.Nodes.Definitions.FunctionNode::ToString()
DA:17,0
FN:19,System.Collections.Generic.IEnumerable`1<Interpreter.AST.Nodes.Node> Interpreter.AST.Nodes.Definitions.FunctionNode::GetChildren()
FNDA:0,System.Collections.Generic.IEnumerable`1<Interpreter.AST.Nodes.Node> Interpreter.AST.Nodes.Definitions.FunctionNode::GetChildren()
DA:20,0
DA:21,0
DA:22,0
DA:23,0
DA:24,0
DA:25,0
DA:26,0
DA:27,0
DA:28,0
FN:29,System.String Interpreter.AST.Nodes.Definitions.FunctionNode::GetNodeLabel()
FNDA:0,System.String Interpreter.AST.Nodes.Definitions.FunctionNode::GetNodeLabel()
DA:30,0
FN:9,System.Void Interpreter.AST.Nodes.Definitions.FunctionNode::.ctor(System.Int32,Interpreter.AST.Nodes.NonTerminals.DefinitionNode,Interpreter.AST.Nodes.NonTerminals.TypeNode,Interpreter.AST.Nodes.Identifiers.SingleIdentifierNode,System.Collections.Generic.IEnumerable`1<Interpreter.AST.Nodes.Statements.TypeAndIdentifier>,Interpreter.AST.Nodes.NonTerminals.StatementNode)
FNDA:5,System.Void Interpreter.AST.Nodes.Definitions.FunctionNode::.ctor(System.Int32,Interpreter.AST.Nodes.NonTerminals.DefinitionNode,Interpreter.AST.Nodes.NonTerminals.TypeNode,Interpreter.AST.Nodes.Identifiers.SingleIdentifierNode,System.Collections.Generic.IEnumerable`1<Interpreter.AST.Nodes.Statements.TypeAndIdentifier>,Interpreter.AST.Nodes.NonTerminals.StatementNode)
DA:10,5
LF:16
LH:5
BRF:0
BRH:0
FNF:8
FNH:5
end_of_record
SF:/home/vorherre/Documents/AQL/Interpreter/AST/Nodes/Definitions/NetworkDefinitionNode.cs
FN:9,Interpreter.AST.Nodes.NonTerminals.NetworkNode Interpreter.AST.Nodes.Definitions.NetworkDefinitionNode::get_Network()
FNDA:12,Interpreter.AST.Nodes.NonTerminals.NetworkNode Interpreter.AST.Nodes.Definitions.NetworkDefinitionNode::get_Network()
DA:10,12
FN:11,System.String Interpreter.AST.Nodes.Definitions.NetworkDefinitionNode::ToString()
FNDA:0,System.String Interpreter.AST.Nodes.Definitions.NetworkDefinitionNode::ToString()
DA:12,0
FN:14,System.Collections.Generic.IEnumerable`1<Interpreter.AST.Nodes.Node> Interpreter.AST.Nodes.Definitions.NetworkDefinitionNode::GetChildren()
FNDA:0,System.Collections.Generic.IEnumerable`1<Interpreter.AST.Nodes.Node> Interpreter.AST.Nodes.Definitions.NetworkDefinitionNode::GetChildren()
DA:15,0
DA:16,0
DA:17,0
DA:18,0
DA:19,0
DA:20,0
FN:7,System.Void Interpreter.AST.Nodes.Definitions.NetworkDefinitionNode::.ctor(System.Int32,Interpreter.AST.Nodes.NonTerminals.DefinitionNode,Interpreter.AST.Nodes.NonTerminals.NetworkNode)
FNDA:6,System.Void Interpreter.AST.Nodes.Definitions.NetworkDefinitionNode::.ctor(System.Int32,Interpreter.AST.Nodes.NonTerminals.DefinitionNode,Interpreter.AST.Nodes.NonTerminals.NetworkNode)
DA:8,6
LF:9
LH:2
BRF:0
BRH:0
FNF:4
FNH:2
end_of_record
SF:/home/vorherre/Documents/AQL/Interpreter/AST/Nodes/Definitions/SimulateNode.cs
FN:8,Interpreter.AST.Nodes.NonTerminals.IdentifierNode Interpreter.AST.Nodes.Definitions.SimulateNode::get_NetworkIdentifier()
FNDA:14,Interpreter.AST.Nodes.NonTerminals.IdentifierNode Interpreter.AST.Nodes.Definitions.SimulateNode::get_NetworkIdentifier()
DA:9,14
FN:9,Interpreter.AST.Nodes.NonTerminals.ExpressionNode Interpreter.AST.Nodes.Definitions.SimulateNode::get_Runs()
FNDA:11,Interpreter.AST.Nodes.NonTerminals.ExpressionNode Interpreter.AST.Nodes.Definitions.SimulateNode::get_Runs()
DA:10,11
FN:10,Interpreter.AST.Nodes.NonTerminals.ExpressionNode Interpreter.AST.Nodes.Definitions.SimulateNode::get_TerminationCriteria()
FNDA:11,Interpreter.AST.Nodes.NonTerminals.ExpressionNode Interpreter.AST.Nodes.Definitions.SimulateNode::get_TerminationCriteria()
DA:11,11
FN:12,System.String Interpreter.AST.Nodes.Definitions.SimulateNode::ToString()
FNDA:0,System.String Interpreter.AST.Nodes.Definitions.SimulateNode::ToString()
DA:13,0
FN:15,System.Collections.Generic.IEnumerable`1<Interpreter.AST.Nodes.Node> Interpreter.AST.Nodes.Definitions.SimulateNode::GetChildren()
FNDA:0,System.Collections.Generic.IEnumerable`1<Interpreter.AST.Nodes.Node> Interpreter.AST.Nodes.Definitions.SimulateNode::GetChildren()
DA:16,0
DA:17,0
DA:18,0
DA:19,0
DA:20,0
DA:21,0
DA:22,0
DA:23,0
FN:6,System.Void Interpreter.AST.Nodes.Definitions.SimulateNode::.ctor(System.Int32,Interpreter.AST.Nodes.NonTerminals.IdentifierNode,Interpreter.AST.Nodes.NonTerminals.ExpressionNode,Interpreter.AST.Nodes.NonTerminals.ExpressionNode)
FNDA:5,System.Void Interpreter.AST.Nodes.Definitions.SimulateNode::.ctor(System.Int32,Interpreter.AST.Nodes.NonTerminals.IdentifierNode,Interpreter.AST.Nodes.NonTerminals.ExpressionNode,Interpreter.AST.Nodes.NonTerminals.ExpressionNode)
DA:7,5
LF:13
LH:4
BRF:0
BRH:0
FNF:6
FNH:4
end_of_record