SF:/home/vorherre/Documents/AQL/Engine/Library/Utils/Utils.cs
FN:5,System.Boolean SimEngine.Utils.NetworkUtils::IsSubnetwork(System.String,System.String)
FNDA:6,System.Boolean SimEngine.Utils.NetworkUtils::IsSubnetwork(System.String,System.String)
DA:6,6
DA:7,6
DA:8,6
BRDA:7,8,0,5
BRDA:7,8,1,1
FN:10,System.Boolean SimEngine.Utils.NetworkUtils::IsParentNetwork(System.String,System.String)
FNDA:4,System.Boolean SimEngine.Utils.NetworkUtils::IsParentNetwork(System.String,System.String)
DA:11,4
DA:12,4
DA:13,4
BRDA:12,8,0,3
BRDA:12,8,1,1
LF:6
LH:6
BRF:4
BRH:4
FNF:2
FNH:2
end_of_record
SF:/home/vorherre/Documents/AQL/Engine/Library/Nodes/DispatcherNode.cs
FN:8,SimEngine.Core.Simulation SimEngine.Nodes.DispatcherNode::get_Simulation()
FNDA:82,SimEngine.Core.Simulation SimEngine.Nodes.DispatcherNode::get_Simulation()
DA:9,82
FN:19,System.Void SimEngine.Nodes.DispatcherNode::ScheduleInitialArrival()
FNDA:22,System.Void SimEngine.Nodes.DispatcherNode::ScheduleInitialArrival()
DA:20,22
DA:21,22
DA:22,20
DA:23,20
DA:24,22
DA:25,20
DA:26,20
DA:27,22
DA:28,20
DA:29,20
DA:30,10
DA:31,10
DA:32,10
DA:33,46
DA:34,13
DA:35,13
DA:36,13
DA:37,10
DA:38,10
DA:39,10
DA:40,22
DA:41,3
DA:42,10
DA:43,22
DA:44,20
DA:45,20
DA:46,40
DA:47,20
DA:48,0
DA:49,0
DA:50,0
DA:51,0
DA:52,22
DA:53,22
DA:54,20
DA:55,42
DA:56,22
FN:12,System.Void SimEngine.Nodes.DispatcherNode::.ctor(SimEngine.Core.SimulationEngineAPI,System.String,System.Func`1<System.Double>)
FNDA:3,System.Void SimEngine.Nodes.DispatcherNode::.ctor(SimEngine.Core.SimulationEngineAPI,System.String,System.Func`1<System.Double>)
DA:13,3
DA:14,3
DA:15,3
DA:16,3
DA:17,3
LF:43
LH:39
BRF:10
BRH:8
FNF:3
FNH:3
end_of_record
SF:/home/vorherre/Documents/AQL/Engine/Library/Nodes/Node.cs
FN:7,System.String SimEngine.Nodes.Node::get_Name()
FNDA:16,System.String SimEngine.Nodes.Node::get_Name()
DA:8,16
FN:8,System.Collections.Generic.List`1<System.ValueTuple`2<SimEngine.Nodes.Node,System.Double>> SimEngine.Nodes.Node::get_NextNodeChoices()
FNDA:78,System.Collections.Generic.List`1<System.ValueTuple`2<SimEngine.Nodes.Node,System.Double>> SimEngine.Nodes.Node::get_NextNodeChoices()
DA:9,78
FN:9,SimEngine.Nodes.Node SimEngine.Nodes.Node::get_NextNode()
FNDA:61,SimEngine.Nodes.Node SimEngine.Nodes.Node::get_NextNode()
DA:10,61
FN:12,System.String SimEngine.Nodes.Node::get_Network()
FNDA:4,System.String SimEngine.Nodes.Node::get_Network()
DA:13,4
FN:14,System.Void SimEngine.Nodes.Node::.ctor(System.String)
FNDA:16,System.Void SimEngine.Nodes.Node::.ctor(System.String)
DA:15,16
DA:16,16
DA:17,16
DA:19,16
DA:20,16
DA:21,16
DA:22,16
DA:23,16
BRDA:20,44,0,6
BRDA:20,44,1,10
LF:12
LH:12
BRF:2
BRH:2
FNF:5
FNH:5
end_of_record
SF:/home/vorherre/Documents/AQL/Engine/Library/Nodes/QueueNode.cs
FN:8,SimEngine.Core.Simulation SimEngine.Nodes.QueueNode::get_Simulation()
FNDA:118,SimEngine.Core.Simulation SimEngine.Nodes.QueueNode::get_Simulation()
DA:9,118
FN:14,System.Int32 SimEngine.Nodes.QueueNode::get_ServerCount()
FNDA:8,System.Int32 SimEngine.Nodes.QueueNode::get_ServerCount()
DA:15,8
FN:27,System.Void SimEngine.Nodes.QueueNode::AttachRuntimeStats(SimEngine.Metrics.QueueRuntimeStats)
FNDA:8,System.Void SimEngine.Nodes.QueueNode::AttachRuntimeStats(SimEngine.Metrics.QueueRuntimeStats)
DA:28,8
DA:29,8
DA:30,8
FN:32,System.Void SimEngine.Nodes.QueueNode::ProcessArrival(SimEngine.Core.Entity)
FNDA:24,System.Void SimEngine.Nodes.QueueNode::ProcessArrival(SimEngine.Core.Entity)
DA:33,24
DA:34,24
DA:35,24
DA:37,24
DA:38,0
DA:39,0
DA:40,0
DA:41,0
DA:44,24
DA:45,24
DA:46,24
DA:47,24
DA:49,0
DA:50,0
DA:51,0
DA:53,24
DA:54,24
DA:55,24
DA:56,24
DA:57,24
BRDA:35,26,0,0
BRDA:35,26,1,24
BRDA:37,68,0,0
BRDA:40,96,0,0
BRDA:40,96,1,0
BRDA:37,68,1,24
BRDA:44,125,0,24
BRDA:44,125,1,0
BRDA:53,167,0,0
BRDA:53,167,1,24
BRDA:53,186,0,24
BRDA:53,186,1,24
FN:59,System.Void SimEngine.Nodes.QueueNode::StartService(SimEngine.Core.Entity)
FNDA:24,System.Void SimEngine.Nodes.QueueNode::StartService(SimEngine.Core.Entity)
DA:60,24
DA:61,24
DA:62,24
DA:63,24
DA:64,45
DA:66,24
DA:67,24
DA:68,24
DA:69,24
DA:70,24
BRDA:68,139,0,0
BRDA:68,139,1,24
BRDA:69,158,0,0
BRDA:69,158,1,24
FN:72,System.Void SimEngine.Nodes.QueueNode::ProcessDeparture(SimEngine.Core.Entity)
FNDA:21,System.Void SimEngine.Nodes.QueueNode::ProcessDeparture(SimEngine.Core.Entity)
DA:73,21
DA:74,21
DA:76,21
DA:77,0
DA:78,0
DA:79,0
DA:81,21
DA:82,21
DA:83,0
DA:84,0
DA:85,0
DA:86,0
DA:87,0
DA:88,0
DA:89,0
DA:90,0
DA:91,0
DA:92,0
DA:94,0
DA:95,0
DA:97,21
DA:98,1
DA:99,1
DA:100,1
DA:101,1
DA:102,0
DA:104,1
DA:105,1
DA:107,2
DA:108,1
DA:109,20
DA:110,0
DA:111,0
DA:112,0
DA:114,20
DA:116,20
DA:117,0
DA:119,20
DA:120,20
DA:121,21
BRDA:76,44,0,0
BRDA:76,44,1,21
BRDA:82,87,0,0
BRDA:86,194,1,0
BRDA:89,178,0,0
BRDA:89,178,1,0
BRDA:86,194,0,0
BRDA:82,87,1,21
BRDA:97,239,0,1
BRDA:99,263,0,0
BRDA:99,263,1,1
BRDA:99,290,0,1
BRDA:101,315,0,0
BRDA:101,315,1,1
BRDA:99,290,1,1
BRDA:97,239,1,20
BRDA:109,470,0,0
BRDA:109,470,1,20
BRDA:116,539,0,0
BRDA:116,539,1,20
FN:123,System.Void SimEngine.Nodes.QueueNode::Reset(SimEngine.Core.Simulation)
FNDA:8,System.Void SimEngine.Nodes.QueueNode::Reset(SimEngine.Core.Simulation)
DA:124,8
DA:125,8
DA:126,8
DA:127,8
DA:128,8
BRDA:127,27,0,0
BRDA:127,27,1,8
FN:11,System.Void SimEngine.Nodes.QueueNode::.ctor(SimEngine.Core.SimulationEngineAPI,System.String,System.Int32,System.Int32,System.Func`1<System.Double>,System.Func`1<System.Double>)
FNDA:9,System.Void SimEngine.Nodes.QueueNode::.ctor(SimEngine.Core.SimulationEngineAPI,System.String,System.Int32,System.Int32,System.Func`1<System.Double>,System.Func`1<System.Double>)
DA:12,9
DA:13,9
DA:19,9
DA:20,9
DA:21,9
DA:22,9
DA:23,9
DA:24,9
DA:25,9
BRDA:23,45,0,9
BRDA:23,45,1,0
LF:89
LH:62
BRF:40
BRH:20
FNF:8
FNH:8
end_of_record
SF:/home/vorherre/Documents/AQL/Engine/Library/Nodes/RouterNode.cs
FN:6,SimEngine.Core.Simulation SimEngine.Nodes.RouterNode::get_Simulation()
FNDA:3,SimEngine.Core.Simulation SimEngine.Nodes.RouterNode::get_Simulation()
DA:7,3
FN:15,System.Void SimEngine.Nodes.RouterNode::Route(SimEngine.Core.Entity)
FNDA:1,System.Void SimEngine.Nodes.RouterNode::Route(SimEngine.Core.Entity)
DA:16,1
DA:17,1
DA:18,1
DA:21,1
DA:22,1
DA:23,1
DA:24,1
DA:25,1
DA:26,6
DA:27,2
DA:28,2
DA:29,2
DA:30,1
DA:31,1
DA:32,1
DA:34,1
DA:35,1
DA:37,1
DA:38,2
DA:40,1
BRDA:17,39,0,1
BRDA:17,39,1,0
BRDA:22,112,0,1
BRDA:26,227,1,2
BRDA:29,206,0,1
BRDA:29,206,1,1
BRDA:26,227,0,1
BRDA:22,112,1,1
BRDA:37,260,0,1
BRDA:37,260,1,1
FN:42,System.Void SimEngine.Nodes.RouterNode::RouteTo(SimEngine.Nodes.Node,SimEngine.Core.Entity)
FNDA:1,System.Void SimEngine.Nodes.RouterNode::RouteTo(SimEngine.Nodes.Node,SimEngine.Core.Entity)
DA:43,1
DA:44,1
DA:46,1
DA:47,1
DA:48,1
DA:50,1
DA:51,1
DA:52,0
DA:53,0
DA:54,1
BRDA:44,9,1,1
BRDA:47,33,0,1
BRDA:47,33,1,0
BRDA:50,85,0,1
BRDA:50,85,1,0
BRDA:52,114,0,0
BRDA:44,9,0,1
BRDA:52,114,1,1
FN:9,System.Void SimEngine.Nodes.RouterNode::.ctor(SimEngine.Core.SimulationEngineAPI,System.String)
FNDA:1,System.Void SimEngine.Nodes.RouterNode::.ctor(SimEngine.Core.SimulationEngineAPI,System.String)
DA:10,1
DA:11,1
DA:12,1
DA:13,1
LF:35
LH:33
BRF:18
BRH:14
FNF:4
FNH:4
end_of_record
SF:/home/vorherre/Documents/AQL/Engine/Library/Networks/NetworkDefinition.cs
FN:7,System.String SimEngine.Networks.NetworkDefinition::get_Name()
FNDA:7,System.String SimEngine.Networks.NetworkDefinition::get_Name()
DA:8,7
FN:9,System.Collections.Generic.List`1<System.ValueTuple`4<System.String,System.Int32,System.Int32,System.Func`1<System.Double>>> SimEngine.Networks.NetworkDefinition::get_Queues()
FNDA:6,System.Collections.Generic.List`1<System.ValueTuple`4<System.String,System.Int32,System.Int32,System.Func`1<System.Double>>> SimEngine.Networks.NetworkDefinition::get_Queues()
DA:10,6
FN:10,System.Collections.Generic.List`1<System.ValueTuple`3<System.String,System.String,System.Double>> SimEngine.Networks.NetworkDefinition::get_Routes()
FNDA:7,System.Collections.Generic.List`1<System.ValueTuple`3<System.String,System.String,System.Double>> SimEngine.Networks.NetworkDefinition::get_Routes()
DA:11,7
FN:11,System.Collections.Generic.List`1<System.String> SimEngine.Networks.NetworkDefinition::get_RouterEntries()
FNDA:6,System.Collections.Generic.List`1<System.String> SimEngine.Networks.NetworkDefinition::get_RouterEntries()
DA:12,6
FN:12,System.Collections.Generic.List`1<System.String> SimEngine.Networks.NetworkDefinition::get_RouterExits()
FNDA:6,System.Collections.Generic.List`1<System.String> SimEngine.Networks.NetworkDefinition::get_RouterExits()
DA:13,6
FN:13,System.Collections.Generic.List`1<SimEngine.Networks.NetworkDefinition> SimEngine.Networks.NetworkDefinition::get_SubNetworks()
FNDA:6,System.Collections.Generic.List`1<SimEngine.Networks.NetworkDefinition> SimEngine.Networks.NetworkDefinition::get_SubNetworks()
DA:14,6
FN:16,System.Void SimEngine.Networks.NetworkDefinition::AddQueue(System.String,System.Int32,System.Int32,System.Func`1<System.Double>)
FNDA:1,System.Void SimEngine.Networks.NetworkDefinition::AddQueue(System.String,System.Int32,System.Int32,System.Func`1<System.Double>)
DA:17,1
FN:19,System.Void SimEngine.Networks.NetworkDefinition::Connect(System.String,System.String,System.Double)
FNDA:2,System.Void SimEngine.Networks.NetworkDefinition::Connect(System.String,System.String,System.Double)
DA:20,2
FN:22,System.Void SimEngine.Networks.NetworkDefinition::AddEntryPoint(System.String)
FNDA:1,System.Void SimEngine.Networks.NetworkDefinition::AddEntryPoint(System.String)
DA:23,1
FN:25,System.Void SimEngine.Networks.NetworkDefinition::AddExitPoint(System.String)
FNDA:1,System.Void SimEngine.Networks.NetworkDefinition::AddExitPoint(System.String)
DA:26,1
FN:28,System.Void SimEngine.Networks.NetworkDefinition::AddSubNetwork(SimEngine.Networks.NetworkDefinition)
FNDA:1,System.Void SimEngine.Networks.NetworkDefinition::AddSubNetwork(SimEngine.Networks.NetworkDefinition)
DA:29,1
LF:11
LH:11
BRF:0
BRH:0
FNF:11
FNH:11
end_of_record
SF:/home/vorherre/Documents/AQL/Engine/Library/Networks/NetworkRegistry.cs
FN:7,System.String SimEngine.Networks.NetworkStats::get_Name()
FNDA:0,System.String SimEngine.Networks.NetworkStats::get_Name()
DA:8,0
FN:16,System.Void SimEngine.Networks.NetworkStats::RegisterQueue(SimEngine.Nodes.QueueNode)
FNDA:8,System.Void SimEngine.Networks.NetworkStats::RegisterQueue(SimEngine.Nodes.QueueNode)
DA:17,8
FN:19,System.Void SimEngine.Networks.NetworkStats::RecordEntry(SimEngine.Core.Entity,System.Double)
FNDA:2,System.Void SimEngine.Networks.NetworkStats::RecordEntry(SimEngine.Core.Entity,System.Double)
DA:20,2
DA:21,2
DA:22,2
FN:24,System.Void SimEngine.Networks.NetworkStats::RecordExit(SimEngine.Core.Entity,System.Double)
FNDA:2,System.Void SimEngine.Networks.NetworkStats::RecordExit(SimEngine.Core.Entity,System.Double)
DA:25,2
DA:26,2
DA:27,2
FN:8,System.Void SimEngine.Networks.NetworkStats::.ctor(System.String)
FNDA:9,System.Void SimEngine.Networks.NetworkStats::.ctor(System.String)
DA:9,9
DA:11,9
DA:12,9
DA:13,9
DA:14,9
DA:16,9
LF:14
LH:13
BRF:0
BRH:0
FNF:5
FNH:4
end_of_record
SF:/home/vorherre/Documents/AQL/Engine/Library/Metrics/MetricsPrinter.cs
FN:7,System.Void SimEngine.Metrics.MetricsPrinter::Print(SimEngine.Metrics.SimulationStats)
FNDA:0,System.Void SimEngine.Metrics.MetricsPrinter::Print(SimEngine.Metrics.SimulationStats)
DA:8,0
DA:9,0
DA:10,0
DA:11,0
DA:12,0
DA:13,0
DA:15,0
DA:16,0
DA:17,0
DA:18,0
DA:19,0
DA:20,0
DA:22,0
DA:23,0
DA:24,0
DA:25,0
DA:26,0
DA:27,0
DA:28,0
DA:29,0
DA:30,0
DA:31,0
DA:32,0
DA:33,0
DA:34,0
DA:36,0
DA:37,0
DA:38,0
DA:39,0
DA:40,0
DA:41,0
DA:42,0
DA:43,0
DA:44,0
BRDA:16,949,1,0
BRDA:18,280,0,0
BRDA:18,280,1,0
BRDA:16,949,0,0
BRDA:37,1229,1,0
BRDA:37,1229,0,0
LF:34
LH:0
BRF:6
BRH:0
FNF:1
FNH:0
end_of_record
SF:/home/vorherre/Documents/AQL/Engine/Library/Metrics/NetworkRuntimeStats.cs
FN:9,System.String SimEngine.Metrics.NetworkRuntimeStats::get_Name()
FNDA:6,System.String SimEngine.Metrics.NetworkRuntimeStats::get_Name()
DA:10,6
FN:10,System.Collections.Generic.List`1<System.Double> SimEngine.Metrics.NetworkRuntimeStats::get_RespondTimes()
FNDA:34,System.Collections.Generic.List`1<System.Double> SimEngine.Metrics.NetworkRuntimeStats::get_RespondTimes()
DA:11,34
FN:13,System.Void SimEngine.Metrics.NetworkRuntimeStats::AddRespondTime(System.Double)
FNDA:8,System.Void SimEngine.Metrics.NetworkRuntimeStats::AddRespondTime(System.Double)
DA:14,8
DA:15,8
DA:16,8
FN:17,System.Double SimEngine.Metrics.NetworkRuntimeStats::get_MeanRespondTime()
FNDA:5,System.Double SimEngine.Metrics.NetworkRuntimeStats::get_MeanRespondTime()
DA:18,5
BRDA:18,12,0,1
BRDA:18,12,1,4
FN:21,System.Double SimEngine.Metrics.NetworkRuntimeStats::get_VarianceRespondTime()
FNDA:3,System.Double SimEngine.Metrics.NetworkRuntimeStats::get_VarianceRespondTime()
DA:22,3
DA:23,4
DA:24,2
DA:25,6
DA:26,3
BRDA:23,23,0,1
BRDA:23,23,1,2
FN:29,System.Double SimEngine.Metrics.NetworkRuntimeStats::TailProbability(System.Double)
FNDA:3,System.Double SimEngine.Metrics.NetworkRuntimeStats::TailProbability(System.Double)
DA:30,3
DA:31,4
DA:32,7
DA:33,3
BRDA:31,30,0,1
BRDA:31,30,1,2
LF:15
LH:15
BRF:6
BRH:6
FNF:6
FNH:6
end_of_record
SF:/home/vorherre/Documents/AQL/Engine/Library/Metrics/QueueRuntimeStats.cs
FN:4,System.String SimEngine.Metrics.QueueRuntimeStats::get_Name()
FNDA:17,System.String SimEngine.Metrics.QueueRuntimeStats::get_Name()
DA:5,17
FN:5,System.Int32 SimEngine.Metrics.QueueRuntimeStats::get_TotalArrived()
FNDA:61,System.Int32 SimEngine.Metrics.QueueRuntimeStats::get_TotalArrived()
DA:6,61
FN:6,System.Int32 SimEngine.Metrics.QueueRuntimeStats::get_TotalServed()
FNDA:64,System.Int32 SimEngine.Metrics.QueueRuntimeStats::get_TotalServed()
DA:7,64
FN:7,System.Int32 SimEngine.Metrics.QueueRuntimeStats::get_DroppedEntities()
FNDA:12,System.Int32 SimEngine.Metrics.QueueRuntimeStats::get_DroppedEntities()
DA:8,12
FN:8,System.Double SimEngine.Metrics.QueueRuntimeStats::get_TotalWaitingTime()
FNDA:60,System.Double SimEngine.Metrics.QueueRuntimeStats::get_TotalWaitingTime()
DA:9,60
FN:9,System.Double SimEngine.Metrics.QueueRuntimeStats::get_TotalServiceTime()
FNDA:60,System.Double SimEngine.Metrics.QueueRuntimeStats::get_TotalServiceTime()
DA:10,60
FN:10,System.Double SimEngine.Metrics.QueueRuntimeStats::get_TotalBusyTime()
FNDA:60,System.Double SimEngine.Metrics.QueueRuntimeStats::get_TotalBusyTime()
DA:11,60
FN:11,System.Int32 SimEngine.Metrics.QueueRuntimeStats::get_ServerCount()
FNDA:20,System.Int32 SimEngine.Metrics.QueueRuntimeStats::get_ServerCount()
DA:12,20
FN:12,System.Double SimEngine.Metrics.QueueRuntimeStats::get_SimulationTimePerRun()
FNDA:20,System.Double SimEngine.Metrics.QueueRuntimeStats::get_SimulationTimePerRun()
DA:13,20
FN:13,System.Int32 SimEngine.Metrics.QueueRuntimeStats::get_RunCount()
FNDA:31,System.Int32 SimEngine.Metrics.QueueRuntimeStats::get_RunCount()
DA:14,31
FN:15,System.Void SimEngine.Metrics.QueueRuntimeStats::AddArrival()
FNDA:25,System.Void SimEngine.Metrics.QueueRuntimeStats::AddArrival()
DA:16,25
FN:17,System.Void SimEngine.Metrics.QueueRuntimeStats::AddServed(System.Double,System.Double)
FNDA:25,System.Void SimEngine.Metrics.QueueRuntimeStats::AddServed(System.Double,System.Double)
DA:18,25
DA:19,25
DA:20,25
DA:21,25
DA:22,25
FN:22,System.Void SimEngine.Metrics.QueueRuntimeStats::AddBusyTime(System.Double)
FNDA:25,System.Void SimEngine.Metrics.QueueRuntimeStats::AddBusyTime(System.Double)
DA:23,25
FN:23,System.Void SimEngine.Metrics.QueueRuntimeStats::IncrementRun()
FNDA:9,System.Void SimEngine.Metrics.QueueRuntimeStats::IncrementRun()
DA:24,9
FN:24,System.Void SimEngine.Metrics.QueueRuntimeStats::AddDropped()
FNDA:1,System.Void SimEngine.Metrics.QueueRuntimeStats::AddDropped()
DA:25,1
FN:26,System.Double SimEngine.Metrics.QueueRuntimeStats::get_AvgWaitTime()
FNDA:1,System.Double SimEngine.Metrics.QueueRuntimeStats::get_AvgWaitTime()
DA:27,1
BRDA:27,7,0,0
BRDA:27,7,1,1
FN:27,System.Double SimEngine.Metrics.QueueRuntimeStats::get_AvgServiceTime()
FNDA:1,System.Double SimEngine.Metrics.QueueRuntimeStats::get_AvgServiceTime()
DA:28,1
BRDA:28,7,0,0
BRDA:28,7,1,1
FN:28,System.Double SimEngine.Metrics.QueueRuntimeStats::get_Utilization()
FNDA:1,System.Double SimEngine.Metrics.QueueRuntimeStats::get_Utilization()
DA:29,1
BRDA:29,31,0,0
BRDA:29,31,1,1
FN:29,System.Double SimEngine.Metrics.QueueRuntimeStats::get_Throughput()
FNDA:1,System.Double SimEngine.Metrics.QueueRuntimeStats::get_Throughput()
DA:30,1
BRDA:30,7,0,0
BRDA:30,7,1,1
FN:30,System.Double SimEngine.Metrics.QueueRuntimeStats::get_DropRate()
FNDA:1,System.Double SimEngine.Metrics.QueueRuntimeStats::get_DropRate()
DA:31,1
BRDA:31,7,0,0
BRDA:31,7,1,1
LF:24
LH:24
BRF:10
BRH:5
FNF:20
FNH:20
end_of_record
SF:/home/vorherre/Documents/AQL/Engine/Library/Metrics/SimulationStats.cs
FN:7,System.Double SimEngine.Metrics.SimulationStats::get_TotalSimulationTime()
FNDA:44,System.Double SimEngine.Metrics.SimulationStats::get_TotalSimulationTime()
DA:8,44
FN:8,System.Int32 SimEngine.Metrics.SimulationStats::get_TotalEntitiesCreated()
FNDA:73,System.Int32 SimEngine.Metrics.SimulationStats::get_TotalEntitiesCreated()
DA:9,73
FN:9,System.Collections.Generic.List`1<SimEngine.Metrics.NetworkRuntimeStats> SimEngine.Metrics.SimulationStats::get_NetworkStats()
FNDA:22,System.Collections.Generic.List`1<SimEngine.Metrics.NetworkRuntimeStats> SimEngine.Metrics.SimulationStats::get_NetworkStats()
DA:10,22
FN:10,System.Collections.Generic.List`1<SimEngine.Metrics.QueueRuntimeStats> SimEngine.Metrics.SimulationStats::get_QueueStats()
FNDA:28,System.Collections.Generic.List`1<SimEngine.Metrics.QueueRuntimeStats> SimEngine.Metrics.SimulationStats::get_QueueStats()
DA:11,28
FN:13,System.Void SimEngine.Metrics.SimulationStats::AddEntityCreated()
FNDA:25,System.Void SimEngine.Metrics.SimulationStats::AddEntityCreated()
DA:14,25
FN:16,System.Void SimEngine.Metrics.SimulationStats::AddSimulationRunTime(System.Double)
FNDA:9,System.Void SimEngine.Metrics.SimulationStats::AddSimulationRunTime(System.Double)
DA:17,9
DA:18,9
DA:19,9
DA:20,9
FN:21,System.Collections.Generic.IReadOnlyList`1<System.Double> SimEngine.Metrics.SimulationStats::get_SimulationRunTimes()
FNDA:0,System.Collections.Generic.IReadOnlyList`1<System.Double> SimEngine.Metrics.SimulationStats::get_SimulationRunTimes()
DA:22,0
FN:22,System.Int32 SimEngine.Metrics.SimulationStats::get_RunCount()
FNDA:0,System.Int32 SimEngine.Metrics.SimulationStats::get_RunCount()
DA:23,0
FN:24,System.Double SimEngine.Metrics.SimulationStats::get_ArrivalRate()
FNDA:3,System.Double SimEngine.Metrics.SimulationStats::get_ArrivalRate()
DA:25,3
BRDA:25,15,0,0
BRDA:25,15,1,3
FN:25,System.Double SimEngine.Metrics.SimulationStats::get_MeanInterarrivalTime()
FNDA:1,System.Double SimEngine.Metrics.SimulationStats::get_MeanInterarrivalTime()
DA:26,1
BRDA:26,15,0,0
BRDA:26,15,1,1
FN:11,System.Void SimEngine.Metrics.SimulationStats::.ctor()
FNDA:20,System.Void SimEngine.Metrics.SimulationStats::.ctor()
DA:12,20
LF:14
LH:12
BRF:4
BRH:2
FNF:11
FNH:9
end_of_record
SF:/home/vorherre/Documents/AQL/Engine/Library/Core/Entity.cs
FN:7,System.Double SimEngine.Core.Entity::get_ArrivalTime()
FNDA:79,System.Double SimEngine.Core.Entity::get_ArrivalTime()
DA:8,79
FN:9,System.Collections.Generic.List`1<System.Double> SimEngine.Core.Entity::get_WaitingTimesInQueues()
FNDA:56,System.Collections.Generic.List`1<System.Double> SimEngine.Core.Entity::get_WaitingTimesInQueues()
DA:10,56
FN:10,System.Collections.Generic.List`1<System.Double> SimEngine.Core.Entity::get_ServiceTimesInQueues()
FNDA:62,System.Collections.Generic.List`1<System.Double> SimEngine.Core.Entity::get_ServiceTimesInQueues()
DA:11,62
FN:11,System.Double SimEngine.Core.Entity::get_DepartureTime()
FNDA:24,System.Double SimEngine.Core.Entity::get_DepartureTime()
DA:12,24
FN:12,System.Double SimEngine.Core.Entity::get_TotalWaitingTime()
FNDA:1,System.Double SimEngine.Core.Entity::get_TotalWaitingTime()
DA:13,1
FN:13,System.Double SimEngine.Core.Entity::get_TotalServiceTime()
FNDA:1,System.Double SimEngine.Core.Entity::get_TotalServiceTime()
DA:14,1
FN:14,System.Double SimEngine.Core.Entity::get_TotalTime()
FNDA:1,System.Double SimEngine.Core.Entity::get_TotalTime()
DA:15,1
FN:15,System.Collections.Generic.Stack`1<System.String> SimEngine.Core.Entity::get_NetworkStack()
FNDA:85,System.Collections.Generic.Stack`1<System.String> SimEngine.Core.Entity::get_NetworkStack()
DA:16,85
FN:16,System.Collections.Generic.Dictionary`2<System.String,System.Double> SimEngine.Core.Entity::get_NetworkEntryTimes()
FNDA:33,System.Collections.Generic.Dictionary`2<System.String,System.Double> SimEngine.Core.Entity::get_NetworkEntryTimes()
DA:17,33
FN:19,System.Void SimEngine.Core.Entity::.ctor(System.Double)
FNDA:30,System.Void SimEngine.Core.Entity::.ctor(System.Double)
DA:20,30
DA:21,30
DA:22,30
DA:23,30
DA:24,30
LF:14
LH:14
BRF:0
BRH:0
FNF:10
FNH:10
end_of_record
SF:/home/vorherre/Documents/AQL/Engine/Library/Core/Event.cs
FN:6,System.Double SimEngine.Core.Event::get_Time()
FNDA:212,System.Double SimEngine.Core.Event::get_Time()
DA:7,212
FN:7,System.Action SimEngine.Core.Event::get_Action()
FNDA:69,System.Action SimEngine.Core.Event::get_Action()
DA:8,69
FN:9,System.Void SimEngine.Core.Event::.ctor(System.Double,System.Action)
FNDA:75,System.Void SimEngine.Core.Event::.ctor(System.Double,System.Action)
DA:10,75
DA:11,75
DA:12,75
DA:13,75
DA:14,75
LF:7
LH:7
BRF:0
BRH:0
FNF:3
FNH:3
end_of_record
SF:/home/vorherre/Documents/AQL/Engine/Library/Core/Simulation.cs
FN:9,System.Double SimEngine.Core.Simulation::get_Now()
FNDA:144,System.Double SimEngine.Core.Simulation::get_Now()
DA:10,144
FN:12,System.Void SimEngine.Core.Simulation::Schedule(System.Double,System.Action)
FNDA:73,System.Void SimEngine.Core.Simulation::Schedule(System.Double,System.Action)
DA:13,73
DA:14,73
DA:15,73
DA:16,73
FN:18,System.Void SimEngine.Core.Simulation::Run(System.Double)
FNDA:13,System.Void SimEngine.Core.Simulation::Run(System.Double)
DA:19,13
DA:20,80
DA:21,71
DA:22,71
DA:23,75
DA:24,67
DA:25,67
DA:26,67
DA:27,67
DA:28,13
DA:29,13
BRDA:20,84,1,71
BRDA:23,27,1,67
BRDA:23,27,0,13
BRDA:20,84,0,13
FN:7,System.Void SimEngine.Core.Simulation::.ctor()
FNDA:23,System.Void SimEngine.Core.Simulation::.ctor()
DA:8,23
DA:9,23
LF:18
LH:18
BRF:4
BRH:4
FNF:4
FNH:4
end_of_record
SF:/home/vorherre/Documents/AQL/Engine/Library/Core/SimulationEngineAPI.cs
FN:15,System.Random SimEngine.Core.SimulationEngineAPI::get_RandomGenerator()
FNDA:28,System.Random SimEngine.Core.SimulationEngineAPI::get_RandomGenerator()
DA:16,28
FN:25,SimEngine.Metrics.SimulationStats SimEngine.Core.SimulationEngineAPI::get_Stats()
FNDA:61,SimEngine.Metrics.SimulationStats SimEngine.Core.SimulationEngineAPI::get_Stats()
DA:26,61
FN:27,SimEngine.Nodes.QueueNode SimEngine.Core.SimulationEngineAPI::GetQueueNode(System.String)
FNDA:5,SimEngine.Nodes.QueueNode SimEngine.Core.SimulationEngineAPI::GetQueueNode(System.String)
DA:28,5
FN:29,System.Void SimEngine.Core.SimulationEngineAPI::PrintMetric(SimEngine.Metrics.SimulationStats)
FNDA:0,System.Void SimEngine.Core.SimulationEngineAPI::PrintMetric(SimEngine.Metrics.SimulationStats)
DA:30,0
FN:32,System.Void SimEngine.Core.SimulationEngineAPI::SetSimulationParameters(System.Double,System.Int32)
FNDA:6,System.Void SimEngine.Core.SimulationEngineAPI::SetSimulationParameters(System.Double,System.Int32)
DA:33,6
DA:34,6
DA:35,6
DA:36,6
FN:38,System.Void SimEngine.Core.SimulationEngineAPI::SetSeed(System.Int32)
FNDA:2,System.Void SimEngine.Core.SimulationEngineAPI::SetSeed(System.Int32)
DA:39,2
DA:40,2
DA:41,2
FN:43,System.Void SimEngine.Core.SimulationEngineAPI::CreateNetwork(SimEngine.Networks.NetworkDefinition,System.String)
FNDA:1,System.Void SimEngine.Core.SimulationEngineAPI::CreateNetwork(SimEngine.Networks.NetworkDefinition,System.String)
DA:44,1
DA:45,1
DA:47,1
DA:50,3
DA:51,0
DA:52,0
DA:53,0
DA:56,3
DA:57,0
DA:58,0
DA:59,0
DA:60,0
DA:61,0
DA:64,3
DA:65,0
DA:66,0
DA:67,0
DA:68,0
DA:71,3
DA:72,0
DA:73,0
DA:74,0
DA:77,3
DA:78,0
DA:79,0
DA:80,0
DA:81,0
DA:82,0
DA:84,1
BRDA:45,7,0,0
BRDA:45,7,1,1
BRDA:50,133,1,0
BRDA:50,133,0,1
BRDA:56,227,1,0
BRDA:56,227,0,1
BRDA:64,328,1,0
BRDA:64,328,0,1
BRDA:71,423,1,0
BRDA:73,382,0,0
BRDA:73,382,1,0
BRDA:71,423,0,1
BRDA:77,532,1,0
BRDA:77,532,0,1
FN:86,System.String SimEngine.Core.SimulationEngineAPI::Qualify(System.String,System.String)
FNDA:0,System.String SimEngine.Core.SimulationEngineAPI::Qualify(System.String,System.String)
DA:87,0
DA:89,0
DA:92,0
DA:94,0
DA:95,0
BRDA:89,20,0,0
BRDA:89,20,1,0
BRDA:92,38,0,0
BRDA:92,38,1,0
BRDA:92,52,0,0
BRDA:92,52,1,0
BRDA:94,64,0,0
BRDA:94,64,1,0
FN:97,System.Void SimEngine.Core.SimulationEngineAPI::CreateDispatcherNode(System.String,System.Func`1<System.Double>)
FNDA:3,System.Void SimEngine.Core.SimulationEngineAPI::CreateDispatcherNode(System.String,System.Func`1<System.Double>)
DA:98,3
DA:99,3
DA:100,3
DA:101,3
DA:102,3
FN:104,System.Void SimEngine.Core.SimulationEngineAPI::CreateQueueNode(System.String,System.Int32,System.Int32,System.Func`1<System.Double>,System.Func`1<System.Double>)
FNDA:9,System.Void SimEngine.Core.SimulationEngineAPI::CreateQueueNode(System.String,System.Int32,System.Int32,System.Func`1<System.Double>,System.Func`1<System.Double>)
DA:105,9
DA:106,9
DA:107,9
DA:108,9
DA:109,9
DA:110,9
FN:112,System.Void SimEngine.Core.SimulationEngineAPI::ConnectNode(System.String,System.String,System.Double)
FNDA:4,System.Void SimEngine.Core.SimulationEngineAPI::ConnectNode(System.String,System.String,System.Double)
DA:113,4
DA:114,4
DA:115,1
DA:117,3
DA:118,0
DA:120,3
DA:121,1
DA:122,1
DA:123,1
DA:124,2
DA:125,1
DA:126,1
DA:127,1
DA:129,1
DA:130,1
DA:131,1
DA:132,3
BRDA:114,20,0,1
BRDA:114,20,1,3
BRDA:117,63,0,0
BRDA:117,63,1,3
BRDA:120,93,0,2
BRDA:120,93,1,1
BRDA:120,114,0,1
BRDA:120,114,1,2
BRDA:124,159,0,1
BRDA:124,159,1,1
FN:134,System.Void SimEngine.Core.SimulationEngineAPI::RecordNetworkEntry(SimEngine.Core.Entity,System.String,System.Double)
FNDA:46,System.Void SimEngine.Core.SimulationEngineAPI::RecordNetworkEntry(SimEngine.Core.Entity,System.String,System.Double)
DA:135,46
DA:136,46
DA:137,45
DA:139,1
DA:140,0
DA:142,1
DA:147,1
DA:148,1
DA:149,1
DA:150,1
DA:151,1
DA:153,1
DA:154,1
DA:155,46
BRDA:136,18,1,1
BRDA:139,36,1,1
BRDA:147,72,0,1
BRDA:147,72,1,1
BRDA:136,18,0,46
BRDA:139,36,0,46
FN:157,System.Void SimEngine.Core.SimulationEngineAPI::RecordNetworkExit(SimEngine.Core.Entity,System.String,System.Double)
FNDA:1,System.Void SimEngine.Core.SimulationEngineAPI::RecordNetworkExit(SimEngine.Core.Entity,System.String,System.Double)
DA:158,1
DA:159,1
DA:160,0
DA:162,1
DA:163,0
DA:167,1
DA:168,1
DA:169,1
DA:171,1
DA:172,1
DA:173,1
DA:174,1
DA:175,1
DA:176,1
DA:177,1
DA:178,1
DA:180,1
DA:181,1
DA:182,1
DA:183,1
BRDA:159,36,1,1
BRDA:162,56,0,1
BRDA:162,56,1,0
BRDA:162,77,1,1
BRDA:171,173,0,1
BRDA:174,215,0,1
BRDA:174,215,1,1
BRDA:159,36,0,1
BRDA:162,77,0,1
BRDA:171,173,1,1
FN:185,System.Void SimEngine.Core.SimulationEngineAPI::TransitionNetwork(SimEngine.Core.Entity,System.String,System.String,System.Double)
FNDA:2,System.Void SimEngine.Core.SimulationEngineAPI::TransitionNetwork(SimEngine.Core.Entity,System.String,System.String,System.Double)
DA:186,2
DA:187,2
DA:188,2
DA:189,2
DA:190,0
DA:191,0
DA:192,0
DA:193,2
DA:196,0
DA:197,0
DA:198,0
DA:199,0
DA:200,0
DA:202,0
DA:203,2
BRDA:187,18,0,2
BRDA:189,36,0,0
BRDA:187,18,1,0
BRDA:196,68,0,0
BRDA:196,68,1,0
BRDA:196,87,0,0
BRDA:196,87,1,0
BRDA:189,36,1,2
FN:205,System.Void SimEngine.Core.SimulationEngineAPI::RunSimulation()
FNDA:6,System.Void SimEngine.Core.SimulationEngineAPI::RunSimulation()
DA:206,6
DA:207,6
DA:209,34
DA:210,8
DA:211,8
DA:212,8
DA:213,6
DA:215,8
DA:217,8
DA:218,8
DA:219,8
DA:220,8
DA:221,8
DA:222,8
DA:223,8
DA:224,8
DA:225,8
DA:227,28
DA:228,8
DA:229,8
DA:231,28
DA:232,2
DA:234,8
DA:235,8
DA:237,40
DA:238,8
DA:239,8
DA:240,8
DA:241,8
DA:242,6
BRDA:209,195,1,8
BRDA:212,76,0,6
BRDA:212,76,1,8
BRDA:209,195,0,6
BRDA:227,430,1,8
BRDA:231,282,1,2
BRDA:231,282,0,8
BRDA:237,390,1,8
BRDA:237,390,0,8
BRDA:227,430,0,6
FN:243,SimEngine.Metrics.SimulationStats SimEngine.Core.SimulationEngineAPI::GetSimulationStats()
FNDA:1,SimEngine.Metrics.SimulationStats SimEngine.Core.SimulationEngineAPI::GetSimulationStats()
DA:244,1
FN:245,System.Collections.Generic.List`1<SimEngine.Core.Entity> SimEngine.Core.SimulationEngineAPI::GetEntities()
FNDA:2,System.Collections.Generic.List`1<SimEngine.Core.Entity> SimEngine.Core.SimulationEngineAPI::GetEntities()
DA:246,2
FN:248,System.Void SimEngine.Core.SimulationEngineAPI::RegisterEntity(SimEngine.Core.Entity)
FNDA:23,System.Void SimEngine.Core.SimulationEngineAPI::RegisterEntity(SimEngine.Core.Entity)
DA:249,23
DA:250,23
DA:251,23
DA:252,23
FN:254,System.Void SimEngine.Core.SimulationEngineAPI::SafePopAndRestore(SimEngine.Core.Entity,System.Double)
FNDA:1,System.Void SimEngine.Core.SimulationEngineAPI::SafePopAndRestore(SimEngine.Core.Entity,System.Double)
DA:255,1
DA:256,1
DA:257,1
DA:259,0
DA:261,0
DA:262,0
DA:263,0
DA:264,0
DA:265,1
BRDA:256,17,1,0
BRDA:261,46,0,0
BRDA:261,46,1,0
BRDA:261,65,0,0
BRDA:256,17,0,1
BRDA:261,65,1,1
FN:14,System.Void SimEngine.Core.SimulationEngineAPI::.ctor()
FNDA:13,System.Void SimEngine.Core.SimulationEngineAPI::.ctor()
DA:15,13
DA:17,13
DA:18,13
DA:19,13
DA:20,13
DA:21,13
DA:22,13
DA:23,13
DA:24,13
DA:25,13
LF:177
LH:133
BRF:72
BRH:44
FNF:20
FNH:18
end_of_recordSF:/home/vorherre/Documents/AQL/Engine/Library/Utils/Utils.cs
FN:5,System.Boolean SimEngine.Utils.NetworkUtils::IsSubnetwork(System.String,System.String)
FNDA:0,System.Boolean SimEngine.Utils.NetworkUtils::IsSubnetwork(System.String,System.String)
DA:6,0
DA:7,0
DA:8,0
BRDA:7,8,0,0
BRDA:7,8,1,0
FN:10,System.Boolean SimEngine.Utils.NetworkUtils::IsParentNetwork(System.String,System.String)
FNDA:0,System.Boolean SimEngine.Utils.NetworkUtils::IsParentNetwork(System.String,System.String)
DA:11,0
DA:12,0
DA:13,0
BRDA:12,8,0,0
BRDA:12,8,1,0
LF:6
LH:0
BRF:4
BRH:0
FNF:2
FNH:0
end_of_record
SF:/home/vorherre/Documents/AQL/Engine/Library/Nodes/DispatcherNode.cs
FN:8,SimEngine.Core.Simulation SimEngine.Nodes.DispatcherNode::get_Simulation()
FNDA:0,SimEngine.Core.Simulation SimEngine.Nodes.DispatcherNode::get_Simulation()
DA:9,0
FN:19,System.Void SimEngine.Nodes.DispatcherNode::ScheduleInitialArrival()
FNDA:0,System.Void SimEngine.Nodes.DispatcherNode::ScheduleInitialArrival()
DA:20,0
DA:21,0
DA:22,0
DA:23,0
DA:24,0
DA:25,0
DA:26,0
DA:27,0
DA:28,0
DA:29,0
DA:30,0
DA:31,0
DA:32,0
DA:33,0
DA:34,0
DA:35,0
DA:36,0
DA:37,0
DA:38,0
DA:39,0
DA:40,0
DA:41,0
DA:42,0
DA:43,0
DA:44,0
DA:45,0
DA:46,0
DA:47,0
DA:48,0
DA:49,0
DA:50,0
DA:51,0
DA:52,0
DA:53,0
DA:54,0
DA:55,0
DA:56,0
FN:12,System.Void SimEngine.Nodes.DispatcherNode::.ctor(SimEngine.Core.SimulationEngineAPI,System.String,System.Func`1<System.Double>)
FNDA:0,System.Void SimEngine.Nodes.DispatcherNode::.ctor(SimEngine.Core.SimulationEngineAPI,System.String,System.Func`1<System.Double>)
DA:13,0
DA:14,0
DA:15,0
DA:16,0
DA:17,0
LF:43
LH:0
BRF:10
BRH:0
FNF:3
FNH:0
end_of_record
SF:/home/vorherre/Documents/AQL/Engine/Library/Nodes/Node.cs
FN:7,System.String SimEngine.Nodes.Node::get_Name()
FNDA:0,System.String SimEngine.Nodes.Node::get_Name()
DA:8,0
FN:8,System.Collections.Generic.List`1<System.ValueTuple`2<SimEngine.Nodes.Node,System.Double>> SimEngine.Nodes.Node::get_NextNodeChoices()
FNDA:0,System.Collections.Generic.List`1<System.ValueTuple`2<SimEngine.Nodes.Node,System.Double>> SimEngine.Nodes.Node::get_NextNodeChoices()
DA:9,0
FN:9,SimEngine.Nodes.Node SimEngine.Nodes.Node::get_NextNode()
FNDA:0,SimEngine.Nodes.Node SimEngine.Nodes.Node::get_NextNode()
DA:10,0
FN:12,System.String SimEngine.Nodes.Node::get_Network()
FNDA:0,System.String SimEngine.Nodes.Node::get_Network()
DA:13,0
FN:14,System.Void SimEngine.Nodes.Node::.ctor(System.String)
FNDA:0,System.Void SimEngine.Nodes.Node::.ctor(System.String)
DA:15,0
DA:16,0
DA:17,0
DA:19,0
DA:20,0
DA:21,0
DA:22,0
DA:23,0
BRDA:20,44,0,0
BRDA:20,44,1,0
LF:12
LH:0
BRF:2
BRH:0
FNF:5
FNH:0
end_of_record
SF:/home/vorherre/Documents/AQL/Engine/Library/Nodes/QueueNode.cs
FN:8,SimEngine.Core.Simulation SimEngine.Nodes.QueueNode::get_Simulation()
FNDA:0,SimEngine.Core.Simulation SimEngine.Nodes.QueueNode::get_Simulation()
DA:9,0
FN:14,System.Int32 SimEngine.Nodes.QueueNode::get_ServerCount()
FNDA:0,System.Int32 SimEngine.Nodes.QueueNode::get_ServerCount()
DA:15,0
FN:27,System.Void SimEngine.Nodes.QueueNode::AttachRuntimeStats(SimEngine.Metrics.QueueRuntimeStats)
FNDA:0,System.Void SimEngine.Nodes.QueueNode::AttachRuntimeStats(SimEngine.Metrics.QueueRuntimeStats)
DA:28,0
DA:29,0
DA:30,0
FN:32,System.Void SimEngine.Nodes.QueueNode::ProcessArrival(SimEngine.Core.Entity)
FNDA:0,System.Void SimEngine.Nodes.QueueNode::ProcessArrival(SimEngine.Core.Entity)
DA:33,0
DA:34,0
DA:35,0
DA:37,0
DA:38,0
DA:39,0
DA:40,0
DA:41,0
DA:44,0
DA:45,0
DA:46,0
DA:47,0
DA:49,0
DA:50,0
DA:51,0
DA:53,0
DA:54,0
DA:55,0
DA:56,0
DA:57,0
BRDA:35,26,0,0
BRDA:35,26,1,0
BRDA:37,68,0,0
BRDA:40,96,0,0
BRDA:40,96,1,0
BRDA:37,68,1,0
BRDA:44,125,0,0
BRDA:44,125,1,0
BRDA:53,167,0,0
BRDA:53,167,1,0
BRDA:53,186,0,0
BRDA:53,186,1,0
FN:59,System.Void SimEngine.Nodes.QueueNode::StartService(SimEngine.Core.Entity)
FNDA:0,System.Void SimEngine.Nodes.QueueNode::StartService(SimEngine.Core.Entity)
DA:60,0
DA:61,0
DA:62,0
DA:63,0
DA:64,0
DA:66,0
DA:67,0
DA:68,0
DA:69,0
DA:70,0
BRDA:68,139,0,0
BRDA:68,139,1,0
BRDA:69,158,0,0
BRDA:69,158,1,0
FN:72,System.Void SimEngine.Nodes.QueueNode::ProcessDeparture(SimEngine.Core.Entity)
FNDA:0,System.Void SimEngine.Nodes.QueueNode::ProcessDeparture(SimEngine.Core.Entity)
DA:73,0
DA:74,0
DA:76,0
DA:77,0
DA:78,0
DA:79,0
DA:81,0
DA:82,0
DA:83,0
DA:84,0
DA:85,0
DA:86,0
DA:87,0
DA:88,0
DA:89,0
DA:90,0
DA:91,0
DA:92,0
DA:94,0
DA:95,0
DA:97,0
DA:98,0
DA:99,0
DA:100,0
DA:101,0
DA:102,0
DA:104,0
DA:105,0
DA:107,0
DA:108,0
DA:109,0
DA:110,0
DA:111,0
DA:112,0
DA:114,0
DA:116,0
DA:117,0
DA:119,0
DA:120,0
DA:121,0
BRDA:76,44,0,0
BRDA:76,44,1,0
BRDA:82,87,0,0
BRDA:86,194,1,0
BRDA:89,178,0,0
BRDA:89,178,1,0
BRDA:86,194,0,0
BRDA:82,87,1,0
BRDA:97,239,0,0
BRDA:99,263,0,0
BRDA:99,263,1,0
BRDA:99,290,0,0
BRDA:101,315,0,0
BRDA:101,315,1,0
BRDA:99,290,1,0
BRDA:97,239,1,0
BRDA:109,470,0,0
BRDA:109,470,1,0
BRDA:116,539,0,0
BRDA:116,539,1,0
FN:123,System.Void SimEngine.Nodes.QueueNode::Reset(SimEngine.Core.Simulation)
FNDA:0,System.Void SimEngine.Nodes.QueueNode::Reset(SimEngine.Core.Simulation)
DA:124,0
DA:125,0
DA:126,0
DA:127,0
DA:128,0
BRDA:127,27,0,0
BRDA:127,27,1,0
FN:11,System.Void SimEngine.Nodes.QueueNode::.ctor(SimEngine.Core.SimulationEngineAPI,System.String,System.Int32,System.Int32,System.Func`1<System.Double>,System.Func`1<System.Double>)
FNDA:0,System.Void SimEngine.Nodes.QueueNode::.ctor(SimEngine.Core.SimulationEngineAPI,System.String,System.Int32,System.Int32,System.Func`1<System.Double>,System.Func`1<System.Double>)
DA:12,0
DA:13,0
DA:19,0
DA:20,0
DA:21,0
DA:22,0
DA:23,0
DA:24,0
DA:25,0
BRDA:23,45,0,0
BRDA:23,45,1,0
LF:89
LH:0
BRF:40
BRH:0
FNF:8
FNH:0
end_of_record
SF:/home/vorherre/Documents/AQL/Engine/Library/Nodes/RouterNode.cs
FN:6,SimEngine.Core.Simulation SimEngine.Nodes.RouterNode::get_Simulation()
FNDA:0,SimEngine.Core.Simulation SimEngine.Nodes.RouterNode::get_Simulation()
DA:7,0
FN:15,System.Void SimEngine.Nodes.RouterNode::Route(SimEngine.Core.Entity)
FNDA:0,System.Void SimEngine.Nodes.RouterNode::Route(SimEngine.Core.Entity)
DA:16,0
DA:17,0
DA:18,0
DA:21,0
DA:22,0
DA:23,0
DA:24,0
DA:25,0
DA:26,0
DA:27,0
DA:28,0
DA:29,0
DA:30,0
DA:31,0
DA:32,0
DA:34,0
DA:35,0
DA:37,0
DA:38,0
DA:40,0
BRDA:17,39,0,0
BRDA:17,39,1,0
BRDA:22,112,0,0
BRDA:26,227,1,0
BRDA:29,206,0,0
BRDA:29,206,1,0
BRDA:26,227,0,0
BRDA:22,112,1,0
BRDA:37,260,0,0
BRDA:37,260,1,0
FN:42,System.Void SimEngine.Nodes.RouterNode::RouteTo(SimEngine.Nodes.Node,SimEngine.Core.Entity)
FNDA:0,System.Void SimEngine.Nodes.RouterNode::RouteTo(SimEngine.Nodes.Node,SimEngine.Core.Entity)
DA:43,0
DA:44,0
DA:46,0
DA:47,0
DA:48,0
DA:50,0
DA:51,0
DA:52,0
DA:53,0
DA:54,0
BRDA:44,9,1,0
BRDA:47,33,0,0
BRDA:47,33,1,0
BRDA:50,85,0,0
BRDA:50,85,1,0
BRDA:52,114,0,0
BRDA:44,9,0,0
BRDA:52,114,1,0
FN:9,System.Void SimEngine.Nodes.RouterNode::.ctor(SimEngine.Core.SimulationEngineAPI,System.String)
FNDA:0,System.Void SimEngine.Nodes.RouterNode::.ctor(SimEngine.Core.SimulationEngineAPI,System.String)
DA:10,0
DA:11,0
DA:12,0
DA:13,0
LF:35
LH:0
BRF:18
BRH:0
FNF:4
FNH:0
end_of_record
SF:/home/vorherre/Documents/AQL/Engine/Library/Networks/NetworkDefinition.cs
FN:7,System.String SimEngine.Networks.NetworkDefinition::get_Name()
FNDA:0,System.String SimEngine.Networks.NetworkDefinition::get_Name()
DA:8,0
FN:9,System.Collections.Generic.List`1<System.ValueTuple`4<System.String,System.Int32,System.Int32,System.Func`1<System.Double>>> SimEngine.Networks.NetworkDefinition::get_Queues()
FNDA:0,System.Collections.Generic.List`1<System.ValueTuple`4<System.String,System.Int32,System.Int32,System.Func`1<System.Double>>> SimEngine.Networks.NetworkDefinition::get_Queues()
DA:10,0
FN:10,System.Collections.Generic.List`1<System.ValueTuple`3<System.String,System.String,System.Double>> SimEngine.Networks.NetworkDefinition::get_Routes()
FNDA:0,System.Collections.Generic.List`1<System.ValueTuple`3<System.String,System.String,System.Double>> SimEngine.Networks.NetworkDefinition::get_Routes()
DA:11,0
FN:11,System.Collections.Generic.List`1<System.String> SimEngine.Networks.NetworkDefinition::get_RouterEntries()
FNDA:0,System.Collections.Generic.List`1<System.String> SimEngine.Networks.NetworkDefinition::get_RouterEntries()
DA:12,0
FN:12,System.Collections.Generic.List`1<System.String> SimEngine.Networks.NetworkDefinition::get_RouterExits()
FNDA:0,System.Collections.Generic.List`1<System.String> SimEngine.Networks.NetworkDefinition::get_RouterExits()
DA:13,0
FN:13,System.Collections.Generic.List`1<SimEngine.Networks.NetworkDefinition> SimEngine.Networks.NetworkDefinition::get_SubNetworks()
FNDA:0,System.Collections.Generic.List`1<SimEngine.Networks.NetworkDefinition> SimEngine.Networks.NetworkDefinition::get_SubNetworks()
DA:14,0
FN:16,System.Void SimEngine.Networks.NetworkDefinition::AddQueue(System.String,System.Int32,System.Int32,System.Func`1<System.Double>)
FNDA:0,System.Void SimEngine.Networks.NetworkDefinition::AddQueue(System.String,System.Int32,System.Int32,System.Func`1<System.Double>)
DA:17,0
FN:19,System.Void SimEngine.Networks.NetworkDefinition::Connect(System.String,System.String,System.Double)
FNDA:0,System.Void SimEngine.Networks.NetworkDefinition::Connect(System.String,System.String,System.Double)
DA:20,0
FN:22,System.Void SimEngine.Networks.NetworkDefinition::AddEntryPoint(System.String)
FNDA:0,System.Void SimEngine.Networks.NetworkDefinition::AddEntryPoint(System.String)
DA:23,0
FN:25,System.Void SimEngine.Networks.NetworkDefinition::AddExitPoint(System.String)
FNDA:0,System.Void SimEngine.Networks.NetworkDefinition::AddExitPoint(System.String)
DA:26,0
FN:28,System.Void SimEngine.Networks.NetworkDefinition::AddSubNetwork(SimEngine.Networks.NetworkDefinition)
FNDA:0,System.Void SimEngine.Networks.NetworkDefinition::AddSubNetwork(SimEngine.Networks.NetworkDefinition)
DA:29,0
LF:11
LH:0
BRF:0
BRH:0
FNF:11
FNH:0
end_of_record
SF:/home/vorherre/Documents/AQL/Engine/Library/Networks/NetworkRegistry.cs
FN:7,System.String SimEngine.Networks.NetworkStats::get_Name()
FNDA:0,System.String SimEngine.Networks.NetworkStats::get_Name()
DA:8,0
FN:16,System.Void SimEngine.Networks.NetworkStats::RegisterQueue(SimEngine.Nodes.QueueNode)
FNDA:0,System.Void SimEngine.Networks.NetworkStats::RegisterQueue(SimEngine.Nodes.QueueNode)
DA:17,0
FN:19,System.Void SimEngine.Networks.NetworkStats::RecordEntry(SimEngine.Core.Entity,System.Double)
FNDA:0,System.Void SimEngine.Networks.NetworkStats::RecordEntry(SimEngine.Core.Entity,System.Double)
DA:20,0
DA:21,0
DA:22,0
FN:24,System.Void SimEngine.Networks.NetworkStats::RecordExit(SimEngine.Core.Entity,System.Double)
FNDA:0,System.Void SimEngine.Networks.NetworkStats::RecordExit(SimEngine.Core.Entity,System.Double)
DA:25,0
DA:26,0
DA:27,0
FN:8,System.Void SimEngine.Networks.NetworkStats::.ctor(System.String)
FNDA:0,System.Void SimEngine.Networks.NetworkStats::.ctor(System.String)
DA:9,0
DA:11,0
DA:12,0
DA:13,0
DA:14,0
DA:16,0
LF:14
LH:0
BRF:0
BRH:0
FNF:5
FNH:0
end_of_record
SF:/home/vorherre/Documents/AQL/Engine/Library/Metrics/MetricsPrinter.cs
FN:7,System.Void SimEngine.Metrics.MetricsPrinter::Print(SimEngine.Metrics.SimulationStats)
FNDA:0,System.Void SimEngine.Metrics.MetricsPrinter::Print(SimEngine.Metrics.SimulationStats)
DA:8,0
DA:9,0
DA:10,0
DA:11,0
DA:12,0
DA:13,0
DA:15,0
DA:16,0
DA:17,0
DA:18,0
DA:19,0
DA:20,0
DA:22,0
DA:23,0
DA:24,0
DA:25,0
DA:26,0
DA:27,0
DA:28,0
DA:29,0
DA:30,0
DA:31,0
DA:32,0
DA:33,0
DA:34,0
DA:36,0
DA:37,0
DA:38,0
DA:39,0
DA:40,0
DA:41,0
DA:42,0
DA:43,0
DA:44,0
BRDA:16,949,1,0
BRDA:18,280,0,0
BRDA:18,280,1,0
BRDA:16,949,0,0
BRDA:37,1229,1,0
BRDA:37,1229,0,0
LF:34
LH:0
BRF:6
BRH:0
FNF:1
FNH:0
end_of_record
SF:/home/vorherre/Documents/AQL/Engine/Library/Metrics/NetworkRuntimeStats.cs
FN:9,System.String SimEngine.Metrics.NetworkRuntimeStats::get_Name()
FNDA:0,System.String SimEngine.Metrics.NetworkRuntimeStats::get_Name()
DA:10,0
FN:10,System.Collections.Generic.List`1<System.Double> SimEngine.Metrics.NetworkRuntimeStats::get_RespondTimes()
FNDA:0,System.Collections.Generic.List`1<System.Double> SimEngine.Metrics.NetworkRuntimeStats::get_RespondTimes()
DA:11,0
FN:13,System.Void SimEngine.Metrics.NetworkRuntimeStats::AddRespondTime(System.Double)
FNDA:0,System.Void SimEngine.Metrics.NetworkRuntimeStats::AddRespondTime(System.Double)
DA:14,0
DA:15,0
DA:16,0
FN:17,System.Double SimEngine.Metrics.NetworkRuntimeStats::get_MeanRespondTime()
FNDA:0,System.Double SimEngine.Metrics.NetworkRuntimeStats::get_MeanRespondTime()
DA:18,0
BRDA:18,12,0,0
BRDA:18,12,1,0
FN:21,System.Double SimEngine.Metrics.NetworkRuntimeStats::get_VarianceRespondTime()
FNDA:0,System.Double SimEngine.Metrics.NetworkRuntimeStats::get_VarianceRespondTime()
DA:22,0
DA:23,0
DA:24,0
DA:25,0
DA:26,0
BRDA:23,23,0,0
BRDA:23,23,1,0
FN:29,System.Double SimEngine.Metrics.NetworkRuntimeStats::TailProbability(System.Double)
FNDA:0,System.Double SimEngine.Metrics.NetworkRuntimeStats::TailProbability(System.Double)
DA:30,0
DA:31,0
DA:32,0
DA:33,0
BRDA:31,30,0,0
BRDA:31,30,1,0
LF:15
LH:0
BRF:6
BRH:0
FNF:6
FNH:0
end_of_record
SF:/home/vorherre/Documents/AQL/Engine/Library/Metrics/QueueRuntimeStats.cs
FN:4,System.String SimEngine.Metrics.QueueRuntimeStats::get_Name()
FNDA:0,System.String SimEngine.Metrics.QueueRuntimeStats::get_Name()
DA:5,0
FN:5,System.Int32 SimEngine.Metrics.QueueRuntimeStats::get_TotalArrived()
FNDA:0,System.Int32 SimEngine.Metrics.QueueRuntimeStats::get_TotalArrived()
DA:6,0
FN:6,System.Int32 SimEngine.Metrics.QueueRuntimeStats::get_TotalServed()
FNDA:0,System.Int32 SimEngine.Metrics.QueueRuntimeStats::get_TotalServed()
DA:7,0
FN:7,System.Int32 SimEngine.Metrics.QueueRuntimeStats::get_DroppedEntities()
FNDA:0,System.Int32 SimEngine.Metrics.QueueRuntimeStats::get_DroppedEntities()
DA:8,0
FN:8,System.Double SimEngine.Metrics.QueueRuntimeStats::get_TotalWaitingTime()
FNDA:0,System.Double SimEngine.Metrics.QueueRuntimeStats::get_TotalWaitingTime()
DA:9,0
FN:9,System.Double SimEngine.Metrics.QueueRuntimeStats::get_TotalServiceTime()
FNDA:0,System.Double SimEngine.Metrics.QueueRuntimeStats::get_TotalServiceTime()
DA:10,0
FN:10,System.Double SimEngine.Metrics.QueueRuntimeStats::get_TotalBusyTime()
FNDA:0,System.Double SimEngine.Metrics.QueueRuntimeStats::get_TotalBusyTime()
DA:11,0
FN:11,System.Int32 SimEngine.Metrics.QueueRuntimeStats::get_ServerCount()
FNDA:0,System.Int32 SimEngine.Metrics.QueueRuntimeStats::get_ServerCount()
DA:12,0
FN:12,System.Double SimEngine.Metrics.QueueRuntimeStats::get_SimulationTimePerRun()
FNDA:0,System.Double SimEngine.Metrics.QueueRuntimeStats::get_SimulationTimePerRun()
DA:13,0
FN:13,System.Int32 SimEngine.Metrics.QueueRuntimeStats::get_RunCount()
FNDA:0,System.Int32 SimEngine.Metrics.QueueRuntimeStats::get_RunCount()
DA:14,0
FN:15,System.Void SimEngine.Metrics.QueueRuntimeStats::AddArrival()
FNDA:0,System.Void SimEngine.Metrics.QueueRuntimeStats::AddArrival()
DA:16,0
FN:17,System.Void SimEngine.Metrics.QueueRuntimeStats::AddServed(System.Double,System.Double)
FNDA:0,System.Void SimEngine.Metrics.QueueRuntimeStats::AddServed(System.Double,System.Double)
DA:18,0
DA:19,0
DA:20,0
DA:21,0
DA:22,0
FN:22,System.Void SimEngine.Metrics.QueueRuntimeStats::AddBusyTime(System.Double)
FNDA:0,System.Void SimEngine.Metrics.QueueRuntimeStats::AddBusyTime(System.Double)
DA:23,0
FN:23,System.Void SimEngine.Metrics.QueueRuntimeStats::IncrementRun()
FNDA:0,System.Void SimEngine.Metrics.QueueRuntimeStats::IncrementRun()
DA:24,0
FN:24,System.Void SimEngine.Metrics.QueueRuntimeStats::AddDropped()
FNDA:0,System.Void SimEngine.Metrics.QueueRuntimeStats::AddDropped()
DA:25,0
FN:26,System.Double SimEngine.Metrics.QueueRuntimeStats::get_AvgWaitTime()
FNDA:0,System.Double SimEngine.Metrics.QueueRuntimeStats::get_AvgWaitTime()
DA:27,0
BRDA:27,7,0,0
BRDA:27,7,1,0
FN:27,System.Double SimEngine.Metrics.QueueRuntimeStats::get_AvgServiceTime()
FNDA:0,System.Double SimEngine.Metrics.QueueRuntimeStats::get_AvgServiceTime()
DA:28,0
BRDA:28,7,0,0
BRDA:28,7,1,0
FN:28,System.Double SimEngine.Metrics.QueueRuntimeStats::get_Utilization()
FNDA:0,System.Double SimEngine.Metrics.QueueRuntimeStats::get_Utilization()
DA:29,0
BRDA:29,31,0,0
BRDA:29,31,1,0
FN:29,System.Double SimEngine.Metrics.QueueRuntimeStats::get_Throughput()
FNDA:0,System.Double SimEngine.Metrics.QueueRuntimeStats::get_Throughput()
DA:30,0
BRDA:30,7,0,0
BRDA:30,7,1,0
FN:30,System.Double SimEngine.Metrics.QueueRuntimeStats::get_DropRate()
FNDA:0,System.Double SimEngine.Metrics.QueueRuntimeStats::get_DropRate()
DA:31,0
BRDA:31,7,0,0
BRDA:31,7,1,0
LF:24
LH:0
BRF:10
BRH:0
FNF:20
FNH:0
end_of_record
SF:/home/vorherre/Documents/AQL/Engine/Library/Metrics/SimulationStats.cs
FN:7,System.Double SimEngine.Metrics.SimulationStats::get_TotalSimulationTime()
FNDA:0,System.Double SimEngine.Metrics.SimulationStats::get_TotalSimulationTime()
DA:8,0
FN:8,System.Int32 SimEngine.Metrics.SimulationStats::get_TotalEntitiesCreated()
FNDA:0,System.Int32 SimEngine.Metrics.SimulationStats::get_TotalEntitiesCreated()
DA:9,0
FN:9,System.Collections.Generic.List`1<SimEngine.Metrics.NetworkRuntimeStats> SimEngine.Metrics.SimulationStats::get_NetworkStats()
FNDA:0,System.Collections.Generic.List`1<SimEngine.Metrics.NetworkRuntimeStats> SimEngine.Metrics.SimulationStats::get_NetworkStats()
DA:10,0
FN:10,System.Collections.Generic.List`1<SimEngine.Metrics.QueueRuntimeStats> SimEngine.Metrics.SimulationStats::get_QueueStats()
FNDA:0,System.Collections.Generic.List`1<SimEngine.Metrics.QueueRuntimeStats> SimEngine.Metrics.SimulationStats::get_QueueStats()
DA:11,0
FN:13,System.Void SimEngine.Metrics.SimulationStats::AddEntityCreated()
FNDA:0,System.Void SimEngine.Metrics.SimulationStats::AddEntityCreated()
DA:14,0
FN:16,System.Void SimEngine.Metrics.SimulationStats::AddSimulationRunTime(System.Double)
FNDA:0,System.Void SimEngine.Metrics.SimulationStats::AddSimulationRunTime(System.Double)
DA:17,0
DA:18,0
DA:19,0
DA:20,0
FN:21,System.Collections.Generic.IReadOnlyList`1<System.Double> SimEngine.Metrics.SimulationStats::get_SimulationRunTimes()
FNDA:0,System.Collections.Generic.IReadOnlyList`1<System.Double> SimEngine.Metrics.SimulationStats::get_SimulationRunTimes()
DA:22,0
FN:22,System.Int32 SimEngine.Metrics.SimulationStats::get_RunCount()
FNDA:0,System.Int32 SimEngine.Metrics.SimulationStats::get_RunCount()
DA:23,0
FN:24,System.Double SimEngine.Metrics.SimulationStats::get_ArrivalRate()
FNDA:0,System.Double SimEngine.Metrics.SimulationStats::get_ArrivalRate()
DA:25,0
BRDA:25,15,0,0
BRDA:25,15,1,0
FN:25,System.Double SimEngine.Metrics.SimulationStats::get_MeanInterarrivalTime()
FNDA:0,System.Double SimEngine.Metrics.SimulationStats::get_MeanInterarrivalTime()
DA:26,0
BRDA:26,15,0,0
BRDA:26,15,1,0
FN:11,System.Void SimEngine.Metrics.SimulationStats::.ctor()
FNDA:0,System.Void SimEngine.Metrics.SimulationStats::.ctor()
DA:12,0
LF:14
LH:0
BRF:4
BRH:0
FNF:11
FNH:0
end_of_record
SF:/home/vorherre/Documents/AQL/Engine/Library/Core/Entity.cs
FN:7,System.Double SimEngine.Core.Entity::get_ArrivalTime()
FNDA:0,System.Double SimEngine.Core.Entity::get_ArrivalTime()
DA:8,0
FN:9,System.Collections.Generic.List`1<System.Double> SimEngine.Core.Entity::get_WaitingTimesInQueues()
FNDA:0,System.Collections.Generic.List`1<System.Double> SimEngine.Core.Entity::get_WaitingTimesInQueues()
DA:10,0
FN:10,System.Collections.Generic.List`1<System.Double> SimEngine.Core.Entity::get_ServiceTimesInQueues()
FNDA:0,System.Collections.Generic.List`1<System.Double> SimEngine.Core.Entity::get_ServiceTimesInQueues()
DA:11,0
FN:11,System.Double SimEngine.Core.Entity::get_DepartureTime()
FNDA:0,System.Double SimEngine.Core.Entity::get_DepartureTime()
DA:12,0
FN:12,System.Double SimEngine.Core.Entity::get_TotalWaitingTime()
FNDA:0,System.Double SimEngine.Core.Entity::get_TotalWaitingTime()
DA:13,0
FN:13,System.Double SimEngine.Core.Entity::get_TotalServiceTime()
FNDA:0,System.Double SimEngine.Core.Entity::get_TotalServiceTime()
DA:14,0
FN:14,System.Double SimEngine.Core.Entity::get_TotalTime()
FNDA:0,System.Double SimEngine.Core.Entity::get_TotalTime()
DA:15,0
FN:15,System.Collections.Generic.Stack`1<System.String> SimEngine.Core.Entity::get_NetworkStack()
FNDA:0,System.Collections.Generic.Stack`1<System.String> SimEngine.Core.Entity::get_NetworkStack()
DA:16,0
FN:16,System.Collections.Generic.Dictionary`2<System.String,System.Double> SimEngine.Core.Entity::get_NetworkEntryTimes()
FNDA:0,System.Collections.Generic.Dictionary`2<System.String,System.Double> SimEngine.Core.Entity::get_NetworkEntryTimes()
DA:17,0
FN:19,System.Void SimEngine.Core.Entity::.ctor(System.Double)
FNDA:0,System.Void SimEngine.Core.Entity::.ctor(System.Double)
DA:20,0
DA:21,0
DA:22,0
DA:23,0
DA:24,0
LF:14
LH:0
BRF:0
BRH:0
FNF:10
FNH:0
end_of_record
SF:/home/vorherre/Documents/AQL/Engine/Library/Core/Event.cs
FN:6,System.Double SimEngine.Core.Event::get_Time()
FNDA:0,System.Double SimEngine.Core.Event::get_Time()
DA:7,0
FN:7,System.Action SimEngine.Core.Event::get_Action()
FNDA:0,System.Action SimEngine.Core.Event::get_Action()
DA:8,0
FN:9,System.Void SimEngine.Core.Event::.ctor(System.Double,System.Action)
FNDA:0,System.Void SimEngine.Core.Event::.ctor(System.Double,System.Action)
DA:10,0
DA:11,0
DA:12,0
DA:13,0
DA:14,0
LF:7
LH:0
BRF:0
BRH:0
FNF:3
FNH:0
end_of_record
SF:/home/vorherre/Documents/AQL/Engine/Library/Core/Simulation.cs
FN:9,System.Double SimEngine.Core.Simulation::get_Now()
FNDA:0,System.Double SimEngine.Core.Simulation::get_Now()
DA:10,0
FN:12,System.Void SimEngine.Core.Simulation::Schedule(System.Double,System.Action)
FNDA:0,System.Void SimEngine.Core.Simulation::Schedule(System.Double,System.Action)
DA:13,0
DA:14,0
DA:15,0
DA:16,0
FN:18,System.Void SimEngine.Core.Simulation::Run(System.Double)
FNDA:0,System.Void SimEngine.Core.Simulation::Run(System.Double)
DA:19,0
DA:20,0
DA:21,0
DA:22,0
DA:23,0
DA:24,0
DA:25,0
DA:26,0
DA:27,0
DA:28,0
DA:29,0
BRDA:20,84,1,0
BRDA:23,27,1,0
BRDA:23,27,0,0
BRDA:20,84,0,0
FN:7,System.Void SimEngine.Core.Simulation::.ctor()
FNDA:0,System.Void SimEngine.Core.Simulation::.ctor()
DA:8,0
DA:9,0
LF:18
LH:0
BRF:4
BRH:0
FNF:4
FNH:0
end_of_record
SF:/home/vorherre/Documents/AQL/Engine/Library/Core/SimulationEngineAPI.cs
FN:15,System.Random SimEngine.Core.SimulationEngineAPI::get_RandomGenerator()
FNDA:0,System.Random SimEngine.Core.SimulationEngineAPI::get_RandomGenerator()
DA:16,0
FN:25,SimEngine.Metrics.SimulationStats SimEngine.Core.SimulationEngineAPI::get_Stats()
FNDA:0,SimEngine.Metrics.SimulationStats SimEngine.Core.SimulationEngineAPI::get_Stats()
DA:26,0
FN:27,SimEngine.Nodes.QueueNode SimEngine.Core.SimulationEngineAPI::GetQueueNode(System.String)
FNDA:0,SimEngine.Nodes.QueueNode SimEngine.Core.SimulationEngineAPI::GetQueueNode(System.String)
DA:28,0
FN:29,System.Void SimEngine.Core.SimulationEngineAPI::PrintMetric(SimEngine.Metrics.SimulationStats)
FNDA:0,System.Void SimEngine.Core.SimulationEngineAPI::PrintMetric(SimEngine.Metrics.SimulationStats)
DA:30,0
FN:32,System.Void SimEngine.Core.SimulationEngineAPI::SetSimulationParameters(System.Double,System.Int32)
FNDA:0,System.Void SimEngine.Core.SimulationEngineAPI::SetSimulationParameters(System.Double,System.Int32)
DA:33,0
DA:34,0
DA:35,0
DA:36,0
FN:38,System.Void SimEngine.Core.SimulationEngineAPI::SetSeed(System.Int32)
FNDA:0,System.Void SimEngine.Core.SimulationEngineAPI::SetSeed(System.Int32)
DA:39,0
DA:40,0
DA:41,0
FN:43,System.Void SimEngine.Core.SimulationEngineAPI::CreateNetwork(SimEngine.Networks.NetworkDefinition,System.String)
FNDA:0,System.Void SimEngine.Core.SimulationEngineAPI::CreateNetwork(SimEngine.Networks.NetworkDefinition,System.String)
DA:44,0
DA:45,0
DA:47,0
DA:50,0
DA:51,0
DA:52,0
DA:53,0
DA:56,0
DA:57,0
DA:58,0
DA:59,0
DA:60,0
DA:61,0
DA:64,0
DA:65,0
DA:66,0
DA:67,0
DA:68,0
DA:71,0
DA:72,0
DA:73,0
DA:74,0
DA:77,0
DA:78,0
DA:79,0
DA:80,0
DA:81,0
DA:82,0
DA:84,0
BRDA:45,7,0,0
BRDA:45,7,1,0
BRDA:50,133,1,0
BRDA:50,133,0,0
BRDA:56,227,1,0
BRDA:56,227,0,0
BRDA:64,328,1,0
BRDA:64,328,0,0
BRDA:71,423,1,0
BRDA:73,382,0,0
BRDA:73,382,1,0
BRDA:71,423,0,0
BRDA:77,532,1,0
BRDA:77,532,0,0
FN:86,System.String SimEngine.Core.SimulationEngineAPI::Qualify(System.String,System.String)
FNDA:0,System.String SimEngine.Core.SimulationEngineAPI::Qualify(System.String,System.String)
DA:87,0
DA:89,0
DA:92,0
DA:94,0
DA:95,0
BRDA:89,20,0,0
BRDA:89,20,1,0
BRDA:92,38,0,0
BRDA:92,38,1,0
BRDA:92,52,0,0
BRDA:92,52,1,0
BRDA:94,64,0,0
BRDA:94,64,1,0
FN:97,System.Void SimEngine.Core.SimulationEngineAPI::CreateDispatcherNode(System.String,System.Func`1<System.Double>)
FNDA:0,System.Void SimEngine.Core.SimulationEngineAPI::CreateDispatcherNode(System.String,System.Func`1<System.Double>)
DA:98,0
DA:99,0
DA:100,0
DA:101,0
DA:102,0
FN:104,System.Void SimEngine.Core.SimulationEngineAPI::CreateQueueNode(System.String,System.Int32,System.Int32,System.Func`1<System.Double>,System.Func`1<System.Double>)
FNDA:0,System.Void SimEngine.Core.SimulationEngineAPI::CreateQueueNode(System.String,System.Int32,System.Int32,System.Func`1<System.Double>,System.Func`1<System.Double>)
DA:105,0
DA:106,0
DA:107,0
DA:108,0
DA:109,0
DA:110,0
FN:112,System.Void SimEngine.Core.SimulationEngineAPI::ConnectNode(System.String,System.String,System.Double)
FNDA:0,System.Void SimEngine.Core.SimulationEngineAPI::ConnectNode(System.String,System.String,System.Double)
DA:113,0
DA:114,0
DA:115,0
DA:117,0
DA:118,0
DA:120,0
DA:121,0
DA:122,0
DA:123,0
DA:124,0
DA:125,0
DA:126,0
DA:127,0
DA:129,0
DA:130,0
DA:131,0
DA:132,0
BRDA:114,20,0,0
BRDA:114,20,1,0
BRDA:117,63,0,0
BRDA:117,63,1,0
BRDA:120,93,0,0
BRDA:120,93,1,0
BRDA:120,114,0,0
BRDA:120,114,1,0
BRDA:124,159,0,0
BRDA:124,159,1,0
FN:134,System.Void SimEngine.Core.SimulationEngineAPI::RecordNetworkEntry(SimEngine.Core.Entity,System.String,System.Double)
FNDA:0,System.Void SimEngine.Core.SimulationEngineAPI::RecordNetworkEntry(SimEngine.Core.Entity,System.String,System.Double)
DA:135,0
DA:136,0
DA:137,0
DA:139,0
DA:140,0
DA:142,0
DA:147,0
DA:148,0
DA:149,0
DA:150,0
DA:151,0
DA:153,0
DA:154,0
DA:155,0
BRDA:136,18,1,0
BRDA:139,36,1,0
BRDA:147,72,0,0
BRDA:147,72,1,0
BRDA:136,18,0,0
BRDA:139,36,0,0
FN:157,System.Void SimEngine.Core.SimulationEngineAPI::RecordNetworkExit(SimEngine.Core.Entity,System.String,System.Double)
FNDA:0,System.Void SimEngine.Core.SimulationEngineAPI::RecordNetworkExit(SimEngine.Core.Entity,System.String,System.Double)
DA:158,0
DA:159,0
DA:160,0
DA:162,0
DA:163,0
DA:167,0
DA:168,0
DA:169,0
DA:171,0
DA:172,0
DA:173,0
DA:174,0
DA:175,0
DA:176,0
DA:177,0
DA:178,0
DA:180,0
DA:181,0
DA:182,0
DA:183,0
BRDA:159,36,1,0
BRDA:162,56,0,0
BRDA:162,56,1,0
BRDA:162,77,1,0
BRDA:171,173,0,0
BRDA:174,215,0,0
BRDA:174,215,1,0
BRDA:159,36,0,0
BRDA:162,77,0,0
BRDA:171,173,1,0
FN:185,System.Void SimEngine.Core.SimulationEngineAPI::TransitionNetwork(SimEngine.Core.Entity,System.String,System.String,System.Double)
FNDA:0,System.Void SimEngine.Core.SimulationEngineAPI::TransitionNetwork(SimEngine.Core.Entity,System.String,System.String,System.Double)
DA:186,0
DA:187,0
DA:188,0
DA:189,0
DA:190,0
DA:191,0
DA:192,0
DA:193,0
DA:196,0
DA:197,0
DA:198,0
DA:199,0
DA:200,0
DA:202,0
DA:203,0
BRDA:187,18,0,0
BRDA:189,36,0,0
BRDA:187,18,1,0
BRDA:196,68,0,0
BRDA:196,68,1,0
BRDA:196,87,0,0
BRDA:196,87,1,0
BRDA:189,36,1,0
FN:205,System.Void SimEngine.Core.SimulationEngineAPI::RunSimulation()
FNDA:0,System.Void SimEngine.Core.SimulationEngineAPI::RunSimulation()
DA:206,0
DA:207,0
DA:209,0
DA:210,0
DA:211,0
DA:212,0
DA:213,0
DA:215,0
DA:217,0
DA:218,0
DA:219,0
DA:220,0
DA:221,0
DA:222,0
DA:223,0
DA:224,0
DA:225,0
DA:227,0
DA:228,0
DA:229,0
DA:231,0
DA:232,0
DA:234,0
DA:235,0
DA:237,0
DA:238,0
DA:239,0
DA:240,0
DA:241,0
DA:242,0
BRDA:209,195,1,0
BRDA:212,76,0,0
BRDA:212,76,1,0
BRDA:209,195,0,0
BRDA:227,430,1,0
BRDA:231,282,1,0
BRDA:231,282,0,0
BRDA:237,390,1,0
BRDA:237,390,0,0
BRDA:227,430,0,0
FN:243,SimEngine.Metrics.SimulationStats SimEngine.Core.SimulationEngineAPI::GetSimulationStats()
FNDA:0,SimEngine.Metrics.SimulationStats SimEngine.Core.SimulationEngineAPI::GetSimulationStats()
DA:244,0
FN:245,System.Collections.Generic.List`1<SimEngine.Core.Entity> SimEngine.Core.SimulationEngineAPI::GetEntities()
FNDA:0,System.Collections.Generic.List`1<SimEngine.Core.Entity> SimEngine.Core.SimulationEngineAPI::GetEntities()
DA:246,0
FN:248,System.Void SimEngine.Core.SimulationEngineAPI::RegisterEntity(SimEngine.Core.Entity)
FNDA:0,System.Void SimEngine.Core.SimulationEngineAPI::RegisterEntity(SimEngine.Core.Entity)
DA:249,0
DA:250,0
DA:251,0
DA:252,0
FN:254,System.Void SimEngine.Core.SimulationEngineAPI::SafePopAndRestore(SimEngine.Core.Entity,System.Double)
FNDA:0,System.Void SimEngine.Core.SimulationEngineAPI::SafePopAndRestore(SimEngine.Core.Entity,System.Double)
DA:255,0
DA:256,0
DA:257,0
DA:259,0
DA:261,0
DA:262,0
DA:263,0
DA:264,0
DA:265,0
BRDA:256,17,1,0
BRDA:261,46,0,0
BRDA:261,46,1,0
BRDA:261,65,0,0
BRDA:256,17,0,0
BRDA:261,65,1,0
FN:14,System.Void SimEngine.Core.SimulationEngineAPI::.ctor()
FNDA:0,System.Void SimEngine.Core.SimulationEngineAPI::.ctor()
DA:15,0
DA:17,0
DA:18,0
DA:19,0
DA:20,0
DA:21,0
DA:22,0
DA:23,0
DA:24,0
DA:25,0
LF:177
LH:0
BRF:72
BRH:0
FNF:20
FNH:0
end_of_record
SF:/home/vorherre/Documents/AQL/Interpreter/AQLBaseVisitor.cs
FN:45,Result AQLBaseVisitor`1::VisitProgramEOF(AQLParser/ProgramEOFContext)
FNDA:0,Result AQLBaseVisitor`1::VisitProgramEOF(AQLParser/ProgramEOFContext)
DA:46,0
FN:55,Result AQLBaseVisitor`1::VisitProgram(AQLParser/ProgramContext)
FNDA:0,Result AQLBaseVisitor`1::VisitProgram(AQLParser/ProgramContext)
DA:56,0
FN:65,Result AQLBaseVisitor`1::VisitImportStatement(AQLParser/ImportStatementContext)
FNDA:0,Result AQLBaseVisitor`1::VisitImportStatement(AQLParser/ImportStatementContext)
DA:66,0
FN:75,Result AQLBaseVisitor`1::VisitDefinition(AQLParser/DefinitionContext)
FNDA:0,Result AQLBaseVisitor`1::VisitDefinition(AQLParser/DefinitionContext)
DA:76,0
FN:85,Result AQLBaseVisitor`1::VisitFunctionDefinition(AQLParser/FunctionDefinitionContext)
FNDA:0,Result AQLBaseVisitor`1::VisitFunctionDefinition(AQLParser/FunctionDefinitionContext)
DA:86,0
FN:95,Result AQLBaseVisitor`1::VisitConstDefinition(AQLParser/ConstDefinitionContext)
FNDA:0,Result AQLBaseVisitor`1::VisitConstDefinition(AQLParser/ConstDefinitionContext)
DA:96,0
FN:105,Result AQLBaseVisitor`1::VisitFormalParameterList(AQLParser/FormalParameterListContext)
FNDA:0,Result AQLBaseVisitor`1::VisitFormalParameterList(AQLParser/FormalParameterListContext)
DA:106,0
FN:115,Result AQLBaseVisitor`1::VisitNetworks(AQLParser/NetworksContext)
FNDA:0,Result AQLBaseVisitor`1::VisitNetworks(AQLParser/NetworksContext)
DA:116,0
FN:125,Result AQLBaseVisitor`1::VisitQueueDefinition(AQLParser/QueueDefinitionContext)
FNDA:0,Result AQLBaseVisitor`1::VisitQueueDefinition(AQLParser/QueueDefinitionContext)
DA:126,0
FN:135,Result AQLBaseVisitor`1::VisitNetworkDefinition(AQLParser/NetworkDefinitionContext)
FNDA:0,Result AQLBaseVisitor`1::VisitNetworkDefinition(AQLParser/NetworkDefinitionContext)
DA:136,0
FN:145,Result AQLBaseVisitor`1::VisitNetworkExpression(AQLParser/NetworkExpressionContext)
FNDA:0,Result AQLBaseVisitor`1::VisitNetworkExpression(AQLParser/NetworkExpressionContext)
DA:146,0
FN:155,Result AQLBaseVisitor`1::VisitInputOutputNetworkExpression(AQLParser/InputOutputNetworkExpressionContext)
FNDA:0,Result AQLBaseVisitor`1::VisitInputOutputNetworkExpression(AQLParser/InputOutputNetworkExpressionContext)
DA:156,0
FN:165,Result AQLBaseVisitor`1::VisitInstanceNetworkExpression(AQLParser/InstanceNetworkExpressionContext)
FNDA:0,Result AQLBaseVisitor`1::VisitInstanceNetworkExpression(AQLParser/InstanceNetworkExpressionContext)
DA:166,0
FN:175,Result AQLBaseVisitor`1::VisitRoutesList(AQLParser/RoutesListContext)
FNDA:0,Result AQLBaseVisitor`1::VisitRoutesList(AQLParser/RoutesListContext)
DA:176,0
FN:185,Result AQLBaseVisitor`1::VisitRoutes(AQLParser/RoutesContext)
FNDA:0,Result AQLBaseVisitor`1::VisitRoutes(AQLParser/RoutesContext)
DA:186,0
FN:195,Result AQLBaseVisitor`1::VisitRoutesId(AQLParser/RoutesIdContext)
FNDA:0,Result AQLBaseVisitor`1::VisitRoutesId(AQLParser/RoutesIdContext)
DA:196,0
FN:205,Result AQLBaseVisitor`1::VisitRoutesValue(AQLParser/RoutesValueContext)
FNDA:0,Result AQLBaseVisitor`1::VisitRoutesValue(AQLParser/RoutesValueContext)
DA:206,0
FN:215,Result AQLBaseVisitor`1::VisitProbabilityIdList(AQLParser/ProbabilityIdListContext)
FNDA:0,Result AQLBaseVisitor`1::VisitProbabilityIdList(AQLParser/ProbabilityIdListContext)
DA:216,0
FN:225,Result AQLBaseVisitor`1::VisitMetrics(AQLParser/MetricsContext)
FNDA:0,Result AQLBaseVisitor`1::VisitMetrics(AQLParser/MetricsContext)
DA:226,0
FN:235,Result AQLBaseVisitor`1::VisitMetric(AQLParser/MetricContext)
FNDA:0,Result AQLBaseVisitor`1::VisitMetric(AQLParser/MetricContext)
DA:236,0
FN:245,Result AQLBaseVisitor`1::VisitNamedMetric(AQLParser/NamedMetricContext)
FNDA:0,Result AQLBaseVisitor`1::VisitNamedMetric(AQLParser/NamedMetricContext)
DA:246,0
FN:255,Result AQLBaseVisitor`1::VisitSimulateDefinition(AQLParser/SimulateDefinitionContext)
FNDA:0,Result AQLBaseVisitor`1::VisitSimulateDefinition(AQLParser/SimulateDefinitionContext)
DA:256,0
FN:265,Result AQLBaseVisitor`1::VisitStatement(AQLParser/StatementContext)
FNDA:0,Result AQLBaseVisitor`1::VisitStatement(AQLParser/StatementContext)
DA:266,0
FN:275,Result AQLBaseVisitor`1::VisitWhileStatement(AQLParser/WhileStatementContext)
FNDA:0,Result AQLBaseVisitor`1::VisitWhileStatement(AQLParser/WhileStatementContext)
DA:276,0
FN:285,Result AQLBaseVisitor`1::VisitVariableDeclarationStatement(AQLParser/VariableDeclarationStatementContext)
FNDA:0,Result AQLBaseVisitor`1::VisitVariableDeclarationStatement(AQLParser/VariableDeclarationStatementContext)
DA:286,0
FN:295,Result AQLBaseVisitor`1::VisitAssignStatement(AQLParser/AssignStatementContext)
FNDA:0,Result AQLBaseVisitor`1::VisitAssignStatement(AQLParser/AssignStatementContext)
DA:296,0
FN:305,Result AQLBaseVisitor`1::VisitIfStatement(AQLParser/IfStatementContext)
FNDA:0,Result AQLBaseVisitor`1::VisitIfStatement(AQLParser/IfStatementContext)
DA:306,0
FN:315,Result AQLBaseVisitor`1::VisitElseIfStatement(AQLParser/ElseIfStatementContext)
FNDA:0,Result AQLBaseVisitor`1::VisitElseIfStatement(AQLParser/ElseIfStatementContext)
DA:316,0
FN:325,Result AQLBaseVisitor`1::VisitElseStatement(AQLParser/ElseStatementContext)
FNDA:0,Result AQLBaseVisitor`1::VisitElseStatement(AQLParser/ElseStatementContext)
DA:326,0
FN:335,Result AQLBaseVisitor`1::VisitBlock(AQLParser/BlockContext)
FNDA:0,Result AQLBaseVisitor`1::VisitBlock(AQLParser/BlockContext)
DA:336,0
FN:345,Result AQLBaseVisitor`1::VisitReturnStatement(AQLParser/ReturnStatementContext)
FNDA:0,Result AQLBaseVisitor`1::VisitReturnStatement(AQLParser/ReturnStatementContext)
DA:346,0
FN:355,Result AQLBaseVisitor`1::VisitExpressionList(AQLParser/ExpressionListContext)
FNDA:0,Result AQLBaseVisitor`1::VisitExpressionList(AQLParser/ExpressionListContext)
DA:356,0
FN:365,Result AQLBaseVisitor`1::VisitExpression(AQLParser/ExpressionContext)
FNDA:0,Result AQLBaseVisitor`1::VisitExpression(AQLParser/ExpressionContext)
DA:366,0
FN:375,Result AQLBaseVisitor`1::VisitBinaryOperator(AQLParser/BinaryOperatorContext)
FNDA:0,Result AQLBaseVisitor`1::VisitBinaryOperator(AQLParser/BinaryOperatorContext)
DA:376,0
FN:385,Result AQLBaseVisitor`1::VisitAndOperator(AQLParser/AndOperatorContext)
FNDA:0,Result AQLBaseVisitor`1::VisitAndOperator(AQLParser/AndOperatorContext)
DA:386,0
FN:395,Result AQLBaseVisitor`1::VisitOrOperator(AQLParser/OrOperatorContext)
FNDA:0,Result AQLBaseVisitor`1::VisitOrOperator(AQLParser/OrOperatorContext)
DA:396,0
FN:405,Result AQLBaseVisitor`1::VisitAddOperator(AQLParser/AddOperatorContext)
FNDA:0,Result AQLBaseVisitor`1::VisitAddOperator(AQLParser/AddOperatorContext)
DA:406,0
FN:415,Result AQLBaseVisitor`1::VisitSubtractOperator(AQLParser/SubtractOperatorContext)
FNDA:0,Result AQLBaseVisitor`1::VisitSubtractOperator(AQLParser/SubtractOperatorContext)
DA:416,0
FN:425,Result AQLBaseVisitor`1::VisitMultiplicationOperator(AQLParser/MultiplicationOperatorContext)
FNDA:0,Result AQLBaseVisitor`1::VisitMultiplicationOperator(AQLParser/MultiplicationOperatorContext)
DA:426,0
FN:435,Result AQLBaseVisitor`1::VisitDivisionOperator(AQLParser/DivisionOperatorContext)
FNDA:0,Result AQLBaseVisitor`1::VisitDivisionOperator(AQLParser/DivisionOperatorContext)
DA:436,0
FN:445,Result AQLBaseVisitor`1::VisitEqualOperator(AQLParser/EqualOperatorContext)
FNDA:0,Result AQLBaseVisitor`1::VisitEqualOperator(AQLParser/EqualOperatorContext)
DA:446,0
FN:455,Result AQLBaseVisitor`1::VisitInEqualOperator(AQLParser/InEqualOperatorContext)
FNDA:0,Result AQLBaseVisitor`1::VisitInEqualOperator(AQLParser/InEqualOperatorContext)
DA:456,0
FN:465,Result AQLBaseVisitor`1::VisitGreaterThanOperator(AQLParser/GreaterThanOperatorContext)
FNDA:0,Result AQLBaseVisitor`1::VisitGreaterThanOperator(AQLParser/GreaterThanOperatorContext)
DA:466,0
FN:475,Result AQLBaseVisitor`1::VisitGreaterThanOrEqualOperator(AQLParser/GreaterThanOrEqualOperatorContext)
FNDA:0,Result AQLBaseVisitor`1::VisitGreaterThanOrEqualOperator(AQLParser/GreaterThanOrEqualOperatorContext)
DA:476,0
FN:485,Result AQLBaseVisitor`1::VisitLessThanOperator(AQLParser/LessThanOperatorContext)
FNDA:0,Result AQLBaseVisitor`1::VisitLessThanOperator(AQLParser/LessThanOperatorContext)
DA:486,0
FN:495,Result AQLBaseVisitor`1::VisitLessThanOrEqualOperator(AQLParser/LessThanOrEqualOperatorContext)
FNDA:0,Result AQLBaseVisitor`1::VisitLessThanOrEqualOperator(AQLParser/LessThanOrEqualOperatorContext)
DA:496,0
FN:505,Result AQLBaseVisitor`1::VisitUnaryExpression(AQLParser/UnaryExpressionContext)
FNDA:0,Result AQLBaseVisitor`1::VisitUnaryExpression(AQLParser/UnaryExpressionContext)
DA:506,0
FN:515,Result AQLBaseVisitor`1::VisitNegationExpression(AQLParser/NegationExpressionContext)
FNDA:0,Result AQLBaseVisitor`1::VisitNegationExpression(AQLParser/NegationExpressionContext)
DA:516,0
FN:525,Result AQLBaseVisitor`1::VisitNegativeExpression(AQLParser/NegativeExpressionContext)
FNDA:0,Result AQLBaseVisitor`1::VisitNegativeExpression(AQLParser/NegativeExpressionContext)
DA:526,0
FN:535,Result AQLBaseVisitor`1::VisitParenthesesExpression(AQLParser/ParenthesesExpressionContext)
FNDA:0,Result AQLBaseVisitor`1::VisitParenthesesExpression(AQLParser/ParenthesesExpressionContext)
DA:536,0
FN:545,Result AQLBaseVisitor`1::VisitValue(AQLParser/ValueContext)
FNDA:0,Result AQLBaseVisitor`1::VisitValue(AQLParser/ValueContext)
DA:546,0
FN:555,Result AQLBaseVisitor`1::VisitFunctionCall(AQLParser/FunctionCallContext)
FNDA:0,Result AQLBaseVisitor`1::VisitFunctionCall(AQLParser/FunctionCallContext)
DA:556,0
FN:565,Result AQLBaseVisitor`1::VisitArrayInitialization(AQLParser/ArrayInitializationContext)
FNDA:0,Result AQLBaseVisitor`1::VisitArrayInitialization(AQLParser/ArrayInitializationContext)
DA:566,0
FN:575,Result AQLBaseVisitor`1::VisitArrayIndexing(AQLParser/ArrayIndexingContext)
FNDA:0,Result AQLBaseVisitor`1::VisitArrayIndexing(AQLParser/ArrayIndexingContext)
DA:576,0
FN:585,Result AQLBaseVisitor`1::VisitType(AQLParser/TypeContext)
FNDA:0,Result AQLBaseVisitor`1::VisitType(AQLParser/TypeContext)
DA:586,0
FN:595,Result AQLBaseVisitor`1::VisitTypeKeyword(AQLParser/TypeKeywordContext)
FNDA:0,Result AQLBaseVisitor`1::VisitTypeKeyword(AQLParser/TypeKeywordContext)
DA:596,0
FN:605,Result AQLBaseVisitor`1::VisitBoolKeyword(AQLParser/BoolKeywordContext)
FNDA:0,Result AQLBaseVisitor`1::VisitBoolKeyword(AQLParser/BoolKeywordContext)
DA:606,0
FN:615,Result AQLBaseVisitor`1::VisitIntKeyword(AQLParser/IntKeywordContext)
FNDA:0,Result AQLBaseVisitor`1::VisitIntKeyword(AQLParser/IntKeywordContext)
DA:616,0
FN:625,Result AQLBaseVisitor`1::VisitDoubleKeyword(AQLParser/DoubleKeywordContext)
FNDA:0,Result AQLBaseVisitor`1::VisitDoubleKeyword(AQLParser/DoubleKeywordContext)
DA:626,0
FN:635,Result AQLBaseVisitor`1::VisitStringKeyword(AQLParser/StringKeywordContext)
FNDA:0,Result AQLBaseVisitor`1::VisitStringKeyword(AQLParser/StringKeywordContext)
DA:636,0
FN:645,Result AQLBaseVisitor`1::VisitArrayType(AQLParser/ArrayTypeContext)
FNDA:0,Result AQLBaseVisitor`1::VisitArrayType(AQLParser/ArrayTypeContext)
DA:646,0
FN:655,Result AQLBaseVisitor`1::VisitAnyIdentifier(AQLParser/AnyIdentifierContext)
FNDA:0,Result AQLBaseVisitor`1::VisitAnyIdentifier(AQLParser/AnyIdentifierContext)
DA:656,0
FN:665,Result AQLBaseVisitor`1::VisitQualifiedId(AQLParser/QualifiedIdContext)
FNDA:0,Result AQLBaseVisitor`1::VisitQualifiedId(AQLParser/QualifiedIdContext)
DA:666,0
FN:675,Result AQLBaseVisitor`1::VisitIdList(AQLParser/IdListContext)
FNDA:0,Result AQLBaseVisitor`1::VisitIdList(AQLParser/IdListContext)
DA:676,0
FN:685,Result AQLBaseVisitor`1::VisitIdentifier(AQLParser/IdentifierContext)
FNDA:0,Result AQLBaseVisitor`1::VisitIdentifier(AQLParser/IdentifierContext)
DA:686,0
FN:695,Result AQLBaseVisitor`1::VisitBool(AQLParser/BoolContext)
FNDA:0,Result AQLBaseVisitor`1::VisitBool(AQLParser/BoolContext)
DA:696,0
FN:705,Result AQLBaseVisitor`1::VisitInt(AQLParser/IntContext)
FNDA:0,Result AQLBaseVisitor`1::VisitInt(AQLParser/IntContext)
DA:706,0
FN:715,Result AQLBaseVisitor`1::VisitDouble(AQLParser/DoubleContext)
FNDA:0,Result AQLBaseVisitor`1::VisitDouble(AQLParser/DoubleContext)
DA:716,0
FN:725,Result AQLBaseVisitor`1::VisitString(AQLParser/StringContext)
FNDA:0,Result AQLBaseVisitor`1::VisitString(AQLParser/StringContext)
DA:726,0
LF:69
LH:0
BRF:0
BRH:0
FNF:69
FNH:0
end_of_record
SF:/home/vorherre/Documents/AQL/Interpreter/AQLLexer.cs
FN:98,Antlr4.Runtime.IVocabulary AQLLexer::get_Vocabulary()
FNDA:0,Antlr4.Runtime.IVocabulary AQLLexer::get_Vocabulary()
DA:99,0
DA:100,0
DA:101,0
FN:103,System.String AQLLexer::get_GrammarFileName()
FNDA:0,System.String AQLLexer::get_GrammarFileName()
DA:104,0
FN:105,System.String[] AQLLexer::get_RuleNames()
FNDA:0,System.String[] AQLLexer::get_RuleNames()
DA:106,0
FN:107,System.String[] AQLLexer::get_ChannelNames()
FNDA:0,System.String[] AQLLexer::get_ChannelNames()
DA:108,0
FN:109,System.String[] AQLLexer::get_ModeNames()
FNDA:0,System.String[] AQLLexer::get_ModeNames()
DA:110,0
FN:111,System.Int32[] AQLLexer::get_SerializedAtn()
FNDA:0,System.Int32[] AQLLexer::get_SerializedAtn()
DA:112,0
FN:66,System.Void AQLLexer::.ctor(Antlr4.Runtime.ICharStream)
FNDA:87,System.Void AQLLexer::.ctor(Antlr4.Runtime.ICharStream)
DA:67,87
FN:69,System.Void AQLLexer::.ctor(Antlr4.Runtime.ICharStream,System.IO.TextWriter,System.IO.TextWriter)
FNDA:29,System.Void AQLLexer::.ctor(Antlr4.Runtime.ICharStream,System.IO.TextWriter,System.IO.TextWriter)
DA:70,29
DA:71,29
DA:72,29
DA:73,29
FN:33,System.Void AQLLexer::.cctor()
FNDA:1,System.Void AQLLexer::.cctor()
DA:34,1
DA:45,1
DA:46,1
DA:47,1
DA:49,1
DA:50,1
DA:51,1
DA:53,1
DA:54,1
DA:55,1
DA:56,1
DA:57,1
DA:58,1
DA:59,1
DA:60,1
DA:61,1
DA:62,1
DA:63,1
DA:75,1
DA:76,1
DA:77,1
DA:78,1
DA:79,1
DA:80,1
DA:81,1
DA:82,1
DA:83,1
DA:84,1
DA:85,1
DA:86,1
DA:87,1
DA:88,1
DA:89,1
DA:90,1
DA:91,1
DA:92,1
DA:93,1
DA:114,1
DA:115,1
DA:116,35
DA:117,11
DA:118,11
DA:119,1
DA:120,1
DA:121,1
DA:122,1
DA:123,1
DA:124,1
DA:125,1
DA:126,1
DA:127,1
DA:128,1
DA:129,1
DA:130,1
DA:131,1
DA:132,1
DA:133,1
DA:134,1
DA:135,1
DA:136,1
DA:137,1
DA:138,1
DA:139,1
DA:140,1
DA:141,1
DA:142,1
DA:143,1
DA:144,1
DA:145,1
DA:146,1
DA:147,1
DA:148,1
DA:149,1
DA:150,1
DA:151,1
DA:152,1
DA:153,1
DA:154,1
DA:155,1
DA:156,1
DA:157,1
DA:158,1
DA:159,1
DA:160,1
DA:161,1
DA:162,1
DA:163,1
DA:164,1
DA:165,1
DA:166,1
DA:167,1
DA:168,1
DA:169,1
DA:170,1
DA:171,1
DA:172,1
DA:173,1
DA:174,1
DA:175,1
DA:176,1
DA:177,1
DA:178,1
DA:179,1
DA:180,1
DA:181,1
DA:182,1
DA:183,1
DA:184,1
DA:185,1
DA:186,1
DA:187,1
DA:188,1
DA:189,1
DA:190,1
DA:191,1
DA:192,1
DA:193,1
DA:194,1
DA:195,1
DA:196,1
DA:197,1
DA:198,1
DA:199,1
DA:200,1
DA:201,1
DA:202,1
DA:203,1
DA:204,1
DA:205,1
DA:206,1
DA:207,1
DA:208,1
DA:209,1
DA:210,1
DA:211,1
DA:212,1
DA:213,1
DA:214,1
DA:215,1
DA:216,1
DA:217,1
DA:218,1
DA:219,1
DA:220,1
DA:221,1
DA:222,1
DA:223,1
DA:224,1
DA:225,1
DA:226,1
DA:227,1
DA:228,1
DA:229,1
DA:230,1
DA:231,1
DA:232,1
DA:233,1
DA:234,1
DA:235,1
DA:236,1
DA:237,1
DA:238,1
DA:239,1
DA:240,1
DA:241,1
DA:242,1
DA:243,1
DA:244,1
DA:245,1
DA:246,1
DA:247,1
DA:248,1
DA:249,1
DA:250,1
DA:251,1
DA:252,1
DA:253,1
DA:254,1
DA:255,1
DA:256,1
DA:257,1
DA:258,1
DA:259,1
DA:260,1
DA:261,1
DA:262,1
DA:263,1
DA:264,1
DA:265,1
DA:266,1
DA:267,1
DA:268,1
DA:269,1
DA:270,1
DA:271,1
DA:273,1
DA:274,1
BRDA:116,1363,1,11
BRDA:116,1363,0,1
LF:210
LH:202
BRF:2
BRH:2
FNF:9
FNH:3
end_of_record
SF:/home/vorherre/Documents/AQL/Interpreter/AQLParser.cs
FN:111,Antlr4.Runtime.IVocabulary AQLParser::get_Vocabulary()
FNDA:1,Antlr4.Runtime.IVocabulary AQLParser::get_Vocabulary()
DA:112,1
DA:113,1
DA:114,1
FN:116,System.String AQLParser::get_GrammarFileName()
FNDA:0,System.String AQLParser::get_GrammarFileName()
DA:117,0
FN:118,System.String[] AQLParser::get_RuleNames()
FNDA:0,System.String[] AQLParser::get_RuleNames()
DA:119,0
FN:120,System.Int32[] AQLParser::get_SerializedAtn()
FNDA:0,System.Int32[] AQLParser::get_SerializedAtn()
DA:121,0
FN:156,AQLParser/ProgramEOFContext AQLParser::programEOF()
FNDA:0,AQLParser/ProgramEOFContext AQLParser::programEOF()
DA:157,0
DA:158,0
DA:159,0
DA:160,0
DA:161,0
DA:162,0
DA:163,0
DA:164,0
DA:165,0
DA:166,0
DA:167,0
DA:168,0
DA:169,0
DA:170,0
DA:171,0
DA:172,0
DA:173,0
DA:174,0
DA:175,0
DA:176,0
DA:177,0
DA:178,0
FN:200,AQLParser/ProgramContext AQLParser::program()
FNDA:7,AQLParser/ProgramContext AQLParser::program()
DA:201,7
DA:202,7
DA:203,7
DA:205,7
DA:206,7
DA:207,7
DA:208,7
DA:210,7
DA:211,7
DA:212,7
DA:213,7
DA:214,7
DA:215,9
DA:216,2
DA:217,2
DA:218,2
DA:219,2
DA:220,2
DA:222,7
DA:223,7
DA:225,0
DA:226,0
DA:227,0
DA:228,0
DA:229,0
DA:230,0
DA:231,0
DA:232,0
DA:233,0
DA:234,0
DA:235,0
DA:237,0
DA:238,0
DA:240,7
DA:241,0
DA:242,0
DA:243,0
DA:244,0
DA:245,0
DA:246,7
DA:247,7
DA:248,7
DA:249,7
DA:250,7
BRDA:208,84,0,0
BRDA:208,84,1,7
BRDA:215,153,0,2
BRDA:215,153,1,7
BRDA:208,90,1,0
BRDA:230,233,0,0
BRDA:230,233,1,0
BRDA:230,260,0,0
BRDA:230,260,1,0
BRDA:208,90,0,7
FN:272,AQLParser/ImportStatementContext AQLParser::importStatement()
FNDA:2,AQLParser/ImportStatementContext AQLParser::importStatement()
DA:273,2
DA:274,2
DA:275,2
DA:276,2
DA:277,2
DA:278,2
DA:279,2
DA:280,2
DA:281,2
DA:282,2
DA:283,2
DA:284,2
DA:285,2
DA:286,2
DA:287,0
DA:288,0
DA:289,0
DA:290,0
DA:291,0
DA:292,2
DA:293,2
DA:294,2
DA:295,2
DA:296,2
FN:324,AQLParser/DefinitionContext AQLParser::definition()
FNDA:5,AQLParser/DefinitionContext AQLParser::definition()
DA:325,5
DA:326,5
DA:327,5
DA:328,5
DA:329,5
DA:330,5
DA:331,5
DA:333,1
DA:334,1
DA:335,1
DA:336,1
DA:337,1
DA:338,1
DA:340,1
DA:341,1
DA:342,1
DA:343,1
DA:344,1
DA:345,1
DA:348,2
DA:349,2
DA:350,2
DA:351,2
DA:352,2
DA:353,2
DA:355,1
DA:356,1
DA:357,1
DA:358,1
DA:359,1
DA:360,1
DA:362,0
DA:364,5
DA:365,0
DA:366,0
DA:367,0
DA:368,0
DA:369,0
DA:370,5
DA:371,5
DA:372,5
DA:373,5
DA:374,5
BRDA:331,72,0,2
BRDA:331,76,0,1
BRDA:331,72,1,3
BRDA:331,91,0,2
BRDA:331,98,0,1
BRDA:331,76,1,1
BRDA:331,82,1,1
BRDA:331,91,1,2
BRDA:331,98,1,2
BRDA:331,105,1,1
BRDA:331,82,0,0
BRDA:331,105,0,0
FN:407,AQLParser/FunctionDefinitionContext AQLParser::functionDefinition()
FNDA:12,AQLParser/FunctionDefinitionContext AQLParser::functionDefinition()
DA:408,12
DA:409,12
DA:410,12
DA:412,12
DA:413,12
DA:414,12
DA:415,12
DA:416,12
DA:417,12
DA:418,12
DA:419,12
DA:420,12
DA:421,12
DA:422,12
DA:423,12
DA:424,12
DA:425,12
DA:426,13
DA:427,1
DA:428,1
DA:429,1
DA:430,1
DA:431,1
DA:433,12
DA:434,12
DA:435,12
DA:436,12
DA:437,12
DA:438,12
DA:439,12
DA:440,12
DA:441,0
DA:442,0
DA:443,0
DA:444,0
DA:445,0
DA:447,12
DA:448,12
DA:449,0
DA:450,0
DA:451,0
DA:452,0
DA:453,0
DA:454,12
DA:455,12
DA:456,12
DA:457,12
DA:458,12
BRDA:426,165,0,12
BRDA:426,165,1,0
BRDA:426,193,0,1
BRDA:426,193,1,12
BRDA:440,299,0,0
BRDA:440,299,1,12
BRDA:440,324,0,0
BRDA:440,324,1,12
FN:484,AQLParser/ConstDefinitionContext AQLParser::constDefinition()
FNDA:1,AQLParser/ConstDefinitionContext AQLParser::constDefinition()
DA:485,1
DA:486,1
DA:487,1
DA:489,1
DA:490,1
DA:491,1
DA:492,1
DA:493,1
DA:494,1
DA:495,1
DA:496,1
DA:497,1
DA:498,1
DA:499,1
DA:500,1
DA:501,1
DA:502,0
DA:503,0
DA:504,0
DA:505,0
DA:506,0
DA:508,1
DA:509,1
DA:510,0
DA:511,0
DA:512,0
DA:513,0
DA:514,0
DA:515,1
DA:516,1
DA:517,1
DA:518,1
DA:519,1
BRDA:501,141,0,0
BRDA:501,141,1,1
BRDA:501,166,0,0
BRDA:501,166,1,1
FN:547,AQLParser/FormalParameterListContext AQLParser::formalParameterList()
FNDA:1,AQLParser/FormalParameterListContext AQLParser::formalParameterList()
DA:548,1
DA:549,1
DA:550,1
DA:552,1
DA:553,1
DA:554,1
DA:555,1
DA:556,1
DA:557,1
DA:558,1
DA:559,1
DA:560,1
DA:561,1
DA:562,3
DA:563,1
DA:564,1
DA:565,1
DA:566,1
DA:567,1
DA:568,1
DA:569,1
DA:570,1
DA:571,1
DA:572,1
DA:573,1
DA:574,1
DA:575,1
DA:576,1
DA:577,1
DA:578,1
DA:579,0
DA:580,0
DA:581,0
DA:582,0
DA:583,0
DA:584,1
DA:585,1
DA:586,1
DA:587,1
DA:588,1
BRDA:562,227,1,1
BRDA:562,227,0,1
FN:614,AQLParser/NetworksContext AQLParser::networks()
FNDA:2,AQLParser/NetworksContext AQLParser::networks()
DA:615,2
DA:616,2
DA:617,2
DA:619,2
DA:620,2
DA:621,2
DA:622,2
DA:623,2
DA:624,2
DA:626,1
DA:627,1
DA:628,1
DA:629,1
DA:630,1
DA:632,1
DA:633,1
DA:634,1
DA:635,1
DA:636,1
DA:638,0
DA:640,2
DA:641,2
DA:642,2
DA:643,2
DA:644,0
DA:645,0
DA:646,0
DA:647,0
DA:648,0
DA:650,2
DA:651,2
DA:652,0
DA:653,0
DA:654,0
DA:655,0
DA:656,0
DA:657,2
DA:658,2
DA:659,2
DA:660,2
DA:661,2
BRDA:624,83,0,1
BRDA:624,83,1,1
BRDA:624,90,1,1
BRDA:624,90,0,0
BRDA:643,189,0,0
BRDA:643,189,1,2
BRDA:643,216,0,0
BRDA:643,216,1,2
FN:692,AQLParser/QueueDefinitionContext AQLParser::queueDefinition()
FNDA:1,AQLParser/QueueDefinitionContext AQLParser::queueDefinition()
DA:693,1
DA:694,1
DA:695,1
DA:697,1
DA:698,1
DA:699,1
DA:700,1
DA:701,1
DA:702,1
DA:703,1
DA:704,1
DA:705,1
DA:706,1
DA:707,1
DA:708,1
DA:709,2
DA:710,1
DA:711,1
DA:712,1
DA:713,1
DA:714,1
DA:715,1
DA:716,1
DA:717,1
DA:718,1
DA:720,1
DA:721,1
DA:722,1
DA:723,1
DA:724,1
DA:725,1
DA:726,1
DA:727,1
DA:728,1
DA:729,1
DA:730,1
DA:731,1
DA:732,1
DA:733,2
DA:734,1
DA:735,1
DA:736,1
DA:737,1
DA:738,1
DA:739,1
DA:740,1
DA:741,0
DA:742,0
DA:743,0
DA:744,0
DA:745,0
DA:746,0
DA:747,0
DA:748,0
DA:749,0
DA:750,0
DA:751,0
DA:752,0
DA:754,0
DA:755,0
DA:757,1
DA:758,1
DA:760,1
DA:761,1
DA:762,1
DA:763,1
DA:764,0
DA:765,0
DA:766,0
DA:767,0
DA:768,0
DA:769,1
DA:770,1
DA:771,1
DA:772,1
DA:773,1
BRDA:709,145,0,1
BRDA:709,145,1,1
BRDA:733,376,0,1
BRDA:740,451,0,0
BRDA:747,521,0,0
BRDA:747,521,1,0
BRDA:740,451,1,1
BRDA:733,376,1,1
FN:798,AQLParser/NetworkDefinitionContext AQLParser::networkDefinition()
FNDA:8,AQLParser/NetworkDefinitionContext AQLParser::networkDefinition()
DA:799,8
DA:800,8
DA:801,8
DA:803,8
DA:805,8
DA:806,8
DA:807,8
DA:808,8
DA:809,8
DA:810,8
DA:811,8
DA:812,8
DA:813,8
DA:814,8
DA:815,8
DA:816,16
DA:817,8
DA:818,8
DA:819,8
DA:820,8
DA:821,8
DA:823,8
DA:824,8
DA:825,8
DA:826,14
DA:827,6
DA:828,3
DA:829,3
DA:830,3
DA:831,3
DA:832,3
DA:833,3
DA:834,3
DA:835,3
DA:836,3
DA:837,3
DA:838,3
DA:839,3
DA:840,3
DA:841,8
DA:842,8
DA:843,8
DA:844,16
DA:845,8
DA:846,8
DA:847,8
DA:848,8
DA:849,8
[...]
DA:12,0
DA:13,0
DA:14,0
DA:15,0
DA:16,0
DA:17,0
FN:6,System.Void Interpreter.AST.Nodes.Expressions.IdentifierExpressionNode::.ctor(System.Int32,Interpreter.AST.Nodes.NonTerminals.IdentifierNode)
FNDA:3,System.Void Interpreter.AST.Nodes.Expressions.IdentifierExpressionNode::.ctor(System.Int32,Interpreter.AST.Nodes.NonTerminals.IdentifierNode)
DA:7,3
LF:8
LH:2
BRF:0
BRH:0
FNF:3
FNH:2
end_of_record
SF:/home/vorherre/Documents/AQL/Interpreter/AST/Nodes/Expressions/IndexingNode.cs
FN:9,Interpreter.AST.Nodes.Identifiers.SingleIdentifierNode Interpreter.AST.Nodes.Expressions.IndexingNode::get_Target()
FNDA:2,Interpreter.AST.Nodes.Identifiers.SingleIdentifierNode Interpreter.AST.Nodes.Expressions.IndexingNode::get_Target()
DA:10,2
FN:10,Interpreter.AST.Nodes.NonTerminals.ExpressionNode Interpreter.AST.Nodes.Expressions.IndexingNode::get_Index()
FNDA:2,Interpreter.AST.Nodes.NonTerminals.ExpressionNode Interpreter.AST.Nodes.Expressions.IndexingNode::get_Index()
DA:11,2
FN:12,System.String Interpreter.AST.Nodes.Expressions.IndexingNode::ToString()
FNDA:0,System.String Interpreter.AST.Nodes.Expressions.IndexingNode::ToString()
DA:13,0
FN:15,System.Collections.Generic.IEnumerable`1<Interpreter.AST.Nodes.Node> Interpreter.AST.Nodes.Expressions.IndexingNode::GetChildren()
FNDA:0,System.Collections.Generic.IEnumerable`1<Interpreter.AST.Nodes.Node> Interpreter.AST.Nodes.Expressions.IndexingNode::GetChildren()
DA:16,0
DA:17,0
DA:18,0
DA:19,0
DA:20,0
DA:21,0
DA:22,0
FN:7,System.Void Interpreter.AST.Nodes.Expressions.IndexingNode::.ctor(System.Int32,Interpreter.AST.Nodes.Identifiers.SingleIdentifierNode,Interpreter.AST.Nodes.NonTerminals.ExpressionNode)
FNDA:1,System.Void Interpreter.AST.Nodes.Expressions.IndexingNode::.ctor(System.Int32,Interpreter.AST.Nodes.Identifiers.SingleIdentifierNode,Interpreter.AST.Nodes.NonTerminals.ExpressionNode)
DA:8,1
LF:11
LH:3
BRF:0
BRH:0
FNF:5
FNH:3
end_of_record
SF:/home/vorherre/Documents/AQL/Interpreter/AST/Nodes/Expressions/IntLiteralNode.cs
FN:8,System.Int32 Interpreter.AST.Nodes.Expressions.IntLiteralNode::get_Value()
FNDA:52,System.Int32 Interpreter.AST.Nodes.Expressions.IntLiteralNode::get_Value()
DA:9,52
FN:11,System.Collections.Generic.IEnumerable`1<Interpreter.AST.Nodes.Node> Interpreter.AST.Nodes.Expressions.IntLiteralNode::GetChildren()
FNDA:0,System.Collections.Generic.IEnumerable`1<Interpreter.AST.Nodes.Node> Interpreter.AST.Nodes.Expressions.IntLiteralNode::GetChildren()
DA:12,0
DA:13,0
DA:14,0
FN:15,System.String Interpreter.AST.Nodes.Expressions.IntLiteralNode::GetNodeLabel()
FNDA:0,System.String Interpreter.AST.Nodes.Expressions.IntLiteralNode::GetNodeLabel()
DA:16,0
FN:6,System.Void Interpreter.AST.Nodes.Expressions.IntLiteralNode::.ctor(System.Int32,System.Int32)
FNDA:25,System.Void Interpreter.AST.Nodes.Expressions.IntLiteralNode::.ctor(System.Int32,System.Int32)
DA:7,25
LF:6
LH:2
BRF:0
BRH:0
FNF:4
FNH:2
end_of_record
SF:/home/vorherre/Documents/AQL/Interpreter/AST/Nodes/Expressions/LessThanNode.cs
FN:8,Interpreter.AST.Nodes.NonTerminals.ExpressionNode Interpreter.AST.Nodes.Expressions.LessThanNode::get_Left()
FNDA:5,Interpreter.AST.Nodes.NonTerminals.ExpressionNode Interpreter.AST.Nodes.Expressions.LessThanNode::get_Left()
DA:9,5
FN:9,Interpreter.AST.Nodes.NonTerminals.ExpressionNode Interpreter.AST.Nodes.Expressions.LessThanNode::get_Right()
FNDA:5,Interpreter.AST.Nodes.NonTerminals.ExpressionNode Interpreter.AST.Nodes.Expressions.LessThanNode::get_Right()
DA:10,5
FN:11,System.String Interpreter.AST.Nodes.Expressions.LessThanNode::ToString()
FNDA:0,System.String Interpreter.AST.Nodes.Expressions.LessThanNode::ToString()
DA:12,0
FN:14,System.Collections.Generic.IEnumerable`1<Interpreter.AST.Nodes.Node> Interpreter.AST.Nodes.Expressions.LessThanNode::GetChildren()
FNDA:0,System.Collections.Generic.IEnumerable`1<Interpreter.AST.Nodes.Node> Interpreter.AST.Nodes.Expressions.LessThanNode::GetChildren()
DA:15,0
DA:16,0
DA:17,0
DA:18,0
DA:19,0
DA:20,0
DA:21,0
FN:6,System.Void Interpreter.AST.Nodes.Expressions.LessThanNode::.ctor(System.Int32,Interpreter.AST.Nodes.NonTerminals.ExpressionNode,Interpreter.AST.Nodes.NonTerminals.ExpressionNode)
FNDA:1,System.Void Interpreter.AST.Nodes.Expressions.LessThanNode::.ctor(System.Int32,Interpreter.AST.Nodes.NonTerminals.ExpressionNode,Interpreter.AST.Nodes.NonTerminals.ExpressionNode)
DA:7,1
LF:11
LH:3
BRF:0
BRH:0
FNF:5
FNH:3
end_of_record
SF:/home/vorherre/Documents/AQL/Interpreter/AST/Nodes/Expressions/LiteralNode.cs
FN:6,System.Void Interpreter.AST.Nodes.Expressions.LiteralNode::.ctor(System.Int32)
FNDA:31,System.Void Interpreter.AST.Nodes.Expressions.LiteralNode::.ctor(System.Int32)
DA:7,31
LF:1
LH:1
BRF:0
BRH:0
FNF:1
FNH:1
end_of_record
SF:/home/vorherre/Documents/AQL/Interpreter/AST/Nodes/Expressions/MultiplyNode.cs
FN:8,Interpreter.AST.Nodes.NonTerminals.ExpressionNode Interpreter.AST.Nodes.Expressions.MultiplyNode::get_Left()
FNDA:2,Interpreter.AST.Nodes.NonTerminals.ExpressionNode Interpreter.AST.Nodes.Expressions.MultiplyNode::get_Left()
DA:9,2
FN:9,Interpreter.AST.Nodes.NonTerminals.ExpressionNode Interpreter.AST.Nodes.Expressions.MultiplyNode::get_Right()
FNDA:2,Interpreter.AST.Nodes.NonTerminals.ExpressionNode Interpreter.AST.Nodes.Expressions.MultiplyNode::get_Right()
DA:10,2
FN:11,System.String Interpreter.AST.Nodes.Expressions.MultiplyNode::ToString()
FNDA:0,System.String Interpreter.AST.Nodes.Expressions.MultiplyNode::ToString()
DA:12,0
FN:14,System.Collections.Generic.IEnumerable`1<Interpreter.AST.Nodes.Node> Interpreter.AST.Nodes.Expressions.MultiplyNode::GetChildren()
FNDA:0,System.Collections.Generic.IEnumerable`1<Interpreter.AST.Nodes.Node> Interpreter.AST.Nodes.Expressions.MultiplyNode::GetChildren()
DA:15,0
DA:16,0
DA:17,0
DA:18,0
DA:19,0
DA:20,0
DA:21,0
FN:6,System.Void Interpreter.AST.Nodes.Expressions.MultiplyNode::.ctor(System.Int32,Interpreter.AST.Nodes.NonTerminals.ExpressionNode,Interpreter.AST.Nodes.NonTerminals.ExpressionNode)
FNDA:1,System.Void Interpreter.AST.Nodes.Expressions.MultiplyNode::.ctor(System.Int32,Interpreter.AST.Nodes.NonTerminals.ExpressionNode,Interpreter.AST.Nodes.NonTerminals.ExpressionNode)
DA:7,1
LF:11
LH:3
BRF:0
BRH:0
FNF:5
FNH:3
end_of_record
SF:/home/vorherre/Documents/AQL/Interpreter/AST/Nodes/Expressions/NegativeNode.cs
FN:8,Interpreter.AST.Nodes.NonTerminals.ExpressionNode Interpreter.AST.Nodes.Expressions.NegativeNode::get_Inner()
FNDA:2,Interpreter.AST.Nodes.NonTerminals.ExpressionNode Interpreter.AST.Nodes.Expressions.NegativeNode::get_Inner()
DA:9,2
FN:10,System.String Interpreter.AST.Nodes.Expressions.NegativeNode::ToString()
FNDA:0,System.String Interpreter.AST.Nodes.Expressions.NegativeNode::ToString()
DA:11,0
FN:13,System.Collections.Generic.IEnumerable`1<Interpreter.AST.Nodes.Node> Interpreter.AST.Nodes.Expressions.NegativeNode::GetChildren()
FNDA:0,System.Collections.Generic.IEnumerable`1<Interpreter.AST.Nodes.Node> Interpreter.AST.Nodes.Expressions.NegativeNode::GetChildren()
DA:14,0
DA:15,0
DA:16,0
DA:17,0
DA:18,0
DA:19,0
FN:6,System.Void Interpreter.AST.Nodes.Expressions.NegativeNode::.ctor(System.Int32,Interpreter.AST.Nodes.NonTerminals.ExpressionNode)
FNDA:1,System.Void Interpreter.AST.Nodes.Expressions.NegativeNode::.ctor(System.Int32,Interpreter.AST.Nodes.NonTerminals.ExpressionNode)
DA:7,1
LF:9
LH:2
BRF:0
BRH:0
FNF:4
FNH:2
end_of_record
SF:/home/vorherre/Documents/AQL/Interpreter/AST/Nodes/Expressions/NotNode.cs
FN:8,Interpreter.AST.Nodes.NonTerminals.ExpressionNode Interpreter.AST.Nodes.Expressions.NotNode::get_Inner()
FNDA:2,Interpreter.AST.Nodes.NonTerminals.ExpressionNode Interpreter.AST.Nodes.Expressions.NotNode::get_Inner()
DA:9,2
FN:10,System.String Interpreter.AST.Nodes.Expressions.NotNode::ToString()
FNDA:0,System.String Interpreter.AST.Nodes.Expressions.NotNode::ToString()
DA:11,0
FN:13,System.Collections.Generic.IEnumerable`1<Interpreter.AST.Nodes.Node> Interpreter.AST.Nodes.Expressions.NotNode::GetChildren()
FNDA:0,System.Collections.Generic.IEnumerable`1<Interpreter.AST.Nodes.Node> Interpreter.AST.Nodes.Expressions.NotNode::GetChildren()
DA:14,0
DA:15,0
DA:16,0
DA:17,0
DA:18,0
DA:19,0
FN:6,System.Void Interpreter.AST.Nodes.Expressions.NotNode::.ctor(System.Int32,Interpreter.AST.Nodes.NonTerminals.ExpressionNode)
FNDA:1,System.Void Interpreter.AST.Nodes.Expressions.NotNode::.ctor(System.Int32,Interpreter.AST.Nodes.NonTerminals.ExpressionNode)
DA:7,1
LF:9
LH:2
BRF:0
BRH:0
FNF:4
FNH:2
end_of_record
SF:/home/vorherre/Documents/AQL/Interpreter/AST/Nodes/Expressions/ParenthesesNode.cs
FN:8,Interpreter.AST.Nodes.NonTerminals.ExpressionNode Interpreter.AST.Nodes.Expressions.ParenthesesNode::get_Inner()
FNDA:0,Interpreter.AST.Nodes.NonTerminals.ExpressionNode Interpreter.AST.Nodes.Expressions.ParenthesesNode::get_Inner()
DA:9,0
FN:10,System.String Interpreter.AST.Nodes.Expressions.ParenthesesNode::ToString()
FNDA:0,System.String Interpreter.AST.Nodes.Expressions.ParenthesesNode::ToString()
DA:11,0
FN:13,System.Collections.Generic.IEnumerable`1<Interpreter.AST.Nodes.Node> Interpreter.AST.Nodes.Expressions.ParenthesesNode::GetChildren()
FNDA:0,System.Collections.Generic.IEnumerable`1<Interpreter.AST.Nodes.Node> Interpreter.AST.Nodes.Expressions.ParenthesesNode::GetChildren()
DA:14,0
DA:15,0
DA:16,0
DA:17,0
DA:18,0
DA:19,0
FN:6,System.Void Interpreter.AST.Nodes.Expressions.ParenthesesNode::.ctor(System.Int32,Interpreter.AST.Nodes.NonTerminals.ExpressionNode)
FNDA:0,System.Void Interpreter.AST.Nodes.Expressions.ParenthesesNode::.ctor(System.Int32,Interpreter.AST.Nodes.NonTerminals.ExpressionNode)
DA:7,0
LF:9
LH:0
BRF:0
BRH:0
FNF:4
FNH:0
end_of_record
SF:/home/vorherre/Documents/AQL/Interpreter/AST/Nodes/Expressions/StringLiteralNode.cs
FN:8,System.String Interpreter.AST.Nodes.Expressions.StringLiteralNode::get_Value()
FNDA:0,System.String Interpreter.AST.Nodes.Expressions.StringLiteralNode::get_Value()
DA:9,0
FN:11,System.Collections.Generic.IEnumerable`1<Interpreter.AST.Nodes.Node> Interpreter.AST.Nodes.Expressions.StringLiteralNode::GetChildren()
FNDA:0,System.Collections.Generic.IEnumerable`1<Interpreter.AST.Nodes.Node> Interpreter.AST.Nodes.Expressions.StringLiteralNode::GetChildren()
DA:12,0
DA:13,0
DA:14,0
FN:15,System.String Interpreter.AST.Nodes.Expressions.StringLiteralNode::GetNodeLabel()
FNDA:0,System.String Interpreter.AST.Nodes.Expressions.StringLiteralNode::GetNodeLabel()
DA:16,0
FN:6,System.Void Interpreter.AST.Nodes.Expressions.StringLiteralNode::.ctor(System.Int32,System.String)
FNDA:0,System.Void Interpreter.AST.Nodes.Expressions.StringLiteralNode::.ctor(System.Int32,System.String)
DA:7,0
LF:6
LH:0
BRF:0
BRH:0
FNF:4
FNH:0
end_of_record
SF:/home/vorherre/Documents/AQL/Interpreter/AST/Nodes/Definitions/ConstDeclarationNode.cs
FN:10,Interpreter.AST.Nodes.NonTerminals.TypeNode Interpreter.AST.Nodes.Definitions.ConstDeclarationNode::get_Type()
FNDA:1,Interpreter.AST.Nodes.NonTerminals.TypeNode Interpreter.AST.Nodes.Definitions.ConstDeclarationNode::get_Type()
DA:11,1
FN:11,Interpreter.AST.Nodes.Identifiers.SingleIdentifierNode Interpreter.AST.Nodes.Definitions.ConstDeclarationNode::get_Identifier()
FNDA:2,Interpreter.AST.Nodes.Identifiers.SingleIdentifierNode Interpreter.AST.Nodes.Definitions.ConstDeclarationNode::get_Identifier()
DA:12,2
FN:12,Interpreter.AST.Nodes.NonTerminals.ExpressionNode Interpreter.AST.Nodes.Definitions.ConstDeclarationNode::get_Expression()
FNDA:2,Interpreter.AST.Nodes.NonTerminals.ExpressionNode Interpreter.AST.Nodes.Definitions.ConstDeclarationNode::get_Expression()
DA:13,2
FN:13,System.String Interpreter.AST.Nodes.Definitions.ConstDeclarationNode::ToString()
FNDA:0,System.String Interpreter.AST.Nodes.Definitions.ConstDeclarationNode::ToString()
DA:14,0
FN:16,System.Collections.Generic.IEnumerable`1<Interpreter.AST.Nodes.Node> Interpreter.AST.Nodes.Definitions.ConstDeclarationNode::GetChildren()
FNDA:0,System.Collections.Generic.IEnumerable`1<Interpreter.AST.Nodes.Node> Interpreter.AST.Nodes.Definitions.ConstDeclarationNode::GetChildren()
DA:17,0
DA:18,0
DA:19,0
DA:20,0
DA:21,0
DA:22,0
DA:23,0
DA:24,0
DA:25,0
FN:26,System.String Interpreter.AST.Nodes.Definitions.ConstDeclarationNode::GetNodeLabel()
FNDA:0,System.String Interpreter.AST.Nodes.Definitions.ConstDeclarationNode::GetNodeLabel()
DA:27,0
FN:8,System.Void Interpreter.AST.Nodes.Definitions.ConstDeclarationNode::.ctor(System.Int32,Interpreter.AST.Nodes.NonTerminals.DefinitionNode,Interpreter.AST.Nodes.NonTerminals.TypeNode,Interpreter.AST.Nodes.Identifiers.SingleIdentifierNode,Interpreter.AST.Nodes.NonTerminals.ExpressionNode)
FNDA:1,System.Void Interpreter.AST.Nodes.Definitions.ConstDeclarationNode::.ctor(System.Int32,Interpreter.AST.Nodes.NonTerminals.DefinitionNode,Interpreter.AST.Nodes.NonTerminals.TypeNode,Interpreter.AST.Nodes.Identifiers.SingleIdentifierNode,Interpreter.AST.Nodes.NonTerminals.ExpressionNode)
DA:9,1
LF:15
LH:4
BRF:0
BRH:0
FNF:7
FNH:4
end_of_record
SF:/home/vorherre/Documents/AQL/Interpreter/AST/Nodes/Definitions/DefinitionCompositionNode.cs
FN:8,Interpreter.AST.Nodes.NonTerminals.DefinitionNode Interpreter.AST.Nodes.Definitions.DefinitionCompositionNode::get_NextDefinition()
FNDA:3,Interpreter.AST.Nodes.NonTerminals.DefinitionNode Interpreter.AST.Nodes.Definitions.DefinitionCompositionNode::get_NextDefinition()
DA:9,3
FN:11,System.Collections.Generic.IEnumerable`1<Interpreter.AST.Nodes.Node> Interpreter.AST.Nodes.Definitions.DefinitionCompositionNode::GetChildren()
FNDA:0,System.Collections.Generic.IEnumerable`1<Interpreter.AST.Nodes.Node> Interpreter.AST.Nodes.Definitions.DefinitionCompositionNode::GetChildren()
DA:12,0
DA:13,0
DA:14,0
DA:15,0
DA:16,0
DA:17,0
DA:18,0
DA:19,0
DA:20,0
DA:21,0
BRDA:13,7,0,0
BRDA:13,7,1,0
FN:6,System.Void Interpreter.AST.Nodes.Definitions.DefinitionCompositionNode::.ctor(System.Int32,Interpreter.AST.Nodes.NonTerminals.DefinitionNode)
FNDA:3,System.Void Interpreter.AST.Nodes.Definitions.DefinitionCompositionNode::.ctor(System.Int32,Interpreter.AST.Nodes.NonTerminals.DefinitionNode)
DA:7,3
LF:12
LH:2
BRF:2
BRH:0
FNF:3
FNH:2
end_of_record
SF:/home/vorherre/Documents/AQL/Interpreter/AST/Nodes/Definitions/FunctionNode.cs
FN:11,Interpreter.AST.Nodes.NonTerminals.TypeNode Interpreter.AST.Nodes.Definitions.FunctionNode::get_ReturnType()
FNDA:2,Interpreter.AST.Nodes.NonTerminals.TypeNode Interpreter.AST.Nodes.Definitions.FunctionNode::get_ReturnType()
DA:12,2
FN:12,Interpreter.AST.Nodes.Identifiers.SingleIdentifierNode Interpreter.AST.Nodes.Definitions.FunctionNode::get_Identifier()
FNDA:3,Interpreter.AST.Nodes.Identifiers.SingleIdentifierNode Interpreter.AST.Nodes.Definitions.FunctionNode::get_Identifier()
DA:13,3
FN:13,System.Collections.Generic.IReadOnlyList`1<Interpreter.AST.Nodes.Statements.TypeAndIdentifier> Interpreter.AST.Nodes.Definitions.FunctionNode::get_Parameters()
FNDA:3,System.Collections.Generic.IReadOnlyList`1<Interpreter.AST.Nodes.Statements.TypeAndIdentifier> Interpreter.AST.Nodes.Definitions.FunctionNode::get_Parameters()
DA:14,3
FN:14,Interpreter.AST.Nodes.NonTerminals.StatementNode Interpreter.AST.Nodes.Definitions.FunctionNode::get_Body()
FNDA:3,Interpreter.AST.Nodes.NonTerminals.StatementNode Interpreter.AST.Nodes.Definitions.FunctionNode::get_Body()
DA:15,3
FN:16,System.String Interpreter.AST.Nodes.Definitions.FunctionNode::ToString()
FNDA:0,System.String Interpreter.AST.Nodes.Definitions.FunctionNode::ToString()
DA:17,0
FN:19,System.Collections.Generic.IEnumerable`1<Interpreter.AST.Nodes.Node> Interpreter.AST.Nodes.Definitions.FunctionNode::GetChildren()
FNDA:0,System.Collections.Generic.IEnumerable`1<Interpreter.AST.Nodes.Node> Interpreter.AST.Nodes.Definitions.FunctionNode::GetChildren()
DA:20,0
DA:21,0
DA:22,0
DA:23,0
DA:24,0
DA:25,0
DA:26,0
DA:27,0
DA:28,0
FN:29,System.String Interpreter.AST.Nodes.Definitions.FunctionNode::GetNodeLabel()
FNDA:0,System.String Interpreter.AST.Nodes.Definitions.FunctionNode::GetNodeLabel()
DA:30,0
FN:9,System.Void Interpreter.AST.Nodes.Definitions.FunctionNode::.ctor(System.Int32,Interpreter.AST.Nodes.NonTerminals.DefinitionNode,Interpreter.AST.Nodes.NonTerminals.TypeNode,Interpreter.AST.Nodes.Identifiers.SingleIdentifierNode,System.Collections.Generic.IEnumerable`1<Interpreter.AST.Nodes.Statements.TypeAndIdentifier>,Interpreter.AST.Nodes.NonTerminals.StatementNode)
FNDA:2,System.Void Interpreter.AST.Nodes.Definitions.FunctionNode::.ctor(System.Int32,Interpreter.AST.Nodes.NonTerminals.DefinitionNode,Interpreter.AST.Nodes.NonTerminals.TypeNode,Interpreter.AST.Nodes.Identifiers.SingleIdentifierNode,System.Collections.Generic.IEnumerable`1<Interpreter.AST.Nodes.Statements.TypeAndIdentifier>,Interpreter.AST.Nodes.NonTerminals.StatementNode)
DA:10,2
LF:16
LH:5
BRF:0
BRH:0
FNF:8
FNH:5
end_of_record
SF:/home/vorherre/Documents/AQL/Interpreter/AST/Nodes/Definitions/NetworkDefinitionNode.cs
FN:9,Interpreter.AST.Nodes.NonTerminals.NetworkNode Interpreter.AST.Nodes.Definitions.NetworkDefinitionNode::get_Network()
FNDA:0,Interpreter.AST.Nodes.NonTerminals.NetworkNode Interpreter.AST.Nodes.Definitions.NetworkDefinitionNode::get_Network()
DA:10,0
FN:11,System.String Interpreter.AST.Nodes.Definitions.NetworkDefinitionNode::ToString()
FNDA:0,System.String Interpreter.AST.Nodes.Definitions.NetworkDefinitionNode::ToString()
DA:12,0
FN:14,System.Collections.Generic.IEnumerable`1<Interpreter.AST.Nodes.Node> Interpreter.AST.Nodes.Definitions.NetworkDefinitionNode::GetChildren()
FNDA:0,System.Collections.Generic.IEnumerable`1<Interpreter.AST.Nodes.Node> Interpreter.AST.Nodes.Definitions.NetworkDefinitionNode::GetChildren()
DA:15,0
DA:16,0
DA:17,0
DA:18,0
DA:19,0
DA:20,0
FN:7,System.Void Interpreter.AST.Nodes.Definitions.NetworkDefinitionNode::.ctor(System.Int32,Interpreter.AST.Nodes.NonTerminals.DefinitionNode,Interpreter.AST.Nodes.NonTerminals.NetworkNode)
FNDA:0,System.Void Interpreter.AST.Nodes.Definitions.NetworkDefinitionNode::.ctor(System.Int32,Interpreter.AST.Nodes.NonTerminals.DefinitionNode,Interpreter.AST.Nodes.NonTerminals.NetworkNode)
DA:8,0
LF:9
LH:0
BRF:0
BRH:0
FNF:4
FNH:0
end_of_record
SF:/home/vorherre/Documents/AQL/Interpreter/AST/Nodes/Definitions/SimulateNode.cs
FN:8,Interpreter.AST.Nodes.NonTerminals.IdentifierNode Interpreter.AST.Nodes.Definitions.SimulateNode::get_NetworkIdentifier()
FNDA:0,Interpreter.AST.Nodes.NonTerminals.IdentifierNode Interpreter.AST.Nodes.Definitions.SimulateNode::get_NetworkIdentifier()
DA:9,0
FN:9,Interpreter.AST.Nodes.NonTerminals.ExpressionNode Interpreter.AST.Nodes.Definitions.SimulateNode::get_Runs()
FNDA:0,Interpreter.AST.Nodes.NonTerminals.ExpressionNode Interpreter.AST.Nodes.Definitions.SimulateNode::get_Runs()
DA:10,0
FN:10,Interpreter.AST.Nodes.NonTerminals.ExpressionNode Interpreter.AST.Nodes.Definitions.SimulateNode::get_TerminationCriteria()
FNDA:0,Interpreter.AST.Nodes.NonTerminals.ExpressionNode Interpreter.AST.Nodes.Definitions.SimulateNode::get_TerminationCriteria()
DA:11,0
FN:12,System.String Interpreter.AST.Nodes.Definitions.SimulateNode::ToString()
FNDA:0,System.String Interpreter.AST.Nodes.Definitions.SimulateNode::ToString()
DA:13,0
FN:15,System.Collections.Generic.IEnumerable`1<Interpreter.AST.Nodes.Node> Interpreter.AST.Nodes.Definitions.SimulateNode::GetChildren()
FNDA:0,System.Collections.Generic.IEnumerable`1<Interpreter.AST.Nodes.Node> Interpreter.AST.Nodes.Definitions.SimulateNode::GetChildren()
DA:16,0
DA:17,0
DA:18,0
DA:19,0
DA:20,0
DA:21,0
DA:22,0
DA:23,0
FN:6,System.Void Interpreter.AST.Nodes.Definitions.SimulateNode::.ctor(System.Int32,Interpreter.AST.Nodes.NonTerminals.IdentifierNode,Interpreter.AST.Nodes.NonTerminals.ExpressionNode,Interpreter.AST.Nodes.NonTerminals.ExpressionNode)
FNDA:0,System.Void Interpreter.AST.Nodes.Definitions.SimulateNode::.ctor(System.Int32,Interpreter.AST.Nodes.NonTerminals.IdentifierNode,Interpreter.AST.Nodes.NonTerminals.ExpressionNode,Interpreter.AST.Nodes.NonTerminals.ExpressionNode)
DA:7,0
LF:13
LH:0
BRF:0
BRH:0
FNF:6
FNH:0
end_of_record