SF:/home/vorherre/Documents/code/AQL/Engine/Library/Utils/Utils.cs
FN:5,System.Boolean SimEngine.Utils.NetworkUtils::IsSubnetwork(System.String,System.String)
FNDA:6,System.Boolean SimEngine.Utils.NetworkUtils::IsSubnetwork(System.String,System.String)
DA:6,6
DA:7,6
DA:8,6
BRDA:7,8,0,5
BRDA:7,8,1,1
FN:10,System.Boolean SimEngine.Utils.NetworkUtils::IsParentNetwork(System.String,System.String)
FNDA:4,System.Boolean SimEngine.Utils.NetworkUtils::IsParentNetwork(System.String,System.String)
DA:11,4
DA:12,4
DA:13,4
BRDA:12,8,0,3
BRDA:12,8,1,1
LF:6
LH:6
BRF:4
BRH:4
FNF:2
FNH:2
end_of_record
SF:/home/vorherre/Documents/code/AQL/Engine/Library/Nodes/DispatcherNode.cs
FN:8,SimEngine.Core.Simulation SimEngine.Nodes.DispatcherNode::get_Simulation()
FNDA:54,SimEngine.Core.Simulation SimEngine.Nodes.DispatcherNode::get_Simulation()
DA:9,54
FN:19,System.Void SimEngine.Nodes.DispatcherNode::ScheduleInitialArrival()
FNDA:15,System.Void SimEngine.Nodes.DispatcherNode::ScheduleInitialArrival()
DA:20,15
DA:21,15
DA:22,15
DA:24,15
DA:25,13
DA:26,13
DA:27,13
DA:28,13
DA:29,15
DA:30,13
DA:31,15
DA:32,13
DA:33,13
DA:34,26
DA:35,13
DA:36,0
DA:37,0
DA:38,0
DA:39,0
DA:40,15
DA:41,15
DA:42,13
DA:43,28
DA:44,15
FN:46,System.Double SimEngine.Nodes.DispatcherNode::GetArrivalExponetialDistribution(System.Double,System.Random)
FNDA:32,System.Double SimEngine.Nodes.DispatcherNode::GetArrivalExponetialDistribution(System.Double,System.Random)
DA:47,32
DA:48,32
DA:49,0
DA:50,0
DA:52,32
DA:53,32
BRDA:48,18,0,0
BRDA:48,18,1,32
FN:12,System.Void SimEngine.Nodes.DispatcherNode::.ctor(SimEngine.Core.SimulationEngineAPI,System.String,System.Func`1<System.Double>)
FNDA:3,System.Void SimEngine.Nodes.DispatcherNode::.ctor(SimEngine.Core.SimulationEngineAPI,System.String,System.Func`1<System.Double>)
DA:13,3
DA:14,3
DA:15,3
DA:16,3
DA:17,3
LF:36
LH:30
BRF:6
BRH:3
FNF:4
FNH:4
end_of_record
SF:/home/vorherre/Documents/code/AQL/Engine/Library/Nodes/Node.cs
FN:10,System.String SimEngine.Nodes.Node::get_Name()
FNDA:16,System.String SimEngine.Nodes.Node::get_Name()
DA:11,16
FN:11,System.Collections.Generic.List`1<System.ValueTuple`2<SimEngine.Nodes.Node,System.Double>> SimEngine.Nodes.Node::get_NextNodeChoices()
FNDA:55,System.Collections.Generic.List`1<System.ValueTuple`2<SimEngine.Nodes.Node,System.Double>> SimEngine.Nodes.Node::get_NextNodeChoices()
DA:12,55
FN:12,SimEngine.Nodes.Node SimEngine.Nodes.Node::get_NextNode()
FNDA:47,SimEngine.Nodes.Node SimEngine.Nodes.Node::get_NextNode()
DA:13,47
FN:15,System.String SimEngine.Nodes.Node::get_Network()
FNDA:4,System.String SimEngine.Nodes.Node::get_Network()
DA:16,4
FN:31,SimEngine.Nodes.Node SimEngine.Nodes.Node::ChooseProbabilisticNode(System.Collections.Generic.List`1<System.ValueTuple`2<SimEngine.Nodes.Node,System.Double>>,SimEngine.Core.SimulationEngineAPI,SimEngine.Nodes.Node)
FNDA:29,SimEngine.Nodes.Node SimEngine.Nodes.Node::ChooseProbabilisticNode(System.Collections.Generic.List`1<System.ValueTuple`2<SimEngine.Nodes.Node,System.Double>>,SimEngine.Core.SimulationEngineAPI,SimEngine.Nodes.Node)
DA:32,29
DA:33,29
DA:34,15
DA:36,14
DA:37,82
DA:38,20
DA:39,20
DA:40,20
DA:42,14
DA:43,14
DA:45,64
DA:46,18
DA:47,18
DA:48,18
DA:49,14
DA:50,4
DA:52,0
DA:53,29
BRDA:33,2,0,14
BRDA:33,2,1,15
BRDA:33,18,0,15
BRDA:33,18,1,14
BRDA:37,77,1,20
BRDA:37,77,0,14
BRDA:45,186,1,18
BRDA:48,170,0,14
BRDA:48,170,1,4
BRDA:45,186,0,0
FN:17,System.Void SimEngine.Nodes.Node::.ctor(System.String)
FNDA:16,System.Void SimEngine.Nodes.Node::.ctor(System.String)
DA:18,16
DA:19,16
DA:20,16
DA:22,16
DA:23,16
DA:24,16
DA:25,16
DA:26,16
BRDA:23,44,0,6
BRDA:23,44,1,10
LF:30
LH:29
BRF:12
BRH:11
FNF:6
FNH:6
end_of_record
SF:/home/vorherre/Documents/code/AQL/Engine/Library/Nodes/QueueNode.cs
FN:9,SimEngine.Core.Simulation SimEngine.Nodes.QueueNode::get_Simulation()
FNDA:84,SimEngine.Core.Simulation SimEngine.Nodes.QueueNode::get_Simulation()
DA:10,84
FN:15,System.Int32 SimEngine.Nodes.QueueNode::get_ServerCount()
FNDA:8,System.Int32 SimEngine.Nodes.QueueNode::get_ServerCount()
DA:16,8
FN:28,System.Void SimEngine.Nodes.QueueNode::AttachRuntimeStats(SimEngine.Metrics.QueueRuntimeStats)
FNDA:8,System.Void SimEngine.Nodes.QueueNode::AttachRuntimeStats(SimEngine.Metrics.QueueRuntimeStats)
DA:29,8
DA:30,8
DA:31,8
FN:33,System.Void SimEngine.Nodes.QueueNode::ProcessArrival(SimEngine.Core.Entity)
FNDA:17,System.Void SimEngine.Nodes.QueueNode::ProcessArrival(SimEngine.Core.Entity)
DA:34,17
DA:35,17
DA:36,17
DA:38,17
DA:39,0
DA:40,0
DA:41,0
DA:42,0
DA:45,17
DA:46,14
DA:47,14
DA:48,14
DA:50,3
DA:51,3
DA:52,3
DA:54,17
DA:55,17
DA:56,17
DA:57,17
DA:58,17
BRDA:36,26,0,0
BRDA:36,26,1,17
BRDA:38,68,0,0
BRDA:41,96,0,0
BRDA:41,96,1,0
BRDA:38,68,1,17
BRDA:45,125,0,14
BRDA:45,125,1,3
BRDA:54,167,0,0
BRDA:54,167,1,17
BRDA:54,186,0,17
BRDA:54,186,1,17
FN:60,System.Void SimEngine.Nodes.QueueNode::StartService(SimEngine.Core.Entity)
FNDA:17,System.Void SimEngine.Nodes.QueueNode::StartService(SimEngine.Core.Entity)
DA:61,17
DA:62,17
DA:63,17
DA:64,17
DA:65,17
DA:66,32
DA:68,17
DA:69,17
DA:70,17
DA:71,17
DA:72,17
BRDA:70,167,0,0
BRDA:70,167,1,17
BRDA:71,186,0,0
BRDA:71,186,1,17
FN:74,System.Void SimEngine.Nodes.QueueNode::ProcessDeparture(SimEngine.Core.Entity)
FNDA:15,System.Void SimEngine.Nodes.QueueNode::ProcessDeparture(SimEngine.Core.Entity)
DA:75,15
DA:76,15
DA:78,15
DA:79,3
DA:80,3
DA:81,3
DA:83,15
DA:85,15
DA:86,1
DA:87,1
DA:88,1
DA:89,1
DA:90,0
DA:92,1
DA:93,1
DA:95,2
DA:96,1
DA:97,14
DA:98,0
DA:99,0
DA:100,0
DA:102,14
DA:104,14
DA:105,0
DA:107,14
DA:108,14
DA:109,15
BRDA:78,44,0,3
BRDA:78,44,1,15
BRDA:85,114,0,1
BRDA:87,138,0,0
BRDA:87,138,1,1
BRDA:87,165,0,1
BRDA:89,190,0,0
BRDA:89,190,1,1
BRDA:87,165,1,1
BRDA:85,114,1,14
BRDA:97,345,0,0
BRDA:97,345,1,14
BRDA:104,414,0,0
BRDA:104,414,1,14
FN:111,System.Void SimEngine.Nodes.QueueNode::Reset(SimEngine.Core.Simulation)
FNDA:8,System.Void SimEngine.Nodes.QueueNode::Reset(SimEngine.Core.Simulation)
DA:112,8
DA:113,8
DA:114,8
DA:115,8
DA:116,8
BRDA:115,27,0,0
BRDA:115,27,1,8
FN:12,System.Void SimEngine.Nodes.QueueNode::.ctor(SimEngine.Core.SimulationEngineAPI,System.String,System.Int32,System.Int32,System.Func`1<System.Double>,System.Func`1<System.Double>)
FNDA:9,System.Void SimEngine.Nodes.QueueNode::.ctor(SimEngine.Core.SimulationEngineAPI,System.String,System.Int32,System.Int32,System.Func`1<System.Double>,System.Func`1<System.Double>)
DA:13,9
DA:14,9
DA:20,9
DA:21,9
DA:22,9
DA:23,9
DA:24,9
DA:25,9
DA:26,9
BRDA:24,45,0,9
BRDA:24,45,1,0
LF:77
LH:68
BRF:34
BRH:21
FNF:8
FNH:8
end_of_record
SF:/home/vorherre/Documents/code/AQL/Engine/Library/Nodes/RouterNode.cs
FN:6,SimEngine.Core.Simulation SimEngine.Nodes.RouterNode::get_Simulation()
FNDA:3,SimEngine.Core.Simulation SimEngine.Nodes.RouterNode::get_Simulation()
DA:7,3
FN:15,System.Void SimEngine.Nodes.RouterNode::Route(SimEngine.Core.Entity)
FNDA:1,System.Void SimEngine.Nodes.RouterNode::Route(SimEngine.Core.Entity)
DA:16,1
DA:17,1
DA:18,1
DA:21,1
DA:23,1
DA:24,2
DA:26,1
BRDA:17,39,0,1
BRDA:17,39,1,0
BRDA:23,127,0,1
BRDA:23,127,1,1
FN:28,System.Void SimEngine.Nodes.RouterNode::RouteTo(SimEngine.Nodes.Node,SimEngine.Core.Entity)
FNDA:1,System.Void SimEngine.Nodes.RouterNode::RouteTo(SimEngine.Nodes.Node,SimEngine.Core.Entity)
DA:29,1
DA:30,1
DA:32,1
DA:33,1
DA:34,1
DA:36,1
DA:37,1
DA:38,0
DA:39,0
DA:40,1
BRDA:30,9,1,1
BRDA:33,33,0,1
BRDA:33,33,1,0
BRDA:36,85,0,1
BRDA:36,85,1,0
BRDA:38,114,0,0
BRDA:30,9,0,1
BRDA:38,114,1,1
FN:9,System.Void SimEngine.Nodes.RouterNode::.ctor(SimEngine.Core.SimulationEngineAPI,System.String)
FNDA:1,System.Void SimEngine.Nodes.RouterNode::.ctor(SimEngine.Core.SimulationEngineAPI,System.String)
DA:10,1
DA:11,1
DA:12,1
DA:13,1
LF:22
LH:20
BRF:12
BRH:8
FNF:4
FNH:4
end_of_record
SF:/home/vorherre/Documents/code/AQL/Engine/Library/Networks/NetworkDefinition.cs
FN:8,System.String SimEngine.Networks.NetworkDefinition::get_Name()
FNDA:7,System.String SimEngine.Networks.NetworkDefinition::get_Name()
DA:9,7
FN:9,SimEngine.Networks.NetworkDefinition SimEngine.Networks.NetworkDefinition::get_Parent()
FNDA:4,SimEngine.Networks.NetworkDefinition SimEngine.Networks.NetworkDefinition::get_Parent()
DA:10,4
FN:11,System.Collections.Generic.List`1<System.ValueTuple`4<System.String,System.Int32,System.Int32,System.Func`1<System.Double>>> SimEngine.Networks.NetworkDefinition::get_Queues()
FNDA:6,System.Collections.Generic.List`1<System.ValueTuple`4<System.String,System.Int32,System.Int32,System.Func`1<System.Double>>> SimEngine.Networks.NetworkDefinition::get_Queues()
DA:12,6
FN:12,System.Collections.Generic.List`1<System.ValueTuple`3<System.String,System.String,System.Double>> SimEngine.Networks.NetworkDefinition::get_Routes()
FNDA:7,System.Collections.Generic.List`1<System.ValueTuple`3<System.String,System.String,System.Double>> SimEngine.Networks.NetworkDefinition::get_Routes()
DA:13,7
FN:13,System.Collections.Generic.List`1<System.String> SimEngine.Networks.NetworkDefinition::get_RouterEntries()
FNDA:6,System.Collections.Generic.List`1<System.String> SimEngine.Networks.NetworkDefinition::get_RouterEntries()
DA:14,6
FN:14,System.Collections.Generic.List`1<System.String> SimEngine.Networks.NetworkDefinition::get_RouterExits()
FNDA:6,System.Collections.Generic.List`1<System.String> SimEngine.Networks.NetworkDefinition::get_RouterExits()
DA:15,6
FN:15,System.Collections.Generic.List`1<SimEngine.Networks.NetworkDefinition> SimEngine.Networks.NetworkDefinition::get_SubNetworks()
FNDA:6,System.Collections.Generic.List`1<SimEngine.Networks.NetworkDefinition> SimEngine.Networks.NetworkDefinition::get_SubNetworks()
DA:16,6
FN:16,System.Collections.Generic.List`1<System.ValueTuple`2<System.String,System.Func`1<System.Double>>> SimEngine.Networks.NetworkDefinition::get_Dispatchers()
FNDA:3,System.Collections.Generic.List`1<System.ValueTuple`2<System.String,System.Func`1<System.Double>>> SimEngine.Networks.NetworkDefinition::get_Dispatchers()
DA:17,3
FN:19,System.Void SimEngine.Networks.NetworkDefinition::AddQueue(System.String,System.Int32,System.Int32,System.Func`1<System.Double>)
FNDA:1,System.Void SimEngine.Networks.NetworkDefinition::AddQueue(System.String,System.Int32,System.Int32,System.Func`1<System.Double>)
DA:20,1
FN:22,System.Void SimEngine.Networks.NetworkDefinition::AddDispatcher(System.String,System.Func`1<System.Double>)
FNDA:0,System.Void SimEngine.Networks.NetworkDefinition::AddDispatcher(System.String,System.Func`1<System.Double>)
DA:23,0
FN:25,System.Void SimEngine.Networks.NetworkDefinition::Connect(System.String,System.String,System.Double)
FNDA:2,System.Void SimEngine.Networks.NetworkDefinition::Connect(System.String,System.String,System.Double)
DA:26,2
FN:28,System.Void SimEngine.Networks.NetworkDefinition::AddEntryPoint(System.String)
FNDA:1,System.Void SimEngine.Networks.NetworkDefinition::AddEntryPoint(System.String)
DA:29,1
FN:31,System.Void SimEngine.Networks.NetworkDefinition::AddExitPoint(System.String)
FNDA:1,System.Void SimEngine.Networks.NetworkDefinition::AddExitPoint(System.String)
DA:32,1
FN:34,System.Void SimEngine.Networks.NetworkDefinition::AddSubNetwork(SimEngine.Networks.NetworkDefinition)
FNDA:1,System.Void SimEngine.Networks.NetworkDefinition::AddSubNetwork(SimEngine.Networks.NetworkDefinition)
DA:35,1
FN:37,System.String SimEngine.Networks.NetworkDefinition::get_FullName()
FNDA:1,System.String SimEngine.Networks.NetworkDefinition::get_FullName()
DA:38,1
DA:39,1
DA:40,1
BRDA:38,6,0,0
BRDA:38,6,1,1
FN:6,System.Void SimEngine.Networks.NetworkDefinition::.ctor(SimEngine.Networks.NetworkDefinition)
FNDA:3,System.Void SimEngine.Networks.NetworkDefinition::.ctor(SimEngine.Networks.NetworkDefinition)
DA:7,3
LF:18
LH:17
BRF:2
BRH:1
FNF:16
FNH:15
end_of_record
SF:/home/vorherre/Documents/code/AQL/Engine/Library/Networks/NetworkRegistry.cs
FN:7,System.String SimEngine.Networks.NetworkStats::get_Name()
FNDA:0,System.String SimEngine.Networks.NetworkStats::get_Name()
DA:8,0
FN:16,System.Void SimEngine.Networks.NetworkStats::RegisterQueue(SimEngine.Nodes.QueueNode)
FNDA:8,System.Void SimEngine.Networks.NetworkStats::RegisterQueue(SimEngine.Nodes.QueueNode)
DA:17,8
FN:19,System.Void SimEngine.Networks.NetworkStats::RecordEntry(SimEngine.Core.Entity,System.Double)
FNDA:2,System.Void SimEngine.Networks.NetworkStats::RecordEntry(SimEngine.Core.Entity,System.Double)
DA:20,2
DA:21,2
DA:22,2
FN:24,System.Void SimEngine.Networks.NetworkStats::RecordExit(SimEngine.Core.Entity,System.Double)
FNDA:2,System.Void SimEngine.Networks.NetworkStats::RecordExit(SimEngine.Core.Entity,System.Double)
DA:25,2
DA:26,2
DA:27,2
FN:8,System.Void SimEngine.Networks.NetworkStats::.ctor(System.String)
FNDA:9,System.Void SimEngine.Networks.NetworkStats::.ctor(System.String)
DA:9,9
DA:11,9
DA:12,9
DA:13,9
DA:14,9
DA:16,9
LF:14
LH:13
BRF:0
BRH:0
FNF:5
FNH:4
end_of_record
SF:/home/vorherre/Documents/code/AQL/Engine/Library/Metrics/MetricsPrinter.cs
FN:7,System.Void SimEngine.Metrics.MetricsPrinter::Print(SimEngine.Metrics.SimulationStats)
FNDA:0,System.Void SimEngine.Metrics.MetricsPrinter::Print(SimEngine.Metrics.SimulationStats)
DA:8,0
DA:9,0
DA:10,0
DA:11,0
DA:12,0
DA:13,0
DA:15,0
DA:16,0
DA:17,0
DA:18,0
DA:19,0
DA:20,0
DA:22,0
DA:23,0
DA:24,0
DA:25,0
DA:26,0
DA:27,0
DA:28,0
DA:29,0
DA:30,0
DA:31,0
DA:32,0
DA:33,0
DA:34,0
DA:36,0
DA:37,0
DA:38,0
DA:39,0
DA:40,0
DA:41,0
DA:42,0
DA:43,0
DA:44,0
BRDA:16,949,1,0
BRDA:18,280,0,0
BRDA:18,280,1,0
BRDA:16,949,0,0
BRDA:37,1229,1,0
BRDA:37,1229,0,0
LF:34
LH:0
BRF:6
BRH:0
FNF:1
FNH:0
end_of_record
SF:/home/vorherre/Documents/code/AQL/Engine/Library/Metrics/NetworkRuntimeStats.cs
FN:9,System.String SimEngine.Metrics.NetworkRuntimeStats::get_Name()
FNDA:6,System.String SimEngine.Metrics.NetworkRuntimeStats::get_Name()
DA:10,6
FN:10,System.Collections.Generic.List`1<System.Double> SimEngine.Metrics.NetworkRuntimeStats::get_RespondTimes()
FNDA:34,System.Collections.Generic.List`1<System.Double> SimEngine.Metrics.NetworkRuntimeStats::get_RespondTimes()
DA:11,34
FN:13,System.Void SimEngine.Metrics.NetworkRuntimeStats::AddRespondTime(System.Double)
FNDA:8,System.Void SimEngine.Metrics.NetworkRuntimeStats::AddRespondTime(System.Double)
DA:14,8
DA:15,8
DA:16,8
FN:17,System.Double SimEngine.Metrics.NetworkRuntimeStats::get_MeanRespondTime()
FNDA:5,System.Double SimEngine.Metrics.NetworkRuntimeStats::get_MeanRespondTime()
DA:18,5
BRDA:18,12,0,1
BRDA:18,12,1,4
FN:21,System.Double SimEngine.Metrics.NetworkRuntimeStats::get_VarianceRespondTime()
FNDA:3,System.Double SimEngine.Metrics.NetworkRuntimeStats::get_VarianceRespondTime()
DA:22,3
DA:23,4
DA:24,2
DA:25,6
DA:26,3
BRDA:23,23,0,1
BRDA:23,23,1,2
FN:29,System.Double SimEngine.Metrics.NetworkRuntimeStats::TailProbability(System.Double)
FNDA:3,System.Double SimEngine.Metrics.NetworkRuntimeStats::TailProbability(System.Double)
DA:30,3
DA:31,4
DA:32,7
DA:33,3
BRDA:31,30,0,1
BRDA:31,30,1,2
LF:15
LH:15
BRF:6
BRH:6
FNF:6
FNH:6
end_of_record
SF:/home/vorherre/Documents/code/AQL/Engine/Library/Metrics/QueueRuntimeStats.cs
FN:4,System.String SimEngine.Metrics.QueueRuntimeStats::get_Name()
FNDA:17,System.String SimEngine.Metrics.QueueRuntimeStats::get_Name()
DA:5,17
FN:5,System.Int32 SimEngine.Metrics.QueueRuntimeStats::get_TotalArrived()
FNDA:47,System.Int32 SimEngine.Metrics.QueueRuntimeStats::get_TotalArrived()
DA:6,47
FN:6,System.Int32 SimEngine.Metrics.QueueRuntimeStats::get_TotalServed()
FNDA:50,System.Int32 SimEngine.Metrics.QueueRuntimeStats::get_TotalServed()
DA:7,50
FN:7,System.Int32 SimEngine.Metrics.QueueRuntimeStats::get_DroppedEntities()
FNDA:12,System.Int32 SimEngine.Metrics.QueueRuntimeStats::get_DroppedEntities()
DA:8,12
FN:8,System.Double SimEngine.Metrics.QueueRuntimeStats::get_TotalWaitingTime()
FNDA:46,System.Double SimEngine.Metrics.QueueRuntimeStats::get_TotalWaitingTime()
DA:9,46
FN:9,System.Double SimEngine.Metrics.QueueRuntimeStats::get_TotalServiceTime()
FNDA:46,System.Double SimEngine.Metrics.QueueRuntimeStats::get_TotalServiceTime()
DA:10,46
FN:10,System.Double SimEngine.Metrics.QueueRuntimeStats::get_TotalBusyTime()
FNDA:46,System.Double SimEngine.Metrics.QueueRuntimeStats::get_TotalBusyTime()
DA:11,46
FN:11,System.Int32 SimEngine.Metrics.QueueRuntimeStats::get_ServerCount()
FNDA:20,System.Int32 SimEngine.Metrics.QueueRuntimeStats::get_ServerCount()
DA:12,20
FN:12,System.Double SimEngine.Metrics.QueueRuntimeStats::get_SimulationTimePerRun()
FNDA:20,System.Double SimEngine.Metrics.QueueRuntimeStats::get_SimulationTimePerRun()
DA:13,20
FN:13,System.Int32 SimEngine.Metrics.QueueRuntimeStats::get_RunCount()
FNDA:31,System.Int32 SimEngine.Metrics.QueueRuntimeStats::get_RunCount()
DA:14,31
FN:15,System.Void SimEngine.Metrics.QueueRuntimeStats::AddArrival()
FNDA:18,System.Void SimEngine.Metrics.QueueRuntimeStats::AddArrival()
DA:16,18
FN:17,System.Void SimEngine.Metrics.QueueRuntimeStats::AddServed(System.Double,System.Double)
FNDA:18,System.Void SimEngine.Metrics.QueueRuntimeStats::AddServed(System.Double,System.Double)
DA:18,18
DA:19,18
DA:20,18
DA:21,18
DA:22,18
FN:22,System.Void SimEngine.Metrics.QueueRuntimeStats::AddBusyTime(System.Double)
FNDA:18,System.Void SimEngine.Metrics.QueueRuntimeStats::AddBusyTime(System.Double)
DA:23,18
FN:23,System.Void SimEngine.Metrics.QueueRuntimeStats::IncrementRun()
FNDA:9,System.Void SimEngine.Metrics.QueueRuntimeStats::IncrementRun()
DA:24,9
FN:24,System.Void SimEngine.Metrics.QueueRuntimeStats::AddDropped()
FNDA:1,System.Void SimEngine.Metrics.QueueRuntimeStats::AddDropped()
DA:25,1
FN:26,System.Double SimEngine.Metrics.QueueRuntimeStats::get_AvgWaitTime()
FNDA:1,System.Double SimEngine.Metrics.QueueRuntimeStats::get_AvgWaitTime()
DA:27,1
BRDA:27,7,0,0
BRDA:27,7,1,1
FN:27,System.Double SimEngine.Metrics.QueueRuntimeStats::get_AvgServiceTime()
FNDA:1,System.Double SimEngine.Metrics.QueueRuntimeStats::get_AvgServiceTime()
DA:28,1
BRDA:28,7,0,0
BRDA:28,7,1,1
FN:28,System.Double SimEngine.Metrics.QueueRuntimeStats::get_Utilization()
FNDA:1,System.Double SimEngine.Metrics.QueueRuntimeStats::get_Utilization()
DA:29,1
BRDA:29,31,0,0
BRDA:29,31,1,1
FN:29,System.Double SimEngine.Metrics.QueueRuntimeStats::get_Throughput()
FNDA:1,System.Double SimEngine.Metrics.QueueRuntimeStats::get_Throughput()
DA:30,1
BRDA:30,7,0,0
BRDA:30,7,1,1
FN:30,System.Double SimEngine.Metrics.QueueRuntimeStats::get_DropRate()
FNDA:1,System.Double SimEngine.Metrics.QueueRuntimeStats::get_DropRate()
DA:31,1
BRDA:31,7,0,0
BRDA:31,7,1,1
LF:24
LH:24
BRF:10
BRH:5
FNF:20
FNH:20
end_of_record
SF:/home/vorherre/Documents/code/AQL/Engine/Library/Metrics/SimulationStats.cs
FN:7,System.Double SimEngine.Metrics.SimulationStats::get_TotalSimulationTime()
FNDA:44,System.Double SimEngine.Metrics.SimulationStats::get_TotalSimulationTime()
DA:8,44
FN:8,System.Int32 SimEngine.Metrics.SimulationStats::get_TotalEntitiesCreated()
FNDA:59,System.Int32 SimEngine.Metrics.SimulationStats::get_TotalEntitiesCreated()
DA:9,59
FN:9,System.Collections.Generic.List`1<SimEngine.Metrics.NetworkRuntimeStats> SimEngine.Metrics.SimulationStats::get_NetworkStats()
FNDA:22,System.Collections.Generic.List`1<SimEngine.Metrics.NetworkRuntimeStats> SimEngine.Metrics.SimulationStats::get_NetworkStats()
DA:10,22
FN:10,System.Collections.Generic.List`1<SimEngine.Metrics.QueueRuntimeStats> SimEngine.Metrics.SimulationStats::get_QueueStats()
FNDA:28,System.Collections.Generic.List`1<SimEngine.Metrics.QueueRuntimeStats> SimEngine.Metrics.SimulationStats::get_QueueStats()
DA:11,28
FN:13,System.Void SimEngine.Metrics.SimulationStats::AddEntityCreated()
FNDA:18,System.Void SimEngine.Metrics.SimulationStats::AddEntityCreated()
DA:14,18
FN:16,System.Void SimEngine.Metrics.SimulationStats::AddSimulationRunTime(System.Double)
FNDA:9,System.Void SimEngine.Metrics.SimulationStats::AddSimulationRunTime(System.Double)
DA:17,9
DA:18,9
DA:19,9
DA:20,9
FN:21,System.Collections.Generic.IReadOnlyList`1<System.Double> SimEngine.Metrics.SimulationStats::get_SimulationRunTimes()
FNDA:0,System.Collections.Generic.IReadOnlyList`1<System.Double> SimEngine.Metrics.SimulationStats::get_SimulationRunTimes()
DA:22,0
FN:22,System.Int32 SimEngine.Metrics.SimulationStats::get_RunCount()
FNDA:0,System.Int32 SimEngine.Metrics.SimulationStats::get_RunCount()
DA:23,0
FN:24,System.Double SimEngine.Metrics.SimulationStats::get_ArrivalRate()
FNDA:3,System.Double SimEngine.Metrics.SimulationStats::get_ArrivalRate()
DA:25,3
BRDA:25,15,0,0
BRDA:25,15,1,3
FN:25,System.Double SimEngine.Metrics.SimulationStats::get_MeanInterarrivalTime()
FNDA:1,System.Double SimEngine.Metrics.SimulationStats::get_MeanInterarrivalTime()
DA:26,1
BRDA:26,15,0,0
BRDA:26,15,1,1
FN:11,System.Void SimEngine.Metrics.SimulationStats::.ctor()
FNDA:20,System.Void SimEngine.Metrics.SimulationStats::.ctor()
DA:12,20
LF:14
LH:12
BRF:4
BRH:2
FNF:11
FNH:9
end_of_record
SF:/home/vorherre/Documents/code/AQL/Engine/Library/Core/Entity.cs
FN:7,System.Double SimEngine.Core.Entity::get_ArrivalTime()
FNDA:58,System.Double SimEngine.Core.Entity::get_ArrivalTime()
DA:8,58
FN:9,System.Collections.Generic.List`1<System.Double> SimEngine.Core.Entity::get_WaitingTimesInQueues()
FNDA:42,System.Collections.Generic.List`1<System.Double> SimEngine.Core.Entity::get_WaitingTimesInQueues()
DA:10,42
FN:10,System.Collections.Generic.List`1<System.Double> SimEngine.Core.Entity::get_ServiceTimesInQueues()
FNDA:48,System.Collections.Generic.List`1<System.Double> SimEngine.Core.Entity::get_ServiceTimesInQueues()
DA:11,48
FN:11,System.Double SimEngine.Core.Entity::get_DepartureTime()
FNDA:18,System.Double SimEngine.Core.Entity::get_DepartureTime()
DA:12,18
FN:12,System.Double SimEngine.Core.Entity::get_TotalWaitingTime()
FNDA:1,System.Double SimEngine.Core.Entity::get_TotalWaitingTime()
DA:13,1
FN:13,System.Double SimEngine.Core.Entity::get_TotalServiceTime()
FNDA:1,System.Double SimEngine.Core.Entity::get_TotalServiceTime()
DA:14,1
FN:14,System.Double SimEngine.Core.Entity::get_TotalTime()
FNDA:1,System.Double SimEngine.Core.Entity::get_TotalTime()
DA:15,1
FN:15,System.Collections.Generic.Stack`1<System.String> SimEngine.Core.Entity::get_NetworkStack()
FNDA:65,System.Collections.Generic.Stack`1<System.String> SimEngine.Core.Entity::get_NetworkStack()
DA:16,65
FN:16,System.Collections.Generic.Dictionary`2<System.String,System.Double> SimEngine.Core.Entity::get_NetworkEntryTimes()
FNDA:26,System.Collections.Generic.Dictionary`2<System.String,System.Double> SimEngine.Core.Entity::get_NetworkEntryTimes()
DA:17,26
FN:19,System.Void SimEngine.Core.Entity::.ctor(System.Double)
FNDA:23,System.Void SimEngine.Core.Entity::.ctor(System.Double)
DA:20,23
DA:21,23
DA:22,23
DA:23,23
DA:24,23
LF:14
LH:14
BRF:0
BRH:0
FNF:10
FNH:10
end_of_record
SF:/home/vorherre/Documents/code/AQL/Engine/Library/Core/Event.cs
FN:6,System.Double SimEngine.Core.Event::get_Time()
FNDA:151,System.Double SimEngine.Core.Event::get_Time()
DA:7,151
FN:7,System.Action SimEngine.Core.Event::get_Action()
FNDA:49,System.Action SimEngine.Core.Event::get_Action()
DA:8,49
FN:9,System.Void SimEngine.Core.Event::.ctor(System.Double,System.Action)
FNDA:54,System.Void SimEngine.Core.Event::.ctor(System.Double,System.Action)
DA:10,54
DA:11,54
DA:12,54
DA:13,54
DA:14,54
LF:7
LH:7
BRF:0
BRH:0
FNF:3
FNH:3
end_of_record
SF:/home/vorherre/Documents/code/AQL/Engine/Library/Core/Simulation.cs
FN:11,System.Double SimEngine.Core.Simulation::get_Now()
FNDA:103,System.Double SimEngine.Core.Simulation::get_Now()
DA:12,103
FN:14,System.Void SimEngine.Core.Simulation::Schedule(System.Double,System.Action)
FNDA:52,System.Void SimEngine.Core.Simulation::Schedule(System.Double,System.Action)
DA:15,52
DA:16,52
DA:17,52
DA:18,52
FN:20,System.Void SimEngine.Core.Simulation::Run(System.Double)
FNDA:13,System.Void SimEngine.Core.Simulation::Run(System.Double)
DA:21,13
DA:22,13
DA:23,60
DA:24,51
DA:25,51
DA:26,55
DA:27,47
DA:28,47
DA:29,47
DA:31,47
DA:32,47
DA:33,0
DA:34,0
DA:35,0
DA:36,0
DA:37,47
DA:38,13
DA:39,13
BRDA:23,257,1,51
BRDA:26,36,1,47
BRDA:32,111,0,0
BRDA:35,202,0,0
BRDA:35,202,1,0
BRDA:32,111,1,47
BRDA:26,36,0,13
BRDA:23,257,0,13
FN:8,System.Void SimEngine.Core.Simulation::.ctor()
FNDA:23,System.Void SimEngine.Core.Simulation::.ctor()
DA:9,23
DA:10,23
DA:11,23
LF:26
LH:22
BRF:8
BRH:5
FNF:4
FNH:4
end_of_record
SF:/home/vorherre/Documents/code/AQL/Engine/Library/Core/SimulationEngineAPI.cs
FN:14,System.Random SimEngine.Core.SimulationEngineAPI::get_RandomGenerator()
FNDA:63,System.Random SimEngine.Core.SimulationEngineAPI::get_RandomGenerator()
DA:15,63
FN:24,SimEngine.Metrics.SimulationStats SimEngine.Core.SimulationEngineAPI::get_Stats()
FNDA:54,SimEngine.Metrics.SimulationStats SimEngine.Core.SimulationEngineAPI::get_Stats()
DA:25,54
FN:26,SimEngine.Nodes.QueueNode SimEngine.Core.SimulationEngineAPI::GetQueueNode(System.String)
FNDA:5,SimEngine.Nodes.QueueNode SimEngine.Core.SimulationEngineAPI::GetQueueNode(System.String)
DA:27,5
FN:28,System.Void SimEngine.Core.SimulationEngineAPI::PrintMetric(SimEngine.Metrics.SimulationStats)
FNDA:0,System.Void SimEngine.Core.SimulationEngineAPI::PrintMetric(SimEngine.Metrics.SimulationStats)
DA:29,0
FN:31,System.Void SimEngine.Core.SimulationEngineAPI::SetSimulationParameters(System.Double,System.Int32)
FNDA:6,System.Void SimEngine.Core.SimulationEngineAPI::SetSimulationParameters(System.Double,System.Int32)
DA:32,6
DA:33,6
DA:34,6
DA:35,6
FN:37,System.Void SimEngine.Core.SimulationEngineAPI::SetSeed(System.Int32)
FNDA:2,System.Void SimEngine.Core.SimulationEngineAPI::SetSeed(System.Int32)
DA:38,2
DA:39,2
DA:40,2
FN:42,System.Void SimEngine.Core.SimulationEngineAPI::CreateNetwork(SimEngine.Networks.NetworkDefinition,System.String)
FNDA:1,System.Void SimEngine.Core.SimulationEngineAPI::CreateNetwork(SimEngine.Networks.NetworkDefinition,System.String)
DA:43,1
DA:44,1
DA:47,3
DA:48,0
DA:49,0
DA:50,0
DA:53,3
DA:54,0
DA:55,0
DA:56,0
DA:57,0
DA:58,0
DA:61,3
DA:62,0
DA:63,0
DA:64,0
DA:65,0
DA:68,3
DA:69,0
DA:70,0
DA:71,0
DA:74,3
DA:75,0
DA:76,0
DA:77,0
DA:78,0
DA:79,0
DA:81,1
BRDA:47,107,1,0
BRDA:47,107,0,1
BRDA:53,206,1,0
BRDA:53,206,0,1
BRDA:61,317,1,0
BRDA:61,317,0,1
BRDA:68,412,1,0
BRDA:70,371,0,0
BRDA:70,371,1,0
BRDA:68,412,0,1
BRDA:74,531,1,0
BRDA:74,531,0,1
FN:83,System.String SimEngine.Core.SimulationEngineAPI::Qualify(System.String,System.String)
FNDA:0,System.String SimEngine.Core.SimulationEngineAPI::Qualify(System.String,System.String)
DA:84,0
DA:86,0
DA:89,0
DA:91,0
DA:92,0
BRDA:86,20,0,0
BRDA:86,20,1,0
BRDA:89,38,0,0
BRDA:89,38,1,0
BRDA:89,52,0,0
BRDA:89,52,1,0
BRDA:91,64,0,0
BRDA:91,64,1,0
FN:94,System.Void SimEngine.Core.SimulationEngineAPI::CreateDispatcherNode(System.String,System.Func`1<System.Double>)
FNDA:3,System.Void SimEngine.Core.SimulationEngineAPI::CreateDispatcherNode(System.String,System.Func`1<System.Double>)
DA:95,3
DA:96,3
DA:97,3
DA:98,3
DA:99,3
FN:101,System.Void SimEngine.Core.SimulationEngineAPI::CreateQueueNode(System.String,System.Int32,System.Int32,System.Func`1<System.Double>,System.Func`1<System.Double>)
FNDA:9,System.Void SimEngine.Core.SimulationEngineAPI::CreateQueueNode(System.String,System.Int32,System.Int32,System.Func`1<System.Double>,System.Func`1<System.Double>)
DA:102,9
DA:103,9
DA:104,9
DA:105,9
DA:106,9
DA:107,9
FN:109,System.Void SimEngine.Core.SimulationEngineAPI::ConnectNode(System.String,System.String,System.Double)
FNDA:4,System.Void SimEngine.Core.SimulationEngineAPI::ConnectNode(System.String,System.String,System.Double)
DA:110,4
DA:111,4
DA:112,1
DA:114,3
DA:115,0
DA:117,3
DA:118,2
DA:120,3
DA:121,3
BRDA:111,20,0,1
BRDA:111,20,1,3
BRDA:114,63,0,0
BRDA:114,63,1,3
BRDA:117,100,0,2
BRDA:117,100,1,3
FN:150,System.Void SimEngine.Core.SimulationEngineAPI::RecordNetworkEntry(SimEngine.Core.Entity,System.String,System.Double)
FNDA:32,System.Void SimEngine.Core.SimulationEngineAPI::RecordNetworkEntry(SimEngine.Core.Entity,System.String,System.Double)
DA:151,32
DA:152,32
DA:153,31
DA:155,1
DA:156,0
DA:158,1
DA:163,1
DA:164,1
DA:165,1
DA:166,1
DA:167,1
DA:169,1
DA:170,1
DA:171,32
BRDA:152,18,1,1
BRDA:155,36,1,1
BRDA:163,72,0,1
BRDA:163,72,1,1
BRDA:152,18,0,32
BRDA:155,36,0,32
FN:173,System.Void SimEngine.Core.SimulationEngineAPI::RecordNetworkExit(SimEngine.Core.Entity,System.String,System.Double)
FNDA:1,System.Void SimEngine.Core.SimulationEngineAPI::RecordNetworkExit(SimEngine.Core.Entity,System.String,System.Double)
DA:174,1
DA:175,1
DA:176,0
DA:178,1
DA:179,0
DA:183,1
DA:184,1
DA:185,1
DA:187,1
DA:188,1
DA:189,1
DA:190,1
DA:191,1
DA:192,1
DA:193,1
DA:194,1
DA:196,1
DA:197,1
DA:198,1
DA:199,1
BRDA:175,36,1,1
BRDA:178,56,0,1
BRDA:178,56,1,0
BRDA:178,77,1,1
BRDA:187,173,0,1
BRDA:190,215,0,1
BRDA:190,215,1,1
BRDA:175,36,0,1
BRDA:178,77,0,1
BRDA:187,173,1,1
FN:201,System.Void SimEngine.Core.SimulationEngineAPI::TransitionNetwork(SimEngine.Core.Entity,System.String,System.String,System.Double)
FNDA:2,System.Void SimEngine.Core.SimulationEngineAPI::TransitionNetwork(SimEngine.Core.Entity,System.String,System.String,System.Double)
DA:202,2
DA:203,2
DA:204,2
DA:205,2
DA:206,0
DA:207,0
DA:208,0
DA:209,2
DA:212,0
DA:213,0
DA:214,0
DA:215,0
DA:216,0
DA:218,0
DA:219,2
BRDA:203,18,0,2
BRDA:205,36,0,0
BRDA:203,18,1,0
BRDA:212,68,0,0
BRDA:212,68,1,0
BRDA:212,87,0,0
BRDA:212,87,1,0
BRDA:205,36,1,2
FN:221,System.Void SimEngine.Core.SimulationEngineAPI::RunSimulation()
FNDA:6,System.Void SimEngine.Core.SimulationEngineAPI::RunSimulation()
DA:222,6
DA:223,6
DA:225,34
DA:226,8
DA:227,8
DA:228,8
DA:229,6
DA:231,8
DA:233,8
DA:234,8
DA:235,8
DA:236,8
DA:237,8
DA:238,8
DA:239,8
DA:240,8
DA:241,8
DA:243,28
DA:244,8
DA:245,8
DA:246,8
DA:247,8
DA:248,8
DA:249,8
DA:251,28
DA:252,2
DA:254,8
DA:255,8
DA:257,40
DA:258,8
DA:259,8
DA:260,8
DA:261,8
DA:262,6
BRDA:225,195,1,8
BRDA:228,76,0,6
BRDA:228,76,1,8
BRDA:225,195,0,6
BRDA:243,447,1,8
BRDA:251,299,1,2
BRDA:251,299,0,8
BRDA:257,407,1,8
BRDA:257,407,0,8
BRDA:243,447,0,6
FN:263,SimEngine.Metrics.SimulationStats SimEngine.Core.SimulationEngineAPI::GetSimulationStats()
FNDA:1,SimEngine.Metrics.SimulationStats SimEngine.Core.SimulationEngineAPI::GetSimulationStats()
DA:264,1
FN:265,System.Collections.Generic.List`1<SimEngine.Core.Entity> SimEngine.Core.SimulationEngineAPI::GetEntities()
FNDA:2,System.Collections.Generic.List`1<SimEngine.Core.Entity> SimEngine.Core.SimulationEngineAPI::GetEntities()
DA:266,2
FN:268,System.Void SimEngine.Core.SimulationEngineAPI::RegisterEntity(SimEngine.Core.Entity)
FNDA:16,System.Void SimEngine.Core.SimulationEngineAPI::RegisterEntity(SimEngine.Core.Entity)
DA:269,16
DA:270,16
DA:271,16
DA:272,16
FN:274,System.Void SimEngine.Core.SimulationEngineAPI::SafePopAndRestore(SimEngine.Core.Entity,System.Double)
FNDA:1,System.Void SimEngine.Core.SimulationEngineAPI::SafePopAndRestore(SimEngine.Core.Entity,System.Double)
DA:275,1
DA:276,1
DA:277,1
DA:279,0
DA:281,0
DA:282,0
DA:283,0
DA:284,0
DA:285,1
BRDA:276,17,1,0
BRDA:281,46,0,0
BRDA:281,46,1,0
BRDA:281,65,0,0
BRDA:276,17,0,1
BRDA:281,65,1,1
FN:13,System.Void SimEngine.Core.SimulationEngineAPI::.ctor()
FNDA:13,System.Void SimEngine.Core.SimulationEngineAPI::.ctor()
DA:14,13
DA:16,13
DA:17,13
DA:18,13
DA:19,13
DA:20,13
DA:21,13
DA:22,13
DA:23,13
DA:24,13
LF:172
LH:128
BRF:66
BRH:39
FNF:20
FNH:18
end_of_record